INFO - 2025-04-20 08:36:14 --> Session: Class initialized using 'CodeIgniter\Session\Handlers\FileHandler' driver.
INFO - 2025-04-20 08:36:14 --> Session: Class initialized using 'CodeIgniter\Session\Handlers\FileHandler' driver.
INFO - 2025-04-20 08:36:16 --> Session: Class initialized using 'CodeIgniter\Session\Handlers\FileHandler' driver.
INFO - 2025-04-20 08:36:27 --> Session: Class initialized using 'CodeIgniter\Session\Handlers\FileHandler' driver.
INFO - 2025-04-20 08:36:29 --> Session: Class initialized using 'CodeIgniter\Session\Handlers\FileHandler' driver.
WARNING - 2025-04-20 08:36:29 --> [DEPRECATED] Optional parameter $catatan_bpiw declared before required parameter $id_pendanaan is implicitly treated as a required parameter in APPPATH\Models\Memorandum\ProgramModel.php on line 112.
 1 VENDORPATH\composer\ClassLoader.php(576): include('C:\\xampp\\htdocs\\sipro24\\vendor\\codeigniter4\\framework\\system\\Debug\\Exceptions.php')
 2 VENDORPATH\composer\ClassLoader.php(427): Composer\Autoload\{closure}('C:\\xampp\\htdocs\\sipro24\\vendor\\composer/../../app/Models/Memorandum/ProgramModel.php')
 3 APPPATH\Controllers\Memorandum.php(31): Composer\Autoload\ClassLoader->loadClass('App\\Models\\Memorandum\\ProgramModel')
 4 SYSTEMPATH\CodeIgniter.php(903): App\Controllers\Memorandum->__construct()
 5 SYSTEMPATH\CodeIgniter.php(500): CodeIgniter\CodeIgniter->createController()
 6 SYSTEMPATH\CodeIgniter.php(355): CodeIgniter\CodeIgniter->handleRequest(null, Object(Config\Cache), false)
 7 SYSTEMPATH\Boot.php(325): CodeIgniter\CodeIgniter->run()
 8 SYSTEMPATH\Boot.php(67): CodeIgniter\Boot::runCodeIgniter(Object(CodeIgniter\CodeIgniter))
 9 FCPATH\index.php(56): CodeIgniter\Boot::bootWeb(Object(Config\Paths))
WARNING - 2025-04-20 08:36:29 --> [DEPRECATED] Optional parameter $catatan_unor declared before required parameter $id_pendanaan is implicitly treated as a required parameter in APPPATH\Models\Memorandum\ProgramModel.php on line 112.
 1 VENDORPATH\composer\ClassLoader.php(576): include('C:\\xampp\\htdocs\\sipro24\\vendor\\codeigniter4\\framework\\system\\Debug\\Exceptions.php')
 2 VENDORPATH\composer\ClassLoader.php(427): Composer\Autoload\{closure}('C:\\xampp\\htdocs\\sipro24\\vendor\\composer/../../app/Models/Memorandum/ProgramModel.php')
 3 APPPATH\Controllers\Memorandum.php(31): Composer\Autoload\ClassLoader->loadClass('App\\Models\\Memorandum\\ProgramModel')
 4 SYSTEMPATH\CodeIgniter.php(903): App\Controllers\Memorandum->__construct()
 5 SYSTEMPATH\CodeIgniter.php(500): CodeIgniter\CodeIgniter->createController()
 6 SYSTEMPATH\CodeIgniter.php(355): CodeIgniter\CodeIgniter->handleRequest(null, Object(Config\Cache), false)
 7 SYSTEMPATH\Boot.php(325): CodeIgniter\CodeIgniter->run()
 8 SYSTEMPATH\Boot.php(67): CodeIgniter\Boot::runCodeIgniter(Object(CodeIgniter\CodeIgniter))
 9 FCPATH\index.php(56): CodeIgniter\Boot::bootWeb(Object(Config\Paths))
WARNING - 2025-04-20 08:36:29 --> [DEPRECATED] Optional parameter $catatan_desk2 declared before required parameter $id_pendanaan is implicitly treated as a required parameter in APPPATH\Models\Memorandum\ProgramModel.php on line 112.
 1 VENDORPATH\composer\ClassLoader.php(576): include('C:\\xampp\\htdocs\\sipro24\\vendor\\codeigniter4\\framework\\system\\Debug\\Exceptions.php')
 2 VENDORPATH\composer\ClassLoader.php(427): Composer\Autoload\{closure}('C:\\xampp\\htdocs\\sipro24\\vendor\\composer/../../app/Models/Memorandum/ProgramModel.php')
 3 APPPATH\Controllers\Memorandum.php(31): Composer\Autoload\ClassLoader->loadClass('App\\Models\\Memorandum\\ProgramModel')
 4 SYSTEMPATH\CodeIgniter.php(903): App\Controllers\Memorandum->__construct()
 5 SYSTEMPATH\CodeIgniter.php(500): CodeIgniter\CodeIgniter->createController()
 6 SYSTEMPATH\CodeIgniter.php(355): CodeIgniter\CodeIgniter->handleRequest(null, Object(Config\Cache), false)
 7 SYSTEMPATH\Boot.php(325): CodeIgniter\CodeIgniter->run()
 8 SYSTEMPATH\Boot.php(67): CodeIgniter\Boot::runCodeIgniter(Object(CodeIgniter\CodeIgniter))
 9 FCPATH\index.php(56): CodeIgniter\Boot::bootWeb(Object(Config\Paths))
WARNING - 2025-04-20 08:36:29 --> [DEPRECATED] Optional parameter $desk declared before required parameter $id_pendanaan is implicitly treated as a required parameter in APPPATH\Models\Memorandum\ProgramModel.php on line 112.
 1 VENDORPATH\composer\ClassLoader.php(576): include('C:\\xampp\\htdocs\\sipro24\\vendor\\codeigniter4\\framework\\system\\Debug\\Exceptions.php')
 2 VENDORPATH\composer\ClassLoader.php(427): Composer\Autoload\{closure}('C:\\xampp\\htdocs\\sipro24\\vendor\\composer/../../app/Models/Memorandum/ProgramModel.php')
 3 APPPATH\Controllers\Memorandum.php(31): Composer\Autoload\ClassLoader->loadClass('App\\Models\\Memorandum\\ProgramModel')
 4 SYSTEMPATH\CodeIgniter.php(903): App\Controllers\Memorandum->__construct()
 5 SYSTEMPATH\CodeIgniter.php(500): CodeIgniter\CodeIgniter->createController()
 6 SYSTEMPATH\CodeIgniter.php(355): CodeIgniter\CodeIgniter->handleRequest(null, Object(Config\Cache), false)
 7 SYSTEMPATH\Boot.php(325): CodeIgniter\CodeIgniter->run()
 8 SYSTEMPATH\Boot.php(67): CodeIgniter\Boot::runCodeIgniter(Object(CodeIgniter\CodeIgniter))
 9 FCPATH\index.php(56): CodeIgniter\Boot::bootWeb(Object(Config\Paths))
INFO - 2025-04-20 08:36:42 --> Session: Class initialized using 'CodeIgniter\Session\Handlers\FileHandler' driver.
INFO - 2025-04-20 08:36:45 --> Session: Class initialized using 'CodeIgniter\Session\Handlers\FileHandler' driver.
INFO - 2025-04-20 08:36:54 --> Session: Class initialized using 'CodeIgniter\Session\Handlers\FileHandler' driver.
INFO - 2025-04-20 08:36:58 --> Session: Class initialized using 'CodeIgniter\Session\Handlers\FileHandler' driver.
INFO - 2025-04-20 08:37:16 --> Session: Class initialized using 'CodeIgniter\Session\Handlers\FileHandler' driver.
INFO - 2025-04-20 08:37:20 --> Session: Class initialized using 'CodeIgniter\Session\Handlers\FileHandler' driver.
INFO - 2025-04-20 08:37:23 --> Session: Class initialized using 'CodeIgniter\Session\Handlers\FileHandler' driver.
INFO - 2025-04-20 08:37:29 --> Session: Class initialized using 'CodeIgniter\Session\Handlers\FileHandler' driver.
INFO - 2025-04-20 08:37:37 --> Session: Class initialized using 'CodeIgniter\Session\Handlers\FileHandler' driver.
INFO - 2025-04-20 08:37:47 --> Session: Class initialized using 'CodeIgniter\Session\Handlers\FileHandler' driver.
INFO - 2025-04-20 08:37:50 --> Session: Class initialized using 'CodeIgniter\Session\Handlers\FileHandler' driver.
INFO - 2025-04-20 08:41:26 --> Session: Class initialized using 'CodeIgniter\Session\Handlers\FileHandler' driver.
INFO - 2025-04-20 08:57:00 --> Session: Class initialized using 'CodeIgniter\Session\Handlers\FileHandler' driver.
INFO - 2025-04-20 13:40:50 --> Session: Class initialized using 'CodeIgniter\Session\Handlers\FileHandler' driver.
INFO - 2025-04-20 13:40:51 --> Session: Class initialized using 'CodeIgniter\Session\Handlers\FileHandler' driver.
INFO - 2025-04-20 13:40:51 --> Session: Class initialized using 'CodeIgniter\Session\Handlers\FileHandler' driver.
INFO - 2025-04-20 13:40:52 --> Session: Class initialized using 'CodeIgniter\Session\Handlers\FileHandler' driver.
INFO - 2025-04-20 13:41:01 --> Session: Class initialized using 'CodeIgniter\Session\Handlers\FileHandler' driver.
INFO - 2025-04-20 13:41:08 --> Session: Class initialized using 'CodeIgniter\Session\Handlers\FileHandler' driver.
INFO - 2025-04-20 13:41:09 --> Session: Class initialized using 'CodeIgniter\Session\Handlers\FileHandler' driver.
INFO - 2025-04-20 13:41:21 --> Session: Class initialized using 'CodeIgniter\Session\Handlers\FileHandler' driver.
WARNING - 2025-04-20 13:41:21 --> [DEPRECATED] Optional parameter $catatan_bpiw declared before required parameter $id_pendanaan is implicitly treated as a required parameter in APPPATH\Models\Memorandum\ProgramModel.php on line 112.
 1 VENDORPATH\composer\ClassLoader.php(576): include('C:\\xampp\\htdocs\\sipro24\\vendor\\codeigniter4\\framework\\system\\Debug\\Exceptions.php')
 2 VENDORPATH\composer\ClassLoader.php(427): Composer\Autoload\{closure}('C:\\xampp\\htdocs\\sipro24\\vendor\\composer/../../app/Models/Memorandum/ProgramModel.php')
 3 APPPATH\Controllers\DeskController.php(42): Composer\Autoload\ClassLoader->loadClass('App\\Models\\Memorandum\\ProgramModel')
 4 SYSTEMPATH\CodeIgniter.php(903): App\Controllers\DeskController->__construct()
 5 SYSTEMPATH\CodeIgniter.php(500): CodeIgniter\CodeIgniter->createController()
 6 SYSTEMPATH\CodeIgniter.php(355): CodeIgniter\CodeIgniter->handleRequest(null, Object(Config\Cache), false)
 7 SYSTEMPATH\Boot.php(325): CodeIgniter\CodeIgniter->run()
 8 SYSTEMPATH\Boot.php(67): CodeIgniter\Boot::runCodeIgniter(Object(CodeIgniter\CodeIgniter))
 9 FCPATH\index.php(56): CodeIgniter\Boot::bootWeb(Object(Config\Paths))
WARNING - 2025-04-20 13:41:21 --> [DEPRECATED] Optional parameter $catatan_unor declared before required parameter $id_pendanaan is implicitly treated as a required parameter in APPPATH\Models\Memorandum\ProgramModel.php on line 112.
 1 VENDORPATH\composer\ClassLoader.php(576): include('C:\\xampp\\htdocs\\sipro24\\vendor\\codeigniter4\\framework\\system\\Debug\\Exceptions.php')
 2 VENDORPATH\composer\ClassLoader.php(427): Composer\Autoload\{closure}('C:\\xampp\\htdocs\\sipro24\\vendor\\composer/../../app/Models/Memorandum/ProgramModel.php')
 3 APPPATH\Controllers\DeskController.php(42): Composer\Autoload\ClassLoader->loadClass('App\\Models\\Memorandum\\ProgramModel')
 4 SYSTEMPATH\CodeIgniter.php(903): App\Controllers\DeskController->__construct()
 5 SYSTEMPATH\CodeIgniter.php(500): CodeIgniter\CodeIgniter->createController()
 6 SYSTEMPATH\CodeIgniter.php(355): CodeIgniter\CodeIgniter->handleRequest(null, Object(Config\Cache), false)
 7 SYSTEMPATH\Boot.php(325): CodeIgniter\CodeIgniter->run()
 8 SYSTEMPATH\Boot.php(67): CodeIgniter\Boot::runCodeIgniter(Object(CodeIgniter\CodeIgniter))
 9 FCPATH\index.php(56): CodeIgniter\Boot::bootWeb(Object(Config\Paths))
WARNING - 2025-04-20 13:41:21 --> [DEPRECATED] Optional parameter $catatan_desk2 declared before required parameter $id_pendanaan is implicitly treated as a required parameter in APPPATH\Models\Memorandum\ProgramModel.php on line 112.
 1 VENDORPATH\composer\ClassLoader.php(576): include('C:\\xampp\\htdocs\\sipro24\\vendor\\codeigniter4\\framework\\system\\Debug\\Exceptions.php')
 2 VENDORPATH\composer\ClassLoader.php(427): Composer\Autoload\{closure}('C:\\xampp\\htdocs\\sipro24\\vendor\\composer/../../app/Models/Memorandum/ProgramModel.php')
 3 APPPATH\Controllers\DeskController.php(42): Composer\Autoload\ClassLoader->loadClass('App\\Models\\Memorandum\\ProgramModel')
 4 SYSTEMPATH\CodeIgniter.php(903): App\Controllers\DeskController->__construct()
 5 SYSTEMPATH\CodeIgniter.php(500): CodeIgniter\CodeIgniter->createController()
 6 SYSTEMPATH\CodeIgniter.php(355): CodeIgniter\CodeIgniter->handleRequest(null, Object(Config\Cache), false)
 7 SYSTEMPATH\Boot.php(325): CodeIgniter\CodeIgniter->run()
 8 SYSTEMPATH\Boot.php(67): CodeIgniter\Boot::runCodeIgniter(Object(CodeIgniter\CodeIgniter))
 9 FCPATH\index.php(56): CodeIgniter\Boot::bootWeb(Object(Config\Paths))
WARNING - 2025-04-20 13:41:21 --> [DEPRECATED] Optional parameter $desk declared before required parameter $id_pendanaan is implicitly treated as a required parameter in APPPATH\Models\Memorandum\ProgramModel.php on line 112.
 1 VENDORPATH\composer\ClassLoader.php(576): include('C:\\xampp\\htdocs\\sipro24\\vendor\\codeigniter4\\framework\\system\\Debug\\Exceptions.php')
 2 VENDORPATH\composer\ClassLoader.php(427): Composer\Autoload\{closure}('C:\\xampp\\htdocs\\sipro24\\vendor\\composer/../../app/Models/Memorandum/ProgramModel.php')
 3 APPPATH\Controllers\DeskController.php(42): Composer\Autoload\ClassLoader->loadClass('App\\Models\\Memorandum\\ProgramModel')
 4 SYSTEMPATH\CodeIgniter.php(903): App\Controllers\DeskController->__construct()
 5 SYSTEMPATH\CodeIgniter.php(500): CodeIgniter\CodeIgniter->createController()
 6 SYSTEMPATH\CodeIgniter.php(355): CodeIgniter\CodeIgniter->handleRequest(null, Object(Config\Cache), false)
 7 SYSTEMPATH\Boot.php(325): CodeIgniter\CodeIgniter->run()
 8 SYSTEMPATH\Boot.php(67): CodeIgniter\Boot::runCodeIgniter(Object(CodeIgniter\CodeIgniter))
 9 FCPATH\index.php(56): CodeIgniter\Boot::bootWeb(Object(Config\Paths))
INFO - 2025-04-20 13:41:29 --> Session: Class initialized using 'CodeIgniter\Session\Handlers\FileHandler' driver.
WARNING - 2025-04-20 13:41:29 --> [DEPRECATED] Optional parameter $catatan_bpiw declared before required parameter $id_pendanaan is implicitly treated as a required parameter in APPPATH\Models\Memorandum\ProgramModel.php on line 112.
 1 VENDORPATH\composer\ClassLoader.php(576): include('C:\\xampp\\htdocs\\sipro24\\vendor\\codeigniter4\\framework\\system\\Debug\\Exceptions.php')
 2 VENDORPATH\composer\ClassLoader.php(427): Composer\Autoload\{closure}('C:\\xampp\\htdocs\\sipro24\\vendor\\composer/../../app/Models/Memorandum/ProgramModel.php')
 3 APPPATH\Controllers\KonregController.php(55): Composer\Autoload\ClassLoader->loadClass('App\\Models\\Memorandum\\ProgramModel')
 4 SYSTEMPATH\CodeIgniter.php(903): App\Controllers\KonregController->__construct()
 5 SYSTEMPATH\CodeIgniter.php(500): CodeIgniter\CodeIgniter->createController()
 6 SYSTEMPATH\CodeIgniter.php(355): CodeIgniter\CodeIgniter->handleRequest(null, Object(Config\Cache), false)
 7 SYSTEMPATH\Boot.php(325): CodeIgniter\CodeIgniter->run()
 8 SYSTEMPATH\Boot.php(67): CodeIgniter\Boot::runCodeIgniter(Object(CodeIgniter\CodeIgniter))
 9 FCPATH\index.php(56): CodeIgniter\Boot::bootWeb(Object(Config\Paths))
WARNING - 2025-04-20 13:41:29 --> [DEPRECATED] Optional parameter $catatan_unor declared before required parameter $id_pendanaan is implicitly treated as a required parameter in APPPATH\Models\Memorandum\ProgramModel.php on line 112.
 1 VENDORPATH\composer\ClassLoader.php(576): include('C:\\xampp\\htdocs\\sipro24\\vendor\\codeigniter4\\framework\\system\\Debug\\Exceptions.php')
 2 VENDORPATH\composer\ClassLoader.php(427): Composer\Autoload\{closure}('C:\\xampp\\htdocs\\sipro24\\vendor\\composer/../../app/Models/Memorandum/ProgramModel.php')
 3 APPPATH\Controllers\KonregController.php(55): Composer\Autoload\ClassLoader->loadClass('App\\Models\\Memorandum\\ProgramModel')
 4 SYSTEMPATH\CodeIgniter.php(903): App\Controllers\KonregController->__construct()
 5 SYSTEMPATH\CodeIgniter.php(500): CodeIgniter\CodeIgniter->createController()
 6 SYSTEMPATH\CodeIgniter.php(355): CodeIgniter\CodeIgniter->handleRequest(null, Object(Config\Cache), false)
 7 SYSTEMPATH\Boot.php(325): CodeIgniter\CodeIgniter->run()
 8 SYSTEMPATH\Boot.php(67): CodeIgniter\Boot::runCodeIgniter(Object(CodeIgniter\CodeIgniter))
 9 FCPATH\index.php(56): CodeIgniter\Boot::bootWeb(Object(Config\Paths))
WARNING - 2025-04-20 13:41:29 --> [DEPRECATED] Optional parameter $catatan_desk2 declared before required parameter $id_pendanaan is implicitly treated as a required parameter in APPPATH\Models\Memorandum\ProgramModel.php on line 112.
 1 VENDORPATH\composer\ClassLoader.php(576): include('C:\\xampp\\htdocs\\sipro24\\vendor\\codeigniter4\\framework\\system\\Debug\\Exceptions.php')
 2 VENDORPATH\composer\ClassLoader.php(427): Composer\Autoload\{closure}('C:\\xampp\\htdocs\\sipro24\\vendor\\composer/../../app/Models/Memorandum/ProgramModel.php')
 3 APPPATH\Controllers\KonregController.php(55): Composer\Autoload\ClassLoader->loadClass('App\\Models\\Memorandum\\ProgramModel')
 4 SYSTEMPATH\CodeIgniter.php(903): App\Controllers\KonregController->__construct()
 5 SYSTEMPATH\CodeIgniter.php(500): CodeIgniter\CodeIgniter->createController()
 6 SYSTEMPATH\CodeIgniter.php(355): CodeIgniter\CodeIgniter->handleRequest(null, Object(Config\Cache), false)
 7 SYSTEMPATH\Boot.php(325): CodeIgniter\CodeIgniter->run()
 8 SYSTEMPATH\Boot.php(67): CodeIgniter\Boot::runCodeIgniter(Object(CodeIgniter\CodeIgniter))
 9 FCPATH\index.php(56): CodeIgniter\Boot::bootWeb(Object(Config\Paths))
WARNING - 2025-04-20 13:41:29 --> [DEPRECATED] Optional parameter $desk declared before required parameter $id_pendanaan is implicitly treated as a required parameter in APPPATH\Models\Memorandum\ProgramModel.php on line 112.
 1 VENDORPATH\composer\ClassLoader.php(576): include('C:\\xampp\\htdocs\\sipro24\\vendor\\codeigniter4\\framework\\system\\Debug\\Exceptions.php')
 2 VENDORPATH\composer\ClassLoader.php(427): Composer\Autoload\{closure}('C:\\xampp\\htdocs\\sipro24\\vendor\\composer/../../app/Models/Memorandum/ProgramModel.php')
 3 APPPATH\Controllers\KonregController.php(55): Composer\Autoload\ClassLoader->loadClass('App\\Models\\Memorandum\\ProgramModel')
 4 SYSTEMPATH\CodeIgniter.php(903): App\Controllers\KonregController->__construct()
 5 SYSTEMPATH\CodeIgniter.php(500): CodeIgniter\CodeIgniter->createController()
 6 SYSTEMPATH\CodeIgniter.php(355): CodeIgniter\CodeIgniter->handleRequest(null, Object(Config\Cache), false)
 7 SYSTEMPATH\Boot.php(325): CodeIgniter\CodeIgniter->run()
 8 SYSTEMPATH\Boot.php(67): CodeIgniter\Boot::runCodeIgniter(Object(CodeIgniter\CodeIgniter))
 9 FCPATH\index.php(56): CodeIgniter\Boot::bootWeb(Object(Config\Paths))
INFO - 2025-04-20 13:41:32 --> Session: Class initialized using 'CodeIgniter\Session\Handlers\FileHandler' driver.
WARNING - 2025-04-20 13:41:32 --> [DEPRECATED] Optional parameter $catatan_bpiw declared before required parameter $id_pendanaan is implicitly treated as a required parameter in APPPATH\Models\Memorandum\ProgramModel.php on line 112.
 1 VENDORPATH\composer\ClassLoader.php(576): include('C:\\xampp\\htdocs\\sipro24\\vendor\\codeigniter4\\framework\\system\\Debug\\Exceptions.php')
 2 VENDORPATH\composer\ClassLoader.php(427): Composer\Autoload\{closure}('C:\\xampp\\htdocs\\sipro24\\vendor\\composer/../../app/Models/Memorandum/ProgramModel.php')
 3 APPPATH\Controllers\KonregController.php(55): Composer\Autoload\ClassLoader->loadClass('App\\Models\\Memorandum\\ProgramModel')
 4 SYSTEMPATH\CodeIgniter.php(903): App\Controllers\KonregController->__construct()
 5 SYSTEMPATH\CodeIgniter.php(500): CodeIgniter\CodeIgniter->createController()
 6 SYSTEMPATH\CodeIgniter.php(355): CodeIgniter\CodeIgniter->handleRequest(null, Object(Config\Cache), false)
 7 SYSTEMPATH\Boot.php(325): CodeIgniter\CodeIgniter->run()
 8 SYSTEMPATH\Boot.php(67): CodeIgniter\Boot::runCodeIgniter(Object(CodeIgniter\CodeIgniter))
 9 FCPATH\index.php(56): CodeIgniter\Boot::bootWeb(Object(Config\Paths))
WARNING - 2025-04-20 13:41:32 --> [DEPRECATED] Optional parameter $catatan_unor declared before required parameter $id_pendanaan is implicitly treated as a required parameter in APPPATH\Models\Memorandum\ProgramModel.php on line 112.
 1 VENDORPATH\composer\ClassLoader.php(576): include('C:\\xampp\\htdocs\\sipro24\\vendor\\codeigniter4\\framework\\system\\Debug\\Exceptions.php')
 2 VENDORPATH\composer\ClassLoader.php(427): Composer\Autoload\{closure}('C:\\xampp\\htdocs\\sipro24\\vendor\\composer/../../app/Models/Memorandum/ProgramModel.php')
 3 APPPATH\Controllers\KonregController.php(55): Composer\Autoload\ClassLoader->loadClass('App\\Models\\Memorandum\\ProgramModel')
 4 SYSTEMPATH\CodeIgniter.php(903): App\Controllers\KonregController->__construct()
 5 SYSTEMPATH\CodeIgniter.php(500): CodeIgniter\CodeIgniter->createController()
 6 SYSTEMPATH\CodeIgniter.php(355): CodeIgniter\CodeIgniter->handleRequest(null, Object(Config\Cache), false)
 7 SYSTEMPATH\Boot.php(325): CodeIgniter\CodeIgniter->run()
 8 SYSTEMPATH\Boot.php(67): CodeIgniter\Boot::runCodeIgniter(Object(CodeIgniter\CodeIgniter))
 9 FCPATH\index.php(56): CodeIgniter\Boot::bootWeb(Object(Config\Paths))
WARNING - 2025-04-20 13:41:32 --> [DEPRECATED] Optional parameter $catatan_desk2 declared before required parameter $id_pendanaan is implicitly treated as a required parameter in APPPATH\Models\Memorandum\ProgramModel.php on line 112.
 1 VENDORPATH\composer\ClassLoader.php(576): include('C:\\xampp\\htdocs\\sipro24\\vendor\\codeigniter4\\framework\\system\\Debug\\Exceptions.php')
 2 VENDORPATH\composer\ClassLoader.php(427): Composer\Autoload\{closure}('C:\\xampp\\htdocs\\sipro24\\vendor\\composer/../../app/Models/Memorandum/ProgramModel.php')
 3 APPPATH\Controllers\KonregController.php(55): Composer\Autoload\ClassLoader->loadClass('App\\Models\\Memorandum\\ProgramModel')
 4 SYSTEMPATH\CodeIgniter.php(903): App\Controllers\KonregController->__construct()
 5 SYSTEMPATH\CodeIgniter.php(500): CodeIgniter\CodeIgniter->createController()
 6 SYSTEMPATH\CodeIgniter.php(355): CodeIgniter\CodeIgniter->handleRequest(null, Object(Config\Cache), false)
 7 SYSTEMPATH\Boot.php(325): CodeIgniter\CodeIgniter->run()
 8 SYSTEMPATH\Boot.php(67): CodeIgniter\Boot::runCodeIgniter(Object(CodeIgniter\CodeIgniter))
 9 FCPATH\index.php(56): CodeIgniter\Boot::bootWeb(Object(Config\Paths))
WARNING - 2025-04-20 13:41:32 --> [DEPRECATED] Optional parameter $desk declared before required parameter $id_pendanaan is implicitly treated as a required parameter in APPPATH\Models\Memorandum\ProgramModel.php on line 112.
 1 VENDORPATH\composer\ClassLoader.php(576): include('C:\\xampp\\htdocs\\sipro24\\vendor\\codeigniter4\\framework\\system\\Debug\\Exceptions.php')
 2 VENDORPATH\composer\ClassLoader.php(427): Composer\Autoload\{closure}('C:\\xampp\\htdocs\\sipro24\\vendor\\composer/../../app/Models/Memorandum/ProgramModel.php')
 3 APPPATH\Controllers\KonregController.php(55): Composer\Autoload\ClassLoader->loadClass('App\\Models\\Memorandum\\ProgramModel')
 4 SYSTEMPATH\CodeIgniter.php(903): App\Controllers\KonregController->__construct()
 5 SYSTEMPATH\CodeIgniter.php(500): CodeIgniter\CodeIgniter->createController()
 6 SYSTEMPATH\CodeIgniter.php(355): CodeIgniter\CodeIgniter->handleRequest(null, Object(Config\Cache), false)
 7 SYSTEMPATH\Boot.php(325): CodeIgniter\CodeIgniter->run()
 8 SYSTEMPATH\Boot.php(67): CodeIgniter\Boot::runCodeIgniter(Object(CodeIgniter\CodeIgniter))
 9 FCPATH\index.php(56): CodeIgniter\Boot::bootWeb(Object(Config\Paths))
CRITICAL - 2025-04-20 13:41:32 --> Error: Call to a member function getData() on null
[Method: POST, Route: apiUnor/filter_data]
in APPPATH\Controllers\KonregController.php on line 114.
 1 SYSTEMPATH\CodeIgniter.php(933): App\Controllers\KonregController->filter_dataApiUnor()
 2 SYSTEMPATH\CodeIgniter.php(509): CodeIgniter\CodeIgniter->runController(Object(App\Controllers\KonregController))
 3 SYSTEMPATH\CodeIgniter.php(355): CodeIgniter\CodeIgniter->handleRequest(null, Object(Config\Cache), false)
 4 SYSTEMPATH\Boot.php(325): CodeIgniter\CodeIgniter->run()
 5 SYSTEMPATH\Boot.php(67): CodeIgniter\Boot::runCodeIgniter(Object(CodeIgniter\CodeIgniter))
 6 FCPATH\index.php(56): CodeIgniter\Boot::bootWeb(Object(Config\Paths))
INFO - 2025-04-20 13:41:44 --> Session: Class initialized using 'CodeIgniter\Session\Handlers\FileHandler' driver.
INFO - 2025-04-20 13:42:00 --> Session: Class initialized using 'CodeIgniter\Session\Handlers\FileHandler' driver.
WARNING - 2025-04-20 13:42:00 --> [DEPRECATED] Optional parameter $catatan_bpiw declared before required parameter $id_pendanaan is implicitly treated as a required parameter in APPPATH\Models\Memorandum\ProgramModel.php on line 112.
 1 VENDORPATH\composer\ClassLoader.php(576): include('C:\\xampp\\htdocs\\sipro24\\vendor\\codeigniter4\\framework\\system\\Debug\\Exceptions.php')
 2 VENDORPATH\composer\ClassLoader.php(427): Composer\Autoload\{closure}('C:\\xampp\\htdocs\\sipro24\\vendor\\composer/../../app/Models/Memorandum/ProgramModel.php')
 3 APPPATH\Controllers\KonregController.php(55): Composer\Autoload\ClassLoader->loadClass('App\\Models\\Memorandum\\ProgramModel')
 4 SYSTEMPATH\CodeIgniter.php(903): App\Controllers\KonregController->__construct()
 5 SYSTEMPATH\CodeIgniter.php(500): CodeIgniter\CodeIgniter->createController()
 6 SYSTEMPATH\CodeIgniter.php(355): CodeIgniter\CodeIgniter->handleRequest(null, Object(Config\Cache), false)
 7 SYSTEMPATH\Boot.php(325): CodeIgniter\CodeIgniter->run()
 8 SYSTEMPATH\Boot.php(67): CodeIgniter\Boot::runCodeIgniter(Object(CodeIgniter\CodeIgniter))
 9 FCPATH\index.php(56): CodeIgniter\Boot::bootWeb(Object(Config\Paths))
WARNING - 2025-04-20 13:42:00 --> [DEPRECATED] Optional parameter $catatan_unor declared before required parameter $id_pendanaan is implicitly treated as a required parameter in APPPATH\Models\Memorandum\ProgramModel.php on line 112.
 1 VENDORPATH\composer\ClassLoader.php(576): include('C:\\xampp\\htdocs\\sipro24\\vendor\\codeigniter4\\framework\\system\\Debug\\Exceptions.php')
 2 VENDORPATH\composer\ClassLoader.php(427): Composer\Autoload\{closure}('C:\\xampp\\htdocs\\sipro24\\vendor\\composer/../../app/Models/Memorandum/ProgramModel.php')
 3 APPPATH\Controllers\KonregController.php(55): Composer\Autoload\ClassLoader->loadClass('App\\Models\\Memorandum\\ProgramModel')
 4 SYSTEMPATH\CodeIgniter.php(903): App\Controllers\KonregController->__construct()
 5 SYSTEMPATH\CodeIgniter.php(500): CodeIgniter\CodeIgniter->createController()
 6 SYSTEMPATH\CodeIgniter.php(355): CodeIgniter\CodeIgniter->handleRequest(null, Object(Config\Cache), false)
 7 SYSTEMPATH\Boot.php(325): CodeIgniter\CodeIgniter->run()
 8 SYSTEMPATH\Boot.php(67): CodeIgniter\Boot::runCodeIgniter(Object(CodeIgniter\CodeIgniter))
 9 FCPATH\index.php(56): CodeIgniter\Boot::bootWeb(Object(Config\Paths))
WARNING - 2025-04-20 13:42:00 --> [DEPRECATED] Optional parameter $catatan_desk2 declared before required parameter $id_pendanaan is implicitly treated as a required parameter in APPPATH\Models\Memorandum\ProgramModel.php on line 112.
 1 VENDORPATH\composer\ClassLoader.php(576): include('C:\\xampp\\htdocs\\sipro24\\vendor\\codeigniter4\\framework\\system\\Debug\\Exceptions.php')
 2 VENDORPATH\composer\ClassLoader.php(427): Composer\Autoload\{closure}('C:\\xampp\\htdocs\\sipro24\\vendor\\composer/../../app/Models/Memorandum/ProgramModel.php')
 3 APPPATH\Controllers\KonregController.php(55): Composer\Autoload\ClassLoader->loadClass('App\\Models\\Memorandum\\ProgramModel')
 4 SYSTEMPATH\CodeIgniter.php(903): App\Controllers\KonregController->__construct()
 5 SYSTEMPATH\CodeIgniter.php(500): CodeIgniter\CodeIgniter->createController()
 6 SYSTEMPATH\CodeIgniter.php(355): CodeIgniter\CodeIgniter->handleRequest(null, Object(Config\Cache), false)
 7 SYSTEMPATH\Boot.php(325): CodeIgniter\CodeIgniter->run()
 8 SYSTEMPATH\Boot.php(67): CodeIgniter\Boot::runCodeIgniter(Object(CodeIgniter\CodeIgniter))
 9 FCPATH\index.php(56): CodeIgniter\Boot::bootWeb(Object(Config\Paths))
WARNING - 2025-04-20 13:42:00 --> [DEPRECATED] Optional parameter $desk declared before required parameter $id_pendanaan is implicitly treated as a required parameter in APPPATH\Models\Memorandum\ProgramModel.php on line 112.
 1 VENDORPATH\composer\ClassLoader.php(576): include('C:\\xampp\\htdocs\\sipro24\\vendor\\codeigniter4\\framework\\system\\Debug\\Exceptions.php')
 2 VENDORPATH\composer\ClassLoader.php(427): Composer\Autoload\{closure}('C:\\xampp\\htdocs\\sipro24\\vendor\\composer/../../app/Models/Memorandum/ProgramModel.php')
 3 APPPATH\Controllers\KonregController.php(55): Composer\Autoload\ClassLoader->loadClass('App\\Models\\Memorandum\\ProgramModel')
 4 SYSTEMPATH\CodeIgniter.php(903): App\Controllers\KonregController->__construct()
 5 SYSTEMPATH\CodeIgniter.php(500): CodeIgniter\CodeIgniter->createController()
 6 SYSTEMPATH\CodeIgniter.php(355): CodeIgniter\CodeIgniter->handleRequest(null, Object(Config\Cache), false)
 7 SYSTEMPATH\Boot.php(325): CodeIgniter\CodeIgniter->run()
 8 SYSTEMPATH\Boot.php(67): CodeIgniter\Boot::runCodeIgniter(Object(CodeIgniter\CodeIgniter))
 9 FCPATH\index.php(56): CodeIgniter\Boot::bootWeb(Object(Config\Paths))
INFO - 2025-04-20 13:42:03 --> Session: Class initialized using 'CodeIgniter\Session\Handlers\FileHandler' driver.
INFO - 2025-04-20 13:42:04 --> Session: Class initialized using 'CodeIgniter\Session\Handlers\FileHandler' driver.
INFO - 2025-04-20 13:42:04 --> Session: Class initialized using 'CodeIgniter\Session\Handlers\FileHandler' driver.
INFO - 2025-04-20 13:42:13 --> Session: Class initialized using 'CodeIgniter\Session\Handlers\FileHandler' driver.
INFO - 2025-04-20 13:42:14 --> Session: Class initialized using 'CodeIgniter\Session\Handlers\FileHandler' driver.
WARNING - 2025-04-20 13:42:14 --> [DEPRECATED] Optional parameter $catatan_bpiw declared before required parameter $id_pendanaan is implicitly treated as a required parameter in APPPATH\Models\Memorandum\ProgramModel.php on line 112.
 1 VENDORPATH\composer\ClassLoader.php(576): include('C:\\xampp\\htdocs\\sipro24\\vendor\\codeigniter4\\framework\\system\\Debug\\Exceptions.php')
 2 VENDORPATH\composer\ClassLoader.php(427): Composer\Autoload\{closure}('C:\\xampp\\htdocs\\sipro24\\vendor\\composer/../../app/Models/Memorandum/ProgramModel.php')
 3 APPPATH\Controllers\Memorandum.php(31): Composer\Autoload\ClassLoader->loadClass('App\\Models\\Memorandum\\ProgramModel')
 4 SYSTEMPATH\CodeIgniter.php(903): App\Controllers\Memorandum->__construct()
 5 SYSTEMPATH\CodeIgniter.php(500): CodeIgniter\CodeIgniter->createController()
 6 SYSTEMPATH\CodeIgniter.php(355): CodeIgniter\CodeIgniter->handleRequest(null, Object(Config\Cache), false)
 7 SYSTEMPATH\Boot.php(325): CodeIgniter\CodeIgniter->run()
 8 SYSTEMPATH\Boot.php(67): CodeIgniter\Boot::runCodeIgniter(Object(CodeIgniter\CodeIgniter))
 9 FCPATH\index.php(56): CodeIgniter\Boot::bootWeb(Object(Config\Paths))
WARNING - 2025-04-20 13:42:14 --> [DEPRECATED] Optional parameter $catatan_unor declared before required parameter $id_pendanaan is implicitly treated as a required parameter in APPPATH\Models\Memorandum\ProgramModel.php on line 112.
 1 VENDORPATH\composer\ClassLoader.php(576): include('C:\\xampp\\htdocs\\sipro24\\vendor\\codeigniter4\\framework\\system\\Debug\\Exceptions.php')
 2 VENDORPATH\composer\ClassLoader.php(427): Composer\Autoload\{closure}('C:\\xampp\\htdocs\\sipro24\\vendor\\composer/../../app/Models/Memorandum/ProgramModel.php')
 3 APPPATH\Controllers\Memorandum.php(31): Composer\Autoload\ClassLoader->loadClass('App\\Models\\Memorandum\\ProgramModel')
 4 SYSTEMPATH\CodeIgniter.php(903): App\Controllers\Memorandum->__construct()
 5 SYSTEMPATH\CodeIgniter.php(500): CodeIgniter\CodeIgniter->createController()
 6 SYSTEMPATH\CodeIgniter.php(355): CodeIgniter\CodeIgniter->handleRequest(null, Object(Config\Cache), false)
 7 SYSTEMPATH\Boot.php(325): CodeIgniter\CodeIgniter->run()
 8 SYSTEMPATH\Boot.php(67): CodeIgniter\Boot::runCodeIgniter(Object(CodeIgniter\CodeIgniter))
 9 FCPATH\index.php(56): CodeIgniter\Boot::bootWeb(Object(Config\Paths))
WARNING - 2025-04-20 13:42:14 --> [DEPRECATED] Optional parameter $catatan_desk2 declared before required parameter $id_pendanaan is implicitly treated as a required parameter in APPPATH\Models\Memorandum\ProgramModel.php on line 112.
 1 VENDORPATH\composer\ClassLoader.php(576): include('C:\\xampp\\htdocs\\sipro24\\vendor\\codeigniter4\\framework\\system\\Debug\\Exceptions.php')
 2 VENDORPATH\composer\ClassLoader.php(427): Composer\Autoload\{closure}('C:\\xampp\\htdocs\\sipro24\\vendor\\composer/../../app/Models/Memorandum/ProgramModel.php')
 3 APPPATH\Controllers\Memorandum.php(31): Composer\Autoload\ClassLoader->loadClass('App\\Models\\Memorandum\\ProgramModel')
 4 SYSTEMPATH\CodeIgniter.php(903): App\Controllers\Memorandum->__construct()
 5 SYSTEMPATH\CodeIgniter.php(500): CodeIgniter\CodeIgniter->createController()
 6 SYSTEMPATH\CodeIgniter.php(355): CodeIgniter\CodeIgniter->handleRequest(null, Object(Config\Cache), false)
 7 SYSTEMPATH\Boot.php(325): CodeIgniter\CodeIgniter->run()
 8 SYSTEMPATH\Boot.php(67): CodeIgniter\Boot::runCodeIgniter(Object(CodeIgniter\CodeIgniter))
 9 FCPATH\index.php(56): CodeIgniter\Boot::bootWeb(Object(Config\Paths))
WARNING - 2025-04-20 13:42:14 --> [DEPRECATED] Optional parameter $desk declared before required parameter $id_pendanaan is implicitly treated as a required parameter in APPPATH\Models\Memorandum\ProgramModel.php on line 112.
 1 VENDORPATH\composer\ClassLoader.php(576): include('C:\\xampp\\htdocs\\sipro24\\vendor\\codeigniter4\\framework\\system\\Debug\\Exceptions.php')
 2 VENDORPATH\composer\ClassLoader.php(427): Composer\Autoload\{closure}('C:\\xampp\\htdocs\\sipro24\\vendor\\composer/../../app/Models/Memorandum/ProgramModel.php')
 3 APPPATH\Controllers\Memorandum.php(31): Composer\Autoload\ClassLoader->loadClass('App\\Models\\Memorandum\\ProgramModel')
 4 SYSTEMPATH\CodeIgniter.php(903): App\Controllers\Memorandum->__construct()
 5 SYSTEMPATH\CodeIgniter.php(500): CodeIgniter\CodeIgniter->createController()
 6 SYSTEMPATH\CodeIgniter.php(355): CodeIgniter\CodeIgniter->handleRequest(null, Object(Config\Cache), false)
 7 SYSTEMPATH\Boot.php(325): CodeIgniter\CodeIgniter->run()
 8 SYSTEMPATH\Boot.php(67): CodeIgniter\Boot::runCodeIgniter(Object(CodeIgniter\CodeIgniter))
 9 FCPATH\index.php(56): CodeIgniter\Boot::bootWeb(Object(Config\Paths))
INFO - 2025-04-20 13:42:27 --> Session: Class initialized using 'CodeIgniter\Session\Handlers\FileHandler' driver.
CRITICAL - 2025-04-20 13:42:27 --> ErrorException: foreach() argument must be of type array|object, null given
[Method: GET, Route: usulanprovinsi]
in APPPATH\Views\pages\konreg\provinsi\inputProvinsi.php on line 100.
 1 APPPATH\Views\pages\konreg\provinsi\inputProvinsi.php(100): CodeIgniter\Debug\Exceptions->errorHandler(2, 'foreach() argument must be of type array|object, null given', 'C:\\xampp\\htdocs\\sipro24\\app\\Views\\pages\\konreg\\provinsi\\inputProvinsi.php', 100)
 2 SYSTEMPATH\View\View.php(234): include('C:\\xampp\\htdocs\\sipro24\\app\\Views\\pages\\konreg\\provinsi\\inputProvinsi.php')
 3 SYSTEMPATH\View\View.php(237): CodeIgniter\View\View->CodeIgniter\View\{closure}()
 4 SYSTEMPATH\Common.php(1169): CodeIgniter\View\View->render('/pages/konreg/provinsi/inputProvinsi', [], true)
 5 APPPATH\Libraries\Template.php(104): view('/pages/konreg/provinsi/inputProvinsi', [...])
 6 APPPATH\Controllers\UsulanProvinsi.php(74): App\Libraries\Template->load('/templates/main', '/pages/konreg/provinsi/inputProvinsi', [...])
 7 SYSTEMPATH\CodeIgniter.php(933): App\Controllers\UsulanProvinsi->index()
 8 SYSTEMPATH\CodeIgniter.php(509): CodeIgniter\CodeIgniter->runController(Object(App\Controllers\UsulanProvinsi))
 9 SYSTEMPATH\CodeIgniter.php(355): CodeIgniter\CodeIgniter->handleRequest(null, Object(Config\Cache), false)
10 SYSTEMPATH\Boot.php(325): CodeIgniter\CodeIgniter->run()
11 SYSTEMPATH\Boot.php(67): CodeIgniter\Boot::runCodeIgniter(Object(CodeIgniter\CodeIgniter))
12 FCPATH\index.php(56): CodeIgniter\Boot::bootWeb(Object(Config\Paths))
INFO - 2025-04-20 13:55:27 --> Session: Class initialized using 'CodeIgniter\Session\Handlers\FileHandler' driver.
CRITICAL - 2025-04-20 13:55:27 --> ErrorException: foreach() argument must be of type array|object, null given
[Method: GET, Route: usulanprovinsi]
in APPPATH\Views\pages\konreg\provinsi\inputProvinsi.php on line 100.
 1 APPPATH\Views\pages\konreg\provinsi\inputProvinsi.php(100): CodeIgniter\Debug\Exceptions->errorHandler(2, 'foreach() argument must be of type array|object, null given', 'C:\\xampp\\htdocs\\sipro24\\app\\Views\\pages\\konreg\\provinsi\\inputProvinsi.php', 100)
 2 SYSTEMPATH\View\View.php(234): include('C:\\xampp\\htdocs\\sipro24\\app\\Views\\pages\\konreg\\provinsi\\inputProvinsi.php')
 3 SYSTEMPATH\View\View.php(237): CodeIgniter\View\View->CodeIgniter\View\{closure}()
 4 SYSTEMPATH\Common.php(1169): CodeIgniter\View\View->render('/pages/konreg/provinsi/inputProvinsi', [], true)
 5 APPPATH\Libraries\Template.php(104): view('/pages/konreg/provinsi/inputProvinsi', [...])
 6 APPPATH\Controllers\UsulanProvinsi.php(74): App\Libraries\Template->load('/templates/main', '/pages/konreg/provinsi/inputProvinsi', [...])
 7 SYSTEMPATH\CodeIgniter.php(933): App\Controllers\UsulanProvinsi->index()
 8 SYSTEMPATH\CodeIgniter.php(509): CodeIgniter\CodeIgniter->runController(Object(App\Controllers\UsulanProvinsi))
 9 SYSTEMPATH\CodeIgniter.php(355): CodeIgniter\CodeIgniter->handleRequest(null, Object(Config\Cache), false)
10 SYSTEMPATH\Boot.php(325): CodeIgniter\CodeIgniter->run()
11 SYSTEMPATH\Boot.php(67): CodeIgniter\Boot::runCodeIgniter(Object(CodeIgniter\CodeIgniter))
12 FCPATH\index.php(56): CodeIgniter\Boot::bootWeb(Object(Config\Paths))
INFO - 2025-04-20 14:30:07 --> Session: Class initialized using 'CodeIgniter\Session\Handlers\FileHandler' driver.
INFO - 2025-04-20 14:30:25 --> Session: Class initialized using 'CodeIgniter\Session\Handlers\FileHandler' driver.
INFO - 2025-04-20 14:30:58 --> Session: Class initialized using 'CodeIgniter\Session\Handlers\FileHandler' driver.
INFO - 2025-04-20 14:30:59 --> Session: Class initialized using 'CodeIgniter\Session\Handlers\FileHandler' driver.
INFO - 2025-04-20 14:31:00 --> Session: Class initialized using 'CodeIgniter\Session\Handlers\FileHandler' driver.
INFO - 2025-04-20 14:31:17 --> Session: Class initialized using 'CodeIgniter\Session\Handlers\FileHandler' driver.
INFO - 2025-04-20 14:31:18 --> Session: Class initialized using 'CodeIgniter\Session\Handlers\FileHandler' driver.
WARNING - 2025-04-20 14:31:18 --> [DEPRECATED] Optional parameter $catatan_bpiw declared before required parameter $id_pendanaan is implicitly treated as a required parameter in APPPATH\Models\Memorandum\ProgramModel.php on line 112.
 1 VENDORPATH\composer\ClassLoader.php(576): include('C:\\xampp\\htdocs\\sipro24\\vendor\\codeigniter4\\framework\\system\\Debug\\Exceptions.php')
 2 VENDORPATH\composer\ClassLoader.php(427): Composer\Autoload\{closure}('C:\\xampp\\htdocs\\sipro24\\vendor\\composer/../../app/Models/Memorandum/ProgramModel.php')
 3 APPPATH\Controllers\Memorandum.php(31): Composer\Autoload\ClassLoader->loadClass('App\\Models\\Memorandum\\ProgramModel')
 4 SYSTEMPATH\CodeIgniter.php(903): App\Controllers\Memorandum->__construct()
 5 SYSTEMPATH\CodeIgniter.php(500): CodeIgniter\CodeIgniter->createController()
 6 SYSTEMPATH\CodeIgniter.php(355): CodeIgniter\CodeIgniter->handleRequest(null, Object(Config\Cache), false)
 7 SYSTEMPATH\Boot.php(325): CodeIgniter\CodeIgniter->run()
 8 SYSTEMPATH\Boot.php(67): CodeIgniter\Boot::runCodeIgniter(Object(CodeIgniter\CodeIgniter))
 9 FCPATH\index.php(56): CodeIgniter\Boot::bootWeb(Object(Config\Paths))
WARNING - 2025-04-20 14:31:18 --> [DEPRECATED] Optional parameter $catatan_unor declared before required parameter $id_pendanaan is implicitly treated as a required parameter in APPPATH\Models\Memorandum\ProgramModel.php on line 112.
 1 VENDORPATH\composer\ClassLoader.php(576): include('C:\\xampp\\htdocs\\sipro24\\vendor\\codeigniter4\\framework\\system\\Debug\\Exceptions.php')
 2 VENDORPATH\composer\ClassLoader.php(427): Composer\Autoload\{closure}('C:\\xampp\\htdocs\\sipro24\\vendor\\composer/../../app/Models/Memorandum/ProgramModel.php')
 3 APPPATH\Controllers\Memorandum.php(31): Composer\Autoload\ClassLoader->loadClass('App\\Models\\Memorandum\\ProgramModel')
 4 SYSTEMPATH\CodeIgniter.php(903): App\Controllers\Memorandum->__construct()
 5 SYSTEMPATH\CodeIgniter.php(500): CodeIgniter\CodeIgniter->createController()
 6 SYSTEMPATH\CodeIgniter.php(355): CodeIgniter\CodeIgniter->handleRequest(null, Object(Config\Cache), false)
 7 SYSTEMPATH\Boot.php(325): CodeIgniter\CodeIgniter->run()
 8 SYSTEMPATH\Boot.php(67): CodeIgniter\Boot::runCodeIgniter(Object(CodeIgniter\CodeIgniter))
 9 FCPATH\index.php(56): CodeIgniter\Boot::bootWeb(Object(Config\Paths))
WARNING - 2025-04-20 14:31:18 --> [DEPRECATED] Optional parameter $catatan_desk2 declared before required parameter $id_pendanaan is implicitly treated as a required parameter in APPPATH\Models\Memorandum\ProgramModel.php on line 112.
 1 VENDORPATH\composer\ClassLoader.php(576): include('C:\\xampp\\htdocs\\sipro24\\vendor\\codeigniter4\\framework\\system\\Debug\\Exceptions.php')
 2 VENDORPATH\composer\ClassLoader.php(427): Composer\Autoload\{closure}('C:\\xampp\\htdocs\\sipro24\\vendor\\composer/../../app/Models/Memorandum/ProgramModel.php')
 3 APPPATH\Controllers\Memorandum.php(31): Composer\Autoload\ClassLoader->loadClass('App\\Models\\Memorandum\\ProgramModel')
 4 SYSTEMPATH\CodeIgniter.php(903): App\Controllers\Memorandum->__construct()
 5 SYSTEMPATH\CodeIgniter.php(500): CodeIgniter\CodeIgniter->createController()
 6 SYSTEMPATH\CodeIgniter.php(355): CodeIgniter\CodeIgniter->handleRequest(null, Object(Config\Cache), false)
 7 SYSTEMPATH\Boot.php(325): CodeIgniter\CodeIgniter->run()
 8 SYSTEMPATH\Boot.php(67): CodeIgniter\Boot::runCodeIgniter(Object(CodeIgniter\CodeIgniter))
 9 FCPATH\index.php(56): CodeIgniter\Boot::bootWeb(Object(Config\Paths))
WARNING - 2025-04-20 14:31:18 --> [DEPRECATED] Optional parameter $desk declared before required parameter $id_pendanaan is implicitly treated as a required parameter in APPPATH\Models\Memorandum\ProgramModel.php on line 112.
 1 VENDORPATH\composer\ClassLoader.php(576): include('C:\\xampp\\htdocs\\sipro24\\vendor\\codeigniter4\\framework\\system\\Debug\\Exceptions.php')
 2 VENDORPATH\composer\ClassLoader.php(427): Composer\Autoload\{closure}('C:\\xampp\\htdocs\\sipro24\\vendor\\composer/../../app/Models/Memorandum/ProgramModel.php')
 3 APPPATH\Controllers\Memorandum.php(31): Composer\Autoload\ClassLoader->loadClass('App\\Models\\Memorandum\\ProgramModel')
 4 SYSTEMPATH\CodeIgniter.php(903): App\Controllers\Memorandum->__construct()
 5 SYSTEMPATH\CodeIgniter.php(500): CodeIgniter\CodeIgniter->createController()
 6 SYSTEMPATH\CodeIgniter.php(355): CodeIgniter\CodeIgniter->handleRequest(null, Object(Config\Cache), false)
 7 SYSTEMPATH\Boot.php(325): CodeIgniter\CodeIgniter->run()
 8 SYSTEMPATH\Boot.php(67): CodeIgniter\Boot::runCodeIgniter(Object(CodeIgniter\CodeIgniter))
 9 FCPATH\index.php(56): CodeIgniter\Boot::bootWeb(Object(Config\Paths))
INFO - 2025-04-20 14:31:23 --> Session: Class initialized using 'CodeIgniter\Session\Handlers\FileHandler' driver.
INFO - 2025-04-20 14:41:11 --> Session: Class initialized using 'CodeIgniter\Session\Handlers\FileHandler' driver.
INFO - 2025-04-20 14:41:12 --> Session: Class initialized using 'CodeIgniter\Session\Handlers\FileHandler' driver.
INFO - 2025-04-20 14:41:13 --> Session: Class initialized using 'CodeIgniter\Session\Handlers\FileHandler' driver.
INFO - 2025-04-20 14:41:20 --> Session: Class initialized using 'CodeIgniter\Session\Handlers\FileHandler' driver.
INFO - 2025-04-20 14:41:22 --> Session: Class initialized using 'CodeIgniter\Session\Handlers\FileHandler' driver.
WARNING - 2025-04-20 14:41:22 --> [DEPRECATED] Optional parameter $catatan_bpiw declared before required parameter $id_pendanaan is implicitly treated as a required parameter in APPPATH\Models\Memorandum\ProgramModel.php on line 112.
 1 VENDORPATH\composer\ClassLoader.php(576): include('C:\\xampp\\htdocs\\sipro24\\vendor\\codeigniter4\\framework\\system\\Debug\\Exceptions.php')
 2 VENDORPATH\composer\ClassLoader.php(427): Composer\Autoload\{closure}('C:\\xampp\\htdocs\\sipro24\\vendor\\composer/../../app/Models/Memorandum/ProgramModel.php')
 3 APPPATH\Controllers\Memorandum.php(31): Composer\Autoload\ClassLoader->loadClass('App\\Models\\Memorandum\\ProgramModel')
 4 SYSTEMPATH\CodeIgniter.php(903): App\Controllers\Memorandum->__construct()
 5 SYSTEMPATH\CodeIgniter.php(500): CodeIgniter\CodeIgniter->createController()
 6 SYSTEMPATH\CodeIgniter.php(355): CodeIgniter\CodeIgniter->handleRequest(null, Object(Config\Cache), false)
 7 SYSTEMPATH\Boot.php(325): CodeIgniter\CodeIgniter->run()
 8 SYSTEMPATH\Boot.php(67): CodeIgniter\Boot::runCodeIgniter(Object(CodeIgniter\CodeIgniter))
 9 FCPATH\index.php(56): CodeIgniter\Boot::bootWeb(Object(Config\Paths))
WARNING - 2025-04-20 14:41:22 --> [DEPRECATED] Optional parameter $catatan_unor declared before required parameter $id_pendanaan is implicitly treated as a required parameter in APPPATH\Models\Memorandum\ProgramModel.php on line 112.
 1 VENDORPATH\composer\ClassLoader.php(576): include('C:\\xampp\\htdocs\\sipro24\\vendor\\codeigniter4\\framework\\system\\Debug\\Exceptions.php')
 2 VENDORPATH\composer\ClassLoader.php(427): Composer\Autoload\{closure}('C:\\xampp\\htdocs\\sipro24\\vendor\\composer/../../app/Models/Memorandum/ProgramModel.php')
 3 APPPATH\Controllers\Memorandum.php(31): Composer\Autoload\ClassLoader->loadClass('App\\Models\\Memorandum\\ProgramModel')
 4 SYSTEMPATH\CodeIgniter.php(903): App\Controllers\Memorandum->__construct()
 5 SYSTEMPATH\CodeIgniter.php(500): CodeIgniter\CodeIgniter->createController()
 6 SYSTEMPATH\CodeIgniter.php(355): CodeIgniter\CodeIgniter->handleRequest(null, Object(Config\Cache), false)
 7 SYSTEMPATH\Boot.php(325): CodeIgniter\CodeIgniter->run()
 8 SYSTEMPATH\Boot.php(67): CodeIgniter\Boot::runCodeIgniter(Object(CodeIgniter\CodeIgniter))
 9 FCPATH\index.php(56): CodeIgniter\Boot::bootWeb(Object(Config\Paths))
WARNING - 2025-04-20 14:41:22 --> [DEPRECATED] Optional parameter $catatan_desk2 declared before required parameter $id_pendanaan is implicitly treated as a required parameter in APPPATH\Models\Memorandum\ProgramModel.php on line 112.
 1 VENDORPATH\composer\ClassLoader.php(576): include('C:\\xampp\\htdocs\\sipro24\\vendor\\codeigniter4\\framework\\system\\Debug\\Exceptions.php')
 2 VENDORPATH\composer\ClassLoader.php(427): Composer\Autoload\{closure}('C:\\xampp\\htdocs\\sipro24\\vendor\\composer/../../app/Models/Memorandum/ProgramModel.php')
 3 APPPATH\Controllers\Memorandum.php(31): Composer\Autoload\ClassLoader->loadClass('App\\Models\\Memorandum\\ProgramModel')
 4 SYSTEMPATH\CodeIgniter.php(903): App\Controllers\Memorandum->__construct()
 5 SYSTEMPATH\CodeIgniter.php(500): CodeIgniter\CodeIgniter->createController()
 6 SYSTEMPATH\CodeIgniter.php(355): CodeIgniter\CodeIgniter->handleRequest(null, Object(Config\Cache), false)
 7 SYSTEMPATH\Boot.php(325): CodeIgniter\CodeIgniter->run()
 8 SYSTEMPATH\Boot.php(67): CodeIgniter\Boot::runCodeIgniter(Object(CodeIgniter\CodeIgniter))
 9 FCPATH\index.php(56): CodeIgniter\Boot::bootWeb(Object(Config\Paths))
WARNING - 2025-04-20 14:41:22 --> [DEPRECATED] Optional parameter $desk declared before required parameter $id_pendanaan is implicitly treated as a required parameter in APPPATH\Models\Memorandum\ProgramModel.php on line 112.
 1 VENDORPATH\composer\ClassLoader.php(576): include('C:\\xampp\\htdocs\\sipro24\\vendor\\codeigniter4\\framework\\system\\Debug\\Exceptions.php')
 2 VENDORPATH\composer\ClassLoader.php(427): Composer\Autoload\{closure}('C:\\xampp\\htdocs\\sipro24\\vendor\\composer/../../app/Models/Memorandum/ProgramModel.php')
 3 APPPATH\Controllers\Memorandum.php(31): Composer\Autoload\ClassLoader->loadClass('App\\Models\\Memorandum\\ProgramModel')
 4 SYSTEMPATH\CodeIgniter.php(903): App\Controllers\Memorandum->__construct()
 5 SYSTEMPATH\CodeIgniter.php(500): CodeIgniter\CodeIgniter->createController()
 6 SYSTEMPATH\CodeIgniter.php(355): CodeIgniter\CodeIgniter->handleRequest(null, Object(Config\Cache), false)
 7 SYSTEMPATH\Boot.php(325): CodeIgniter\CodeIgniter->run()
 8 SYSTEMPATH\Boot.php(67): CodeIgniter\Boot::runCodeIgniter(Object(CodeIgniter\CodeIgniter))
 9 FCPATH\index.php(56): CodeIgniter\Boot::bootWeb(Object(Config\Paths))
INFO - 2025-04-20 14:41:30 --> Session: Class initialized using 'CodeIgniter\Session\Handlers\FileHandler' driver.
INFO - 2025-04-20 23:08:17 --> Session: Class initialized using 'CodeIgniter\Session\Handlers\FileHandler' driver.
INFO - 2025-04-20 23:42:21 --> Session: Class initialized using 'CodeIgniter\Session\Handlers\FileHandler' driver.
