CRITICAL - 2025-07-03 08:07:15 --> Error: Cannot use object of type stdClass as array
[Method: GET, Route: provinsi]
in APPPATH\Views\pages\master\provinsi.php on line 38.
 1 SYSTEMPATH\View\View.php(234): include()
 2 SYSTEMPATH\View\View.php(237): CodeIgniter\View\View->CodeIgniter\View\{closure}()
 3 SYSTEMPATH\Common.php(1169): CodeIgniter\View\View->render('/pages/master/provinsi', [], true)
 4 APPPATH\Libraries\Template.php(104): view('/pages/master/provinsi', [...])
 5 APPPATH\Controllers\Master.php(88): App\Libraries\Template->load('/templates/main', '/pages/master/provinsi', [...])
 6 SYSTEMPATH\CodeIgniter.php(933): App\Controllers\Master->provinsi()
 7 SYSTEMPATH\CodeIgniter.php(509): CodeIgniter\CodeIgniter->runController(Object(App\Controllers\Master))
 8 SYSTEMPATH\CodeIgniter.php(355): CodeIgniter\CodeIgniter->handleRequest(null, Object(Config\Cache), false)
 9 SYSTEMPATH\Boot.php(325): CodeIgniter\CodeIgniter->run()
10 SYSTEMPATH\Boot.php(67): CodeIgniter\Boot::runCodeIgniter(Object(CodeIgniter\CodeIgniter))
11 FCPATH\index.php(56): CodeIgniter\Boot::bootWeb(Object(Config\Paths))
CRITICAL - 2025-07-03 08:08:59 --> ErrorException: Undefined property: stdClass::$desk
[Method: POST, Route: memorandum/get_program]
in APPPATH\Views\pages\memorandum\tabel\tabel_memorandum.php on line 42.
 1 APPPATH\Views\pages\memorandum\tabel\tabel_memorandum.php(42): CodeIgniter\Debug\Exceptions->errorHandler(2, 'Undefined property: stdClass::$desk', 'C:\\xampp\\htdocs\\sipro24\\app\\Views\\pages\\memorandum\\tabel\\tabel_memorandum.php', 42)
 2 SYSTEMPATH\View\View.php(234): include('C:\\xampp\\htdocs\\sipro24\\app\\Views\\pages\\memorandum\\tabel\\tabel_memorandum.php')
 3 SYSTEMPATH\View\View.php(237): CodeIgniter\View\View->CodeIgniter\View\{closure}()
 4 SYSTEMPATH\Common.php(1169): CodeIgniter\View\View->render('/pages/memorandum/tabel/tabel_memorandum', [], true)
 5 APPPATH\Controllers\Memorandum.php(94): view('/pages/memorandum/tabel/tabel_memorandum', [...])
 6 SYSTEMPATH\CodeIgniter.php(933): App\Controllers\Memorandum->get_program()
 7 SYSTEMPATH\CodeIgniter.php(509): CodeIgniter\CodeIgniter->runController(Object(App\Controllers\Memorandum))
 8 SYSTEMPATH\CodeIgniter.php(355): CodeIgniter\CodeIgniter->handleRequest(null, Object(Config\Cache), false)
 9 SYSTEMPATH\Boot.php(325): CodeIgniter\CodeIgniter->run()
10 SYSTEMPATH\Boot.php(67): CodeIgniter\Boot::runCodeIgniter(Object(CodeIgniter\CodeIgniter))
11 FCPATH\index.php(56): CodeIgniter\Boot::bootWeb(Object(Config\Paths))
CRITICAL - 2025-07-03 08:09:04 --> ErrorException: Undefined property: stdClass::$desk
[Method: POST, Route: memorandum/get_program]
in APPPATH\Views\pages\memorandum\tabel\tabel_memorandum.php on line 42.
 1 APPPATH\Views\pages\memorandum\tabel\tabel_memorandum.php(42): CodeIgniter\Debug\Exceptions->errorHandler(2, 'Undefined property: stdClass::$desk', 'C:\\xampp\\htdocs\\sipro24\\app\\Views\\pages\\memorandum\\tabel\\tabel_memorandum.php', 42)
 2 SYSTEMPATH\View\View.php(234): include('C:\\xampp\\htdocs\\sipro24\\app\\Views\\pages\\memorandum\\tabel\\tabel_memorandum.php')
 3 SYSTEMPATH\View\View.php(237): CodeIgniter\View\View->CodeIgniter\View\{closure}()
 4 SYSTEMPATH\Common.php(1169): CodeIgniter\View\View->render('/pages/memorandum/tabel/tabel_memorandum', [], true)
 5 APPPATH\Controllers\Memorandum.php(94): view('/pages/memorandum/tabel/tabel_memorandum', [...])
 6 SYSTEMPATH\CodeIgniter.php(933): App\Controllers\Memorandum->get_program()
 7 SYSTEMPATH\CodeIgniter.php(509): CodeIgniter\CodeIgniter->runController(Object(App\Controllers\Memorandum))
 8 SYSTEMPATH\CodeIgniter.php(355): CodeIgniter\CodeIgniter->handleRequest(null, Object(Config\Cache), false)
 9 SYSTEMPATH\Boot.php(325): CodeIgniter\CodeIgniter->run()
10 SYSTEMPATH\Boot.php(67): CodeIgniter\Boot::runCodeIgniter(Object(CodeIgniter\CodeIgniter))
11 FCPATH\index.php(56): CodeIgniter\Boot::bootWeb(Object(Config\Paths))
CRITICAL - 2025-07-03 08:10:18 --> ErrorException: Undefined property: stdClass::$desk2
[Method: GET, Route: addBak3/null/2025-07-02]
in APPPATH\Views\pdfTemplate3.php on line 462.
 1 APPPATH\Views\pdfTemplate3.php(462): CodeIgniter\Debug\Exceptions->errorHandler(2, 'Undefined property: stdClass::$desk2', 'C:\\xampp\\htdocs\\sipro24\\app\\Views\\pdfTemplate3.php', 462)
 2 SYSTEMPATH\View\View.php(234): include('C:\\xampp\\htdocs\\sipro24\\app\\Views\\pdfTemplate3.php')
 3 SYSTEMPATH\View\View.php(237): CodeIgniter\View\View->CodeIgniter\View\{closure}()
 4 SYSTEMPATH\Common.php(1169): CodeIgniter\View\View->render('pdfTemplate3', [], true)
 5 APPPATH\Controllers\DeskController.php(529): view('pdfTemplate3', [...])
 6 SYSTEMPATH\CodeIgniter.php(933): App\Controllers\DeskController->generatePdf3('null', '2025-07-02')
 7 SYSTEMPATH\CodeIgniter.php(509): CodeIgniter\CodeIgniter->runController(Object(App\Controllers\DeskController))
 8 SYSTEMPATH\CodeIgniter.php(355): CodeIgniter\CodeIgniter->handleRequest(null, Object(Config\Cache), false)
 9 SYSTEMPATH\Boot.php(325): CodeIgniter\CodeIgniter->run()
10 SYSTEMPATH\Boot.php(67): CodeIgniter\Boot::runCodeIgniter(Object(CodeIgniter\CodeIgniter))
11 FCPATH\index.php(56): CodeIgniter\Boot::bootWeb(Object(Config\Paths))
CRITICAL - 2025-07-03 08:10:35 --> ErrorException: Undefined property: stdClass::$desk2
[Method: GET, Route: addBak2/11/2025-07-02]
in APPPATH\Views\pdfTemplate.php on line 174.
 1 APPPATH\Views\pdfTemplate.php(174): CodeIgniter\Debug\Exceptions->errorHandler(2, 'Undefined property: stdClass::$desk2', 'C:\\xampp\\htdocs\\sipro24\\app\\Views\\pdfTemplate.php', 174)
 2 SYSTEMPATH\View\View.php(234): include('C:\\xampp\\htdocs\\sipro24\\app\\Views\\pdfTemplate.php')
 3 SYSTEMPATH\View\View.php(237): CodeIgniter\View\View->CodeIgniter\View\{closure}()
 4 SYSTEMPATH\Common.php(1169): CodeIgniter\View\View->render('pdfTemplate', [], true)
 5 APPPATH\Controllers\DeskController.php(602): view('pdfTemplate', [...])
 6 SYSTEMPATH\CodeIgniter.php(933): App\Controllers\DeskController->generatePdf2('11', '2025-07-02')
 7 SYSTEMPATH\CodeIgniter.php(509): CodeIgniter\CodeIgniter->runController(Object(App\Controllers\DeskController))
 8 SYSTEMPATH\CodeIgniter.php(355): CodeIgniter\CodeIgniter->handleRequest(null, Object(Config\Cache), false)
 9 SYSTEMPATH\Boot.php(325): CodeIgniter\CodeIgniter->run()
10 SYSTEMPATH\Boot.php(67): CodeIgniter\Boot::runCodeIgniter(Object(CodeIgniter\CodeIgniter))
11 FCPATH\index.php(56): CodeIgniter\Boot::bootWeb(Object(Config\Paths))
