CRITICAL - 2025-05-17 08:06:38 --> ArgumentCountError: Too few arguments to function App\Models\Konreg\FkbModel::getProgram(), 3 passed in C:\xampp\htdocs\sipro24\app\Controllers\KonregController.php on line 1224 and exactly 4 expected
[Method: POST, Route: fkb/exportToExcel]
in APPPATH\Models\Konreg\FkbModel.php on line 61.
 1 APPPATH\Controllers\KonregController.php(1224): App\Models\Konreg\FkbModel->getProgram('62', '', '')
 2 SYSTEMPATH\CodeIgniter.php(933): App\Controllers\KonregController->export_to_excel_fkb()
 3 SYSTEMPATH\CodeIgniter.php(509): CodeIgniter\CodeIgniter->runController(Object(App\Controllers\KonregController))
 4 SYSTEMPATH\CodeIgniter.php(355): CodeIgniter\CodeIgniter->handleRequest(null, Object(Config\Cache), false)
 5 SYSTEMPATH\Boot.php(325): CodeIgniter\CodeIgniter->run()
 6 SYSTEMPATH\Boot.php(67): CodeIgniter\Boot::runCodeIgniter(Object(CodeIgniter\CodeIgniter))
 7 FCPATH\index.php(56): CodeIgniter\Boot::bootWeb(Object(Config\Paths))
CRITICAL - 2025-05-17 08:06:41 --> ArgumentCountError: Too few arguments to function App\Models\Konreg\FkbModel::getProgram(), 3 passed in C:\xampp\htdocs\sipro24\app\Controllers\KonregController.php on line 1224 and exactly 4 expected
[Method: POST, Route: fkb/exportToExcel]
in APPPATH\Models\Konreg\FkbModel.php on line 61.
 1 APPPATH\Controllers\KonregController.php(1224): App\Models\Konreg\FkbModel->getProgram('62', '', '')
 2 SYSTEMPATH\CodeIgniter.php(933): App\Controllers\KonregController->export_to_excel_fkb()
 3 SYSTEMPATH\CodeIgniter.php(509): CodeIgniter\CodeIgniter->runController(Object(App\Controllers\KonregController))
 4 SYSTEMPATH\CodeIgniter.php(355): CodeIgniter\CodeIgniter->handleRequest(null, Object(Config\Cache), false)
 5 SYSTEMPATH\Boot.php(325): CodeIgniter\CodeIgniter->run()
 6 SYSTEMPATH\Boot.php(67): CodeIgniter\Boot::runCodeIgniter(Object(CodeIgniter\CodeIgniter))
 7 FCPATH\index.php(56): CodeIgniter\Boot::bootWeb(Object(Config\Paths))
