CRITICAL - 2024-10-26 03:56:17 --> CodeIgniter\View\Exceptions\ViewException: Invalid file: "/pages/program.php"
[Method: GET, Route: program]
in SYSTEMPATH/Exceptions/FrameworkException.php on line 41.
 1 SYSTEMPATH/View/View.php(222): CodeIgniter\Exceptions\FrameworkException::forInvalidFile('/pages/program.php')
 2 SYSTEMPATH/Common.php(1169): CodeIgniter\View\View->render('/pages/program', [], true)
 3 APPPATH/Libraries/Template.php(104): view('/pages/program', [...])
 4 APPPATH/Controllers/Master.php(46): App\Libraries\Template->load('/templates/main', '/pages/program', [...])
 5 SYSTEMPATH/CodeIgniter.php(933): App\Controllers\Master->program()
 6 SYSTEMPATH/CodeIgniter.php(509): CodeIgniter\CodeIgniter->runController(Object(App\Controllers\Master))
 7 SYSTEMPATH/CodeIgniter.php(355): CodeIgniter\CodeIgniter->handleRequest(null, Object(Config\Cache), false)
 8 SYSTEMPATH/Boot.php(325): CodeIgniter\CodeIgniter->run()
 9 SYSTEMPATH/Boot.php(67): CodeIgniter\Boot::runCodeIgniter(Object(CodeIgniter\CodeIgniter))
10 FCPATH/index.php(56): CodeIgniter\Boot::bootWeb(Object(Config\Paths))
11 SYSTEMPATH/rewrite.php(44): require_once('/Applications/MAMP/htdocs/sipro24/public/index.php')
CRITICAL - 2024-10-26 14:11:25 --> ErrorException: Undefined property: stdClass::$geojson
[Method: GET, Route: detail/RPIW92-92-04-0015]
in APPPATH/Controllers/Rpiw.php on line 77.
 1 APPPATH/Controllers/Rpiw.php(77): CodeIgniter\Debug\Exceptions->errorHandler(2, 'Undefined property: stdClass::$geojson', '/Applications/MAMP/htdocs/sipro24/app/Controllers/Rpiw.php', 77)
 2 SYSTEMPATH/CodeIgniter.php(933): App\Controllers\Rpiw->detail('RPIW92-92-04-0015')
 3 SYSTEMPATH/CodeIgniter.php(509): CodeIgniter\CodeIgniter->runController(Object(App\Controllers\Rpiw))
 4 SYSTEMPATH/CodeIgniter.php(355): CodeIgniter\CodeIgniter->handleRequest(null, Object(Config\Cache), false)
 5 SYSTEMPATH/Boot.php(325): CodeIgniter\CodeIgniter->run()
 6 SYSTEMPATH/Boot.php(67): CodeIgniter\Boot::runCodeIgniter(Object(CodeIgniter\CodeIgniter))
 7 FCPATH/index.php(56): CodeIgniter\Boot::bootWeb(Object(Config\Paths))
 8 SYSTEMPATH/rewrite.php(44): require_once('/Applications/MAMP/htdocs/sipro24/public/index.php')
ERROR - 2024-10-26 14:16:36 --> mysqli_sql_exception: You have an error in your SQL syntax; check the manual that corresponds to your MySQL server version for the right syntax to use near '*, `m_provinsi`.`provinsi`, `m_unor`.`unor`, `m_pendanaan`.`sumber_pendanaan`, m' at line 1 in /Applications/MAMP/htdocs/sipro24/vendor/codeigniter4/framework/system/Database/MySQLi/Connection.php:312
Stack trace:
#0 /Applications/MAMP/htdocs/sipro24/vendor/codeigniter4/framework/system/Database/MySQLi/Connection.php(312): mysqli->query('SELECT distinct...', 0)
#1 /Applications/MAMP/htdocs/sipro24/vendor/codeigniter4/framework/system/Database/BaseConnection.php(734): CodeIgniter\Database\MySQLi\Connection->execute('SELECT distinct...')
#2 /Applications/MAMP/htdocs/sipro24/vendor/codeigniter4/framework/system/Database/BaseConnection.php(648): CodeIgniter\Database\BaseConnection->simpleQuery('SELECT distinct...')
#3 /Applications/MAMP/htdocs/sipro24/vendor/codeigniter4/framework/system/Database/BaseBuilder.php(1644): CodeIgniter\Database\BaseConnection->query('SELECT distinct...', Array, false)
#4 /Applications/MAMP/htdocs/sipro24/app/Models/Rpiw/ProgramRpiwModel.php(40): CodeIgniter\Database\BaseBuilder->get()
#5 /Applications/MAMP/htdocs/sipro24/app/Controllers/Rpiw.php(38): App\Models\Rpiw\ProgramRpiwModel->getProgramRpiw(NULL, NULL, NULL)
#6 /Applications/MAMP/htdocs/sipro24/vendor/codeigniter4/framework/system/CodeIgniter.php(933): App\Controllers\Rpiw->index()
#7 /Applications/MAMP/htdocs/sipro24/vendor/codeigniter4/framework/system/CodeIgniter.php(509): CodeIgniter\CodeIgniter->runController(Object(App\Controllers\Rpiw))
#8 /Applications/MAMP/htdocs/sipro24/vendor/codeigniter4/framework/system/CodeIgniter.php(355): CodeIgniter\CodeIgniter->handleRequest(NULL, Object(Config\Cache), false)
#9 /Applications/MAMP/htdocs/sipro24/vendor/codeigniter4/framework/system/Boot.php(325): CodeIgniter\CodeIgniter->run()
#10 /Applications/MAMP/htdocs/sipro24/vendor/codeigniter4/framework/system/Boot.php(67): CodeIgniter\Boot::runCodeIgniter(Object(CodeIgniter\CodeIgniter))
#11 /Applications/MAMP/htdocs/sipro24/public/index.php(56): CodeIgniter\Boot::bootWeb(Object(Config\Paths))
#12 /Applications/MAMP/htdocs/sipro24/vendor/codeigniter4/framework/system/rewrite.php(44): require_once('/Applications/M...')
#13 {main}
CRITICAL - 2024-10-26 14:16:36 --> CodeIgniter\Database\Exceptions\DatabaseException: You have an error in your SQL syntax; check the manual that corresponds to your MySQL server version for the right syntax to use near '*, `m_provinsi`.`provinsi`, `m_unor`.`unor`, `m_pendanaan`.`sumber_pendanaan`, m' at line 1
[Method: GET, Route: rpiw]
in SYSTEMPATH/Database/BaseConnection.php on line 688.
 1 SYSTEMPATH/Database/BaseBuilder.php(1644): CodeIgniter\Database\BaseConnection->query('SELECT distinct(rpiw.*, `m_provinsi`.`provinsi`, `m_unor`.`unor`, `m_pendanaan`.`sumber_pendanaan`, m_satuan.nama_satuan)
FROM `program_rpiw` as `rpiw`
LEFT JOIN `m_provinsi` ON `rpiw`.`id_provinsi` = `m_provinsi`.`id`
LEFT JOIN `m_unor` ON `rpiw`.`id_unor` = `m_unor`.`id`
LEFT JOIN `m_pendanaan` ON `rpiw`.`id_pendanaan` = `m_pendanaan`.`id_pendanaan`
LEFT JOIN `m_satuan` ON `rpiw`.`id_satuan` = `m_satuan`.`id_satuan`
LEFT JOIN `r_program_kawasan` ON `rpiw`.`id_program` = `r_program_kawasan`.`kode_program`', [], false)
 2 APPPATH/Models/Rpiw/ProgramRpiwModel.php(40): CodeIgniter\Database\BaseBuilder->get()
 3 APPPATH/Controllers/Rpiw.php(38): App\Models\Rpiw\ProgramRpiwModel->getProgramRpiw(null, null, null)
 4 SYSTEMPATH/CodeIgniter.php(933): App\Controllers\Rpiw->index()
 5 SYSTEMPATH/CodeIgniter.php(509): CodeIgniter\CodeIgniter->runController(Object(App\Controllers\Rpiw))
 6 SYSTEMPATH/CodeIgniter.php(355): CodeIgniter\CodeIgniter->handleRequest(null, Object(Config\Cache), false)
 7 SYSTEMPATH/Boot.php(325): CodeIgniter\CodeIgniter->run()
 8 SYSTEMPATH/Boot.php(67): CodeIgniter\Boot::runCodeIgniter(Object(CodeIgniter\CodeIgniter))
 9 FCPATH/index.php(56): CodeIgniter\Boot::bootWeb(Object(Config\Paths))
10 SYSTEMPATH/rewrite.php(44): require_once('/Applications/MAMP/htdocs/sipro24/public/index.php')
CRITICAL - 2024-10-26 14:16:36 --> [Caused by] CodeIgniter\Database\Exceptions\DatabaseException: You have an error in your SQL syntax; check the manual that corresponds to your MySQL server version for the right syntax to use near '*, `m_provinsi`.`provinsi`, `m_unor`.`unor`, `m_pendanaan`.`sumber_pendanaan`, m' at line 1
in SYSTEMPATH/Database/MySQLi/Connection.php on line 317.
 1 SYSTEMPATH/Database/BaseConnection.php(734): CodeIgniter\Database\MySQLi\Connection->execute('SELECT distinct(rpiw.*, `m_provinsi`.`provinsi`, `m_unor`.`unor`, `m_pendanaan`.`sumber_pendanaan`, m_satuan.nama_satuan)
FROM `program_rpiw` as `rpiw`
LEFT JOIN `m_provinsi` ON `rpiw`.`id_provinsi` = `m_provinsi`.`id`
LEFT JOIN `m_unor` ON `rpiw`.`id_unor` = `m_unor`.`id`
LEFT JOIN `m_pendanaan` ON `rpiw`.`id_pendanaan` = `m_pendanaan`.`id_pendanaan`
LEFT JOIN `m_satuan` ON `rpiw`.`id_satuan` = `m_satuan`.`id_satuan`
LEFT JOIN `r_program_kawasan` ON `rpiw`.`id_program` = `r_program_kawasan`.`kode_program`')
 2 SYSTEMPATH/Database/BaseConnection.php(648): CodeIgniter\Database\BaseConnection->simpleQuery('SELECT distinct(rpiw.*, `m_provinsi`.`provinsi`, `m_unor`.`unor`, `m_pendanaan`.`sumber_pendanaan`, m_satuan.nama_satuan)
FROM `program_rpiw` as `rpiw`
LEFT JOIN `m_provinsi` ON `rpiw`.`id_provinsi` = `m_provinsi`.`id`
LEFT JOIN `m_unor` ON `rpiw`.`id_unor` = `m_unor`.`id`
LEFT JOIN `m_pendanaan` ON `rpiw`.`id_pendanaan` = `m_pendanaan`.`id_pendanaan`
LEFT JOIN `m_satuan` ON `rpiw`.`id_satuan` = `m_satuan`.`id_satuan`
LEFT JOIN `r_program_kawasan` ON `rpiw`.`id_program` = `r_program_kawasan`.`kode_program`')
 3 SYSTEMPATH/Database/BaseBuilder.php(1644): CodeIgniter\Database\BaseConnection->query('SELECT distinct(rpiw.*, `m_provinsi`.`provinsi`, `m_unor`.`unor`, `m_pendanaan`.`sumber_pendanaan`, m_satuan.nama_satuan)
FROM `program_rpiw` as `rpiw`
LEFT JOIN `m_provinsi` ON `rpiw`.`id_provinsi` = `m_provinsi`.`id`
LEFT JOIN `m_unor` ON `rpiw`.`id_unor` = `m_unor`.`id`
LEFT JOIN `m_pendanaan` ON `rpiw`.`id_pendanaan` = `m_pendanaan`.`id_pendanaan`
LEFT JOIN `m_satuan` ON `rpiw`.`id_satuan` = `m_satuan`.`id_satuan`
LEFT JOIN `r_program_kawasan` ON `rpiw`.`id_program` = `r_program_kawasan`.`kode_program`', [], false)
 4 APPPATH/Models/Rpiw/ProgramRpiwModel.php(40): CodeIgniter\Database\BaseBuilder->get()
 5 APPPATH/Controllers/Rpiw.php(38): App\Models\Rpiw\ProgramRpiwModel->getProgramRpiw(null, null, null)
 6 SYSTEMPATH/CodeIgniter.php(933): App\Controllers\Rpiw->index()
 7 SYSTEMPATH/CodeIgniter.php(509): CodeIgniter\CodeIgniter->runController(Object(App\Controllers\Rpiw))
 8 SYSTEMPATH/CodeIgniter.php(355): CodeIgniter\CodeIgniter->handleRequest(null, Object(Config\Cache), false)
 9 SYSTEMPATH/Boot.php(325): CodeIgniter\CodeIgniter->run()
10 SYSTEMPATH/Boot.php(67): CodeIgniter\Boot::runCodeIgniter(Object(CodeIgniter\CodeIgniter))
11 FCPATH/index.php(56): CodeIgniter\Boot::bootWeb(Object(Config\Paths))
12 SYSTEMPATH/rewrite.php(44): require_once('/Applications/MAMP/htdocs/sipro24/public/index.php')
CRITICAL - 2024-10-26 14:16:36 --> [Caused by] mysqli_sql_exception: You have an error in your SQL syntax; check the manual that corresponds to your MySQL server version for the right syntax to use near '*, `m_provinsi`.`provinsi`, `m_unor`.`unor`, `m_pendanaan`.`sumber_pendanaan`, m' at line 1
in SYSTEMPATH/Database/MySQLi/Connection.php on line 312.
 1 SYSTEMPATH/Database/MySQLi/Connection.php(312): mysqli->query('SELECT distinct(rpiw.*, `m_provinsi`.`provinsi`, `m_unor`.`unor`, `m_pendanaan`.`sumber_pendanaan`, m_satuan.nama_satuan)
FROM `program_rpiw` as `rpiw`
LEFT JOIN `m_provinsi` ON `rpiw`.`id_provinsi` = `m_provinsi`.`id`
LEFT JOIN `m_unor` ON `rpiw`.`id_unor` = `m_unor`.`id`
LEFT JOIN `m_pendanaan` ON `rpiw`.`id_pendanaan` = `m_pendanaan`.`id_pendanaan`
LEFT JOIN `m_satuan` ON `rpiw`.`id_satuan` = `m_satuan`.`id_satuan`
LEFT JOIN `r_program_kawasan` ON `rpiw`.`id_program` = `r_program_kawasan`.`kode_program`', 0)
 2 SYSTEMPATH/Database/BaseConnection.php(734): CodeIgniter\Database\MySQLi\Connection->execute('SELECT distinct(rpiw.*, `m_provinsi`.`provinsi`, `m_unor`.`unor`, `m_pendanaan`.`sumber_pendanaan`, m_satuan.nama_satuan)
FROM `program_rpiw` as `rpiw`
LEFT JOIN `m_provinsi` ON `rpiw`.`id_provinsi` = `m_provinsi`.`id`
LEFT JOIN `m_unor` ON `rpiw`.`id_unor` = `m_unor`.`id`
LEFT JOIN `m_pendanaan` ON `rpiw`.`id_pendanaan` = `m_pendanaan`.`id_pendanaan`
LEFT JOIN `m_satuan` ON `rpiw`.`id_satuan` = `m_satuan`.`id_satuan`
LEFT JOIN `r_program_kawasan` ON `rpiw`.`id_program` = `r_program_kawasan`.`kode_program`')
 3 SYSTEMPATH/Database/BaseConnection.php(648): CodeIgniter\Database\BaseConnection->simpleQuery('SELECT distinct(rpiw.*, `m_provinsi`.`provinsi`, `m_unor`.`unor`, `m_pendanaan`.`sumber_pendanaan`, m_satuan.nama_satuan)
FROM `program_rpiw` as `rpiw`
LEFT JOIN `m_provinsi` ON `rpiw`.`id_provinsi` = `m_provinsi`.`id`
LEFT JOIN `m_unor` ON `rpiw`.`id_unor` = `m_unor`.`id`
LEFT JOIN `m_pendanaan` ON `rpiw`.`id_pendanaan` = `m_pendanaan`.`id_pendanaan`
LEFT JOIN `m_satuan` ON `rpiw`.`id_satuan` = `m_satuan`.`id_satuan`
LEFT JOIN `r_program_kawasan` ON `rpiw`.`id_program` = `r_program_kawasan`.`kode_program`')
 4 SYSTEMPATH/Database/BaseBuilder.php(1644): CodeIgniter\Database\BaseConnection->query('SELECT distinct(rpiw.*, `m_provinsi`.`provinsi`, `m_unor`.`unor`, `m_pendanaan`.`sumber_pendanaan`, m_satuan.nama_satuan)
FROM `program_rpiw` as `rpiw`
LEFT JOIN `m_provinsi` ON `rpiw`.`id_provinsi` = `m_provinsi`.`id`
LEFT JOIN `m_unor` ON `rpiw`.`id_unor` = `m_unor`.`id`
LEFT JOIN `m_pendanaan` ON `rpiw`.`id_pendanaan` = `m_pendanaan`.`id_pendanaan`
LEFT JOIN `m_satuan` ON `rpiw`.`id_satuan` = `m_satuan`.`id_satuan`
LEFT JOIN `r_program_kawasan` ON `rpiw`.`id_program` = `r_program_kawasan`.`kode_program`', [], false)
 5 APPPATH/Models/Rpiw/ProgramRpiwModel.php(40): CodeIgniter\Database\BaseBuilder->get()
 6 APPPATH/Controllers/Rpiw.php(38): App\Models\Rpiw\ProgramRpiwModel->getProgramRpiw(null, null, null)
 7 SYSTEMPATH/CodeIgniter.php(933): App\Controllers\Rpiw->index()
 8 SYSTEMPATH/CodeIgniter.php(509): CodeIgniter\CodeIgniter->runController(Object(App\Controllers\Rpiw))
 9 SYSTEMPATH/CodeIgniter.php(355): CodeIgniter\CodeIgniter->handleRequest(null, Object(Config\Cache), false)
10 SYSTEMPATH/Boot.php(325): CodeIgniter\CodeIgniter->run()
11 SYSTEMPATH/Boot.php(67): CodeIgniter\Boot::runCodeIgniter(Object(CodeIgniter\CodeIgniter))
12 FCPATH/index.php(56): CodeIgniter\Boot::bootWeb(Object(Config\Paths))
13 SYSTEMPATH/rewrite.php(44): require_once('/Applications/MAMP/htdocs/sipro24/public/index.php')
ERROR - 2024-10-26 14:17:39 --> mysqli_sql_exception: You have an error in your SQL syntax; check the manual that corresponds to your MySQL server version for the right syntax to use near '*, `m_provinsi`.`provinsi`, `m_unor`.`unor`, `m_pendanaan`.`sumber_pendanaan`, m' at line 1 in /Applications/MAMP/htdocs/sipro24/vendor/codeigniter4/framework/system/Database/MySQLi/Connection.php:312
Stack trace:
#0 /Applications/MAMP/htdocs/sipro24/vendor/codeigniter4/framework/system/Database/MySQLi/Connection.php(312): mysqli->query('SELECT DISTINCT...', 0)
#1 /Applications/MAMP/htdocs/sipro24/vendor/codeigniter4/framework/system/Database/BaseConnection.php(734): CodeIgniter\Database\MySQLi\Connection->execute('SELECT DISTINCT...')
#2 /Applications/MAMP/htdocs/sipro24/vendor/codeigniter4/framework/system/Database/BaseConnection.php(648): CodeIgniter\Database\BaseConnection->simpleQuery('SELECT DISTINCT...')
#3 /Applications/MAMP/htdocs/sipro24/vendor/codeigniter4/framework/system/Database/BaseBuilder.php(1644): CodeIgniter\Database\BaseConnection->query('SELECT DISTINCT...', Array, false)
#4 /Applications/MAMP/htdocs/sipro24/app/Models/Rpiw/ProgramRpiwModel.php(40): CodeIgniter\Database\BaseBuilder->get()
#5 /Applications/MAMP/htdocs/sipro24/app/Controllers/Rpiw.php(38): App\Models\Rpiw\ProgramRpiwModel->getProgramRpiw(NULL, NULL, NULL)
#6 /Applications/MAMP/htdocs/sipro24/vendor/codeigniter4/framework/system/CodeIgniter.php(933): App\Controllers\Rpiw->index()
#7 /Applications/MAMP/htdocs/sipro24/vendor/codeigniter4/framework/system/CodeIgniter.php(509): CodeIgniter\CodeIgniter->runController(Object(App\Controllers\Rpiw))
#8 /Applications/MAMP/htdocs/sipro24/vendor/codeigniter4/framework/system/CodeIgniter.php(355): CodeIgniter\CodeIgniter->handleRequest(NULL, Object(Config\Cache), false)
#9 /Applications/MAMP/htdocs/sipro24/vendor/codeigniter4/framework/system/Boot.php(325): CodeIgniter\CodeIgniter->run()
#10 /Applications/MAMP/htdocs/sipro24/vendor/codeigniter4/framework/system/Boot.php(67): CodeIgniter\Boot::runCodeIgniter(Object(CodeIgniter\CodeIgniter))
#11 /Applications/MAMP/htdocs/sipro24/public/index.php(56): CodeIgniter\Boot::bootWeb(Object(Config\Paths))
#12 /Applications/MAMP/htdocs/sipro24/vendor/codeigniter4/framework/system/rewrite.php(44): require_once('/Applications/M...')
#13 {main}
CRITICAL - 2024-10-26 14:17:39 --> CodeIgniter\Database\Exceptions\DatabaseException: You have an error in your SQL syntax; check the manual that corresponds to your MySQL server version for the right syntax to use near '*, `m_provinsi`.`provinsi`, `m_unor`.`unor`, `m_pendanaan`.`sumber_pendanaan`, m' at line 1
[Method: GET, Route: rpiw]
in SYSTEMPATH/Database/BaseConnection.php on line 688.
 1 SYSTEMPATH/Database/BaseBuilder.php(1644): CodeIgniter\Database\BaseConnection->query('SELECT DISTINCT(rpiw.*, `m_provinsi`.`provinsi`, `m_unor`.`unor`, `m_pendanaan`.`sumber_pendanaan`, m_satuan.nama_satuan)
FROM `program_rpiw` as `rpiw`
LEFT JOIN `m_provinsi` ON `rpiw`.`id_provinsi` = `m_provinsi`.`id`
LEFT JOIN `m_unor` ON `rpiw`.`id_unor` = `m_unor`.`id`
LEFT JOIN `m_pendanaan` ON `rpiw`.`id_pendanaan` = `m_pendanaan`.`id_pendanaan`
LEFT JOIN `m_satuan` ON `rpiw`.`id_satuan` = `m_satuan`.`id_satuan`
LEFT JOIN `r_program_kawasan` ON `rpiw`.`id_program` = `r_program_kawasan`.`kode_program`', [], false)
 2 APPPATH/Models/Rpiw/ProgramRpiwModel.php(40): CodeIgniter\Database\BaseBuilder->get()
 3 APPPATH/Controllers/Rpiw.php(38): App\Models\Rpiw\ProgramRpiwModel->getProgramRpiw(null, null, null)
 4 SYSTEMPATH/CodeIgniter.php(933): App\Controllers\Rpiw->index()
 5 SYSTEMPATH/CodeIgniter.php(509): CodeIgniter\CodeIgniter->runController(Object(App\Controllers\Rpiw))
 6 SYSTEMPATH/CodeIgniter.php(355): CodeIgniter\CodeIgniter->handleRequest(null, Object(Config\Cache), false)
 7 SYSTEMPATH/Boot.php(325): CodeIgniter\CodeIgniter->run()
 8 SYSTEMPATH/Boot.php(67): CodeIgniter\Boot::runCodeIgniter(Object(CodeIgniter\CodeIgniter))
 9 FCPATH/index.php(56): CodeIgniter\Boot::bootWeb(Object(Config\Paths))
10 SYSTEMPATH/rewrite.php(44): require_once('/Applications/MAMP/htdocs/sipro24/public/index.php')
CRITICAL - 2024-10-26 14:17:39 --> [Caused by] CodeIgniter\Database\Exceptions\DatabaseException: You have an error in your SQL syntax; check the manual that corresponds to your MySQL server version for the right syntax to use near '*, `m_provinsi`.`provinsi`, `m_unor`.`unor`, `m_pendanaan`.`sumber_pendanaan`, m' at line 1
in SYSTEMPATH/Database/MySQLi/Connection.php on line 317.
 1 SYSTEMPATH/Database/BaseConnection.php(734): CodeIgniter\Database\MySQLi\Connection->execute('SELECT DISTINCT(rpiw.*, `m_provinsi`.`provinsi`, `m_unor`.`unor`, `m_pendanaan`.`sumber_pendanaan`, m_satuan.nama_satuan)
FROM `program_rpiw` as `rpiw`
LEFT JOIN `m_provinsi` ON `rpiw`.`id_provinsi` = `m_provinsi`.`id`
LEFT JOIN `m_unor` ON `rpiw`.`id_unor` = `m_unor`.`id`
LEFT JOIN `m_pendanaan` ON `rpiw`.`id_pendanaan` = `m_pendanaan`.`id_pendanaan`
LEFT JOIN `m_satuan` ON `rpiw`.`id_satuan` = `m_satuan`.`id_satuan`
LEFT JOIN `r_program_kawasan` ON `rpiw`.`id_program` = `r_program_kawasan`.`kode_program`')
 2 SYSTEMPATH/Database/BaseConnection.php(648): CodeIgniter\Database\BaseConnection->simpleQuery('SELECT DISTINCT(rpiw.*, `m_provinsi`.`provinsi`, `m_unor`.`unor`, `m_pendanaan`.`sumber_pendanaan`, m_satuan.nama_satuan)
FROM `program_rpiw` as `rpiw`
LEFT JOIN `m_provinsi` ON `rpiw`.`id_provinsi` = `m_provinsi`.`id`
LEFT JOIN `m_unor` ON `rpiw`.`id_unor` = `m_unor`.`id`
LEFT JOIN `m_pendanaan` ON `rpiw`.`id_pendanaan` = `m_pendanaan`.`id_pendanaan`
LEFT JOIN `m_satuan` ON `rpiw`.`id_satuan` = `m_satuan`.`id_satuan`
LEFT JOIN `r_program_kawasan` ON `rpiw`.`id_program` = `r_program_kawasan`.`kode_program`')
 3 SYSTEMPATH/Database/BaseBuilder.php(1644): CodeIgniter\Database\BaseConnection->query('SELECT DISTINCT(rpiw.*, `m_provinsi`.`provinsi`, `m_unor`.`unor`, `m_pendanaan`.`sumber_pendanaan`, m_satuan.nama_satuan)
FROM `program_rpiw` as `rpiw`
LEFT JOIN `m_provinsi` ON `rpiw`.`id_provinsi` = `m_provinsi`.`id`
LEFT JOIN `m_unor` ON `rpiw`.`id_unor` = `m_unor`.`id`
LEFT JOIN `m_pendanaan` ON `rpiw`.`id_pendanaan` = `m_pendanaan`.`id_pendanaan`
LEFT JOIN `m_satuan` ON `rpiw`.`id_satuan` = `m_satuan`.`id_satuan`
LEFT JOIN `r_program_kawasan` ON `rpiw`.`id_program` = `r_program_kawasan`.`kode_program`', [], false)
 4 APPPATH/Models/Rpiw/ProgramRpiwModel.php(40): CodeIgniter\Database\BaseBuilder->get()
 5 APPPATH/Controllers/Rpiw.php(38): App\Models\Rpiw\ProgramRpiwModel->getProgramRpiw(null, null, null)
 6 SYSTEMPATH/CodeIgniter.php(933): App\Controllers\Rpiw->index()
 7 SYSTEMPATH/CodeIgniter.php(509): CodeIgniter\CodeIgniter->runController(Object(App\Controllers\Rpiw))
 8 SYSTEMPATH/CodeIgniter.php(355): CodeIgniter\CodeIgniter->handleRequest(null, Object(Config\Cache), false)
 9 SYSTEMPATH/Boot.php(325): CodeIgniter\CodeIgniter->run()
10 SYSTEMPATH/Boot.php(67): CodeIgniter\Boot::runCodeIgniter(Object(CodeIgniter\CodeIgniter))
11 FCPATH/index.php(56): CodeIgniter\Boot::bootWeb(Object(Config\Paths))
12 SYSTEMPATH/rewrite.php(44): require_once('/Applications/MAMP/htdocs/sipro24/public/index.php')
CRITICAL - 2024-10-26 14:17:39 --> [Caused by] mysqli_sql_exception: You have an error in your SQL syntax; check the manual that corresponds to your MySQL server version for the right syntax to use near '*, `m_provinsi`.`provinsi`, `m_unor`.`unor`, `m_pendanaan`.`sumber_pendanaan`, m' at line 1
in SYSTEMPATH/Database/MySQLi/Connection.php on line 312.
 1 SYSTEMPATH/Database/MySQLi/Connection.php(312): mysqli->query('SELECT DISTINCT(rpiw.*, `m_provinsi`.`provinsi`, `m_unor`.`unor`, `m_pendanaan`.`sumber_pendanaan`, m_satuan.nama_satuan)
FROM `program_rpiw` as `rpiw`
LEFT JOIN `m_provinsi` ON `rpiw`.`id_provinsi` = `m_provinsi`.`id`
LEFT JOIN `m_unor` ON `rpiw`.`id_unor` = `m_unor`.`id`
LEFT JOIN `m_pendanaan` ON `rpiw`.`id_pendanaan` = `m_pendanaan`.`id_pendanaan`
LEFT JOIN `m_satuan` ON `rpiw`.`id_satuan` = `m_satuan`.`id_satuan`
LEFT JOIN `r_program_kawasan` ON `rpiw`.`id_program` = `r_program_kawasan`.`kode_program`', 0)
 2 SYSTEMPATH/Database/BaseConnection.php(734): CodeIgniter\Database\MySQLi\Connection->execute('SELECT DISTINCT(rpiw.*, `m_provinsi`.`provinsi`, `m_unor`.`unor`, `m_pendanaan`.`sumber_pendanaan`, m_satuan.nama_satuan)
FROM `program_rpiw` as `rpiw`
LEFT JOIN `m_provinsi` ON `rpiw`.`id_provinsi` = `m_provinsi`.`id`
LEFT JOIN `m_unor` ON `rpiw`.`id_unor` = `m_unor`.`id`
LEFT JOIN `m_pendanaan` ON `rpiw`.`id_pendanaan` = `m_pendanaan`.`id_pendanaan`
LEFT JOIN `m_satuan` ON `rpiw`.`id_satuan` = `m_satuan`.`id_satuan`
LEFT JOIN `r_program_kawasan` ON `rpiw`.`id_program` = `r_program_kawasan`.`kode_program`')
 3 SYSTEMPATH/Database/BaseConnection.php(648): CodeIgniter\Database\BaseConnection->simpleQuery('SELECT DISTINCT(rpiw.*, `m_provinsi`.`provinsi`, `m_unor`.`unor`, `m_pendanaan`.`sumber_pendanaan`, m_satuan.nama_satuan)
FROM `program_rpiw` as `rpiw`
LEFT JOIN `m_provinsi` ON `rpiw`.`id_provinsi` = `m_provinsi`.`id`
LEFT JOIN `m_unor` ON `rpiw`.`id_unor` = `m_unor`.`id`
LEFT JOIN `m_pendanaan` ON `rpiw`.`id_pendanaan` = `m_pendanaan`.`id_pendanaan`
LEFT JOIN `m_satuan` ON `rpiw`.`id_satuan` = `m_satuan`.`id_satuan`
LEFT JOIN `r_program_kawasan` ON `rpiw`.`id_program` = `r_program_kawasan`.`kode_program`')
 4 SYSTEMPATH/Database/BaseBuilder.php(1644): CodeIgniter\Database\BaseConnection->query('SELECT DISTINCT(rpiw.*, `m_provinsi`.`provinsi`, `m_unor`.`unor`, `m_pendanaan`.`sumber_pendanaan`, m_satuan.nama_satuan)
FROM `program_rpiw` as `rpiw`
LEFT JOIN `m_provinsi` ON `rpiw`.`id_provinsi` = `m_provinsi`.`id`
LEFT JOIN `m_unor` ON `rpiw`.`id_unor` = `m_unor`.`id`
LEFT JOIN `m_pendanaan` ON `rpiw`.`id_pendanaan` = `m_pendanaan`.`id_pendanaan`
LEFT JOIN `m_satuan` ON `rpiw`.`id_satuan` = `m_satuan`.`id_satuan`
LEFT JOIN `r_program_kawasan` ON `rpiw`.`id_program` = `r_program_kawasan`.`kode_program`', [], false)
 5 APPPATH/Models/Rpiw/ProgramRpiwModel.php(40): CodeIgniter\Database\BaseBuilder->get()
 6 APPPATH/Controllers/Rpiw.php(38): App\Models\Rpiw\ProgramRpiwModel->getProgramRpiw(null, null, null)
 7 SYSTEMPATH/CodeIgniter.php(933): App\Controllers\Rpiw->index()
 8 SYSTEMPATH/CodeIgniter.php(509): CodeIgniter\CodeIgniter->runController(Object(App\Controllers\Rpiw))
 9 SYSTEMPATH/CodeIgniter.php(355): CodeIgniter\CodeIgniter->handleRequest(null, Object(Config\Cache), false)
10 SYSTEMPATH/Boot.php(325): CodeIgniter\CodeIgniter->run()
11 SYSTEMPATH/Boot.php(67): CodeIgniter\Boot::runCodeIgniter(Object(CodeIgniter\CodeIgniter))
12 FCPATH/index.php(56): CodeIgniter\Boot::bootWeb(Object(Config\Paths))
13 SYSTEMPATH/rewrite.php(44): require_once('/Applications/MAMP/htdocs/sipro24/public/index.php')
ERROR - 2024-10-26 14:28:01 --> mysqli_sql_exception: You have an error in your SQL syntax; check the manual that corresponds to your MySQL server version for the right syntax to use near '*, `m_provinsi`.`provinsi`, `m_unor`.`unor`, `m_pendanaan`.`sumber_pendanaan`, m' at line 1 in /Applications/MAMP/htdocs/sipro24/vendor/codeigniter4/framework/system/Database/MySQLi/Connection.php:312
Stack trace:
#0 /Applications/MAMP/htdocs/sipro24/vendor/codeigniter4/framework/system/Database/MySQLi/Connection.php(312): mysqli->query('SELECT DISTINCT...', 0)
#1 /Applications/MAMP/htdocs/sipro24/vendor/codeigniter4/framework/system/Database/BaseConnection.php(734): CodeIgniter\Database\MySQLi\Connection->execute('SELECT DISTINCT...')
#2 /Applications/MAMP/htdocs/sipro24/vendor/codeigniter4/framework/system/Database/BaseConnection.php(648): CodeIgniter\Database\BaseConnection->simpleQuery('SELECT DISTINCT...')
#3 /Applications/MAMP/htdocs/sipro24/vendor/codeigniter4/framework/system/Database/BaseBuilder.php(1644): CodeIgniter\Database\BaseConnection->query('SELECT DISTINCT...', Array, false)
#4 /Applications/MAMP/htdocs/sipro24/app/Models/Rpiw/ProgramRpiwModel.php(40): CodeIgniter\Database\BaseBuilder->get()
#5 /Applications/MAMP/htdocs/sipro24/app/Controllers/Rpiw.php(38): App\Models\Rpiw\ProgramRpiwModel->getProgramRpiw(NULL, NULL, NULL)
#6 /Applications/MAMP/htdocs/sipro24/vendor/codeigniter4/framework/system/CodeIgniter.php(933): App\Controllers\Rpiw->index()
#7 /Applications/MAMP/htdocs/sipro24/vendor/codeigniter4/framework/system/CodeIgniter.php(509): CodeIgniter\CodeIgniter->runController(Object(App\Controllers\Rpiw))
#8 /Applications/MAMP/htdocs/sipro24/vendor/codeigniter4/framework/system/CodeIgniter.php(355): CodeIgniter\CodeIgniter->handleRequest(NULL, Object(Config\Cache), false)
#9 /Applications/MAMP/htdocs/sipro24/vendor/codeigniter4/framework/system/Boot.php(325): CodeIgniter\CodeIgniter->run()
#10 /Applications/MAMP/htdocs/sipro24/vendor/codeigniter4/framework/system/Boot.php(67): CodeIgniter\Boot::runCodeIgniter(Object(CodeIgniter\CodeIgniter))
#11 /Applications/MAMP/htdocs/sipro24/public/index.php(56): CodeIgniter\Boot::bootWeb(Object(Config\Paths))
#12 /Applications/MAMP/htdocs/sipro24/vendor/codeigniter4/framework/system/rewrite.php(44): require_once('/Applications/M...')
#13 {main}
CRITICAL - 2024-10-26 14:28:01 --> CodeIgniter\Database\Exceptions\DatabaseException: You have an error in your SQL syntax; check the manual that corresponds to your MySQL server version for the right syntax to use near '*, `m_provinsi`.`provinsi`, `m_unor`.`unor`, `m_pendanaan`.`sumber_pendanaan`, m' at line 1
[Method: GET, Route: rpiw]
in SYSTEMPATH/Database/BaseConnection.php on line 688.
 1 SYSTEMPATH/Database/BaseBuilder.php(1644): CodeIgniter\Database\BaseConnection->query('SELECT DISTINCT(rpiw.*, `m_provinsi`.`provinsi`, `m_unor`.`unor`, `m_pendanaan`.`sumber_pendanaan`, m_satuan.nama_satuan)
FROM `program_rpiw` as `rpiw`
LEFT JOIN `m_provinsi` ON `rpiw`.`id_provinsi` = `m_provinsi`.`id`
LEFT JOIN `m_unor` ON `rpiw`.`id_unor` = `m_unor`.`id`
LEFT JOIN `m_pendanaan` ON `rpiw`.`id_pendanaan` = `m_pendanaan`.`id_pendanaan`
LEFT JOIN `m_satuan` ON `rpiw`.`id_satuan` = `m_satuan`.`id_satuan`
LEFT JOIN `r_program_kawasan` ON `rpiw`.`id_program` = `r_program_kawasan`.`kode_program`', [], false)
 2 APPPATH/Models/Rpiw/ProgramRpiwModel.php(40): CodeIgniter\Database\BaseBuilder->get()
 3 APPPATH/Controllers/Rpiw.php(38): App\Models\Rpiw\ProgramRpiwModel->getProgramRpiw(null, null, null)
 4 SYSTEMPATH/CodeIgniter.php(933): App\Controllers\Rpiw->index()
 5 SYSTEMPATH/CodeIgniter.php(509): CodeIgniter\CodeIgniter->runController(Object(App\Controllers\Rpiw))
 6 SYSTEMPATH/CodeIgniter.php(355): CodeIgniter\CodeIgniter->handleRequest(null, Object(Config\Cache), false)
 7 SYSTEMPATH/Boot.php(325): CodeIgniter\CodeIgniter->run()
 8 SYSTEMPATH/Boot.php(67): CodeIgniter\Boot::runCodeIgniter(Object(CodeIgniter\CodeIgniter))
 9 FCPATH/index.php(56): CodeIgniter\Boot::bootWeb(Object(Config\Paths))
10 SYSTEMPATH/rewrite.php(44): require_once('/Applications/MAMP/htdocs/sipro24/public/index.php')
CRITICAL - 2024-10-26 14:28:01 --> [Caused by] CodeIgniter\Database\Exceptions\DatabaseException: You have an error in your SQL syntax; check the manual that corresponds to your MySQL server version for the right syntax to use near '*, `m_provinsi`.`provinsi`, `m_unor`.`unor`, `m_pendanaan`.`sumber_pendanaan`, m' at line 1
in SYSTEMPATH/Database/MySQLi/Connection.php on line 317.
 1 SYSTEMPATH/Database/BaseConnection.php(734): CodeIgniter\Database\MySQLi\Connection->execute('SELECT DISTINCT(rpiw.*, `m_provinsi`.`provinsi`, `m_unor`.`unor`, `m_pendanaan`.`sumber_pendanaan`, m_satuan.nama_satuan)
FROM `program_rpiw` as `rpiw`
LEFT JOIN `m_provinsi` ON `rpiw`.`id_provinsi` = `m_provinsi`.`id`
LEFT JOIN `m_unor` ON `rpiw`.`id_unor` = `m_unor`.`id`
LEFT JOIN `m_pendanaan` ON `rpiw`.`id_pendanaan` = `m_pendanaan`.`id_pendanaan`
LEFT JOIN `m_satuan` ON `rpiw`.`id_satuan` = `m_satuan`.`id_satuan`
LEFT JOIN `r_program_kawasan` ON `rpiw`.`id_program` = `r_program_kawasan`.`kode_program`')
 2 SYSTEMPATH/Database/BaseConnection.php(648): CodeIgniter\Database\BaseConnection->simpleQuery('SELECT DISTINCT(rpiw.*, `m_provinsi`.`provinsi`, `m_unor`.`unor`, `m_pendanaan`.`sumber_pendanaan`, m_satuan.nama_satuan)
FROM `program_rpiw` as `rpiw`
LEFT JOIN `m_provinsi` ON `rpiw`.`id_provinsi` = `m_provinsi`.`id`
LEFT JOIN `m_unor` ON `rpiw`.`id_unor` = `m_unor`.`id`
LEFT JOIN `m_pendanaan` ON `rpiw`.`id_pendanaan` = `m_pendanaan`.`id_pendanaan`
LEFT JOIN `m_satuan` ON `rpiw`.`id_satuan` = `m_satuan`.`id_satuan`
LEFT JOIN `r_program_kawasan` ON `rpiw`.`id_program` = `r_program_kawasan`.`kode_program`')
 3 SYSTEMPATH/Database/BaseBuilder.php(1644): CodeIgniter\Database\BaseConnection->query('SELECT DISTINCT(rpiw.*, `m_provinsi`.`provinsi`, `m_unor`.`unor`, `m_pendanaan`.`sumber_pendanaan`, m_satuan.nama_satuan)
FROM `program_rpiw` as `rpiw`
LEFT JOIN `m_provinsi` ON `rpiw`.`id_provinsi` = `m_provinsi`.`id`
LEFT JOIN `m_unor` ON `rpiw`.`id_unor` = `m_unor`.`id`
LEFT JOIN `m_pendanaan` ON `rpiw`.`id_pendanaan` = `m_pendanaan`.`id_pendanaan`
LEFT JOIN `m_satuan` ON `rpiw`.`id_satuan` = `m_satuan`.`id_satuan`
LEFT JOIN `r_program_kawasan` ON `rpiw`.`id_program` = `r_program_kawasan`.`kode_program`', [], false)
 4 APPPATH/Models/Rpiw/ProgramRpiwModel.php(40): CodeIgniter\Database\BaseBuilder->get()
 5 APPPATH/Controllers/Rpiw.php(38): App\Models\Rpiw\ProgramRpiwModel->getProgramRpiw(null, null, null)
 6 SYSTEMPATH/CodeIgniter.php(933): App\Controllers\Rpiw->index()
 7 SYSTEMPATH/CodeIgniter.php(509): CodeIgniter\CodeIgniter->runController(Object(App\Controllers\Rpiw))
 8 SYSTEMPATH/CodeIgniter.php(355): CodeIgniter\CodeIgniter->handleRequest(null, Object(Config\Cache), false)
 9 SYSTEMPATH/Boot.php(325): CodeIgniter\CodeIgniter->run()
10 SYSTEMPATH/Boot.php(67): CodeIgniter\Boot::runCodeIgniter(Object(CodeIgniter\CodeIgniter))
11 FCPATH/index.php(56): CodeIgniter\Boot::bootWeb(Object(Config\Paths))
12 SYSTEMPATH/rewrite.php(44): require_once('/Applications/MAMP/htdocs/sipro24/public/index.php')
CRITICAL - 2024-10-26 14:28:01 --> [Caused by] mysqli_sql_exception: You have an error in your SQL syntax; check the manual that corresponds to your MySQL server version for the right syntax to use near '*, `m_provinsi`.`provinsi`, `m_unor`.`unor`, `m_pendanaan`.`sumber_pendanaan`, m' at line 1
in SYSTEMPATH/Database/MySQLi/Connection.php on line 312.
 1 SYSTEMPATH/Database/MySQLi/Connection.php(312): mysqli->query('SELECT DISTINCT(rpiw.*, `m_provinsi`.`provinsi`, `m_unor`.`unor`, `m_pendanaan`.`sumber_pendanaan`, m_satuan.nama_satuan)
FROM `program_rpiw` as `rpiw`
LEFT JOIN `m_provinsi` ON `rpiw`.`id_provinsi` = `m_provinsi`.`id`
LEFT JOIN `m_unor` ON `rpiw`.`id_unor` = `m_unor`.`id`
LEFT JOIN `m_pendanaan` ON `rpiw`.`id_pendanaan` = `m_pendanaan`.`id_pendanaan`
LEFT JOIN `m_satuan` ON `rpiw`.`id_satuan` = `m_satuan`.`id_satuan`
LEFT JOIN `r_program_kawasan` ON `rpiw`.`id_program` = `r_program_kawasan`.`kode_program`', 0)
 2 SYSTEMPATH/Database/BaseConnection.php(734): CodeIgniter\Database\MySQLi\Connection->execute('SELECT DISTINCT(rpiw.*, `m_provinsi`.`provinsi`, `m_unor`.`unor`, `m_pendanaan`.`sumber_pendanaan`, m_satuan.nama_satuan)
FROM `program_rpiw` as `rpiw`
LEFT JOIN `m_provinsi` ON `rpiw`.`id_provinsi` = `m_provinsi`.`id`
LEFT JOIN `m_unor` ON `rpiw`.`id_unor` = `m_unor`.`id`
LEFT JOIN `m_pendanaan` ON `rpiw`.`id_pendanaan` = `m_pendanaan`.`id_pendanaan`
LEFT JOIN `m_satuan` ON `rpiw`.`id_satuan` = `m_satuan`.`id_satuan`
LEFT JOIN `r_program_kawasan` ON `rpiw`.`id_program` = `r_program_kawasan`.`kode_program`')
 3 SYSTEMPATH/Database/BaseConnection.php(648): CodeIgniter\Database\BaseConnection->simpleQuery('SELECT DISTINCT(rpiw.*, `m_provinsi`.`provinsi`, `m_unor`.`unor`, `m_pendanaan`.`sumber_pendanaan`, m_satuan.nama_satuan)
FROM `program_rpiw` as `rpiw`
LEFT JOIN `m_provinsi` ON `rpiw`.`id_provinsi` = `m_provinsi`.`id`
LEFT JOIN `m_unor` ON `rpiw`.`id_unor` = `m_unor`.`id`
LEFT JOIN `m_pendanaan` ON `rpiw`.`id_pendanaan` = `m_pendanaan`.`id_pendanaan`
LEFT JOIN `m_satuan` ON `rpiw`.`id_satuan` = `m_satuan`.`id_satuan`
LEFT JOIN `r_program_kawasan` ON `rpiw`.`id_program` = `r_program_kawasan`.`kode_program`')
 4 SYSTEMPATH/Database/BaseBuilder.php(1644): CodeIgniter\Database\BaseConnection->query('SELECT DISTINCT(rpiw.*, `m_provinsi`.`provinsi`, `m_unor`.`unor`, `m_pendanaan`.`sumber_pendanaan`, m_satuan.nama_satuan)
FROM `program_rpiw` as `rpiw`
LEFT JOIN `m_provinsi` ON `rpiw`.`id_provinsi` = `m_provinsi`.`id`
LEFT JOIN `m_unor` ON `rpiw`.`id_unor` = `m_unor`.`id`
LEFT JOIN `m_pendanaan` ON `rpiw`.`id_pendanaan` = `m_pendanaan`.`id_pendanaan`
LEFT JOIN `m_satuan` ON `rpiw`.`id_satuan` = `m_satuan`.`id_satuan`
LEFT JOIN `r_program_kawasan` ON `rpiw`.`id_program` = `r_program_kawasan`.`kode_program`', [], false)
 5 APPPATH/Models/Rpiw/ProgramRpiwModel.php(40): CodeIgniter\Database\BaseBuilder->get()
 6 APPPATH/Controllers/Rpiw.php(38): App\Models\Rpiw\ProgramRpiwModel->getProgramRpiw(null, null, null)
 7 SYSTEMPATH/CodeIgniter.php(933): App\Controllers\Rpiw->index()
 8 SYSTEMPATH/CodeIgniter.php(509): CodeIgniter\CodeIgniter->runController(Object(App\Controllers\Rpiw))
 9 SYSTEMPATH/CodeIgniter.php(355): CodeIgniter\CodeIgniter->handleRequest(null, Object(Config\Cache), false)
10 SYSTEMPATH/Boot.php(325): CodeIgniter\CodeIgniter->run()
11 SYSTEMPATH/Boot.php(67): CodeIgniter\Boot::runCodeIgniter(Object(CodeIgniter\CodeIgniter))
12 FCPATH/index.php(56): CodeIgniter\Boot::bootWeb(Object(Config\Paths))
13 SYSTEMPATH/rewrite.php(44): require_once('/Applications/MAMP/htdocs/sipro24/public/index.php')
ERROR - 2024-10-26 14:30:58 --> mysqli_sql_exception: You have an error in your SQL syntax; check the manual that corresponds to your MySQL server version for the right syntax to use near '*, `m_provinsi`.`provinsi`, `m_unor`.`unor`, `m_pendanaan`.`sumber_pendanaan`, m' at line 1 in /Applications/MAMP/htdocs/sipro24/vendor/codeigniter4/framework/system/Database/MySQLi/Connection.php:312
Stack trace:
#0 /Applications/MAMP/htdocs/sipro24/vendor/codeigniter4/framework/system/Database/MySQLi/Connection.php(312): mysqli->query('SELECT distinct...', 0)
#1 /Applications/MAMP/htdocs/sipro24/vendor/codeigniter4/framework/system/Database/BaseConnection.php(734): CodeIgniter\Database\MySQLi\Connection->execute('SELECT distinct...')
#2 /Applications/MAMP/htdocs/sipro24/vendor/codeigniter4/framework/system/Database/BaseConnection.php(648): CodeIgniter\Database\BaseConnection->simpleQuery('SELECT distinct...')
#3 /Applications/MAMP/htdocs/sipro24/vendor/codeigniter4/framework/system/Database/BaseBuilder.php(1644): CodeIgniter\Database\BaseConnection->query('SELECT distinct...', Array, false)
#4 /Applications/MAMP/htdocs/sipro24/app/Models/Rpiw/ProgramRpiwModel.php(40): CodeIgniter\Database\BaseBuilder->get()
#5 /Applications/MAMP/htdocs/sipro24/app/Controllers/Rpiw.php(38): App\Models\Rpiw\ProgramRpiwModel->getProgramRpiw(NULL, NULL, NULL)
#6 /Applications/MAMP/htdocs/sipro24/vendor/codeigniter4/framework/system/CodeIgniter.php(933): App\Controllers\Rpiw->index()
#7 /Applications/MAMP/htdocs/sipro24/vendor/codeigniter4/framework/system/CodeIgniter.php(509): CodeIgniter\CodeIgniter->runController(Object(App\Controllers\Rpiw))
#8 /Applications/MAMP/htdocs/sipro24/vendor/codeigniter4/framework/system/CodeIgniter.php(355): CodeIgniter\CodeIgniter->handleRequest(NULL, Object(Config\Cache), false)
#9 /Applications/MAMP/htdocs/sipro24/vendor/codeigniter4/framework/system/Boot.php(325): CodeIgniter\CodeIgniter->run()
#10 /Applications/MAMP/htdocs/sipro24/vendor/codeigniter4/framework/system/Boot.php(67): CodeIgniter\Boot::runCodeIgniter(Object(CodeIgniter\CodeIgniter))
#11 /Applications/MAMP/htdocs/sipro24/public/index.php(56): CodeIgniter\Boot::bootWeb(Object(Config\Paths))
#12 /Applications/MAMP/htdocs/sipro24/vendor/codeigniter4/framework/system/rewrite.php(44): require_once('/Applications/M...')
#13 {main}
CRITICAL - 2024-10-26 14:30:58 --> CodeIgniter\Database\Exceptions\DatabaseException: You have an error in your SQL syntax; check the manual that corresponds to your MySQL server version for the right syntax to use near '*, `m_provinsi`.`provinsi`, `m_unor`.`unor`, `m_pendanaan`.`sumber_pendanaan`, m' at line 1
[Method: GET, Route: rpiw]
in SYSTEMPATH/Database/BaseConnection.php on line 688.
 1 SYSTEMPATH/Database/BaseBuilder.php(1644): CodeIgniter\Database\BaseConnection->query('SELECT distinct(rpiw.*, `m_provinsi`.`provinsi`, `m_unor`.`unor`, `m_pendanaan`.`sumber_pendanaan`, m_satuan.nama_satuan)
FROM `program_rpiw` as `rpiw`
LEFT JOIN `m_provinsi` ON `rpiw`.`id_provinsi` = `m_provinsi`.`id`
LEFT JOIN `m_unor` ON `rpiw`.`id_unor` = `m_unor`.`id`
LEFT JOIN `m_pendanaan` ON `rpiw`.`id_pendanaan` = `m_pendanaan`.`id_pendanaan`
LEFT JOIN `m_satuan` ON `rpiw`.`id_satuan` = `m_satuan`.`id_satuan`
LEFT JOIN `r_program_kawasan` ON `rpiw`.`id_program` = `r_program_kawasan`.`kode_program`', [], false)
 2 APPPATH/Models/Rpiw/ProgramRpiwModel.php(40): CodeIgniter\Database\BaseBuilder->get()
 3 APPPATH/Controllers/Rpiw.php(38): App\Models\Rpiw\ProgramRpiwModel->getProgramRpiw(null, null, null)
 4 SYSTEMPATH/CodeIgniter.php(933): App\Controllers\Rpiw->index()
 5 SYSTEMPATH/CodeIgniter.php(509): CodeIgniter\CodeIgniter->runController(Object(App\Controllers\Rpiw))
 6 SYSTEMPATH/CodeIgniter.php(355): CodeIgniter\CodeIgniter->handleRequest(null, Object(Config\Cache), false)
 7 SYSTEMPATH/Boot.php(325): CodeIgniter\CodeIgniter->run()
 8 SYSTEMPATH/Boot.php(67): CodeIgniter\Boot::runCodeIgniter(Object(CodeIgniter\CodeIgniter))
 9 FCPATH/index.php(56): CodeIgniter\Boot::bootWeb(Object(Config\Paths))
10 SYSTEMPATH/rewrite.php(44): require_once('/Applications/MAMP/htdocs/sipro24/public/index.php')
CRITICAL - 2024-10-26 14:30:58 --> [Caused by] CodeIgniter\Database\Exceptions\DatabaseException: You have an error in your SQL syntax; check the manual that corresponds to your MySQL server version for the right syntax to use near '*, `m_provinsi`.`provinsi`, `m_unor`.`unor`, `m_pendanaan`.`sumber_pendanaan`, m' at line 1
in SYSTEMPATH/Database/MySQLi/Connection.php on line 317.
 1 SYSTEMPATH/Database/BaseConnection.php(734): CodeIgniter\Database\MySQLi\Connection->execute('SELECT distinct(rpiw.*, `m_provinsi`.`provinsi`, `m_unor`.`unor`, `m_pendanaan`.`sumber_pendanaan`, m_satuan.nama_satuan)
FROM `program_rpiw` as `rpiw`
LEFT JOIN `m_provinsi` ON `rpiw`.`id_provinsi` = `m_provinsi`.`id`
LEFT JOIN `m_unor` ON `rpiw`.`id_unor` = `m_unor`.`id`
LEFT JOIN `m_pendanaan` ON `rpiw`.`id_pendanaan` = `m_pendanaan`.`id_pendanaan`
LEFT JOIN `m_satuan` ON `rpiw`.`id_satuan` = `m_satuan`.`id_satuan`
LEFT JOIN `r_program_kawasan` ON `rpiw`.`id_program` = `r_program_kawasan`.`kode_program`')
 2 SYSTEMPATH/Database/BaseConnection.php(648): CodeIgniter\Database\BaseConnection->simpleQuery('SELECT distinct(rpiw.*, `m_provinsi`.`provinsi`, `m_unor`.`unor`, `m_pendanaan`.`sumber_pendanaan`, m_satuan.nama_satuan)
FROM `program_rpiw` as `rpiw`
LEFT JOIN `m_provinsi` ON `rpiw`.`id_provinsi` = `m_provinsi`.`id`
LEFT JOIN `m_unor` ON `rpiw`.`id_unor` = `m_unor`.`id`
LEFT JOIN `m_pendanaan` ON `rpiw`.`id_pendanaan` = `m_pendanaan`.`id_pendanaan`
LEFT JOIN `m_satuan` ON `rpiw`.`id_satuan` = `m_satuan`.`id_satuan`
LEFT JOIN `r_program_kawasan` ON `rpiw`.`id_program` = `r_program_kawasan`.`kode_program`')
 3 SYSTEMPATH/Database/BaseBuilder.php(1644): CodeIgniter\Database\BaseConnection->query('SELECT distinct(rpiw.*, `m_provinsi`.`provinsi`, `m_unor`.`unor`, `m_pendanaan`.`sumber_pendanaan`, m_satuan.nama_satuan)
FROM `program_rpiw` as `rpiw`
LEFT JOIN `m_provinsi` ON `rpiw`.`id_provinsi` = `m_provinsi`.`id`
LEFT JOIN `m_unor` ON `rpiw`.`id_unor` = `m_unor`.`id`
LEFT JOIN `m_pendanaan` ON `rpiw`.`id_pendanaan` = `m_pendanaan`.`id_pendanaan`
LEFT JOIN `m_satuan` ON `rpiw`.`id_satuan` = `m_satuan`.`id_satuan`
LEFT JOIN `r_program_kawasan` ON `rpiw`.`id_program` = `r_program_kawasan`.`kode_program`', [], false)
 4 APPPATH/Models/Rpiw/ProgramRpiwModel.php(40): CodeIgniter\Database\BaseBuilder->get()
 5 APPPATH/Controllers/Rpiw.php(38): App\Models\Rpiw\ProgramRpiwModel->getProgramRpiw(null, null, null)
 6 SYSTEMPATH/CodeIgniter.php(933): App\Controllers\Rpiw->index()
 7 SYSTEMPATH/CodeIgniter.php(509): CodeIgniter\CodeIgniter->runController(Object(App\Controllers\Rpiw))
 8 SYSTEMPATH/CodeIgniter.php(355): CodeIgniter\CodeIgniter->handleRequest(null, Object(Config\Cache), false)
 9 SYSTEMPATH/Boot.php(325): CodeIgniter\CodeIgniter->run()
10 SYSTEMPATH/Boot.php(67): CodeIgniter\Boot::runCodeIgniter(Object(CodeIgniter\CodeIgniter))
11 FCPATH/index.php(56): CodeIgniter\Boot::bootWeb(Object(Config\Paths))
12 SYSTEMPATH/rewrite.php(44): require_once('/Applications/MAMP/htdocs/sipro24/public/index.php')
CRITICAL - 2024-10-26 14:30:58 --> [Caused by] mysqli_sql_exception: You have an error in your SQL syntax; check the manual that corresponds to your MySQL server version for the right syntax to use near '*, `m_provinsi`.`provinsi`, `m_unor`.`unor`, `m_pendanaan`.`sumber_pendanaan`, m' at line 1
in SYSTEMPATH/Database/MySQLi/Connection.php on line 312.
 1 SYSTEMPATH/Database/MySQLi/Connection.php(312): mysqli->query('SELECT distinct(rpiw.*, `m_provinsi`.`provinsi`, `m_unor`.`unor`, `m_pendanaan`.`sumber_pendanaan`, m_satuan.nama_satuan)
FROM `program_rpiw` as `rpiw`
LEFT JOIN `m_provinsi` ON `rpiw`.`id_provinsi` = `m_provinsi`.`id`
LEFT JOIN `m_unor` ON `rpiw`.`id_unor` = `m_unor`.`id`
LEFT JOIN `m_pendanaan` ON `rpiw`.`id_pendanaan` = `m_pendanaan`.`id_pendanaan`
LEFT JOIN `m_satuan` ON `rpiw`.`id_satuan` = `m_satuan`.`id_satuan`
LEFT JOIN `r_program_kawasan` ON `rpiw`.`id_program` = `r_program_kawasan`.`kode_program`', 0)
 2 SYSTEMPATH/Database/BaseConnection.php(734): CodeIgniter\Database\MySQLi\Connection->execute('SELECT distinct(rpiw.*, `m_provinsi`.`provinsi`, `m_unor`.`unor`, `m_pendanaan`.`sumber_pendanaan`, m_satuan.nama_satuan)
FROM `program_rpiw` as `rpiw`
LEFT JOIN `m_provinsi` ON `rpiw`.`id_provinsi` = `m_provinsi`.`id`
LEFT JOIN `m_unor` ON `rpiw`.`id_unor` = `m_unor`.`id`
LEFT JOIN `m_pendanaan` ON `rpiw`.`id_pendanaan` = `m_pendanaan`.`id_pendanaan`
LEFT JOIN `m_satuan` ON `rpiw`.`id_satuan` = `m_satuan`.`id_satuan`
LEFT JOIN `r_program_kawasan` ON `rpiw`.`id_program` = `r_program_kawasan`.`kode_program`')
 3 SYSTEMPATH/Database/BaseConnection.php(648): CodeIgniter\Database\BaseConnection->simpleQuery('SELECT distinct(rpiw.*, `m_provinsi`.`provinsi`, `m_unor`.`unor`, `m_pendanaan`.`sumber_pendanaan`, m_satuan.nama_satuan)
FROM `program_rpiw` as `rpiw`
LEFT JOIN `m_provinsi` ON `rpiw`.`id_provinsi` = `m_provinsi`.`id`
LEFT JOIN `m_unor` ON `rpiw`.`id_unor` = `m_unor`.`id`
LEFT JOIN `m_pendanaan` ON `rpiw`.`id_pendanaan` = `m_pendanaan`.`id_pendanaan`
LEFT JOIN `m_satuan` ON `rpiw`.`id_satuan` = `m_satuan`.`id_satuan`
LEFT JOIN `r_program_kawasan` ON `rpiw`.`id_program` = `r_program_kawasan`.`kode_program`')
 4 SYSTEMPATH/Database/BaseBuilder.php(1644): CodeIgniter\Database\BaseConnection->query('SELECT distinct(rpiw.*, `m_provinsi`.`provinsi`, `m_unor`.`unor`, `m_pendanaan`.`sumber_pendanaan`, m_satuan.nama_satuan)
FROM `program_rpiw` as `rpiw`
LEFT JOIN `m_provinsi` ON `rpiw`.`id_provinsi` = `m_provinsi`.`id`
LEFT JOIN `m_unor` ON `rpiw`.`id_unor` = `m_unor`.`id`
LEFT JOIN `m_pendanaan` ON `rpiw`.`id_pendanaan` = `m_pendanaan`.`id_pendanaan`
LEFT JOIN `m_satuan` ON `rpiw`.`id_satuan` = `m_satuan`.`id_satuan`
LEFT JOIN `r_program_kawasan` ON `rpiw`.`id_program` = `r_program_kawasan`.`kode_program`', [], false)
 5 APPPATH/Models/Rpiw/ProgramRpiwModel.php(40): CodeIgniter\Database\BaseBuilder->get()
 6 APPPATH/Controllers/Rpiw.php(38): App\Models\Rpiw\ProgramRpiwModel->getProgramRpiw(null, null, null)
 7 SYSTEMPATH/CodeIgniter.php(933): App\Controllers\Rpiw->index()
 8 SYSTEMPATH/CodeIgniter.php(509): CodeIgniter\CodeIgniter->runController(Object(App\Controllers\Rpiw))
 9 SYSTEMPATH/CodeIgniter.php(355): CodeIgniter\CodeIgniter->handleRequest(null, Object(Config\Cache), false)
10 SYSTEMPATH/Boot.php(325): CodeIgniter\CodeIgniter->run()
11 SYSTEMPATH/Boot.php(67): CodeIgniter\Boot::runCodeIgniter(Object(CodeIgniter\CodeIgniter))
12 FCPATH/index.php(56): CodeIgniter\Boot::bootWeb(Object(Config\Paths))
13 SYSTEMPATH/rewrite.php(44): require_once('/Applications/MAMP/htdocs/sipro24/public/index.php')
CRITICAL - 2024-10-26 14:42:45 --> InvalidArgumentException: whereNotIn() expects $values to be of type array or closure
[Method: GET, Route: kawasan]
in SYSTEMPATH/Database/BaseBuilder.php on line 959.
 1 SYSTEMPATH/Database/BaseBuilder.php(871): CodeIgniter\Database\BaseBuilder->_whereIn('m_kawasan.kode_kawasan', '0', true, 'AND ', null)
 2 APPPATH/Models/Rpiw/KawasanRpiwModel.php(18): CodeIgniter\Database\BaseBuilder->whereNotIn('m_kawasan.kode_kawasan', '0')
 3 APPPATH/Controllers/Rpiw.php(104): App\Models\Rpiw\KawasanRpiwModel->getKawasanRpiw()
 4 SYSTEMPATH/CodeIgniter.php(933): App\Controllers\Rpiw->kawasan()
 5 SYSTEMPATH/CodeIgniter.php(509): CodeIgniter\CodeIgniter->runController(Object(App\Controllers\Rpiw))
 6 SYSTEMPATH/CodeIgniter.php(355): CodeIgniter\CodeIgniter->handleRequest(null, Object(Config\Cache), false)
 7 SYSTEMPATH/Boot.php(325): CodeIgniter\CodeIgniter->run()
 8 SYSTEMPATH/Boot.php(67): CodeIgniter\Boot::runCodeIgniter(Object(CodeIgniter\CodeIgniter))
 9 FCPATH/index.php(56): CodeIgniter\Boot::bootWeb(Object(Config\Paths))
10 SYSTEMPATH/rewrite.php(44): require_once('/Applications/MAMP/htdocs/sipro24/public/index.php')
CRITICAL - 2024-10-26 14:53:49 --> ErrorException: Undefined property: stdClass::$kode_kawasan
[Method: GET, Route: rpiw]
in APPPATH/Views/pages/rpiw/p_rpiw.php on line 38.
 1 APPPATH/Views/pages/rpiw/p_rpiw.php(38): CodeIgniter\Debug\Exceptions->errorHandler(2, 'Undefined property: stdClass::$kode_kawasan', '/Applications/MAMP/htdocs/sipro24/app/Views/pages/rpiw/p_rpiw.php', 38)
 2 SYSTEMPATH/View/View.php(234): include('/Applications/MAMP/htdocs/sipro24/app/Views/pages/rpiw/p_rpiw.php')
 3 SYSTEMPATH/View/View.php(237): CodeIgniter\View\View->CodeIgniter\View\{closure}()
 4 SYSTEMPATH/Common.php(1169): CodeIgniter\View\View->render('/pages/rpiw/p_rpiw', [], true)
 5 APPPATH/Libraries/Template.php(104): view('/pages/rpiw/p_rpiw', [...])
 6 APPPATH/Controllers/Rpiw.php(55): App\Libraries\Template->load('/templates/main', '/pages/rpiw/p_rpiw', [...])
 7 SYSTEMPATH/CodeIgniter.php(933): App\Controllers\Rpiw->index()
 8 SYSTEMPATH/CodeIgniter.php(509): CodeIgniter\CodeIgniter->runController(Object(App\Controllers\Rpiw))
 9 SYSTEMPATH/CodeIgniter.php(355): CodeIgniter\CodeIgniter->handleRequest(null, Object(Config\Cache), false)
10 SYSTEMPATH/Boot.php(325): CodeIgniter\CodeIgniter->run()
11 SYSTEMPATH/Boot.php(67): CodeIgniter\Boot::runCodeIgniter(Object(CodeIgniter\CodeIgniter))
12 FCPATH/index.php(56): CodeIgniter\Boot::bootWeb(Object(Config\Paths))
13 SYSTEMPATH/rewrite.php(44): require_once('/Applications/MAMP/htdocs/sipro24/public/index.php')
CRITICAL - 2024-10-26 15:01:46 --> Error: Cannot use object of type stdClass as array
[Method: POST, Route: Rpiw]
in APPPATH/Views/pages/rpiw/p_rpiw.php on line 30.
 1 SYSTEMPATH/View/View.php(234): include()
 2 SYSTEMPATH/View/View.php(237): CodeIgniter\View\View->CodeIgniter\View\{closure}()
 3 SYSTEMPATH/Common.php(1169): CodeIgniter\View\View->render('/pages/rpiw/p_rpiw', [], true)
 4 APPPATH/Libraries/Template.php(104): view('/pages/rpiw/p_rpiw', [...])
 5 APPPATH/Controllers/Rpiw.php(55): App\Libraries\Template->load('/templates/main', '/pages/rpiw/p_rpiw', [...])
 6 SYSTEMPATH/CodeIgniter.php(933): App\Controllers\Rpiw->index()
 7 SYSTEMPATH/CodeIgniter.php(509): CodeIgniter\CodeIgniter->runController(Object(App\Controllers\Rpiw))
 8 SYSTEMPATH/CodeIgniter.php(355): CodeIgniter\CodeIgniter->handleRequest(null, Object(Config\Cache), false)
 9 SYSTEMPATH/Boot.php(325): CodeIgniter\CodeIgniter->run()
10 SYSTEMPATH/Boot.php(67): CodeIgniter\Boot::runCodeIgniter(Object(CodeIgniter\CodeIgniter))
11 FCPATH/index.php(56): CodeIgniter\Boot::bootWeb(Object(Config\Paths))
12 SYSTEMPATH/rewrite.php(44): require_once('/Applications/MAMP/htdocs/sipro24/public/index.php')
CRITICAL - 2024-10-26 15:02:15 --> Error: Cannot use object of type stdClass as array
[Method: POST, Route: Rpiw]
in APPPATH/Views/pages/rpiw/p_rpiw.php on line 30.
 1 SYSTEMPATH/View/View.php(234): include()
 2 SYSTEMPATH/View/View.php(237): CodeIgniter\View\View->CodeIgniter\View\{closure}()
 3 SYSTEMPATH/Common.php(1169): CodeIgniter\View\View->render('/pages/rpiw/p_rpiw', [], true)
 4 APPPATH/Libraries/Template.php(104): view('/pages/rpiw/p_rpiw', [...])
 5 APPPATH/Controllers/Rpiw.php(55): App\Libraries\Template->load('/templates/main', '/pages/rpiw/p_rpiw', [...])
 6 SYSTEMPATH/CodeIgniter.php(933): App\Controllers\Rpiw->index()
 7 SYSTEMPATH/CodeIgniter.php(509): CodeIgniter\CodeIgniter->runController(Object(App\Controllers\Rpiw))
 8 SYSTEMPATH/CodeIgniter.php(355): CodeIgniter\CodeIgniter->handleRequest(null, Object(Config\Cache), false)
 9 SYSTEMPATH/Boot.php(325): CodeIgniter\CodeIgniter->run()
10 SYSTEMPATH/Boot.php(67): CodeIgniter\Boot::runCodeIgniter(Object(CodeIgniter\CodeIgniter))
11 FCPATH/index.php(56): CodeIgniter\Boot::bootWeb(Object(Config\Paths))
12 SYSTEMPATH/rewrite.php(44): require_once('/Applications/MAMP/htdocs/sipro24/public/index.php')
CRITICAL - 2024-10-26 15:02:59 --> Error: Cannot use object of type stdClass as array
[Method: POST, Route: Rpiw]
in APPPATH/Views/pages/rpiw/p_rpiw.php on line 30.
 1 SYSTEMPATH/View/View.php(234): include()
 2 SYSTEMPATH/View/View.php(237): CodeIgniter\View\View->CodeIgniter\View\{closure}()
 3 SYSTEMPATH/Common.php(1169): CodeIgniter\View\View->render('/pages/rpiw/p_rpiw', [], true)
 4 APPPATH/Libraries/Template.php(104): view('/pages/rpiw/p_rpiw', [...])
 5 APPPATH/Controllers/Rpiw.php(55): App\Libraries\Template->load('/templates/main', '/pages/rpiw/p_rpiw', [...])
 6 SYSTEMPATH/CodeIgniter.php(933): App\Controllers\Rpiw->index()
 7 SYSTEMPATH/CodeIgniter.php(509): CodeIgniter\CodeIgniter->runController(Object(App\Controllers\Rpiw))
 8 SYSTEMPATH/CodeIgniter.php(355): CodeIgniter\CodeIgniter->handleRequest(null, Object(Config\Cache), false)
 9 SYSTEMPATH/Boot.php(325): CodeIgniter\CodeIgniter->run()
10 SYSTEMPATH/Boot.php(67): CodeIgniter\Boot::runCodeIgniter(Object(CodeIgniter\CodeIgniter))
11 FCPATH/index.php(56): CodeIgniter\Boot::bootWeb(Object(Config\Paths))
12 SYSTEMPATH/rewrite.php(44): require_once('/Applications/MAMP/htdocs/sipro24/public/index.php')
CRITICAL - 2024-10-26 15:03:06 --> Error: Cannot use object of type stdClass as array
[Method: GET, Route: rpiw]
in APPPATH/Views/pages/rpiw/p_rpiw.php on line 30.
 1 SYSTEMPATH/View/View.php(234): include()
 2 SYSTEMPATH/View/View.php(237): CodeIgniter\View\View->CodeIgniter\View\{closure}()
 3 SYSTEMPATH/Common.php(1169): CodeIgniter\View\View->render('/pages/rpiw/p_rpiw', [], true)
 4 APPPATH/Libraries/Template.php(104): view('/pages/rpiw/p_rpiw', [...])
 5 APPPATH/Controllers/Rpiw.php(55): App\Libraries\Template->load('/templates/main', '/pages/rpiw/p_rpiw', [...])
 6 SYSTEMPATH/CodeIgniter.php(933): App\Controllers\Rpiw->index()
 7 SYSTEMPATH/CodeIgniter.php(509): CodeIgniter\CodeIgniter->runController(Object(App\Controllers\Rpiw))
 8 SYSTEMPATH/CodeIgniter.php(355): CodeIgniter\CodeIgniter->handleRequest(null, Object(Config\Cache), false)
 9 SYSTEMPATH/Boot.php(325): CodeIgniter\CodeIgniter->run()
10 SYSTEMPATH/Boot.php(67): CodeIgniter\Boot::runCodeIgniter(Object(CodeIgniter\CodeIgniter))
11 FCPATH/index.php(56): CodeIgniter\Boot::bootWeb(Object(Config\Paths))
12 SYSTEMPATH/rewrite.php(44): require_once('/Applications/MAMP/htdocs/sipro24/public/index.php')
CRITICAL - 2024-10-26 15:07:57 --> InvalidArgumentException: whereIn() expects $values to be of type array or closure
[Method: GET, Route: rpiw]
in SYSTEMPATH/Database/BaseBuilder.php on line 959.
 1 SYSTEMPATH/Database/BaseBuilder.php(845): CodeIgniter\Database\BaseBuilder->_whereIn('id', '04,05,06,07', false, 'AND ', null)
 2 APPPATH/Models/Master/UnorModel.php(17): CodeIgniter\Database\BaseBuilder->whereIn('id', '04,05,06,07')
 3 APPPATH/Controllers/Rpiw.php(42): App\Models\Master\UnorModel->getUnor()
 4 SYSTEMPATH/CodeIgniter.php(933): App\Controllers\Rpiw->index()
 5 SYSTEMPATH/CodeIgniter.php(509): CodeIgniter\CodeIgniter->runController(Object(App\Controllers\Rpiw))
 6 SYSTEMPATH/CodeIgniter.php(355): CodeIgniter\CodeIgniter->handleRequest(null, Object(Config\Cache), false)
 7 SYSTEMPATH/Boot.php(325): CodeIgniter\CodeIgniter->run()
 8 SYSTEMPATH/Boot.php(67): CodeIgniter\Boot::runCodeIgniter(Object(CodeIgniter\CodeIgniter))
 9 FCPATH/index.php(56): CodeIgniter\Boot::bootWeb(Object(Config\Paths))
10 SYSTEMPATH/rewrite.php(44): require_once('/Applications/MAMP/htdocs/sipro24/public/index.php')
CRITICAL - 2024-10-26 15:08:14 --> InvalidArgumentException: whereIn() expects $values to be of type array or closure
[Method: GET, Route: rpiw]
in SYSTEMPATH/Database/BaseBuilder.php on line 959.
 1 SYSTEMPATH/Database/BaseBuilder.php(845): CodeIgniter\Database\BaseBuilder->_whereIn('id', '[04,05,06,07]', false, 'AND ', null)
 2 APPPATH/Models/Master/UnorModel.php(17): CodeIgniter\Database\BaseBuilder->whereIn('id', '[04,05,06,07]')
 3 APPPATH/Controllers/Rpiw.php(42): App\Models\Master\UnorModel->getUnor()
 4 SYSTEMPATH/CodeIgniter.php(933): App\Controllers\Rpiw->index()
 5 SYSTEMPATH/CodeIgniter.php(509): CodeIgniter\CodeIgniter->runController(Object(App\Controllers\Rpiw))
 6 SYSTEMPATH/CodeIgniter.php(355): CodeIgniter\CodeIgniter->handleRequest(null, Object(Config\Cache), false)
 7 SYSTEMPATH/Boot.php(325): CodeIgniter\CodeIgniter->run()
 8 SYSTEMPATH/Boot.php(67): CodeIgniter\Boot::runCodeIgniter(Object(CodeIgniter\CodeIgniter))
 9 FCPATH/index.php(56): CodeIgniter\Boot::bootWeb(Object(Config\Paths))
10 SYSTEMPATH/rewrite.php(44): require_once('/Applications/MAMP/htdocs/sipro24/public/index.php')
CRITICAL - 2024-10-26 15:12:11 --> Error: Cannot use object of type stdClass as array
[Method: GET, Route: rpiw]
in APPPATH/Views/pages/rpiw/p_rpiw.php on line 22.
 1 SYSTEMPATH/View/View.php(234): include()
 2 SYSTEMPATH/View/View.php(237): CodeIgniter\View\View->CodeIgniter\View\{closure}()
 3 SYSTEMPATH/Common.php(1169): CodeIgniter\View\View->render('/pages/rpiw/p_rpiw', [], true)
 4 APPPATH/Libraries/Template.php(104): view('/pages/rpiw/p_rpiw', [...])
 5 APPPATH/Controllers/Rpiw.php(55): App\Libraries\Template->load('/templates/main', '/pages/rpiw/p_rpiw', [...])
 6 SYSTEMPATH/CodeIgniter.php(933): App\Controllers\Rpiw->index()
 7 SYSTEMPATH/CodeIgniter.php(509): CodeIgniter\CodeIgniter->runController(Object(App\Controllers\Rpiw))
 8 SYSTEMPATH/CodeIgniter.php(355): CodeIgniter\CodeIgniter->handleRequest(null, Object(Config\Cache), false)
 9 SYSTEMPATH/Boot.php(325): CodeIgniter\CodeIgniter->run()
10 SYSTEMPATH/Boot.php(67): CodeIgniter\Boot::runCodeIgniter(Object(CodeIgniter\CodeIgniter))
11 FCPATH/index.php(56): CodeIgniter\Boot::bootWeb(Object(Config\Paths))
12 SYSTEMPATH/rewrite.php(44): require_once('/Applications/MAMP/htdocs/sipro24/public/index.php')
CRITICAL - 2024-10-26 16:53:50 --> ErrorException: Undefined variable $kawasan
[Method: GET, Route: detail/RPIW51-51-04-0020]
in APPPATH/Views/pages/rpiw/detail.php on line 30.
 1 APPPATH/Views/pages/rpiw/detail.php(30): CodeIgniter\Debug\Exceptions->errorHandler(2, 'Undefined variable $kawasan', '/Applications/MAMP/htdocs/sipro24/app/Views/pages/rpiw/detail.php', 30)
 2 SYSTEMPATH/View/View.php(234): include('/Applications/MAMP/htdocs/sipro24/app/Views/pages/rpiw/detail.php')
 3 SYSTEMPATH/View/View.php(237): CodeIgniter\View\View->CodeIgniter\View\{closure}()
 4 SYSTEMPATH/Common.php(1169): CodeIgniter\View\View->render('/pages/rpiw/detail', [], true)
 5 APPPATH/Libraries/Template.php(104): view('/pages/rpiw/detail', [...])
 6 APPPATH/Controllers/Rpiw.php(99): App\Libraries\Template->load('/templates/main', '/pages/rpiw/detail', [...])
 7 SYSTEMPATH/CodeIgniter.php(933): App\Controllers\Rpiw->detail('RPIW51-51-04-0020')
 8 SYSTEMPATH/CodeIgniter.php(509): CodeIgniter\CodeIgniter->runController(Object(App\Controllers\Rpiw))
 9 SYSTEMPATH/CodeIgniter.php(355): CodeIgniter\CodeIgniter->handleRequest(null, Object(Config\Cache), false)
10 SYSTEMPATH/Boot.php(325): CodeIgniter\CodeIgniter->run()
11 SYSTEMPATH/Boot.php(67): CodeIgniter\Boot::runCodeIgniter(Object(CodeIgniter\CodeIgniter))
12 FCPATH/index.php(56): CodeIgniter\Boot::bootWeb(Object(Config\Paths))
13 SYSTEMPATH/rewrite.php(44): require_once('/Applications/MAMP/htdocs/sipro24/public/index.php')
CRITICAL - 2024-10-26 17:34:48 --> ErrorException: Undefined variable $provinsi
[Method: GET, Route: detail/RPIW51-51-04-0020]
in APPPATH/Views/pages/rpiw/detail.php on line 28.
 1 APPPATH/Views/pages/rpiw/detail.php(28): CodeIgniter\Debug\Exceptions->errorHandler(2, 'Undefined variable $provinsi', '/Applications/MAMP/htdocs/sipro24/app/Views/pages/rpiw/detail.php', 28)
 2 SYSTEMPATH/View/View.php(234): include('/Applications/MAMP/htdocs/sipro24/app/Views/pages/rpiw/detail.php')
 3 SYSTEMPATH/View/View.php(237): CodeIgniter\View\View->CodeIgniter\View\{closure}()
 4 SYSTEMPATH/Common.php(1169): CodeIgniter\View\View->render('/pages/rpiw/detail', [], true)
 5 APPPATH/Libraries/Template.php(104): view('/pages/rpiw/detail', [...])
 6 APPPATH/Controllers/Rpiw.php(100): App\Libraries\Template->load('/templates/main', '/pages/rpiw/detail', [...])
 7 SYSTEMPATH/CodeIgniter.php(933): App\Controllers\Rpiw->detail('RPIW51-51-04-0020')
 8 SYSTEMPATH/CodeIgniter.php(509): CodeIgniter\CodeIgniter->runController(Object(App\Controllers\Rpiw))
 9 SYSTEMPATH/CodeIgniter.php(355): CodeIgniter\CodeIgniter->handleRequest(null, Object(Config\Cache), false)
10 SYSTEMPATH/Boot.php(325): CodeIgniter\CodeIgniter->run()
11 SYSTEMPATH/Boot.php(67): CodeIgniter\Boot::runCodeIgniter(Object(CodeIgniter\CodeIgniter))
12 FCPATH/index.php(56): CodeIgniter\Boot::bootWeb(Object(Config\Paths))
13 SYSTEMPATH/rewrite.php(44): require_once('/Applications/MAMP/htdocs/sipro24/public/index.php')
