INFO - 2025-01-21 02:37:32 --> Session: Class initialized using 'CodeIgniter\Session\Handlers\FileHandler' driver.
INFO - 2025-01-21 02:37:34 --> Session: Class initialized using 'CodeIgniter\Session\Handlers\FileHandler' driver.
INFO - 2025-01-21 02:37:47 --> Session: Class initialized using 'CodeIgniter\Session\Handlers\FileHandler' driver.
INFO - 2025-01-21 02:37:49 --> Session: Class initialized using 'CodeIgniter\Session\Handlers\FileHandler' driver.
INFO - 2025-01-21 03:02:13 --> Session: Class initialized using 'CodeIgniter\Session\Handlers\FileHandler' driver.
INFO - 2025-01-21 03:02:14 --> Session: Class initialized using 'CodeIgniter\Session\Handlers\FileHandler' driver.
INFO - 2025-01-21 03:02:21 --> Session: Class initialized using 'CodeIgniter\Session\Handlers\FileHandler' driver.
INFO - 2025-01-21 03:02:22 --> Session: Class initialized using 'CodeIgniter\Session\Handlers\FileHandler' driver.
INFO - 2025-01-21 03:02:34 --> Session: Class initialized using 'CodeIgniter\Session\Handlers\FileHandler' driver.
INFO - 2025-01-21 03:02:35 --> Session: Class initialized using 'CodeIgniter\Session\Handlers\FileHandler' driver.
INFO - 2025-01-21 04:02:57 --> Session: Class initialized using 'CodeIgniter\Session\Handlers\FileHandler' driver.
INFO - 2025-01-21 04:02:57 --> Session: Class initialized using 'CodeIgniter\Session\Handlers\FileHandler' driver.
INFO - 2025-01-21 06:42:16 --> Session: Class initialized using 'CodeIgniter\Session\Handlers\FileHandler' driver.
INFO - 2025-01-21 06:42:17 --> Session: Class initialized using 'CodeIgniter\Session\Handlers\FileHandler' driver.
WARNING - 2025-01-21 06:42:17 --> [DEPRECATED] Optional parameter $catatan_bpiw declared before required parameter $id_pendanaan is implicitly treated as a required parameter in APPPATH\Models\Memorandum\ProgramModel.php on line 68.
 1 VENDORPATH\composer\ClassLoader.php(576): include('C:\\xampp\\htdocs\\sipro24\\vendor\\codeigniter4\\framework\\system\\Debug\\Exceptions.php')
 2 VENDORPATH\composer\ClassLoader.php(427): Composer\Autoload\{closure}('C:\\xampp\\htdocs\\sipro24\\vendor\\composer/../../app/Models/Memorandum/ProgramModel.php')
 3 APPPATH\Controllers\Memorandum.php(31): Composer\Autoload\ClassLoader->loadClass('App\\Models\\Memorandum\\ProgramModel')
 4 SYSTEMPATH\CodeIgniter.php(903): App\Controllers\Memorandum->__construct()
 5 SYSTEMPATH\CodeIgniter.php(500): CodeIgniter\CodeIgniter->createController()
 6 SYSTEMPATH\CodeIgniter.php(355): CodeIgniter\CodeIgniter->handleRequest(null, Object(Config\Cache), false)
 7 SYSTEMPATH\Boot.php(325): CodeIgniter\CodeIgniter->run()
 8 SYSTEMPATH\Boot.php(67): CodeIgniter\Boot::runCodeIgniter(Object(CodeIgniter\CodeIgniter))
 9 FCPATH\index.php(56): CodeIgniter\Boot::bootWeb(Object(Config\Paths))
WARNING - 2025-01-21 06:42:17 --> [DEPRECATED] Optional parameter $catatan_unor declared before required parameter $id_pendanaan is implicitly treated as a required parameter in APPPATH\Models\Memorandum\ProgramModel.php on line 68.
 1 VENDORPATH\composer\ClassLoader.php(576): include('C:\\xampp\\htdocs\\sipro24\\vendor\\codeigniter4\\framework\\system\\Debug\\Exceptions.php')
 2 VENDORPATH\composer\ClassLoader.php(427): Composer\Autoload\{closure}('C:\\xampp\\htdocs\\sipro24\\vendor\\composer/../../app/Models/Memorandum/ProgramModel.php')
 3 APPPATH\Controllers\Memorandum.php(31): Composer\Autoload\ClassLoader->loadClass('App\\Models\\Memorandum\\ProgramModel')
 4 SYSTEMPATH\CodeIgniter.php(903): App\Controllers\Memorandum->__construct()
 5 SYSTEMPATH\CodeIgniter.php(500): CodeIgniter\CodeIgniter->createController()
 6 SYSTEMPATH\CodeIgniter.php(355): CodeIgniter\CodeIgniter->handleRequest(null, Object(Config\Cache), false)
 7 SYSTEMPATH\Boot.php(325): CodeIgniter\CodeIgniter->run()
 8 SYSTEMPATH\Boot.php(67): CodeIgniter\Boot::runCodeIgniter(Object(CodeIgniter\CodeIgniter))
 9 FCPATH\index.php(56): CodeIgniter\Boot::bootWeb(Object(Config\Paths))
WARNING - 2025-01-21 06:42:17 --> [DEPRECATED] Optional parameter $catatan_desk2 declared before required parameter $id_pendanaan is implicitly treated as a required parameter in APPPATH\Models\Memorandum\ProgramModel.php on line 68.
 1 VENDORPATH\composer\ClassLoader.php(576): include('C:\\xampp\\htdocs\\sipro24\\vendor\\codeigniter4\\framework\\system\\Debug\\Exceptions.php')
 2 VENDORPATH\composer\ClassLoader.php(427): Composer\Autoload\{closure}('C:\\xampp\\htdocs\\sipro24\\vendor\\composer/../../app/Models/Memorandum/ProgramModel.php')
 3 APPPATH\Controllers\Memorandum.php(31): Composer\Autoload\ClassLoader->loadClass('App\\Models\\Memorandum\\ProgramModel')
 4 SYSTEMPATH\CodeIgniter.php(903): App\Controllers\Memorandum->__construct()
 5 SYSTEMPATH\CodeIgniter.php(500): CodeIgniter\CodeIgniter->createController()
 6 SYSTEMPATH\CodeIgniter.php(355): CodeIgniter\CodeIgniter->handleRequest(null, Object(Config\Cache), false)
 7 SYSTEMPATH\Boot.php(325): CodeIgniter\CodeIgniter->run()
 8 SYSTEMPATH\Boot.php(67): CodeIgniter\Boot::runCodeIgniter(Object(CodeIgniter\CodeIgniter))
 9 FCPATH\index.php(56): CodeIgniter\Boot::bootWeb(Object(Config\Paths))
WARNING - 2025-01-21 06:42:17 --> [DEPRECATED] Optional parameter $desk declared before required parameter $id_pendanaan is implicitly treated as a required parameter in APPPATH\Models\Memorandum\ProgramModel.php on line 68.
 1 VENDORPATH\composer\ClassLoader.php(576): include('C:\\xampp\\htdocs\\sipro24\\vendor\\codeigniter4\\framework\\system\\Debug\\Exceptions.php')
 2 VENDORPATH\composer\ClassLoader.php(427): Composer\Autoload\{closure}('C:\\xampp\\htdocs\\sipro24\\vendor\\composer/../../app/Models/Memorandum/ProgramModel.php')
 3 APPPATH\Controllers\Memorandum.php(31): Composer\Autoload\ClassLoader->loadClass('App\\Models\\Memorandum\\ProgramModel')
 4 SYSTEMPATH\CodeIgniter.php(903): App\Controllers\Memorandum->__construct()
 5 SYSTEMPATH\CodeIgniter.php(500): CodeIgniter\CodeIgniter->createController()
 6 SYSTEMPATH\CodeIgniter.php(355): CodeIgniter\CodeIgniter->handleRequest(null, Object(Config\Cache), false)
 7 SYSTEMPATH\Boot.php(325): CodeIgniter\CodeIgniter->run()
 8 SYSTEMPATH\Boot.php(67): CodeIgniter\Boot::runCodeIgniter(Object(CodeIgniter\CodeIgniter))
 9 FCPATH\index.php(56): CodeIgniter\Boot::bootWeb(Object(Config\Paths))
INFO - 2025-01-21 06:59:20 --> Session: Class initialized using 'CodeIgniter\Session\Handlers\FileHandler' driver.
INFO - 2025-01-21 06:59:21 --> Session: Class initialized using 'CodeIgniter\Session\Handlers\FileHandler' driver.
