CRITICAL - 2024-12-09 08:04:12 --> CodeIgniter\View\Exceptions\ViewException: Invalid file: "/pages/master/user.php"
[Method: GET, Route: user]
in SYSTEMPATH\Exceptions\FrameworkException.php on line 41.
 1 SYSTEMPATH\View\View.php(222): CodeIgniter\Exceptions\FrameworkException::forInvalidFile('/pages/master/user.php')
 2 SYSTEMPATH\Common.php(1169): CodeIgniter\View\View->render('/pages/master/user', [], true)
 3 APPPATH\Libraries\Template.php(104): view('/pages/master/user', [...])
 4 APPPATH\Controllers\Master.php(90): App\Libraries\Template->load('/templates/main', '/pages/master/user', [...])
 5 SYSTEMPATH\CodeIgniter.php(933): App\Controllers\Master->user()
 6 SYSTEMPATH\CodeIgniter.php(509): CodeIgniter\CodeIgniter->runController(Object(App\Controllers\Master))
 7 SYSTEMPATH\CodeIgniter.php(355): CodeIgniter\CodeIgniter->handleRequest(null, Object(Config\Cache), false)
 8 SYSTEMPATH\Boot.php(325): CodeIgniter\CodeIgniter->run()
 9 SYSTEMPATH\Boot.php(67): CodeIgniter\Boot::runCodeIgniter(Object(CodeIgniter\CodeIgniter))
10 FCPATH\index.php(56): CodeIgniter\Boot::bootWeb(Object(Config\Paths))
CRITICAL - 2024-12-09 08:04:20 --> Error: Cannot use object of type stdClass as array
[Method: GET, Route: provinsi]
in APPPATH\Views\pages\master\provinsi.php on line 38.
 1 SYSTEMPATH\View\View.php(234): include()
 2 SYSTEMPATH\View\View.php(237): CodeIgniter\View\View->CodeIgniter\View\{closure}()
 3 SYSTEMPATH\Common.php(1169): CodeIgniter\View\View->render('/pages/master/provinsi', [], true)
 4 APPPATH\Libraries\Template.php(104): view('/pages/master/provinsi', [...])
 5 APPPATH\Controllers\Master.php(82): App\Libraries\Template->load('/templates/main', '/pages/master/provinsi', [...])
 6 SYSTEMPATH\CodeIgniter.php(933): App\Controllers\Master->provinsi()
 7 SYSTEMPATH\CodeIgniter.php(509): CodeIgniter\CodeIgniter->runController(Object(App\Controllers\Master))
 8 SYSTEMPATH\CodeIgniter.php(355): CodeIgniter\CodeIgniter->handleRequest(null, Object(Config\Cache), false)
 9 SYSTEMPATH\Boot.php(325): CodeIgniter\CodeIgniter->run()
10 SYSTEMPATH\Boot.php(67): CodeIgniter\Boot::runCodeIgniter(Object(CodeIgniter\CodeIgniter))
11 FCPATH\index.php(56): CodeIgniter\Boot::bootWeb(Object(Config\Paths))
CRITICAL - 2024-12-09 08:04:37 --> CodeIgniter\View\Exceptions\ViewException: Invalid file: "/pages/master/user.php"
[Method: GET, Route: user]
in SYSTEMPATH\Exceptions\FrameworkException.php on line 41.
 1 SYSTEMPATH\View\View.php(222): CodeIgniter\Exceptions\FrameworkException::forInvalidFile('/pages/master/user.php')
 2 SYSTEMPATH\Common.php(1169): CodeIgniter\View\View->render('/pages/master/user', [], true)
 3 APPPATH\Libraries\Template.php(104): view('/pages/master/user', [...])
 4 APPPATH\Controllers\Master.php(90): App\Libraries\Template->load('/templates/main', '/pages/master/user', [...])
 5 SYSTEMPATH\CodeIgniter.php(933): App\Controllers\Master->user()
 6 SYSTEMPATH\CodeIgniter.php(509): CodeIgniter\CodeIgniter->runController(Object(App\Controllers\Master))
 7 SYSTEMPATH\CodeIgniter.php(355): CodeIgniter\CodeIgniter->handleRequest(null, Object(Config\Cache), false)
 8 SYSTEMPATH\Boot.php(325): CodeIgniter\CodeIgniter->run()
 9 SYSTEMPATH\Boot.php(67): CodeIgniter\Boot::runCodeIgniter(Object(CodeIgniter\CodeIgniter))
10 FCPATH\index.php(56): CodeIgniter\Boot::bootWeb(Object(Config\Paths))
CRITICAL - 2024-12-09 09:39:18 --> CodeIgniter\View\Exceptions\ViewException: Invalid file: "/pages/master/user.php"
[Method: GET, Route: user]
in SYSTEMPATH\Exceptions\FrameworkException.php on line 41.
 1 SYSTEMPATH\View\View.php(222): CodeIgniter\Exceptions\FrameworkException::forInvalidFile('/pages/master/user.php')
 2 SYSTEMPATH\Common.php(1169): CodeIgniter\View\View->render('/pages/master/user', [], true)
 3 APPPATH\Libraries\Template.php(104): view('/pages/master/user', [...])
 4 APPPATH\Controllers\Master.php(90): App\Libraries\Template->load('/templates/main', '/pages/master/user', [...])
 5 SYSTEMPATH\CodeIgniter.php(933): App\Controllers\Master->user()
 6 SYSTEMPATH\CodeIgniter.php(509): CodeIgniter\CodeIgniter->runController(Object(App\Controllers\Master))
 7 SYSTEMPATH\CodeIgniter.php(355): CodeIgniter\CodeIgniter->handleRequest(null, Object(Config\Cache), false)
 8 SYSTEMPATH\Boot.php(325): CodeIgniter\CodeIgniter->run()
 9 SYSTEMPATH\Boot.php(67): CodeIgniter\Boot::runCodeIgniter(Object(CodeIgniter\CodeIgniter))
10 FCPATH\index.php(56): CodeIgniter\Boot::bootWeb(Object(Config\Paths))
