INFO - 2025-04-28 01:42:45 --> Session: Class initialized using 'CodeIgniter\Session\Handlers\FileHandler' driver.
INFO - 2025-04-28 01:42:46 --> Session: Class initialized using 'CodeIgniter\Session\Handlers\FileHandler' driver.
INFO - 2025-04-28 01:42:47 --> Session: Class initialized using 'CodeIgniter\Session\Handlers\FileHandler' driver.
INFO - 2025-04-28 01:54:11 --> Session: Class initialized using 'CodeIgniter\Session\Handlers\FileHandler' driver.
INFO - 2025-04-28 01:54:12 --> Session: Class initialized using 'CodeIgniter\Session\Handlers\FileHandler' driver.
INFO - 2025-04-28 01:54:16 --> Session: Class initialized using 'CodeIgniter\Session\Handlers\FileHandler' driver.
INFO - 2025-04-28 01:54:16 --> Session: Class initialized using 'CodeIgniter\Session\Handlers\FileHandler' driver.
INFO - 2025-04-28 01:56:26 --> Session: Class initialized using 'CodeIgniter\Session\Handlers\FileHandler' driver.
INFO - 2025-04-28 01:56:28 --> Session: Class initialized using 'CodeIgniter\Session\Handlers\FileHandler' driver.
INFO - 2025-04-28 02:55:52 --> Session: Class initialized using 'CodeIgniter\Session\Handlers\FileHandler' driver.
INFO - 2025-04-28 02:55:53 --> Session: Class initialized using 'CodeIgniter\Session\Handlers\FileHandler' driver.
INFO - 2025-04-28 02:57:40 --> Session: Class initialized using 'CodeIgniter\Session\Handlers\FileHandler' driver.
INFO - 2025-04-28 02:57:59 --> Session: Class initialized using 'CodeIgniter\Session\Handlers\FileHandler' driver.
INFO - 2025-04-28 02:58:01 --> Session: Class initialized using 'CodeIgniter\Session\Handlers\FileHandler' driver.
INFO - 2025-04-28 03:28:16 --> Session: Class initialized using 'CodeIgniter\Session\Handlers\FileHandler' driver.
INFO - 2025-04-28 03:28:17 --> Session: Class initialized using 'CodeIgniter\Session\Handlers\FileHandler' driver.
INFO - 2025-04-28 03:28:27 --> Session: Class initialized using 'CodeIgniter\Session\Handlers\FileHandler' driver.
INFO - 2025-04-28 03:28:29 --> Session: Class initialized using 'CodeIgniter\Session\Handlers\FileHandler' driver.
WARNING - 2025-04-28 03:28:30 --> [DEPRECATED] Optional parameter $catatan_bpiw declared before required parameter $id_pendanaan is implicitly treated as a required parameter in APPPATH\Models\Memorandum\ProgramModel.php on line 112.
 1 VENDORPATH\composer\ClassLoader.php(576): include('C:\\xampp\\htdocs\\sipro24\\vendor\\codeigniter4\\framework\\system\\Debug\\Exceptions.php')
 2 VENDORPATH\composer\ClassLoader.php(427): Composer\Autoload\{closure}('C:\\xampp\\htdocs\\sipro24\\vendor\\composer/../../app/Models/Memorandum/ProgramModel.php')
 3 APPPATH\Controllers\Memorandum.php(31): Composer\Autoload\ClassLoader->loadClass('App\\Models\\Memorandum\\ProgramModel')
 4 SYSTEMPATH\CodeIgniter.php(903): App\Controllers\Memorandum->__construct()
 5 SYSTEMPATH\CodeIgniter.php(500): CodeIgniter\CodeIgniter->createController()
 6 SYSTEMPATH\CodeIgniter.php(355): CodeIgniter\CodeIgniter->handleRequest(null, Object(Config\Cache), false)
 7 SYSTEMPATH\Boot.php(325): CodeIgniter\CodeIgniter->run()
 8 SYSTEMPATH\Boot.php(67): CodeIgniter\Boot::runCodeIgniter(Object(CodeIgniter\CodeIgniter))
 9 FCPATH\index.php(56): CodeIgniter\Boot::bootWeb(Object(Config\Paths))
WARNING - 2025-04-28 03:28:30 --> [DEPRECATED] Optional parameter $catatan_unor declared before required parameter $id_pendanaan is implicitly treated as a required parameter in APPPATH\Models\Memorandum\ProgramModel.php on line 112.
 1 VENDORPATH\composer\ClassLoader.php(576): include('C:\\xampp\\htdocs\\sipro24\\vendor\\codeigniter4\\framework\\system\\Debug\\Exceptions.php')
 2 VENDORPATH\composer\ClassLoader.php(427): Composer\Autoload\{closure}('C:\\xampp\\htdocs\\sipro24\\vendor\\composer/../../app/Models/Memorandum/ProgramModel.php')
 3 APPPATH\Controllers\Memorandum.php(31): Composer\Autoload\ClassLoader->loadClass('App\\Models\\Memorandum\\ProgramModel')
 4 SYSTEMPATH\CodeIgniter.php(903): App\Controllers\Memorandum->__construct()
 5 SYSTEMPATH\CodeIgniter.php(500): CodeIgniter\CodeIgniter->createController()
 6 SYSTEMPATH\CodeIgniter.php(355): CodeIgniter\CodeIgniter->handleRequest(null, Object(Config\Cache), false)
 7 SYSTEMPATH\Boot.php(325): CodeIgniter\CodeIgniter->run()
 8 SYSTEMPATH\Boot.php(67): CodeIgniter\Boot::runCodeIgniter(Object(CodeIgniter\CodeIgniter))
 9 FCPATH\index.php(56): CodeIgniter\Boot::bootWeb(Object(Config\Paths))
WARNING - 2025-04-28 03:28:30 --> [DEPRECATED] Optional parameter $catatan_desk2 declared before required parameter $id_pendanaan is implicitly treated as a required parameter in APPPATH\Models\Memorandum\ProgramModel.php on line 112.
 1 VENDORPATH\composer\ClassLoader.php(576): include('C:\\xampp\\htdocs\\sipro24\\vendor\\codeigniter4\\framework\\system\\Debug\\Exceptions.php')
 2 VENDORPATH\composer\ClassLoader.php(427): Composer\Autoload\{closure}('C:\\xampp\\htdocs\\sipro24\\vendor\\composer/../../app/Models/Memorandum/ProgramModel.php')
 3 APPPATH\Controllers\Memorandum.php(31): Composer\Autoload\ClassLoader->loadClass('App\\Models\\Memorandum\\ProgramModel')
 4 SYSTEMPATH\CodeIgniter.php(903): App\Controllers\Memorandum->__construct()
 5 SYSTEMPATH\CodeIgniter.php(500): CodeIgniter\CodeIgniter->createController()
 6 SYSTEMPATH\CodeIgniter.php(355): CodeIgniter\CodeIgniter->handleRequest(null, Object(Config\Cache), false)
 7 SYSTEMPATH\Boot.php(325): CodeIgniter\CodeIgniter->run()
 8 SYSTEMPATH\Boot.php(67): CodeIgniter\Boot::runCodeIgniter(Object(CodeIgniter\CodeIgniter))
 9 FCPATH\index.php(56): CodeIgniter\Boot::bootWeb(Object(Config\Paths))
WARNING - 2025-04-28 03:28:30 --> [DEPRECATED] Optional parameter $desk declared before required parameter $id_pendanaan is implicitly treated as a required parameter in APPPATH\Models\Memorandum\ProgramModel.php on line 112.
 1 VENDORPATH\composer\ClassLoader.php(576): include('C:\\xampp\\htdocs\\sipro24\\vendor\\codeigniter4\\framework\\system\\Debug\\Exceptions.php')
 2 VENDORPATH\composer\ClassLoader.php(427): Composer\Autoload\{closure}('C:\\xampp\\htdocs\\sipro24\\vendor\\composer/../../app/Models/Memorandum/ProgramModel.php')
 3 APPPATH\Controllers\Memorandum.php(31): Composer\Autoload\ClassLoader->loadClass('App\\Models\\Memorandum\\ProgramModel')
 4 SYSTEMPATH\CodeIgniter.php(903): App\Controllers\Memorandum->__construct()
 5 SYSTEMPATH\CodeIgniter.php(500): CodeIgniter\CodeIgniter->createController()
 6 SYSTEMPATH\CodeIgniter.php(355): CodeIgniter\CodeIgniter->handleRequest(null, Object(Config\Cache), false)
 7 SYSTEMPATH\Boot.php(325): CodeIgniter\CodeIgniter->run()
 8 SYSTEMPATH\Boot.php(67): CodeIgniter\Boot::runCodeIgniter(Object(CodeIgniter\CodeIgniter))
 9 FCPATH\index.php(56): CodeIgniter\Boot::bootWeb(Object(Config\Paths))
INFO - 2025-04-28 03:28:37 --> Session: Class initialized using 'CodeIgniter\Session\Handlers\FileHandler' driver.
WARNING - 2025-04-28 03:28:37 --> [DEPRECATED] Optional parameter $catatan_bpiw declared before required parameter $id_pendanaan is implicitly treated as a required parameter in APPPATH\Models\Memorandum\ProgramModel.php on line 112.
 1 VENDORPATH\composer\ClassLoader.php(576): include('C:\\xampp\\htdocs\\sipro24\\vendor\\codeigniter4\\framework\\system\\Debug\\Exceptions.php')
 2 VENDORPATH\composer\ClassLoader.php(427): Composer\Autoload\{closure}('C:\\xampp\\htdocs\\sipro24\\vendor\\composer/../../app/Models/Memorandum/ProgramModel.php')
 3 APPPATH\Controllers\KonregController.php(55): Composer\Autoload\ClassLoader->loadClass('App\\Models\\Memorandum\\ProgramModel')
 4 SYSTEMPATH\CodeIgniter.php(903): App\Controllers\KonregController->__construct()
 5 SYSTEMPATH\CodeIgniter.php(500): CodeIgniter\CodeIgniter->createController()
 6 SYSTEMPATH\CodeIgniter.php(355): CodeIgniter\CodeIgniter->handleRequest(null, Object(Config\Cache), false)
 7 SYSTEMPATH\Boot.php(325): CodeIgniter\CodeIgniter->run()
 8 SYSTEMPATH\Boot.php(67): CodeIgniter\Boot::runCodeIgniter(Object(CodeIgniter\CodeIgniter))
 9 FCPATH\index.php(56): CodeIgniter\Boot::bootWeb(Object(Config\Paths))
WARNING - 2025-04-28 03:28:37 --> [DEPRECATED] Optional parameter $catatan_unor declared before required parameter $id_pendanaan is implicitly treated as a required parameter in APPPATH\Models\Memorandum\ProgramModel.php on line 112.
 1 VENDORPATH\composer\ClassLoader.php(576): include('C:\\xampp\\htdocs\\sipro24\\vendor\\codeigniter4\\framework\\system\\Debug\\Exceptions.php')
 2 VENDORPATH\composer\ClassLoader.php(427): Composer\Autoload\{closure}('C:\\xampp\\htdocs\\sipro24\\vendor\\composer/../../app/Models/Memorandum/ProgramModel.php')
 3 APPPATH\Controllers\KonregController.php(55): Composer\Autoload\ClassLoader->loadClass('App\\Models\\Memorandum\\ProgramModel')
 4 SYSTEMPATH\CodeIgniter.php(903): App\Controllers\KonregController->__construct()
 5 SYSTEMPATH\CodeIgniter.php(500): CodeIgniter\CodeIgniter->createController()
 6 SYSTEMPATH\CodeIgniter.php(355): CodeIgniter\CodeIgniter->handleRequest(null, Object(Config\Cache), false)
 7 SYSTEMPATH\Boot.php(325): CodeIgniter\CodeIgniter->run()
 8 SYSTEMPATH\Boot.php(67): CodeIgniter\Boot::runCodeIgniter(Object(CodeIgniter\CodeIgniter))
 9 FCPATH\index.php(56): CodeIgniter\Boot::bootWeb(Object(Config\Paths))
WARNING - 2025-04-28 03:28:37 --> [DEPRECATED] Optional parameter $catatan_desk2 declared before required parameter $id_pendanaan is implicitly treated as a required parameter in APPPATH\Models\Memorandum\ProgramModel.php on line 112.
 1 VENDORPATH\composer\ClassLoader.php(576): include('C:\\xampp\\htdocs\\sipro24\\vendor\\codeigniter4\\framework\\system\\Debug\\Exceptions.php')
 2 VENDORPATH\composer\ClassLoader.php(427): Composer\Autoload\{closure}('C:\\xampp\\htdocs\\sipro24\\vendor\\composer/../../app/Models/Memorandum/ProgramModel.php')
 3 APPPATH\Controllers\KonregController.php(55): Composer\Autoload\ClassLoader->loadClass('App\\Models\\Memorandum\\ProgramModel')
 4 SYSTEMPATH\CodeIgniter.php(903): App\Controllers\KonregController->__construct()
 5 SYSTEMPATH\CodeIgniter.php(500): CodeIgniter\CodeIgniter->createController()
 6 SYSTEMPATH\CodeIgniter.php(355): CodeIgniter\CodeIgniter->handleRequest(null, Object(Config\Cache), false)
 7 SYSTEMPATH\Boot.php(325): CodeIgniter\CodeIgniter->run()
 8 SYSTEMPATH\Boot.php(67): CodeIgniter\Boot::runCodeIgniter(Object(CodeIgniter\CodeIgniter))
 9 FCPATH\index.php(56): CodeIgniter\Boot::bootWeb(Object(Config\Paths))
WARNING - 2025-04-28 03:28:37 --> [DEPRECATED] Optional parameter $desk declared before required parameter $id_pendanaan is implicitly treated as a required parameter in APPPATH\Models\Memorandum\ProgramModel.php on line 112.
 1 VENDORPATH\composer\ClassLoader.php(576): include('C:\\xampp\\htdocs\\sipro24\\vendor\\codeigniter4\\framework\\system\\Debug\\Exceptions.php')
 2 VENDORPATH\composer\ClassLoader.php(427): Composer\Autoload\{closure}('C:\\xampp\\htdocs\\sipro24\\vendor\\composer/../../app/Models/Memorandum/ProgramModel.php')
 3 APPPATH\Controllers\KonregController.php(55): Composer\Autoload\ClassLoader->loadClass('App\\Models\\Memorandum\\ProgramModel')
 4 SYSTEMPATH\CodeIgniter.php(903): App\Controllers\KonregController->__construct()
 5 SYSTEMPATH\CodeIgniter.php(500): CodeIgniter\CodeIgniter->createController()
 6 SYSTEMPATH\CodeIgniter.php(355): CodeIgniter\CodeIgniter->handleRequest(null, Object(Config\Cache), false)
 7 SYSTEMPATH\Boot.php(325): CodeIgniter\CodeIgniter->run()
 8 SYSTEMPATH\Boot.php(67): CodeIgniter\Boot::runCodeIgniter(Object(CodeIgniter\CodeIgniter))
 9 FCPATH\index.php(56): CodeIgniter\Boot::bootWeb(Object(Config\Paths))
INFO - 2025-04-28 03:28:42 --> Session: Class initialized using 'CodeIgniter\Session\Handlers\FileHandler' driver.
WARNING - 2025-04-28 03:28:42 --> [DEPRECATED] Optional parameter $catatan_bpiw declared before required parameter $id_pendanaan is implicitly treated as a required parameter in APPPATH\Models\Memorandum\ProgramModel.php on line 112.
 1 VENDORPATH\composer\ClassLoader.php(576): include('C:\\xampp\\htdocs\\sipro24\\vendor\\codeigniter4\\framework\\system\\Debug\\Exceptions.php')
 2 VENDORPATH\composer\ClassLoader.php(427): Composer\Autoload\{closure}('C:\\xampp\\htdocs\\sipro24\\vendor\\composer/../../app/Models/Memorandum/ProgramModel.php')
 3 APPPATH\Controllers\KonregController.php(55): Composer\Autoload\ClassLoader->loadClass('App\\Models\\Memorandum\\ProgramModel')
 4 SYSTEMPATH\CodeIgniter.php(903): App\Controllers\KonregController->__construct()
 5 SYSTEMPATH\CodeIgniter.php(500): CodeIgniter\CodeIgniter->createController()
 6 SYSTEMPATH\CodeIgniter.php(355): CodeIgniter\CodeIgniter->handleRequest(null, Object(Config\Cache), false)
 7 SYSTEMPATH\Boot.php(325): CodeIgniter\CodeIgniter->run()
 8 SYSTEMPATH\Boot.php(67): CodeIgniter\Boot::runCodeIgniter(Object(CodeIgniter\CodeIgniter))
 9 FCPATH\index.php(56): CodeIgniter\Boot::bootWeb(Object(Config\Paths))
WARNING - 2025-04-28 03:28:42 --> [DEPRECATED] Optional parameter $catatan_unor declared before required parameter $id_pendanaan is implicitly treated as a required parameter in APPPATH\Models\Memorandum\ProgramModel.php on line 112.
 1 VENDORPATH\composer\ClassLoader.php(576): include('C:\\xampp\\htdocs\\sipro24\\vendor\\codeigniter4\\framework\\system\\Debug\\Exceptions.php')
 2 VENDORPATH\composer\ClassLoader.php(427): Composer\Autoload\{closure}('C:\\xampp\\htdocs\\sipro24\\vendor\\composer/../../app/Models/Memorandum/ProgramModel.php')
 3 APPPATH\Controllers\KonregController.php(55): Composer\Autoload\ClassLoader->loadClass('App\\Models\\Memorandum\\ProgramModel')
 4 SYSTEMPATH\CodeIgniter.php(903): App\Controllers\KonregController->__construct()
 5 SYSTEMPATH\CodeIgniter.php(500): CodeIgniter\CodeIgniter->createController()
 6 SYSTEMPATH\CodeIgniter.php(355): CodeIgniter\CodeIgniter->handleRequest(null, Object(Config\Cache), false)
 7 SYSTEMPATH\Boot.php(325): CodeIgniter\CodeIgniter->run()
 8 SYSTEMPATH\Boot.php(67): CodeIgniter\Boot::runCodeIgniter(Object(CodeIgniter\CodeIgniter))
 9 FCPATH\index.php(56): CodeIgniter\Boot::bootWeb(Object(Config\Paths))
WARNING - 2025-04-28 03:28:42 --> [DEPRECATED] Optional parameter $catatan_desk2 declared before required parameter $id_pendanaan is implicitly treated as a required parameter in APPPATH\Models\Memorandum\ProgramModel.php on line 112.
 1 VENDORPATH\composer\ClassLoader.php(576): include('C:\\xampp\\htdocs\\sipro24\\vendor\\codeigniter4\\framework\\system\\Debug\\Exceptions.php')
 2 VENDORPATH\composer\ClassLoader.php(427): Composer\Autoload\{closure}('C:\\xampp\\htdocs\\sipro24\\vendor\\composer/../../app/Models/Memorandum/ProgramModel.php')
 3 APPPATH\Controllers\KonregController.php(55): Composer\Autoload\ClassLoader->loadClass('App\\Models\\Memorandum\\ProgramModel')
 4 SYSTEMPATH\CodeIgniter.php(903): App\Controllers\KonregController->__construct()
 5 SYSTEMPATH\CodeIgniter.php(500): CodeIgniter\CodeIgniter->createController()
 6 SYSTEMPATH\CodeIgniter.php(355): CodeIgniter\CodeIgniter->handleRequest(null, Object(Config\Cache), false)
 7 SYSTEMPATH\Boot.php(325): CodeIgniter\CodeIgniter->run()
 8 SYSTEMPATH\Boot.php(67): CodeIgniter\Boot::runCodeIgniter(Object(CodeIgniter\CodeIgniter))
 9 FCPATH\index.php(56): CodeIgniter\Boot::bootWeb(Object(Config\Paths))
WARNING - 2025-04-28 03:28:42 --> [DEPRECATED] Optional parameter $desk declared before required parameter $id_pendanaan is implicitly treated as a required parameter in APPPATH\Models\Memorandum\ProgramModel.php on line 112.
 1 VENDORPATH\composer\ClassLoader.php(576): include('C:\\xampp\\htdocs\\sipro24\\vendor\\codeigniter4\\framework\\system\\Debug\\Exceptions.php')
 2 VENDORPATH\composer\ClassLoader.php(427): Composer\Autoload\{closure}('C:\\xampp\\htdocs\\sipro24\\vendor\\composer/../../app/Models/Memorandum/ProgramModel.php')
 3 APPPATH\Controllers\KonregController.php(55): Composer\Autoload\ClassLoader->loadClass('App\\Models\\Memorandum\\ProgramModel')
 4 SYSTEMPATH\CodeIgniter.php(903): App\Controllers\KonregController->__construct()
 5 SYSTEMPATH\CodeIgniter.php(500): CodeIgniter\CodeIgniter->createController()
 6 SYSTEMPATH\CodeIgniter.php(355): CodeIgniter\CodeIgniter->handleRequest(null, Object(Config\Cache), false)
 7 SYSTEMPATH\Boot.php(325): CodeIgniter\CodeIgniter->run()
 8 SYSTEMPATH\Boot.php(67): CodeIgniter\Boot::runCodeIgniter(Object(CodeIgniter\CodeIgniter))
 9 FCPATH\index.php(56): CodeIgniter\Boot::bootWeb(Object(Config\Paths))
INFO - 2025-04-28 03:29:23 --> Session: Class initialized using 'CodeIgniter\Session\Handlers\FileHandler' driver.
WARNING - 2025-04-28 03:29:23 --> [DEPRECATED] Optional parameter $catatan_bpiw declared before required parameter $id_pendanaan is implicitly treated as a required parameter in APPPATH\Models\Memorandum\ProgramModel.php on line 112.
 1 VENDORPATH\composer\ClassLoader.php(576): include('C:\\xampp\\htdocs\\sipro24\\vendor\\codeigniter4\\framework\\system\\Debug\\Exceptions.php')
 2 VENDORPATH\composer\ClassLoader.php(427): Composer\Autoload\{closure}('C:\\xampp\\htdocs\\sipro24\\vendor\\composer/../../app/Models/Memorandum/ProgramModel.php')
 3 APPPATH\Controllers\KonregController.php(55): Composer\Autoload\ClassLoader->loadClass('App\\Models\\Memorandum\\ProgramModel')
 4 SYSTEMPATH\CodeIgniter.php(903): App\Controllers\KonregController->__construct()
 5 SYSTEMPATH\CodeIgniter.php(500): CodeIgniter\CodeIgniter->createController()
 6 SYSTEMPATH\CodeIgniter.php(355): CodeIgniter\CodeIgniter->handleRequest(null, Object(Config\Cache), false)
 7 SYSTEMPATH\Boot.php(325): CodeIgniter\CodeIgniter->run()
 8 SYSTEMPATH\Boot.php(67): CodeIgniter\Boot::runCodeIgniter(Object(CodeIgniter\CodeIgniter))
 9 FCPATH\index.php(56): CodeIgniter\Boot::bootWeb(Object(Config\Paths))
WARNING - 2025-04-28 03:29:23 --> [DEPRECATED] Optional parameter $catatan_unor declared before required parameter $id_pendanaan is implicitly treated as a required parameter in APPPATH\Models\Memorandum\ProgramModel.php on line 112.
 1 VENDORPATH\composer\ClassLoader.php(576): include('C:\\xampp\\htdocs\\sipro24\\vendor\\codeigniter4\\framework\\system\\Debug\\Exceptions.php')
 2 VENDORPATH\composer\ClassLoader.php(427): Composer\Autoload\{closure}('C:\\xampp\\htdocs\\sipro24\\vendor\\composer/../../app/Models/Memorandum/ProgramModel.php')
 3 APPPATH\Controllers\KonregController.php(55): Composer\Autoload\ClassLoader->loadClass('App\\Models\\Memorandum\\ProgramModel')
 4 SYSTEMPATH\CodeIgniter.php(903): App\Controllers\KonregController->__construct()
 5 SYSTEMPATH\CodeIgniter.php(500): CodeIgniter\CodeIgniter->createController()
 6 SYSTEMPATH\CodeIgniter.php(355): CodeIgniter\CodeIgniter->handleRequest(null, Object(Config\Cache), false)
 7 SYSTEMPATH\Boot.php(325): CodeIgniter\CodeIgniter->run()
 8 SYSTEMPATH\Boot.php(67): CodeIgniter\Boot::runCodeIgniter(Object(CodeIgniter\CodeIgniter))
 9 FCPATH\index.php(56): CodeIgniter\Boot::bootWeb(Object(Config\Paths))
WARNING - 2025-04-28 03:29:23 --> [DEPRECATED] Optional parameter $catatan_desk2 declared before required parameter $id_pendanaan is implicitly treated as a required parameter in APPPATH\Models\Memorandum\ProgramModel.php on line 112.
 1 VENDORPATH\composer\ClassLoader.php(576): include('C:\\xampp\\htdocs\\sipro24\\vendor\\codeigniter4\\framework\\system\\Debug\\Exceptions.php')
 2 VENDORPATH\composer\ClassLoader.php(427): Composer\Autoload\{closure}('C:\\xampp\\htdocs\\sipro24\\vendor\\composer/../../app/Models/Memorandum/ProgramModel.php')
 3 APPPATH\Controllers\KonregController.php(55): Composer\Autoload\ClassLoader->loadClass('App\\Models\\Memorandum\\ProgramModel')
 4 SYSTEMPATH\CodeIgniter.php(903): App\Controllers\KonregController->__construct()
 5 SYSTEMPATH\CodeIgniter.php(500): CodeIgniter\CodeIgniter->createController()
 6 SYSTEMPATH\CodeIgniter.php(355): CodeIgniter\CodeIgniter->handleRequest(null, Object(Config\Cache), false)
 7 SYSTEMPATH\Boot.php(325): CodeIgniter\CodeIgniter->run()
 8 SYSTEMPATH\Boot.php(67): CodeIgniter\Boot::runCodeIgniter(Object(CodeIgniter\CodeIgniter))
 9 FCPATH\index.php(56): CodeIgniter\Boot::bootWeb(Object(Config\Paths))
WARNING - 2025-04-28 03:29:23 --> [DEPRECATED] Optional parameter $desk declared before required parameter $id_pendanaan is implicitly treated as a required parameter in APPPATH\Models\Memorandum\ProgramModel.php on line 112.
 1 VENDORPATH\composer\ClassLoader.php(576): include('C:\\xampp\\htdocs\\sipro24\\vendor\\codeigniter4\\framework\\system\\Debug\\Exceptions.php')
 2 VENDORPATH\composer\ClassLoader.php(427): Composer\Autoload\{closure}('C:\\xampp\\htdocs\\sipro24\\vendor\\composer/../../app/Models/Memorandum/ProgramModel.php')
 3 APPPATH\Controllers\KonregController.php(55): Composer\Autoload\ClassLoader->loadClass('App\\Models\\Memorandum\\ProgramModel')
 4 SYSTEMPATH\CodeIgniter.php(903): App\Controllers\KonregController->__construct()
 5 SYSTEMPATH\CodeIgniter.php(500): CodeIgniter\CodeIgniter->createController()
 6 SYSTEMPATH\CodeIgniter.php(355): CodeIgniter\CodeIgniter->handleRequest(null, Object(Config\Cache), false)
 7 SYSTEMPATH\Boot.php(325): CodeIgniter\CodeIgniter->run()
 8 SYSTEMPATH\Boot.php(67): CodeIgniter\Boot::runCodeIgniter(Object(CodeIgniter\CodeIgniter))
 9 FCPATH\index.php(56): CodeIgniter\Boot::bootWeb(Object(Config\Paths))
INFO - 2025-04-28 03:30:07 --> Session: Class initialized using 'CodeIgniter\Session\Handlers\FileHandler' driver.
WARNING - 2025-04-28 03:30:07 --> [DEPRECATED] Optional parameter $catatan_bpiw declared before required parameter $id_pendanaan is implicitly treated as a required parameter in APPPATH\Models\Memorandum\ProgramModel.php on line 112.
 1 VENDORPATH\composer\ClassLoader.php(576): include('C:\\xampp\\htdocs\\sipro24\\vendor\\codeigniter4\\framework\\system\\Debug\\Exceptions.php')
 2 VENDORPATH\composer\ClassLoader.php(427): Composer\Autoload\{closure}('C:\\xampp\\htdocs\\sipro24\\vendor\\composer/../../app/Models/Memorandum/ProgramModel.php')
 3 APPPATH\Controllers\KonregController.php(55): Composer\Autoload\ClassLoader->loadClass('App\\Models\\Memorandum\\ProgramModel')
 4 SYSTEMPATH\CodeIgniter.php(903): App\Controllers\KonregController->__construct()
 5 SYSTEMPATH\CodeIgniter.php(500): CodeIgniter\CodeIgniter->createController()
 6 SYSTEMPATH\CodeIgniter.php(355): CodeIgniter\CodeIgniter->handleRequest(null, Object(Config\Cache), false)
 7 SYSTEMPATH\Boot.php(325): CodeIgniter\CodeIgniter->run()
 8 SYSTEMPATH\Boot.php(67): CodeIgniter\Boot::runCodeIgniter(Object(CodeIgniter\CodeIgniter))
 9 FCPATH\index.php(56): CodeIgniter\Boot::bootWeb(Object(Config\Paths))
WARNING - 2025-04-28 03:30:07 --> [DEPRECATED] Optional parameter $catatan_unor declared before required parameter $id_pendanaan is implicitly treated as a required parameter in APPPATH\Models\Memorandum\ProgramModel.php on line 112.
 1 VENDORPATH\composer\ClassLoader.php(576): include('C:\\xampp\\htdocs\\sipro24\\vendor\\codeigniter4\\framework\\system\\Debug\\Exceptions.php')
 2 VENDORPATH\composer\ClassLoader.php(427): Composer\Autoload\{closure}('C:\\xampp\\htdocs\\sipro24\\vendor\\composer/../../app/Models/Memorandum/ProgramModel.php')
 3 APPPATH\Controllers\KonregController.php(55): Composer\Autoload\ClassLoader->loadClass('App\\Models\\Memorandum\\ProgramModel')
 4 SYSTEMPATH\CodeIgniter.php(903): App\Controllers\KonregController->__construct()
 5 SYSTEMPATH\CodeIgniter.php(500): CodeIgniter\CodeIgniter->createController()
 6 SYSTEMPATH\CodeIgniter.php(355): CodeIgniter\CodeIgniter->handleRequest(null, Object(Config\Cache), false)
 7 SYSTEMPATH\Boot.php(325): CodeIgniter\CodeIgniter->run()
 8 SYSTEMPATH\Boot.php(67): CodeIgniter\Boot::runCodeIgniter(Object(CodeIgniter\CodeIgniter))
 9 FCPATH\index.php(56): CodeIgniter\Boot::bootWeb(Object(Config\Paths))
WARNING - 2025-04-28 03:30:07 --> [DEPRECATED] Optional parameter $catatan_desk2 declared before required parameter $id_pendanaan is implicitly treated as a required parameter in APPPATH\Models\Memorandum\ProgramModel.php on line 112.
 1 VENDORPATH\composer\ClassLoader.php(576): include('C:\\xampp\\htdocs\\sipro24\\vendor\\codeigniter4\\framework\\system\\Debug\\Exceptions.php')
 2 VENDORPATH\composer\ClassLoader.php(427): Composer\Autoload\{closure}('C:\\xampp\\htdocs\\sipro24\\vendor\\composer/../../app/Models/Memorandum/ProgramModel.php')
 3 APPPATH\Controllers\KonregController.php(55): Composer\Autoload\ClassLoader->loadClass('App\\Models\\Memorandum\\ProgramModel')
 4 SYSTEMPATH\CodeIgniter.php(903): App\Controllers\KonregController->__construct()
 5 SYSTEMPATH\CodeIgniter.php(500): CodeIgniter\CodeIgniter->createController()
 6 SYSTEMPATH\CodeIgniter.php(355): CodeIgniter\CodeIgniter->handleRequest(null, Object(Config\Cache), false)
 7 SYSTEMPATH\Boot.php(325): CodeIgniter\CodeIgniter->run()
 8 SYSTEMPATH\Boot.php(67): CodeIgniter\Boot::runCodeIgniter(Object(CodeIgniter\CodeIgniter))
 9 FCPATH\index.php(56): CodeIgniter\Boot::bootWeb(Object(Config\Paths))
WARNING - 2025-04-28 03:30:07 --> [DEPRECATED] Optional parameter $desk declared before required parameter $id_pendanaan is implicitly treated as a required parameter in APPPATH\Models\Memorandum\ProgramModel.php on line 112.
 1 VENDORPATH\composer\ClassLoader.php(576): include('C:\\xampp\\htdocs\\sipro24\\vendor\\codeigniter4\\framework\\system\\Debug\\Exceptions.php')
 2 VENDORPATH\composer\ClassLoader.php(427): Composer\Autoload\{closure}('C:\\xampp\\htdocs\\sipro24\\vendor\\composer/../../app/Models/Memorandum/ProgramModel.php')
 3 APPPATH\Controllers\KonregController.php(55): Composer\Autoload\ClassLoader->loadClass('App\\Models\\Memorandum\\ProgramModel')
 4 SYSTEMPATH\CodeIgniter.php(903): App\Controllers\KonregController->__construct()
 5 SYSTEMPATH\CodeIgniter.php(500): CodeIgniter\CodeIgniter->createController()
 6 SYSTEMPATH\CodeIgniter.php(355): CodeIgniter\CodeIgniter->handleRequest(null, Object(Config\Cache), false)
 7 SYSTEMPATH\Boot.php(325): CodeIgniter\CodeIgniter->run()
 8 SYSTEMPATH\Boot.php(67): CodeIgniter\Boot::runCodeIgniter(Object(CodeIgniter\CodeIgniter))
 9 FCPATH\index.php(56): CodeIgniter\Boot::bootWeb(Object(Config\Paths))
INFO - 2025-04-28 03:30:41 --> Session: Class initialized using 'CodeIgniter\Session\Handlers\FileHandler' driver.
WARNING - 2025-04-28 03:30:41 --> [DEPRECATED] Optional parameter $catatan_bpiw declared before required parameter $id_pendanaan is implicitly treated as a required parameter in APPPATH\Models\Memorandum\ProgramModel.php on line 112.
 1 VENDORPATH\composer\ClassLoader.php(576): include('C:\\xampp\\htdocs\\sipro24\\vendor\\codeigniter4\\framework\\system\\Debug\\Exceptions.php')
 2 VENDORPATH\composer\ClassLoader.php(427): Composer\Autoload\{closure}('C:\\xampp\\htdocs\\sipro24\\vendor\\composer/../../app/Models/Memorandum/ProgramModel.php')
 3 APPPATH\Controllers\KonregController.php(55): Composer\Autoload\ClassLoader->loadClass('App\\Models\\Memorandum\\ProgramModel')
 4 SYSTEMPATH\CodeIgniter.php(903): App\Controllers\KonregController->__construct()
 5 SYSTEMPATH\CodeIgniter.php(500): CodeIgniter\CodeIgniter->createController()
 6 SYSTEMPATH\CodeIgniter.php(355): CodeIgniter\CodeIgniter->handleRequest(null, Object(Config\Cache), false)
 7 SYSTEMPATH\Boot.php(325): CodeIgniter\CodeIgniter->run()
 8 SYSTEMPATH\Boot.php(67): CodeIgniter\Boot::runCodeIgniter(Object(CodeIgniter\CodeIgniter))
 9 FCPATH\index.php(56): CodeIgniter\Boot::bootWeb(Object(Config\Paths))
WARNING - 2025-04-28 03:30:41 --> [DEPRECATED] Optional parameter $catatan_unor declared before required parameter $id_pendanaan is implicitly treated as a required parameter in APPPATH\Models\Memorandum\ProgramModel.php on line 112.
 1 VENDORPATH\composer\ClassLoader.php(576): include('C:\\xampp\\htdocs\\sipro24\\vendor\\codeigniter4\\framework\\system\\Debug\\Exceptions.php')
 2 VENDORPATH\composer\ClassLoader.php(427): Composer\Autoload\{closure}('C:\\xampp\\htdocs\\sipro24\\vendor\\composer/../../app/Models/Memorandum/ProgramModel.php')
 3 APPPATH\Controllers\KonregController.php(55): Composer\Autoload\ClassLoader->loadClass('App\\Models\\Memorandum\\ProgramModel')
 4 SYSTEMPATH\CodeIgniter.php(903): App\Controllers\KonregController->__construct()
 5 SYSTEMPATH\CodeIgniter.php(500): CodeIgniter\CodeIgniter->createController()
 6 SYSTEMPATH\CodeIgniter.php(355): CodeIgniter\CodeIgniter->handleRequest(null, Object(Config\Cache), false)
 7 SYSTEMPATH\Boot.php(325): CodeIgniter\CodeIgniter->run()
 8 SYSTEMPATH\Boot.php(67): CodeIgniter\Boot::runCodeIgniter(Object(CodeIgniter\CodeIgniter))
 9 FCPATH\index.php(56): CodeIgniter\Boot::bootWeb(Object(Config\Paths))
WARNING - 2025-04-28 03:30:41 --> [DEPRECATED] Optional parameter $catatan_desk2 declared before required parameter $id_pendanaan is implicitly treated as a required parameter in APPPATH\Models\Memorandum\ProgramModel.php on line 112.
 1 VENDORPATH\composer\ClassLoader.php(576): include('C:\\xampp\\htdocs\\sipro24\\vendor\\codeigniter4\\framework\\system\\Debug\\Exceptions.php')
 2 VENDORPATH\composer\ClassLoader.php(427): Composer\Autoload\{closure}('C:\\xampp\\htdocs\\sipro24\\vendor\\composer/../../app/Models/Memorandum/ProgramModel.php')
 3 APPPATH\Controllers\KonregController.php(55): Composer\Autoload\ClassLoader->loadClass('App\\Models\\Memorandum\\ProgramModel')
 4 SYSTEMPATH\CodeIgniter.php(903): App\Controllers\KonregController->__construct()
 5 SYSTEMPATH\CodeIgniter.php(500): CodeIgniter\CodeIgniter->createController()
 6 SYSTEMPATH\CodeIgniter.php(355): CodeIgniter\CodeIgniter->handleRequest(null, Object(Config\Cache), false)
 7 SYSTEMPATH\Boot.php(325): CodeIgniter\CodeIgniter->run()
 8 SYSTEMPATH\Boot.php(67): CodeIgniter\Boot::runCodeIgniter(Object(CodeIgniter\CodeIgniter))
 9 FCPATH\index.php(56): CodeIgniter\Boot::bootWeb(Object(Config\Paths))
WARNING - 2025-04-28 03:30:41 --> [DEPRECATED] Optional parameter $desk declared before required parameter $id_pendanaan is implicitly treated as a required parameter in APPPATH\Models\Memorandum\ProgramModel.php on line 112.
 1 VENDORPATH\composer\ClassLoader.php(576): include('C:\\xampp\\htdocs\\sipro24\\vendor\\codeigniter4\\framework\\system\\Debug\\Exceptions.php')
 2 VENDORPATH\composer\ClassLoader.php(427): Composer\Autoload\{closure}('C:\\xampp\\htdocs\\sipro24\\vendor\\composer/../../app/Models/Memorandum/ProgramModel.php')
 3 APPPATH\Controllers\KonregController.php(55): Composer\Autoload\ClassLoader->loadClass('App\\Models\\Memorandum\\ProgramModel')
 4 SYSTEMPATH\CodeIgniter.php(903): App\Controllers\KonregController->__construct()
 5 SYSTEMPATH\CodeIgniter.php(500): CodeIgniter\CodeIgniter->createController()
 6 SYSTEMPATH\CodeIgniter.php(355): CodeIgniter\CodeIgniter->handleRequest(null, Object(Config\Cache), false)
 7 SYSTEMPATH\Boot.php(325): CodeIgniter\CodeIgniter->run()
 8 SYSTEMPATH\Boot.php(67): CodeIgniter\Boot::runCodeIgniter(Object(CodeIgniter\CodeIgniter))
 9 FCPATH\index.php(56): CodeIgniter\Boot::bootWeb(Object(Config\Paths))
INFO - 2025-04-28 03:30:44 --> Session: Class initialized using 'CodeIgniter\Session\Handlers\FileHandler' driver.
WARNING - 2025-04-28 03:30:44 --> [DEPRECATED] Optional parameter $catatan_bpiw declared before required parameter $id_pendanaan is implicitly treated as a required parameter in APPPATH\Models\Memorandum\ProgramModel.php on line 112.
 1 VENDORPATH\composer\ClassLoader.php(576): include('C:\\xampp\\htdocs\\sipro24\\vendor\\codeigniter4\\framework\\system\\Debug\\Exceptions.php')
 2 VENDORPATH\composer\ClassLoader.php(427): Composer\Autoload\{closure}('C:\\xampp\\htdocs\\sipro24\\vendor\\composer/../../app/Models/Memorandum/ProgramModel.php')
 3 APPPATH\Controllers\KonregController.php(55): Composer\Autoload\ClassLoader->loadClass('App\\Models\\Memorandum\\ProgramModel')
 4 SYSTEMPATH\CodeIgniter.php(903): App\Controllers\KonregController->__construct()
 5 SYSTEMPATH\CodeIgniter.php(500): CodeIgniter\CodeIgniter->createController()
 6 SYSTEMPATH\CodeIgniter.php(355): CodeIgniter\CodeIgniter->handleRequest(null, Object(Config\Cache), false)
 7 SYSTEMPATH\Boot.php(325): CodeIgniter\CodeIgniter->run()
 8 SYSTEMPATH\Boot.php(67): CodeIgniter\Boot::runCodeIgniter(Object(CodeIgniter\CodeIgniter))
 9 FCPATH\index.php(56): CodeIgniter\Boot::bootWeb(Object(Config\Paths))
WARNING - 2025-04-28 03:30:44 --> [DEPRECATED] Optional parameter $catatan_unor declared before required parameter $id_pendanaan is implicitly treated as a required parameter in APPPATH\Models\Memorandum\ProgramModel.php on line 112.
 1 VENDORPATH\composer\ClassLoader.php(576): include('C:\\xampp\\htdocs\\sipro24\\vendor\\codeigniter4\\framework\\system\\Debug\\Exceptions.php')
 2 VENDORPATH\composer\ClassLoader.php(427): Composer\Autoload\{closure}('C:\\xampp\\htdocs\\sipro24\\vendor\\composer/../../app/Models/Memorandum/ProgramModel.php')
 3 APPPATH\Controllers\KonregController.php(55): Composer\Autoload\ClassLoader->loadClass('App\\Models\\Memorandum\\ProgramModel')
 4 SYSTEMPATH\CodeIgniter.php(903): App\Controllers\KonregController->__construct()
 5 SYSTEMPATH\CodeIgniter.php(500): CodeIgniter\CodeIgniter->createController()
 6 SYSTEMPATH\CodeIgniter.php(355): CodeIgniter\CodeIgniter->handleRequest(null, Object(Config\Cache), false)
 7 SYSTEMPATH\Boot.php(325): CodeIgniter\CodeIgniter->run()
 8 SYSTEMPATH\Boot.php(67): CodeIgniter\Boot::runCodeIgniter(Object(CodeIgniter\CodeIgniter))
 9 FCPATH\index.php(56): CodeIgniter\Boot::bootWeb(Object(Config\Paths))
WARNING - 2025-04-28 03:30:44 --> [DEPRECATED] Optional parameter $catatan_desk2 declared before required parameter $id_pendanaan is implicitly treated as a required parameter in APPPATH\Models\Memorandum\ProgramModel.php on line 112.
 1 VENDORPATH\composer\ClassLoader.php(576): include('C:\\xampp\\htdocs\\sipro24\\vendor\\codeigniter4\\framework\\system\\Debug\\Exceptions.php')
 2 VENDORPATH\composer\ClassLoader.php(427): Composer\Autoload\{closure}('C:\\xampp\\htdocs\\sipro24\\vendor\\composer/../../app/Models/Memorandum/ProgramModel.php')
 3 APPPATH\Controllers\KonregController.php(55): Composer\Autoload\ClassLoader->loadClass('App\\Models\\Memorandum\\ProgramModel')
 4 SYSTEMPATH\CodeIgniter.php(903): App\Controllers\KonregController->__construct()
 5 SYSTEMPATH\CodeIgniter.php(500): CodeIgniter\CodeIgniter->createController()
 6 SYSTEMPATH\CodeIgniter.php(355): CodeIgniter\CodeIgniter->handleRequest(null, Object(Config\Cache), false)
 7 SYSTEMPATH\Boot.php(325): CodeIgniter\CodeIgniter->run()
 8 SYSTEMPATH\Boot.php(67): CodeIgniter\Boot::runCodeIgniter(Object(CodeIgniter\CodeIgniter))
 9 FCPATH\index.php(56): CodeIgniter\Boot::bootWeb(Object(Config\Paths))
WARNING - 2025-04-28 03:30:44 --> [DEPRECATED] Optional parameter $desk declared before required parameter $id_pendanaan is implicitly treated as a required parameter in APPPATH\Models\Memorandum\ProgramModel.php on line 112.
 1 VENDORPATH\composer\ClassLoader.php(576): include('C:\\xampp\\htdocs\\sipro24\\vendor\\codeigniter4\\framework\\system\\Debug\\Exceptions.php')
 2 VENDORPATH\composer\ClassLoader.php(427): Composer\Autoload\{closure}('C:\\xampp\\htdocs\\sipro24\\vendor\\composer/../../app/Models/Memorandum/ProgramModel.php')
 3 APPPATH\Controllers\KonregController.php(55): Composer\Autoload\ClassLoader->loadClass('App\\Models\\Memorandum\\ProgramModel')
 4 SYSTEMPATH\CodeIgniter.php(903): App\Controllers\KonregController->__construct()
 5 SYSTEMPATH\CodeIgniter.php(500): CodeIgniter\CodeIgniter->createController()
 6 SYSTEMPATH\CodeIgniter.php(355): CodeIgniter\CodeIgniter->handleRequest(null, Object(Config\Cache), false)
 7 SYSTEMPATH\Boot.php(325): CodeIgniter\CodeIgniter->run()
 8 SYSTEMPATH\Boot.php(67): CodeIgniter\Boot::runCodeIgniter(Object(CodeIgniter\CodeIgniter))
 9 FCPATH\index.php(56): CodeIgniter\Boot::bootWeb(Object(Config\Paths))
INFO - 2025-04-28 03:31:02 --> Session: Class initialized using 'CodeIgniter\Session\Handlers\FileHandler' driver.
INFO - 2025-04-28 03:31:06 --> Session: Class initialized using 'CodeIgniter\Session\Handlers\FileHandler' driver.
INFO - 2025-04-28 03:31:36 --> Session: Class initialized using 'CodeIgniter\Session\Handlers\FileHandler' driver.
WARNING - 2025-04-28 03:31:37 --> [DEPRECATED] Optional parameter $catatan_bpiw declared before required parameter $id_pendanaan is implicitly treated as a required parameter in APPPATH\Models\Memorandum\ProgramModel.php on line 112.
 1 VENDORPATH\composer\ClassLoader.php(576): include('C:\\xampp\\htdocs\\sipro24\\vendor\\codeigniter4\\framework\\system\\Debug\\Exceptions.php')
 2 VENDORPATH\composer\ClassLoader.php(427): Composer\Autoload\{closure}('C:\\xampp\\htdocs\\sipro24\\vendor\\composer/../../app/Models/Memorandum/ProgramModel.php')
 3 APPPATH\Controllers\KonregController.php(55): Composer\Autoload\ClassLoader->loadClass('App\\Models\\Memorandum\\ProgramModel')
 4 SYSTEMPATH\CodeIgniter.php(903): App\Controllers\KonregController->__construct()
 5 SYSTEMPATH\CodeIgniter.php(500): CodeIgniter\CodeIgniter->createController()
 6 SYSTEMPATH\CodeIgniter.php(355): CodeIgniter\CodeIgniter->handleRequest(null, Object(Config\Cache), false)
 7 SYSTEMPATH\Boot.php(325): CodeIgniter\CodeIgniter->run()
 8 SYSTEMPATH\Boot.php(67): CodeIgniter\Boot::runCodeIgniter(Object(CodeIgniter\CodeIgniter))
 9 FCPATH\index.php(56): CodeIgniter\Boot::bootWeb(Object(Config\Paths))
WARNING - 2025-04-28 03:31:37 --> [DEPRECATED] Optional parameter $catatan_unor declared before required parameter $id_pendanaan is implicitly treated as a required parameter in APPPATH\Models\Memorandum\ProgramModel.php on line 112.
 1 VENDORPATH\composer\ClassLoader.php(576): include('C:\\xampp\\htdocs\\sipro24\\vendor\\codeigniter4\\framework\\system\\Debug\\Exceptions.php')
 2 VENDORPATH\composer\ClassLoader.php(427): Composer\Autoload\{closure}('C:\\xampp\\htdocs\\sipro24\\vendor\\composer/../../app/Models/Memorandum/ProgramModel.php')
 3 APPPATH\Controllers\KonregController.php(55): Composer\Autoload\ClassLoader->loadClass('App\\Models\\Memorandum\\ProgramModel')
 4 SYSTEMPATH\CodeIgniter.php(903): App\Controllers\KonregController->__construct()
 5 SYSTEMPATH\CodeIgniter.php(500): CodeIgniter\CodeIgniter->createController()
 6 SYSTEMPATH\CodeIgniter.php(355): CodeIgniter\CodeIgniter->handleRequest(null, Object(Config\Cache), false)
 7 SYSTEMPATH\Boot.php(325): CodeIgniter\CodeIgniter->run()
 8 SYSTEMPATH\Boot.php(67): CodeIgniter\Boot::runCodeIgniter(Object(CodeIgniter\CodeIgniter))
 9 FCPATH\index.php(56): CodeIgniter\Boot::bootWeb(Object(Config\Paths))
WARNING - 2025-04-28 03:31:37 --> [DEPRECATED] Optional parameter $catatan_desk2 declared before required parameter $id_pendanaan is implicitly treated as a required parameter in APPPATH\Models\Memorandum\ProgramModel.php on line 112.
 1 VENDORPATH\composer\ClassLoader.php(576): include('C:\\xampp\\htdocs\\sipro24\\vendor\\codeigniter4\\framework\\system\\Debug\\Exceptions.php')
 2 VENDORPATH\composer\ClassLoader.php(427): Composer\Autoload\{closure}('C:\\xampp\\htdocs\\sipro24\\vendor\\composer/../../app/Models/Memorandum/ProgramModel.php')
 3 APPPATH\Controllers\KonregController.php(55): Composer\Autoload\ClassLoader->loadClass('App\\Models\\Memorandum\\ProgramModel')
 4 SYSTEMPATH\CodeIgniter.php(903): App\Controllers\KonregController->__construct()
 5 SYSTEMPATH\CodeIgniter.php(500): CodeIgniter\CodeIgniter->createController()
 6 SYSTEMPATH\CodeIgniter.php(355): CodeIgniter\CodeIgniter->handleRequest(null, Object(Config\Cache), false)
 7 SYSTEMPATH\Boot.php(325): CodeIgniter\CodeIgniter->run()
 8 SYSTEMPATH\Boot.php(67): CodeIgniter\Boot::runCodeIgniter(Object(CodeIgniter\CodeIgniter))
 9 FCPATH\index.php(56): CodeIgniter\Boot::bootWeb(Object(Config\Paths))
WARNING - 2025-04-28 03:31:37 --> [DEPRECATED] Optional parameter $desk declared before required parameter $id_pendanaan is implicitly treated as a required parameter in APPPATH\Models\Memorandum\ProgramModel.php on line 112.
 1 VENDORPATH\composer\ClassLoader.php(576): include('C:\\xampp\\htdocs\\sipro24\\vendor\\codeigniter4\\framework\\system\\Debug\\Exceptions.php')
 2 VENDORPATH\composer\ClassLoader.php(427): Composer\Autoload\{closure}('C:\\xampp\\htdocs\\sipro24\\vendor\\composer/../../app/Models/Memorandum/ProgramModel.php')
 3 APPPATH\Controllers\KonregController.php(55): Composer\Autoload\ClassLoader->loadClass('App\\Models\\Memorandum\\ProgramModel')
 4 SYSTEMPATH\CodeIgniter.php(903): App\Controllers\KonregController->__construct()
 5 SYSTEMPATH\CodeIgniter.php(500): CodeIgniter\CodeIgniter->createController()
 6 SYSTEMPATH\CodeIgniter.php(355): CodeIgniter\CodeIgniter->handleRequest(null, Object(Config\Cache), false)
 7 SYSTEMPATH\Boot.php(325): CodeIgniter\CodeIgniter->run()
 8 SYSTEMPATH\Boot.php(67): CodeIgniter\Boot::runCodeIgniter(Object(CodeIgniter\CodeIgniter))
 9 FCPATH\index.php(56): CodeIgniter\Boot::bootWeb(Object(Config\Paths))
INFO - 2025-04-28 03:31:40 --> Session: Class initialized using 'CodeIgniter\Session\Handlers\FileHandler' driver.
WARNING - 2025-04-28 03:31:40 --> [DEPRECATED] Optional parameter $catatan_bpiw declared before required parameter $id_pendanaan is implicitly treated as a required parameter in APPPATH\Models\Memorandum\ProgramModel.php on line 112.
 1 VENDORPATH\composer\ClassLoader.php(576): include('C:\\xampp\\htdocs\\sipro24\\vendor\\codeigniter4\\framework\\system\\Debug\\Exceptions.php')
 2 VENDORPATH\composer\ClassLoader.php(427): Composer\Autoload\{closure}('C:\\xampp\\htdocs\\sipro24\\vendor\\composer/../../app/Models/Memorandum/ProgramModel.php')
 3 APPPATH\Controllers\KonregController.php(55): Composer\Autoload\ClassLoader->loadClass('App\\Models\\Memorandum\\ProgramModel')
 4 SYSTEMPATH\CodeIgniter.php(903): App\Controllers\KonregController->__construct()
 5 SYSTEMPATH\CodeIgniter.php(500): CodeIgniter\CodeIgniter->createController()
 6 SYSTEMPATH\CodeIgniter.php(355): CodeIgniter\CodeIgniter->handleRequest(null, Object(Config\Cache), false)
 7 SYSTEMPATH\Boot.php(325): CodeIgniter\CodeIgniter->run()
 8 SYSTEMPATH\Boot.php(67): CodeIgniter\Boot::runCodeIgniter(Object(CodeIgniter\CodeIgniter))
 9 FCPATH\index.php(56): CodeIgniter\Boot::bootWeb(Object(Config\Paths))
WARNING - 2025-04-28 03:31:40 --> [DEPRECATED] Optional parameter $catatan_unor declared before required parameter $id_pendanaan is implicitly treated as a required parameter in APPPATH\Models\Memorandum\ProgramModel.php on line 112.
 1 VENDORPATH\composer\ClassLoader.php(576): include('C:\\xampp\\htdocs\\sipro24\\vendor\\codeigniter4\\framework\\system\\Debug\\Exceptions.php')
 2 VENDORPATH\composer\ClassLoader.php(427): Composer\Autoload\{closure}('C:\\xampp\\htdocs\\sipro24\\vendor\\composer/../../app/Models/Memorandum/ProgramModel.php')
 3 APPPATH\Controllers\KonregController.php(55): Composer\Autoload\ClassLoader->loadClass('App\\Models\\Memorandum\\ProgramModel')
 4 SYSTEMPATH\CodeIgniter.php(903): App\Controllers\KonregController->__construct()
 5 SYSTEMPATH\CodeIgniter.php(500): CodeIgniter\CodeIgniter->createController()
 6 SYSTEMPATH\CodeIgniter.php(355): CodeIgniter\CodeIgniter->handleRequest(null, Object(Config\Cache), false)
 7 SYSTEMPATH\Boot.php(325): CodeIgniter\CodeIgniter->run()
 8 SYSTEMPATH\Boot.php(67): CodeIgniter\Boot::runCodeIgniter(Object(CodeIgniter\CodeIgniter))
 9 FCPATH\index.php(56): CodeIgniter\Boot::bootWeb(Object(Config\Paths))
WARNING - 2025-04-28 03:31:40 --> [DEPRECATED] Optional parameter $catatan_desk2 declared before required parameter $id_pendanaan is implicitly treated as a required parameter in APPPATH\Models\Memorandum\ProgramModel.php on line 112.
 1 VENDORPATH\composer\ClassLoader.php(576): include('C:\\xampp\\htdocs\\sipro24\\vendor\\codeigniter4\\framework\\system\\Debug\\Exceptions.php')
 2 VENDORPATH\composer\ClassLoader.php(427): Composer\Autoload\{closure}('C:\\xampp\\htdocs\\sipro24\\vendor\\composer/../../app/Models/Memorandum/ProgramModel.php')
 3 APPPATH\Controllers\KonregController.php(55): Composer\Autoload\ClassLoader->loadClass('App\\Models\\Memorandum\\ProgramModel')
 4 SYSTEMPATH\CodeIgniter.php(903): App\Controllers\KonregController->__construct()
 5 SYSTEMPATH\CodeIgniter.php(500): CodeIgniter\CodeIgniter->createController()
 6 SYSTEMPATH\CodeIgniter.php(355): CodeIgniter\CodeIgniter->handleRequest(null, Object(Config\Cache), false)
 7 SYSTEMPATH\Boot.php(325): CodeIgniter\CodeIgniter->run()
 8 SYSTEMPATH\Boot.php(67): CodeIgniter\Boot::runCodeIgniter(Object(CodeIgniter\CodeIgniter))
 9 FCPATH\index.php(56): CodeIgniter\Boot::bootWeb(Object(Config\Paths))
WARNING - 2025-04-28 03:31:40 --> [DEPRECATED] Optional parameter $desk declared before required parameter $id_pendanaan is implicitly treated as a required parameter in APPPATH\Models\Memorandum\ProgramModel.php on line 112.
 1 VENDORPATH\composer\ClassLoader.php(576): include('C:\\xampp\\htdocs\\sipro24\\vendor\\codeigniter4\\framework\\system\\Debug\\Exceptions.php')
 2 VENDORPATH\composer\ClassLoader.php(427): Composer\Autoload\{closure}('C:\\xampp\\htdocs\\sipro24\\vendor\\composer/../../app/Models/Memorandum/ProgramModel.php')
 3 APPPATH\Controllers\KonregController.php(55): Composer\Autoload\ClassLoader->loadClass('App\\Models\\Memorandum\\ProgramModel')
 4 SYSTEMPATH\CodeIgniter.php(903): App\Controllers\KonregController->__construct()
 5 SYSTEMPATH\CodeIgniter.php(500): CodeIgniter\CodeIgniter->createController()
 6 SYSTEMPATH\CodeIgniter.php(355): CodeIgniter\CodeIgniter->handleRequest(null, Object(Config\Cache), false)
 7 SYSTEMPATH\Boot.php(325): CodeIgniter\CodeIgniter->run()
 8 SYSTEMPATH\Boot.php(67): CodeIgniter\Boot::runCodeIgniter(Object(CodeIgniter\CodeIgniter))
 9 FCPATH\index.php(56): CodeIgniter\Boot::bootWeb(Object(Config\Paths))
INFO - 2025-04-28 03:32:05 --> Session: Class initialized using 'CodeIgniter\Session\Handlers\FileHandler' driver.
WARNING - 2025-04-28 03:32:05 --> [DEPRECATED] Optional parameter $catatan_bpiw declared before required parameter $id_pendanaan is implicitly treated as a required parameter in APPPATH\Models\Memorandum\ProgramModel.php on line 112.
 1 VENDORPATH\composer\ClassLoader.php(576): include('C:\\xampp\\htdocs\\sipro24\\vendor\\codeigniter4\\framework\\system\\Debug\\Exceptions.php')
 2 VENDORPATH\composer\ClassLoader.php(427): Composer\Autoload\{closure}('C:\\xampp\\htdocs\\sipro24\\vendor\\composer/../../app/Models/Memorandum/ProgramModel.php')
 3 APPPATH\Controllers\KonregController.php(55): Composer\Autoload\ClassLoader->loadClass('App\\Models\\Memorandum\\ProgramModel')
 4 SYSTEMPATH\CodeIgniter.php(903): App\Controllers\KonregController->__construct()
 5 SYSTEMPATH\CodeIgniter.php(500): CodeIgniter\CodeIgniter->createController()
 6 SYSTEMPATH\CodeIgniter.php(355): CodeIgniter\CodeIgniter->handleRequest(null, Object(Config\Cache), false)
 7 SYSTEMPATH\Boot.php(325): CodeIgniter\CodeIgniter->run()
 8 SYSTEMPATH\Boot.php(67): CodeIgniter\Boot::runCodeIgniter(Object(CodeIgniter\CodeIgniter))
 9 FCPATH\index.php(56): CodeIgniter\Boot::bootWeb(Object(Config\Paths))
WARNING - 2025-04-28 03:32:05 --> [DEPRECATED] Optional parameter $catatan_unor declared before required parameter $id_pendanaan is implicitly treated as a required parameter in APPPATH\Models\Memorandum\ProgramModel.php on line 112.
 1 VENDORPATH\composer\ClassLoader.php(576): include('C:\\xampp\\htdocs\\sipro24\\vendor\\codeigniter4\\framework\\system\\Debug\\Exceptions.php')
 2 VENDORPATH\composer\ClassLoader.php(427): Composer\Autoload\{closure}('C:\\xampp\\htdocs\\sipro24\\vendor\\composer/../../app/Models/Memorandum/ProgramModel.php')
 3 APPPATH\Controllers\KonregController.php(55): Composer\Autoload\ClassLoader->loadClass('App\\Models\\Memorandum\\ProgramModel')
 4 SYSTEMPATH\CodeIgniter.php(903): App\Controllers\KonregController->__construct()
 5 SYSTEMPATH\CodeIgniter.php(500): CodeIgniter\CodeIgniter->createController()
 6 SYSTEMPATH\CodeIgniter.php(355): CodeIgniter\CodeIgniter->handleRequest(null, Object(Config\Cache), false)
 7 SYSTEMPATH\Boot.php(325): CodeIgniter\CodeIgniter->run()
 8 SYSTEMPATH\Boot.php(67): CodeIgniter\Boot::runCodeIgniter(Object(CodeIgniter\CodeIgniter))
 9 FCPATH\index.php(56): CodeIgniter\Boot::bootWeb(Object(Config\Paths))
WARNING - 2025-04-28 03:32:05 --> [DEPRECATED] Optional parameter $catatan_desk2 declared before required parameter $id_pendanaan is implicitly treated as a required parameter in APPPATH\Models\Memorandum\ProgramModel.php on line 112.
 1 VENDORPATH\composer\ClassLoader.php(576): include('C:\\xampp\\htdocs\\sipro24\\vendor\\codeigniter4\\framework\\system\\Debug\\Exceptions.php')
 2 VENDORPATH\composer\ClassLoader.php(427): Composer\Autoload\{closure}('C:\\xampp\\htdocs\\sipro24\\vendor\\composer/../../app/Models/Memorandum/ProgramModel.php')
 3 APPPATH\Controllers\KonregController.php(55): Composer\Autoload\ClassLoader->loadClass('App\\Models\\Memorandum\\ProgramModel')
 4 SYSTEMPATH\CodeIgniter.php(903): App\Controllers\KonregController->__construct()
 5 SYSTEMPATH\CodeIgniter.php(500): CodeIgniter\CodeIgniter->createController()
 6 SYSTEMPATH\CodeIgniter.php(355): CodeIgniter\CodeIgniter->handleRequest(null, Object(Config\Cache), false)
 7 SYSTEMPATH\Boot.php(325): CodeIgniter\CodeIgniter->run()
 8 SYSTEMPATH\Boot.php(67): CodeIgniter\Boot::runCodeIgniter(Object(CodeIgniter\CodeIgniter))
 9 FCPATH\index.php(56): CodeIgniter\Boot::bootWeb(Object(Config\Paths))
WARNING - 2025-04-28 03:32:05 --> [DEPRECATED] Optional parameter $desk declared before required parameter $id_pendanaan is implicitly treated as a required parameter in APPPATH\Models\Memorandum\ProgramModel.php on line 112.
 1 VENDORPATH\composer\ClassLoader.php(576): include('C:\\xampp\\htdocs\\sipro24\\vendor\\codeigniter4\\framework\\system\\Debug\\Exceptions.php')
 2 VENDORPATH\composer\ClassLoader.php(427): Composer\Autoload\{closure}('C:\\xampp\\htdocs\\sipro24\\vendor\\composer/../../app/Models/Memorandum/ProgramModel.php')
 3 APPPATH\Controllers\KonregController.php(55): Composer\Autoload\ClassLoader->loadClass('App\\Models\\Memorandum\\ProgramModel')
 4 SYSTEMPATH\CodeIgniter.php(903): App\Controllers\KonregController->__construct()
 5 SYSTEMPATH\CodeIgniter.php(500): CodeIgniter\CodeIgniter->createController()
 6 SYSTEMPATH\CodeIgniter.php(355): CodeIgniter\CodeIgniter->handleRequest(null, Object(Config\Cache), false)
 7 SYSTEMPATH\Boot.php(325): CodeIgniter\CodeIgniter->run()
 8 SYSTEMPATH\Boot.php(67): CodeIgniter\Boot::runCodeIgniter(Object(CodeIgniter\CodeIgniter))
 9 FCPATH\index.php(56): CodeIgniter\Boot::bootWeb(Object(Config\Paths))
INFO - 2025-04-28 03:32:12 --> Session: Class initialized using 'CodeIgniter\Session\Handlers\FileHandler' driver.
WARNING - 2025-04-28 03:32:12 --> [DEPRECATED] Optional parameter $catatan_bpiw declared before required parameter $id_pendanaan is implicitly treated as a required parameter in APPPATH\Models\Memorandum\ProgramModel.php on line 112.
 1 VENDORPATH\composer\ClassLoader.php(576): include('C:\\xampp\\htdocs\\sipro24\\vendor\\codeigniter4\\framework\\system\\Debug\\Exceptions.php')
 2 VENDORPATH\composer\ClassLoader.php(427): Composer\Autoload\{closure}('C:\\xampp\\htdocs\\sipro24\\vendor\\composer/../../app/Models/Memorandum/ProgramModel.php')
 3 APPPATH\Controllers\KonregController.php(55): Composer\Autoload\ClassLoader->loadClass('App\\Models\\Memorandum\\ProgramModel')
 4 SYSTEMPATH\CodeIgniter.php(903): App\Controllers\KonregController->__construct()
 5 SYSTEMPATH\CodeIgniter.php(500): CodeIgniter\CodeIgniter->createController()
 6 SYSTEMPATH\CodeIgniter.php(355): CodeIgniter\CodeIgniter->handleRequest(null, Object(Config\Cache), false)
 7 SYSTEMPATH\Boot.php(325): CodeIgniter\CodeIgniter->run()
 8 SYSTEMPATH\Boot.php(67): CodeIgniter\Boot::runCodeIgniter(Object(CodeIgniter\CodeIgniter))
 9 FCPATH\index.php(56): CodeIgniter\Boot::bootWeb(Object(Config\Paths))
WARNING - 2025-04-28 03:32:12 --> [DEPRECATED] Optional parameter $catatan_unor declared before required parameter $id_pendanaan is implicitly treated as a required parameter in APPPATH\Models\Memorandum\ProgramModel.php on line 112.
 1 VENDORPATH\composer\ClassLoader.php(576): include('C:\\xampp\\htdocs\\sipro24\\vendor\\codeigniter4\\framework\\system\\Debug\\Exceptions.php')
 2 VENDORPATH\composer\ClassLoader.php(427): Composer\Autoload\{closure}('C:\\xampp\\htdocs\\sipro24\\vendor\\composer/../../app/Models/Memorandum/ProgramModel.php')
 3 APPPATH\Controllers\KonregController.php(55): Composer\Autoload\ClassLoader->loadClass('App\\Models\\Memorandum\\ProgramModel')
 4 SYSTEMPATH\CodeIgniter.php(903): App\Controllers\KonregController->__construct()
 5 SYSTEMPATH\CodeIgniter.php(500): CodeIgniter\CodeIgniter->createController()
 6 SYSTEMPATH\CodeIgniter.php(355): CodeIgniter\CodeIgniter->handleRequest(null, Object(Config\Cache), false)
 7 SYSTEMPATH\Boot.php(325): CodeIgniter\CodeIgniter->run()
 8 SYSTEMPATH\Boot.php(67): CodeIgniter\Boot::runCodeIgniter(Object(CodeIgniter\CodeIgniter))
 9 FCPATH\index.php(56): CodeIgniter\Boot::bootWeb(Object(Config\Paths))
WARNING - 2025-04-28 03:32:12 --> [DEPRECATED] Optional parameter $catatan_desk2 declared before required parameter $id_pendanaan is implicitly treated as a required parameter in APPPATH\Models\Memorandum\ProgramModel.php on line 112.
 1 VENDORPATH\composer\ClassLoader.php(576): include('C:\\xampp\\htdocs\\sipro24\\vendor\\codeigniter4\\framework\\system\\Debug\\Exceptions.php')
 2 VENDORPATH\composer\ClassLoader.php(427): Composer\Autoload\{closure}('C:\\xampp\\htdocs\\sipro24\\vendor\\composer/../../app/Models/Memorandum/ProgramModel.php')
 3 APPPATH\Controllers\KonregController.php(55): Composer\Autoload\ClassLoader->loadClass('App\\Models\\Memorandum\\ProgramModel')
 4 SYSTEMPATH\CodeIgniter.php(903): App\Controllers\KonregController->__construct()
 5 SYSTEMPATH\CodeIgniter.php(500): CodeIgniter\CodeIgniter->createController()
 6 SYSTEMPATH\CodeIgniter.php(355): CodeIgniter\CodeIgniter->handleRequest(null, Object(Config\Cache), false)
 7 SYSTEMPATH\Boot.php(325): CodeIgniter\CodeIgniter->run()
 8 SYSTEMPATH\Boot.php(67): CodeIgniter\Boot::runCodeIgniter(Object(CodeIgniter\CodeIgniter))
 9 FCPATH\index.php(56): CodeIgniter\Boot::bootWeb(Object(Config\Paths))
WARNING - 2025-04-28 03:32:12 --> [DEPRECATED] Optional parameter $desk declared before required parameter $id_pendanaan is implicitly treated as a required parameter in APPPATH\Models\Memorandum\ProgramModel.php on line 112.
 1 VENDORPATH\composer\ClassLoader.php(576): include('C:\\xampp\\htdocs\\sipro24\\vendor\\codeigniter4\\framework\\system\\Debug\\Exceptions.php')
 2 VENDORPATH\composer\ClassLoader.php(427): Composer\Autoload\{closure}('C:\\xampp\\htdocs\\sipro24\\vendor\\composer/../../app/Models/Memorandum/ProgramModel.php')
 3 APPPATH\Controllers\KonregController.php(55): Composer\Autoload\ClassLoader->loadClass('App\\Models\\Memorandum\\ProgramModel')
 4 SYSTEMPATH\CodeIgniter.php(903): App\Controllers\KonregController->__construct()
 5 SYSTEMPATH\CodeIgniter.php(500): CodeIgniter\CodeIgniter->createController()
 6 SYSTEMPATH\CodeIgniter.php(355): CodeIgniter\CodeIgniter->handleRequest(null, Object(Config\Cache), false)
 7 SYSTEMPATH\Boot.php(325): CodeIgniter\CodeIgniter->run()
 8 SYSTEMPATH\Boot.php(67): CodeIgniter\Boot::runCodeIgniter(Object(CodeIgniter\CodeIgniter))
 9 FCPATH\index.php(56): CodeIgniter\Boot::bootWeb(Object(Config\Paths))
INFO - 2025-04-28 03:33:03 --> Session: Class initialized using 'CodeIgniter\Session\Handlers\FileHandler' driver.
WARNING - 2025-04-28 03:33:03 --> [DEPRECATED] Optional parameter $catatan_bpiw declared before required parameter $id_pendanaan is implicitly treated as a required parameter in APPPATH\Models\Memorandum\ProgramModel.php on line 112.
 1 VENDORPATH\composer\ClassLoader.php(576): include('C:\\xampp\\htdocs\\sipro24\\vendor\\codeigniter4\\framework\\system\\Debug\\Exceptions.php')
 2 VENDORPATH\composer\ClassLoader.php(427): Composer\Autoload\{closure}('C:\\xampp\\htdocs\\sipro24\\vendor\\composer/../../app/Models/Memorandum/ProgramModel.php')
 3 APPPATH\Controllers\KonregController.php(55): Composer\Autoload\ClassLoader->loadClass('App\\Models\\Memorandum\\ProgramModel')
 4 SYSTEMPATH\CodeIgniter.php(903): App\Controllers\KonregController->__construct()
 5 SYSTEMPATH\CodeIgniter.php(500): CodeIgniter\CodeIgniter->createController()
 6 SYSTEMPATH\CodeIgniter.php(355): CodeIgniter\CodeIgniter->handleRequest(null, Object(Config\Cache), false)
 7 SYSTEMPATH\Boot.php(325): CodeIgniter\CodeIgniter->run()
 8 SYSTEMPATH\Boot.php(67): CodeIgniter\Boot::runCodeIgniter(Object(CodeIgniter\CodeIgniter))
 9 FCPATH\index.php(56): CodeIgniter\Boot::bootWeb(Object(Config\Paths))
WARNING - 2025-04-28 03:33:03 --> [DEPRECATED] Optional parameter $catatan_unor declared before required parameter $id_pendanaan is implicitly treated as a required parameter in APPPATH\Models\Memorandum\ProgramModel.php on line 112.
 1 VENDORPATH\composer\ClassLoader.php(576): include('C:\\xampp\\htdocs\\sipro24\\vendor\\codeigniter4\\framework\\system\\Debug\\Exceptions.php')
 2 VENDORPATH\composer\ClassLoader.php(427): Composer\Autoload\{closure}('C:\\xampp\\htdocs\\sipro24\\vendor\\composer/../../app/Models/Memorandum/ProgramModel.php')
 3 APPPATH\Controllers\KonregController.php(55): Composer\Autoload\ClassLoader->loadClass('App\\Models\\Memorandum\\ProgramModel')
 4 SYSTEMPATH\CodeIgniter.php(903): App\Controllers\KonregController->__construct()
 5 SYSTEMPATH\CodeIgniter.php(500): CodeIgniter\CodeIgniter->createController()
 6 SYSTEMPATH\CodeIgniter.php(355): CodeIgniter\CodeIgniter->handleRequest(null, Object(Config\Cache), false)
 7 SYSTEMPATH\Boot.php(325): CodeIgniter\CodeIgniter->run()
 8 SYSTEMPATH\Boot.php(67): CodeIgniter\Boot::runCodeIgniter(Object(CodeIgniter\CodeIgniter))
 9 FCPATH\index.php(56): CodeIgniter\Boot::bootWeb(Object(Config\Paths))
WARNING - 2025-04-28 03:33:03 --> [DEPRECATED] Optional parameter $catatan_desk2 declared before required parameter $id_pendanaan is implicitly treated as a required parameter in APPPATH\Models\Memorandum\ProgramModel.php on line 112.
 1 VENDORPATH\composer\ClassLoader.php(576): include('C:\\xampp\\htdocs\\sipro24\\vendor\\codeigniter4\\framework\\system\\Debug\\Exceptions.php')
 2 VENDORPATH\composer\ClassLoader.php(427): Composer\Autoload\{closure}('C:\\xampp\\htdocs\\sipro24\\vendor\\composer/../../app/Models/Memorandum/ProgramModel.php')
 3 APPPATH\Controllers\KonregController.php(55): Composer\Autoload\ClassLoader->loadClass('App\\Models\\Memorandum\\ProgramModel')
 4 SYSTEMPATH\CodeIgniter.php(903): App\Controllers\KonregController->__construct()
 5 SYSTEMPATH\CodeIgniter.php(500): CodeIgniter\CodeIgniter->createController()
 6 SYSTEMPATH\CodeIgniter.php(355): CodeIgniter\CodeIgniter->handleRequest(null, Object(Config\Cache), false)
 7 SYSTEMPATH\Boot.php(325): CodeIgniter\CodeIgniter->run()
 8 SYSTEMPATH\Boot.php(67): CodeIgniter\Boot::runCodeIgniter(Object(CodeIgniter\CodeIgniter))
 9 FCPATH\index.php(56): CodeIgniter\Boot::bootWeb(Object(Config\Paths))
WARNING - 2025-04-28 03:33:03 --> [DEPRECATED] Optional parameter $desk declared before required parameter $id_pendanaan is implicitly treated as a required parameter in APPPATH\Models\Memorandum\ProgramModel.php on line 112.
 1 VENDORPATH\composer\ClassLoader.php(576): include('C:\\xampp\\htdocs\\sipro24\\vendor\\codeigniter4\\framework\\system\\Debug\\Exceptions.php')
 2 VENDORPATH\composer\ClassLoader.php(427): Composer\Autoload\{closure}('C:\\xampp\\htdocs\\sipro24\\vendor\\composer/../../app/Models/Memorandum/ProgramModel.php')
 3 APPPATH\Controllers\KonregController.php(55): Composer\Autoload\ClassLoader->loadClass('App\\Models\\Memorandum\\ProgramModel')
 4 SYSTEMPATH\CodeIgniter.php(903): App\Controllers\KonregController->__construct()
 5 SYSTEMPATH\CodeIgniter.php(500): CodeIgniter\CodeIgniter->createController()
 6 SYSTEMPATH\CodeIgniter.php(355): CodeIgniter\CodeIgniter->handleRequest(null, Object(Config\Cache), false)
 7 SYSTEMPATH\Boot.php(325): CodeIgniter\CodeIgniter->run()
 8 SYSTEMPATH\Boot.php(67): CodeIgniter\Boot::runCodeIgniter(Object(CodeIgniter\CodeIgniter))
 9 FCPATH\index.php(56): CodeIgniter\Boot::bootWeb(Object(Config\Paths))
INFO - 2025-04-28 03:33:06 --> Session: Class initialized using 'CodeIgniter\Session\Handlers\FileHandler' driver.
WARNING - 2025-04-28 03:33:06 --> [DEPRECATED] Optional parameter $catatan_bpiw declared before required parameter $id_pendanaan is implicitly treated as a required parameter in APPPATH\Models\Memorandum\ProgramModel.php on line 112.
 1 VENDORPATH\composer\ClassLoader.php(576): include('C:\\xampp\\htdocs\\sipro24\\vendor\\codeigniter4\\framework\\system\\Debug\\Exceptions.php')
 2 VENDORPATH\composer\ClassLoader.php(427): Composer\Autoload\{closure}('C:\\xampp\\htdocs\\sipro24\\vendor\\composer/../../app/Models/Memorandum/ProgramModel.php')
 3 APPPATH\Controllers\KonregController.php(55): Composer\Autoload\ClassLoader->loadClass('App\\Models\\Memorandum\\ProgramModel')
 4 SYSTEMPATH\CodeIgniter.php(903): App\Controllers\KonregController->__construct()
 5 SYSTEMPATH\CodeIgniter.php(500): CodeIgniter\CodeIgniter->createController()
 6 SYSTEMPATH\CodeIgniter.php(355): CodeIgniter\CodeIgniter->handleRequest(null, Object(Config\Cache), false)
 7 SYSTEMPATH\Boot.php(325): CodeIgniter\CodeIgniter->run()
 8 SYSTEMPATH\Boot.php(67): CodeIgniter\Boot::runCodeIgniter(Object(CodeIgniter\CodeIgniter))
 9 FCPATH\index.php(56): CodeIgniter\Boot::bootWeb(Object(Config\Paths))
WARNING - 2025-04-28 03:33:07 --> [DEPRECATED] Optional parameter $catatan_unor declared before required parameter $id_pendanaan is implicitly treated as a required parameter in APPPATH\Models\Memorandum\ProgramModel.php on line 112.
 1 VENDORPATH\composer\ClassLoader.php(576): include('C:\\xampp\\htdocs\\sipro24\\vendor\\codeigniter4\\framework\\system\\Debug\\Exceptions.php')
 2 VENDORPATH\composer\ClassLoader.php(427): Composer\Autoload\{closure}('C:\\xampp\\htdocs\\sipro24\\vendor\\composer/../../app/Models/Memorandum/ProgramModel.php')
 3 APPPATH\Controllers\KonregController.php(55): Composer\Autoload\ClassLoader->loadClass('App\\Models\\Memorandum\\ProgramModel')
 4 SYSTEMPATH\CodeIgniter.php(903): App\Controllers\KonregController->__construct()
 5 SYSTEMPATH\CodeIgniter.php(500): CodeIgniter\CodeIgniter->createController()
 6 SYSTEMPATH\CodeIgniter.php(355): CodeIgniter\CodeIgniter->handleRequest(null, Object(Config\Cache), false)
 7 SYSTEMPATH\Boot.php(325): CodeIgniter\CodeIgniter->run()
 8 SYSTEMPATH\Boot.php(67): CodeIgniter\Boot::runCodeIgniter(Object(CodeIgniter\CodeIgniter))
 9 FCPATH\index.php(56): CodeIgniter\Boot::bootWeb(Object(Config\Paths))
WARNING - 2025-04-28 03:33:07 --> [DEPRECATED] Optional parameter $catatan_desk2 declared before required parameter $id_pendanaan is implicitly treated as a required parameter in APPPATH\Models\Memorandum\ProgramModel.php on line 112.
 1 VENDORPATH\composer\ClassLoader.php(576): include('C:\\xampp\\htdocs\\sipro24\\vendor\\codeigniter4\\framework\\system\\Debug\\Exceptions.php')
 2 VENDORPATH\composer\ClassLoader.php(427): Composer\Autoload\{closure}('C:\\xampp\\htdocs\\sipro24\\vendor\\composer/../../app/Models/Memorandum/ProgramModel.php')
 3 APPPATH\Controllers\KonregController.php(55): Composer\Autoload\ClassLoader->loadClass('App\\Models\\Memorandum\\ProgramModel')
 4 SYSTEMPATH\CodeIgniter.php(903): App\Controllers\KonregController->__construct()
 5 SYSTEMPATH\CodeIgniter.php(500): CodeIgniter\CodeIgniter->createController()
 6 SYSTEMPATH\CodeIgniter.php(355): CodeIgniter\CodeIgniter->handleRequest(null, Object(Config\Cache), false)
 7 SYSTEMPATH\Boot.php(325): CodeIgniter\CodeIgniter->run()
 8 SYSTEMPATH\Boot.php(67): CodeIgniter\Boot::runCodeIgniter(Object(CodeIgniter\CodeIgniter))
 9 FCPATH\index.php(56): CodeIgniter\Boot::bootWeb(Object(Config\Paths))
WARNING - 2025-04-28 03:33:07 --> [DEPRECATED] Optional parameter $desk declared before required parameter $id_pendanaan is implicitly treated as a required parameter in APPPATH\Models\Memorandum\ProgramModel.php on line 112.
 1 VENDORPATH\composer\ClassLoader.php(576): include('C:\\xampp\\htdocs\\sipro24\\vendor\\codeigniter4\\framework\\system\\Debug\\Exceptions.php')
 2 VENDORPATH\composer\ClassLoader.php(427): Composer\Autoload\{closure}('C:\\xampp\\htdocs\\sipro24\\vendor\\composer/../../app/Models/Memorandum/ProgramModel.php')
 3 APPPATH\Controllers\KonregController.php(55): Composer\Autoload\ClassLoader->loadClass('App\\Models\\Memorandum\\ProgramModel')
 4 SYSTEMPATH\CodeIgniter.php(903): App\Controllers\KonregController->__construct()
 5 SYSTEMPATH\CodeIgniter.php(500): CodeIgniter\CodeIgniter->createController()
 6 SYSTEMPATH\CodeIgniter.php(355): CodeIgniter\CodeIgniter->handleRequest(null, Object(Config\Cache), false)
 7 SYSTEMPATH\Boot.php(325): CodeIgniter\CodeIgniter->run()
 8 SYSTEMPATH\Boot.php(67): CodeIgniter\Boot::runCodeIgniter(Object(CodeIgniter\CodeIgniter))
 9 FCPATH\index.php(56): CodeIgniter\Boot::bootWeb(Object(Config\Paths))
INFO - 2025-04-28 03:34:32 --> Session: Class initialized using 'CodeIgniter\Session\Handlers\FileHandler' driver.
INFO - 2025-04-28 03:58:37 --> Session: Class initialized using 'CodeIgniter\Session\Handlers\FileHandler' driver.
INFO - 2025-04-28 04:02:38 --> Session: Class initialized using 'CodeIgniter\Session\Handlers\FileHandler' driver.
INFO - 2025-04-28 07:17:03 --> Session: Class initialized using 'CodeIgniter\Session\Handlers\FileHandler' driver.
INFO - 2025-04-28 07:17:04 --> Session: Class initialized using 'CodeIgniter\Session\Handlers\FileHandler' driver.
INFO - 2025-04-28 07:17:06 --> Session: Class initialized using 'CodeIgniter\Session\Handlers\FileHandler' driver.
INFO - 2025-04-28 07:17:08 --> Session: Class initialized using 'CodeIgniter\Session\Handlers\FileHandler' driver.
INFO - 2025-04-28 07:17:09 --> Session: Class initialized using 'CodeIgniter\Session\Handlers\FileHandler' driver.
INFO - 2025-04-28 07:17:13 --> Session: Class initialized using 'CodeIgniter\Session\Handlers\FileHandler' driver.
INFO - 2025-04-28 08:22:36 --> Session: Class initialized using 'CodeIgniter\Session\Handlers\FileHandler' driver.
INFO - 2025-04-28 08:22:43 --> Session: Class initialized using 'CodeIgniter\Session\Handlers\FileHandler' driver.
INFO - 2025-04-28 08:22:47 --> Session: Class initialized using 'CodeIgniter\Session\Handlers\FileHandler' driver.
INFO - 2025-04-28 08:33:16 --> Session: Class initialized using 'CodeIgniter\Session\Handlers\FileHandler' driver.
INFO - 2025-04-28 08:33:19 --> Session: Class initialized using 'CodeIgniter\Session\Handlers\FileHandler' driver.
INFO - 2025-04-28 08:39:23 --> Session: Class initialized using 'CodeIgniter\Session\Handlers\FileHandler' driver.
INFO - 2025-04-28 08:39:24 --> Session: Class initialized using 'CodeIgniter\Session\Handlers\FileHandler' driver.
INFO - 2025-04-28 08:39:41 --> Session: Class initialized using 'CodeIgniter\Session\Handlers\FileHandler' driver.
INFO - 2025-04-28 08:39:43 --> Session: Class initialized using 'CodeIgniter\Session\Handlers\FileHandler' driver.
INFO - 2025-04-28 08:40:18 --> Session: Class initialized using 'CodeIgniter\Session\Handlers\FileHandler' driver.
WARNING - 2025-04-28 08:40:18 --> [DEPRECATED] Optional parameter $catatan_bpiw declared before required parameter $id_pendanaan is implicitly treated as a required parameter in APPPATH\Models\Memorandum\ProgramModel.php on line 112.
 1 VENDORPATH\composer\ClassLoader.php(576): include('C:\\xampp\\htdocs\\sipro24\\vendor\\codeigniter4\\framework\\system\\Debug\\Exceptions.php')
 2 VENDORPATH\composer\ClassLoader.php(427): Composer\Autoload\{closure}('C:\\xampp\\htdocs\\sipro24\\vendor\\composer/../../app/Models/Memorandum/ProgramModel.php')
 3 APPPATH\Controllers\KonregController.php(55): Composer\Autoload\ClassLoader->loadClass('App\\Models\\Memorandum\\ProgramModel')
 4 SYSTEMPATH\CodeIgniter.php(903): App\Controllers\KonregController->__construct()
 5 SYSTEMPATH\CodeIgniter.php(500): CodeIgniter\CodeIgniter->createController()
 6 SYSTEMPATH\CodeIgniter.php(355): CodeIgniter\CodeIgniter->handleRequest(null, Object(Config\Cache), false)
 7 SYSTEMPATH\Boot.php(325): CodeIgniter\CodeIgniter->run()
 8 SYSTEMPATH\Boot.php(67): CodeIgniter\Boot::runCodeIgniter(Object(CodeIgniter\CodeIgniter))
 9 FCPATH\index.php(56): CodeIgniter\Boot::bootWeb(Object(Config\Paths))
WARNING - 2025-04-28 08:40:18 --> [DEPRECATED] Optional parameter $catatan_unor declared before required parameter $id_pendanaan is implicitly treated as a required parameter in APPPATH\Models\Memorandum\ProgramModel.php on line 112.
 1 VENDORPATH\composer\ClassLoader.php(576): include('C:\\xampp\\htdocs\\sipro24\\vendor\\codeigniter4\\framework\\system\\Debug\\Exceptions.php')
 2 VENDORPATH\composer\ClassLoader.php(427): Composer\Autoload\{closure}('C:\\xampp\\htdocs\\sipro24\\vendor\\composer/../../app/Models/Memorandum/ProgramModel.php')
 3 APPPATH\Controllers\KonregController.php(55): Composer\Autoload\ClassLoader->loadClass('App\\Models\\Memorandum\\ProgramModel')
 4 SYSTEMPATH\CodeIgniter.php(903): App\Controllers\KonregController->__construct()
 5 SYSTEMPATH\CodeIgniter.php(500): CodeIgniter\CodeIgniter->createController()
 6 SYSTEMPATH\CodeIgniter.php(355): CodeIgniter\CodeIgniter->handleRequest(null, Object(Config\Cache), false)
 7 SYSTEMPATH\Boot.php(325): CodeIgniter\CodeIgniter->run()
 8 SYSTEMPATH\Boot.php(67): CodeIgniter\Boot::runCodeIgniter(Object(CodeIgniter\CodeIgniter))
 9 FCPATH\index.php(56): CodeIgniter\Boot::bootWeb(Object(Config\Paths))
WARNING - 2025-04-28 08:40:18 --> [DEPRECATED] Optional parameter $catatan_desk2 declared before required parameter $id_pendanaan is implicitly treated as a required parameter in APPPATH\Models\Memorandum\ProgramModel.php on line 112.
 1 VENDORPATH\composer\ClassLoader.php(576): include('C:\\xampp\\htdocs\\sipro24\\vendor\\codeigniter4\\framework\\system\\Debug\\Exceptions.php')
 2 VENDORPATH\composer\ClassLoader.php(427): Composer\Autoload\{closure}('C:\\xampp\\htdocs\\sipro24\\vendor\\composer/../../app/Models/Memorandum/ProgramModel.php')
 3 APPPATH\Controllers\KonregController.php(55): Composer\Autoload\ClassLoader->loadClass('App\\Models\\Memorandum\\ProgramModel')
 4 SYSTEMPATH\CodeIgniter.php(903): App\Controllers\KonregController->__construct()
 5 SYSTEMPATH\CodeIgniter.php(500): CodeIgniter\CodeIgniter->createController()
 6 SYSTEMPATH\CodeIgniter.php(355): CodeIgniter\CodeIgniter->handleRequest(null, Object(Config\Cache), false)
 7 SYSTEMPATH\Boot.php(325): CodeIgniter\CodeIgniter->run()
 8 SYSTEMPATH\Boot.php(67): CodeIgniter\Boot::runCodeIgniter(Object(CodeIgniter\CodeIgniter))
 9 FCPATH\index.php(56): CodeIgniter\Boot::bootWeb(Object(Config\Paths))
WARNING - 2025-04-28 08:40:18 --> [DEPRECATED] Optional parameter $desk declared before required parameter $id_pendanaan is implicitly treated as a required parameter in APPPATH\Models\Memorandum\ProgramModel.php on line 112.
 1 VENDORPATH\composer\ClassLoader.php(576): include('C:\\xampp\\htdocs\\sipro24\\vendor\\codeigniter4\\framework\\system\\Debug\\Exceptions.php')
 2 VENDORPATH\composer\ClassLoader.php(427): Composer\Autoload\{closure}('C:\\xampp\\htdocs\\sipro24\\vendor\\composer/../../app/Models/Memorandum/ProgramModel.php')
 3 APPPATH\Controllers\KonregController.php(55): Composer\Autoload\ClassLoader->loadClass('App\\Models\\Memorandum\\ProgramModel')
 4 SYSTEMPATH\CodeIgniter.php(903): App\Controllers\KonregController->__construct()
 5 SYSTEMPATH\CodeIgniter.php(500): CodeIgniter\CodeIgniter->createController()
 6 SYSTEMPATH\CodeIgniter.php(355): CodeIgniter\CodeIgniter->handleRequest(null, Object(Config\Cache), false)
 7 SYSTEMPATH\Boot.php(325): CodeIgniter\CodeIgniter->run()
 8 SYSTEMPATH\Boot.php(67): CodeIgniter\Boot::runCodeIgniter(Object(CodeIgniter\CodeIgniter))
 9 FCPATH\index.php(56): CodeIgniter\Boot::bootWeb(Object(Config\Paths))
INFO - 2025-04-28 08:41:09 --> Session: Class initialized using 'CodeIgniter\Session\Handlers\FileHandler' driver.
INFO - 2025-04-28 08:41:09 --> Session: Class initialized using 'CodeIgniter\Session\Handlers\FileHandler' driver.
INFO - 2025-04-28 08:41:15 --> Session: Class initialized using 'CodeIgniter\Session\Handlers\FileHandler' driver.
WARNING - 2025-04-28 08:41:15 --> [DEPRECATED] Optional parameter $catatan_bpiw declared before required parameter $id_pendanaan is implicitly treated as a required parameter in APPPATH\Models\Memorandum\ProgramModel.php on line 112.
 1 VENDORPATH\composer\ClassLoader.php(576): include('C:\\xampp\\htdocs\\sipro24\\vendor\\codeigniter4\\framework\\system\\Debug\\Exceptions.php')
 2 VENDORPATH\composer\ClassLoader.php(427): Composer\Autoload\{closure}('C:\\xampp\\htdocs\\sipro24\\vendor\\composer/../../app/Models/Memorandum/ProgramModel.php')
 3 APPPATH\Controllers\KonregController.php(55): Composer\Autoload\ClassLoader->loadClass('App\\Models\\Memorandum\\ProgramModel')
 4 SYSTEMPATH\CodeIgniter.php(903): App\Controllers\KonregController->__construct()
 5 SYSTEMPATH\CodeIgniter.php(500): CodeIgniter\CodeIgniter->createController()
 6 SYSTEMPATH\CodeIgniter.php(355): CodeIgniter\CodeIgniter->handleRequest(null, Object(Config\Cache), false)
 7 SYSTEMPATH\Boot.php(325): CodeIgniter\CodeIgniter->run()
 8 SYSTEMPATH\Boot.php(67): CodeIgniter\Boot::runCodeIgniter(Object(CodeIgniter\CodeIgniter))
 9 FCPATH\index.php(56): CodeIgniter\Boot::bootWeb(Object(Config\Paths))
WARNING - 2025-04-28 08:41:15 --> [DEPRECATED] Optional parameter $catatan_unor declared before required parameter $id_pendanaan is implicitly treated as a required parameter in APPPATH\Models\Memorandum\ProgramModel.php on line 112.
 1 VENDORPATH\composer\ClassLoader.php(576): include('C:\\xampp\\htdocs\\sipro24\\vendor\\codeigniter4\\framework\\system\\Debug\\Exceptions.php')
 2 VENDORPATH\composer\ClassLoader.php(427): Composer\Autoload\{closure}('C:\\xampp\\htdocs\\sipro24\\vendor\\composer/../../app/Models/Memorandum/ProgramModel.php')
 3 APPPATH\Controllers\KonregController.php(55): Composer\Autoload\ClassLoader->loadClass('App\\Models\\Memorandum\\ProgramModel')
 4 SYSTEMPATH\CodeIgniter.php(903): App\Controllers\KonregController->__construct()
 5 SYSTEMPATH\CodeIgniter.php(500): CodeIgniter\CodeIgniter->createController()
 6 SYSTEMPATH\CodeIgniter.php(355): CodeIgniter\CodeIgniter->handleRequest(null, Object(Config\Cache), false)
 7 SYSTEMPATH\Boot.php(325): CodeIgniter\CodeIgniter->run()
 8 SYSTEMPATH\Boot.php(67): CodeIgniter\Boot::runCodeIgniter(Object(CodeIgniter\CodeIgniter))
 9 FCPATH\index.php(56): CodeIgniter\Boot::bootWeb(Object(Config\Paths))
WARNING - 2025-04-28 08:41:15 --> [DEPRECATED] Optional parameter $catatan_desk2 declared before required parameter $id_pendanaan is implicitly treated as a required parameter in APPPATH\Models\Memorandum\ProgramModel.php on line 112.
 1 VENDORPATH\composer\ClassLoader.php(576): include('C:\\xampp\\htdocs\\sipro24\\vendor\\codeigniter4\\framework\\system\\Debug\\Exceptions.php')
 2 VENDORPATH\composer\ClassLoader.php(427): Composer\Autoload\{closure}('C:\\xampp\\htdocs\\sipro24\\vendor\\composer/../../app/Models/Memorandum/ProgramModel.php')
 3 APPPATH\Controllers\KonregController.php(55): Composer\Autoload\ClassLoader->loadClass('App\\Models\\Memorandum\\ProgramModel')
 4 SYSTEMPATH\CodeIgniter.php(903): App\Controllers\KonregController->__construct()
 5 SYSTEMPATH\CodeIgniter.php(500): CodeIgniter\CodeIgniter->createController()
 6 SYSTEMPATH\CodeIgniter.php(355): CodeIgniter\CodeIgniter->handleRequest(null, Object(Config\Cache), false)
 7 SYSTEMPATH\Boot.php(325): CodeIgniter\CodeIgniter->run()
 8 SYSTEMPATH\Boot.php(67): CodeIgniter\Boot::runCodeIgniter(Object(CodeIgniter\CodeIgniter))
 9 FCPATH\index.php(56): CodeIgniter\Boot::bootWeb(Object(Config\Paths))
WARNING - 2025-04-28 08:41:15 --> [DEPRECATED] Optional parameter $desk declared before required parameter $id_pendanaan is implicitly treated as a required parameter in APPPATH\Models\Memorandum\ProgramModel.php on line 112.
 1 VENDORPATH\composer\ClassLoader.php(576): include('C:\\xampp\\htdocs\\sipro24\\vendor\\codeigniter4\\framework\\system\\Debug\\Exceptions.php')
 2 VENDORPATH\composer\ClassLoader.php(427): Composer\Autoload\{closure}('C:\\xampp\\htdocs\\sipro24\\vendor\\composer/../../app/Models/Memorandum/ProgramModel.php')
 3 APPPATH\Controllers\KonregController.php(55): Composer\Autoload\ClassLoader->loadClass('App\\Models\\Memorandum\\ProgramModel')
 4 SYSTEMPATH\CodeIgniter.php(903): App\Controllers\KonregController->__construct()
 5 SYSTEMPATH\CodeIgniter.php(500): CodeIgniter\CodeIgniter->createController()
 6 SYSTEMPATH\CodeIgniter.php(355): CodeIgniter\CodeIgniter->handleRequest(null, Object(Config\Cache), false)
 7 SYSTEMPATH\Boot.php(325): CodeIgniter\CodeIgniter->run()
 8 SYSTEMPATH\Boot.php(67): CodeIgniter\Boot::runCodeIgniter(Object(CodeIgniter\CodeIgniter))
 9 FCPATH\index.php(56): CodeIgniter\Boot::bootWeb(Object(Config\Paths))
INFO - 2025-04-28 15:41:19 --> Session: Class initialized using 'CodeIgniter\Session\Handlers\FileHandler' driver.
WARNING - 2025-04-28 15:41:19 --> [DEPRECATED] Optional parameter $catatan_bpiw declared before required parameter $id_pendanaan is implicitly treated as a required parameter in APPPATH\Models\Memorandum\ProgramModel.php on line 112.
 1 VENDORPATH\composer\ClassLoader.php(576): include('C:\\xampp\\htdocs\\sipro24\\vendor\\codeigniter4\\framework\\system\\Debug\\Exceptions.php')
 2 VENDORPATH\composer\ClassLoader.php(427): Composer\Autoload\{closure}('C:\\xampp\\htdocs\\sipro24\\vendor\\composer/../../app/Models/Memorandum/ProgramModel.php')
 3 APPPATH\Controllers\KonregController.php(55): Composer\Autoload\ClassLoader->loadClass('App\\Models\\Memorandum\\ProgramModel')
 4 SYSTEMPATH\CodeIgniter.php(903): App\Controllers\KonregController->__construct()
 5 SYSTEMPATH\CodeIgniter.php(500): CodeIgniter\CodeIgniter->createController()
 6 SYSTEMPATH\CodeIgniter.php(355): CodeIgniter\CodeIgniter->handleRequest(null, Object(Config\Cache), false)
 7 SYSTEMPATH\Boot.php(325): CodeIgniter\CodeIgniter->run()
 8 SYSTEMPATH\Boot.php(67): CodeIgniter\Boot::runCodeIgniter(Object(CodeIgniter\CodeIgniter))
 9 FCPATH\index.php(56): CodeIgniter\Boot::bootWeb(Object(Config\Paths))
WARNING - 2025-04-28 15:41:19 --> [DEPRECATED] Optional parameter $catatan_unor declared before required parameter $id_pendanaan is implicitly treated as a required parameter in APPPATH\Models\Memorandum\ProgramModel.php on line 112.
 1 VENDORPATH\composer\ClassLoader.php(576): include('C:\\xampp\\htdocs\\sipro24\\vendor\\codeigniter4\\framework\\system\\Debug\\Exceptions.php')
 2 VENDORPATH\composer\ClassLoader.php(427): Composer\Autoload\{closure}('C:\\xampp\\htdocs\\sipro24\\vendor\\composer/../../app/Models/Memorandum/ProgramModel.php')
 3 APPPATH\Controllers\KonregController.php(55): Composer\Autoload\ClassLoader->loadClass('App\\Models\\Memorandum\\ProgramModel')
 4 SYSTEMPATH\CodeIgniter.php(903): App\Controllers\KonregController->__construct()
 5 SYSTEMPATH\CodeIgniter.php(500): CodeIgniter\CodeIgniter->createController()
 6 SYSTEMPATH\CodeIgniter.php(355): CodeIgniter\CodeIgniter->handleRequest(null, Object(Config\Cache), false)
 7 SYSTEMPATH\Boot.php(325): CodeIgniter\CodeIgniter->run()
 8 SYSTEMPATH\Boot.php(67): CodeIgniter\Boot::runCodeIgniter(Object(CodeIgniter\CodeIgniter))
 9 FCPATH\index.php(56): CodeIgniter\Boot::bootWeb(Object(Config\Paths))
WARNING - 2025-04-28 15:41:19 --> [DEPRECATED] Optional parameter $catatan_desk2 declared before required parameter $id_pendanaan is implicitly treated as a required parameter in APPPATH\Models\Memorandum\ProgramModel.php on line 112.
 1 VENDORPATH\composer\ClassLoader.php(576): include('C:\\xampp\\htdocs\\sipro24\\vendor\\codeigniter4\\framework\\system\\Debug\\Exceptions.php')
 2 VENDORPATH\composer\ClassLoader.php(427): Composer\Autoload\{closure}('C:\\xampp\\htdocs\\sipro24\\vendor\\composer/../../app/Models/Memorandum/ProgramModel.php')
 3 APPPATH\Controllers\KonregController.php(55): Composer\Autoload\ClassLoader->loadClass('App\\Models\\Memorandum\\ProgramModel')
 4 SYSTEMPATH\CodeIgniter.php(903): App\Controllers\KonregController->__construct()
 5 SYSTEMPATH\CodeIgniter.php(500): CodeIgniter\CodeIgniter->createController()
 6 SYSTEMPATH\CodeIgniter.php(355): CodeIgniter\CodeIgniter->handleRequest(null, Object(Config\Cache), false)
 7 SYSTEMPATH\Boot.php(325): CodeIgniter\CodeIgniter->run()
 8 SYSTEMPATH\Boot.php(67): CodeIgniter\Boot::runCodeIgniter(Object(CodeIgniter\CodeIgniter))
 9 FCPATH\index.php(56): CodeIgniter\Boot::bootWeb(Object(Config\Paths))
WARNING - 2025-04-28 15:41:19 --> [DEPRECATED] Optional parameter $desk declared before required parameter $id_pendanaan is implicitly treated as a required parameter in APPPATH\Models\Memorandum\ProgramModel.php on line 112.
 1 VENDORPATH\composer\ClassLoader.php(576): include('C:\\xampp\\htdocs\\sipro24\\vendor\\codeigniter4\\framework\\system\\Debug\\Exceptions.php')
 2 VENDORPATH\composer\ClassLoader.php(427): Composer\Autoload\{closure}('C:\\xampp\\htdocs\\sipro24\\vendor\\composer/../../app/Models/Memorandum/ProgramModel.php')
 3 APPPATH\Controllers\KonregController.php(55): Composer\Autoload\ClassLoader->loadClass('App\\Models\\Memorandum\\ProgramModel')
 4 SYSTEMPATH\CodeIgniter.php(903): App\Controllers\KonregController->__construct()
 5 SYSTEMPATH\CodeIgniter.php(500): CodeIgniter\CodeIgniter->createController()
 6 SYSTEMPATH\CodeIgniter.php(355): CodeIgniter\CodeIgniter->handleRequest(null, Object(Config\Cache), false)
 7 SYSTEMPATH\Boot.php(325): CodeIgniter\CodeIgniter->run()
 8 SYSTEMPATH\Boot.php(67): CodeIgniter\Boot::runCodeIgniter(Object(CodeIgniter\CodeIgniter))
 9 FCPATH\index.php(56): CodeIgniter\Boot::bootWeb(Object(Config\Paths))
INFO - 2025-04-28 08:41:35 --> Session: Class initialized using 'CodeIgniter\Session\Handlers\FileHandler' driver.
WARNING - 2025-04-28 08:41:36 --> [DEPRECATED] Optional parameter $catatan_bpiw declared before required parameter $id_pendanaan is implicitly treated as a required parameter in APPPATH\Models\Memorandum\ProgramModel.php on line 112.
 1 VENDORPATH\composer\ClassLoader.php(576): include('C:\\xampp\\htdocs\\sipro24\\vendor\\codeigniter4\\framework\\system\\Debug\\Exceptions.php')
 2 VENDORPATH\composer\ClassLoader.php(427): Composer\Autoload\{closure}('C:\\xampp\\htdocs\\sipro24\\vendor\\composer/../../app/Models/Memorandum/ProgramModel.php')
 3 APPPATH\Controllers\KonregController.php(55): Composer\Autoload\ClassLoader->loadClass('App\\Models\\Memorandum\\ProgramModel')
 4 SYSTEMPATH\CodeIgniter.php(903): App\Controllers\KonregController->__construct()
 5 SYSTEMPATH\CodeIgniter.php(500): CodeIgniter\CodeIgniter->createController()
 6 SYSTEMPATH\CodeIgniter.php(355): CodeIgniter\CodeIgniter->handleRequest(null, Object(Config\Cache), false)
 7 SYSTEMPATH\Boot.php(325): CodeIgniter\CodeIgniter->run()
 8 SYSTEMPATH\Boot.php(67): CodeIgniter\Boot::runCodeIgniter(Object(CodeIgniter\CodeIgniter))
 9 FCPATH\index.php(56): CodeIgniter\Boot::bootWeb(Object(Config\Paths))
WARNING - 2025-04-28 08:41:36 --> [DEPRECATED] Optional parameter $catatan_unor declared before required parameter $id_pendanaan is implicitly treated as a required parameter in APPPATH\Models\Memorandum\ProgramModel.php on line 112.
 1 VENDORPATH\composer\ClassLoader.php(576): include('C:\\xampp\\htdocs\\sipro24\\vendor\\codeigniter4\\framework\\system\\Debug\\Exceptions.php')
 2 VENDORPATH\composer\ClassLoader.php(427): Composer\Autoload\{closure}('C:\\xampp\\htdocs\\sipro24\\vendor\\composer/../../app/Models/Memorandum/ProgramModel.php')
 3 APPPATH\Controllers\KonregController.php(55): Composer\Autoload\ClassLoader->loadClass('App\\Models\\Memorandum\\ProgramModel')
 4 SYSTEMPATH\CodeIgniter.php(903): App\Controllers\KonregController->__construct()
 5 SYSTEMPATH\CodeIgniter.php(500): CodeIgniter\CodeIgniter->createController()
 6 SYSTEMPATH\CodeIgniter.php(355): CodeIgniter\CodeIgniter->handleRequest(null, Object(Config\Cache), false)
 7 SYSTEMPATH\Boot.php(325): CodeIgniter\CodeIgniter->run()
 8 SYSTEMPATH\Boot.php(67): CodeIgniter\Boot::runCodeIgniter(Object(CodeIgniter\CodeIgniter))
 9 FCPATH\index.php(56): CodeIgniter\Boot::bootWeb(Object(Config\Paths))
WARNING - 2025-04-28 08:41:36 --> [DEPRECATED] Optional parameter $catatan_desk2 declared before required parameter $id_pendanaan is implicitly treated as a required parameter in APPPATH\Models\Memorandum\ProgramModel.php on line 112.
 1 VENDORPATH\composer\ClassLoader.php(576): include('C:\\xampp\\htdocs\\sipro24\\vendor\\codeigniter4\\framework\\system\\Debug\\Exceptions.php')
 2 VENDORPATH\composer\ClassLoader.php(427): Composer\Autoload\{closure}('C:\\xampp\\htdocs\\sipro24\\vendor\\composer/../../app/Models/Memorandum/ProgramModel.php')
 3 APPPATH\Controllers\KonregController.php(55): Composer\Autoload\ClassLoader->loadClass('App\\Models\\Memorandum\\ProgramModel')
 4 SYSTEMPATH\CodeIgniter.php(903): App\Controllers\KonregController->__construct()
 5 SYSTEMPATH\CodeIgniter.php(500): CodeIgniter\CodeIgniter->createController()
 6 SYSTEMPATH\CodeIgniter.php(355): CodeIgniter\CodeIgniter->handleRequest(null, Object(Config\Cache), false)
 7 SYSTEMPATH\Boot.php(325): CodeIgniter\CodeIgniter->run()
 8 SYSTEMPATH\Boot.php(67): CodeIgniter\Boot::runCodeIgniter(Object(CodeIgniter\CodeIgniter))
 9 FCPATH\index.php(56): CodeIgniter\Boot::bootWeb(Object(Config\Paths))
WARNING - 2025-04-28 08:41:36 --> [DEPRECATED] Optional parameter $desk declared before required parameter $id_pendanaan is implicitly treated as a required parameter in APPPATH\Models\Memorandum\ProgramModel.php on line 112.
 1 VENDORPATH\composer\ClassLoader.php(576): include('C:\\xampp\\htdocs\\sipro24\\vendor\\codeigniter4\\framework\\system\\Debug\\Exceptions.php')
 2 VENDORPATH\composer\ClassLoader.php(427): Composer\Autoload\{closure}('C:\\xampp\\htdocs\\sipro24\\vendor\\composer/../../app/Models/Memorandum/ProgramModel.php')
 3 APPPATH\Controllers\KonregController.php(55): Composer\Autoload\ClassLoader->loadClass('App\\Models\\Memorandum\\ProgramModel')
 4 SYSTEMPATH\CodeIgniter.php(903): App\Controllers\KonregController->__construct()
 5 SYSTEMPATH\CodeIgniter.php(500): CodeIgniter\CodeIgniter->createController()
 6 SYSTEMPATH\CodeIgniter.php(355): CodeIgniter\CodeIgniter->handleRequest(null, Object(Config\Cache), false)
 7 SYSTEMPATH\Boot.php(325): CodeIgniter\CodeIgniter->run()
 8 SYSTEMPATH\Boot.php(67): CodeIgniter\Boot::runCodeIgniter(Object(CodeIgniter\CodeIgniter))
 9 FCPATH\index.php(56): CodeIgniter\Boot::bootWeb(Object(Config\Paths))
INFO - 2025-04-28 12:15:28 --> Session: Class initialized using 'CodeIgniter\Session\Handlers\FileHandler' driver.
INFO - 2025-04-28 12:15:29 --> Session: Class initialized using 'CodeIgniter\Session\Handlers\FileHandler' driver.
INFO - 2025-04-28 12:16:03 --> Session: Class initialized using 'CodeIgniter\Session\Handlers\FileHandler' driver.
INFO - 2025-04-28 12:16:04 --> Session: Class initialized using 'CodeIgniter\Session\Handlers\FileHandler' driver.
INFO - 2025-04-28 12:16:05 --> Session: Class initialized using 'CodeIgniter\Session\Handlers\FileHandler' driver.
INFO - 2025-04-28 12:16:06 --> Session: Class initialized using 'CodeIgniter\Session\Handlers\FileHandler' driver.
INFO - 2025-04-28 12:16:15 --> Session: Class initialized using 'CodeIgniter\Session\Handlers\FileHandler' driver.
INFO - 2025-04-28 12:16:24 --> Session: Class initialized using 'CodeIgniter\Session\Handlers\FileHandler' driver.
INFO - 2025-04-28 12:36:22 --> Session: Class initialized using 'CodeIgniter\Session\Handlers\FileHandler' driver.
INFO - 2025-04-28 13:34:38 --> Session: Class initialized using 'CodeIgniter\Session\Handlers\FileHandler' driver.
