ERROR - 2024-09-10 07:31:40 --> Error connecting to the database: mysqli_sql_exception: Connection refused in /Applications/MAMP/htdocs/sipro24/vendor/codeigniter4/framework/system/Database/MySQLi/Connection.php:186
Stack trace:
#0 /Applications/MAMP/htdocs/sipro24/vendor/codeigniter4/framework/system/Database/MySQLi/Connection.php(186): mysqli->real_connect('localhost', 'root', Object(SensitiveParameterValue), 'sipro2024', 3306, '', 0)
#1 /Applications/MAMP/htdocs/sipro24/vendor/codeigniter4/framework/system/Database/BaseConnection.php(421): CodeIgniter\Database\MySQLi\Connection->connect(false)
#2 /Applications/MAMP/htdocs/sipro24/vendor/codeigniter4/framework/system/Database/BaseConnection.php(616): CodeIgniter\Database\BaseConnection->initialize()
#3 /Applications/MAMP/htdocs/sipro24/vendor/codeigniter4/framework/system/Database/BaseBuilder.php(1644): CodeIgniter\Database\BaseConnection->query('SELECT *\nFROM `...', Array, false)
#4 /Applications/MAMP/htdocs/sipro24/vendor/codeigniter4/framework/system/Model.php(286): CodeIgniter\Database\BaseBuilder->get()
#5 /Applications/MAMP/htdocs/sipro24/vendor/codeigniter4/framework/system/BaseModel.php(676): CodeIgniter\Model->doFindAll(0, 0)
#6 /Applications/MAMP/htdocs/sipro24/app/Models/Rpiw/ProgramRpiwModel.php(15): CodeIgniter\BaseModel->findAll()
#7 /Applications/MAMP/htdocs/sipro24/app/Controllers/Rpiw.php(18): App\Models\Rpiw\ProgramRpiwModel->getProgramRpiw()
#8 /Applications/MAMP/htdocs/sipro24/vendor/codeigniter4/framework/system/CodeIgniter.php(933): App\Controllers\Rpiw->index()
#9 /Applications/MAMP/htdocs/sipro24/vendor/codeigniter4/framework/system/CodeIgniter.php(509): CodeIgniter\CodeIgniter->runController(Object(App\Controllers\Rpiw))
#10 /Applications/MAMP/htdocs/sipro24/vendor/codeigniter4/framework/system/CodeIgniter.php(355): CodeIgniter\CodeIgniter->handleRequest(NULL, Object(Config\Cache), false)
#11 /Applications/MAMP/htdocs/sipro24/vendor/codeigniter4/framework/system/Boot.php(325): CodeIgniter\CodeIgniter->run()
#12 /Applications/MAMP/htdocs/sipro24/vendor/codeigniter4/framework/system/Boot.php(67): CodeIgniter\Boot::runCodeIgniter(Object(CodeIgniter\CodeIgniter))
#13 /Applications/MAMP/htdocs/sipro24/public/index.php(56): CodeIgniter\Boot::bootWeb(Object(Config\Paths))
#14 /Applications/MAMP/htdocs/sipro24/vendor/codeigniter4/framework/system/rewrite.php(44): require_once('/Applications/M...')
#15 {main}

Next CodeIgniter\Database\Exceptions\DatabaseException: Connection refused in /Applications/MAMP/htdocs/sipro24/vendor/codeigniter4/framework/system/Database/MySQLi/Connection.php:231
Stack trace:
#0 /Applications/MAMP/htdocs/sipro24/vendor/codeigniter4/framework/system/Database/BaseConnection.php(421): CodeIgniter\Database\MySQLi\Connection->connect(false)
#1 /Applications/MAMP/htdocs/sipro24/vendor/codeigniter4/framework/system/Database/BaseConnection.php(616): CodeIgniter\Database\BaseConnection->initialize()
#2 /Applications/MAMP/htdocs/sipro24/vendor/codeigniter4/framework/system/Database/BaseBuilder.php(1644): CodeIgniter\Database\BaseConnection->query('SELECT *\nFROM `...', Array, false)
#3 /Applications/MAMP/htdocs/sipro24/vendor/codeigniter4/framework/system/Model.php(286): CodeIgniter\Database\BaseBuilder->get()
#4 /Applications/MAMP/htdocs/sipro24/vendor/codeigniter4/framework/system/BaseModel.php(676): CodeIgniter\Model->doFindAll(0, 0)
#5 /Applications/MAMP/htdocs/sipro24/app/Models/Rpiw/ProgramRpiwModel.php(15): CodeIgniter\BaseModel->findAll()
#6 /Applications/MAMP/htdocs/sipro24/app/Controllers/Rpiw.php(18): App\Models\Rpiw\ProgramRpiwModel->getProgramRpiw()
#7 /Applications/MAMP/htdocs/sipro24/vendor/codeigniter4/framework/system/CodeIgniter.php(933): App\Controllers\Rpiw->index()
#8 /Applications/MAMP/htdocs/sipro24/vendor/codeigniter4/framework/system/CodeIgniter.php(509): CodeIgniter\CodeIgniter->runController(Object(App\Controllers\Rpiw))
#9 /Applications/MAMP/htdocs/sipro24/vendor/codeigniter4/framework/system/CodeIgniter.php(355): CodeIgniter\CodeIgniter->handleRequest(NULL, Object(Config\Cache), false)
#10 /Applications/MAMP/htdocs/sipro24/vendor/codeigniter4/framework/system/Boot.php(325): CodeIgniter\CodeIgniter->run()
#11 /Applications/MAMP/htdocs/sipro24/vendor/codeigniter4/framework/system/Boot.php(67): CodeIgniter\Boot::runCodeIgniter(Object(CodeIgniter\CodeIgniter))
#12 /Applications/MAMP/htdocs/sipro24/public/index.php(56): CodeIgniter\Boot::bootWeb(Object(Config\Paths))
#13 /Applications/MAMP/htdocs/sipro24/vendor/codeigniter4/framework/system/rewrite.php(44): require_once('/Applications/M...')
#14 {main}
CRITICAL - 2024-09-10 07:31:40 --> CodeIgniter\Database\Exceptions\DatabaseException: Unable to connect to the database.
Main connection [MySQLi]: Connection refused
[Method: GET, Route: rpiw]
in SYSTEMPATH/Database/BaseConnection.php on line 467.
 1 SYSTEMPATH/Database/BaseConnection.php(616): CodeIgniter\Database\BaseConnection->initialize()
 2 SYSTEMPATH/Database/BaseBuilder.php(1644): CodeIgniter\Database\BaseConnection->query('SELECT *
FROM `m_rpiw_program`', [], false)
 3 SYSTEMPATH/Model.php(286): CodeIgniter\Database\BaseBuilder->get()
 4 SYSTEMPATH/BaseModel.php(676): CodeIgniter\Model->doFindAll(0, 0)
 5 APPPATH/Models/Rpiw/ProgramRpiwModel.php(15): CodeIgniter\BaseModel->findAll()
 6 APPPATH/Controllers/Rpiw.php(18): App\Models\Rpiw\ProgramRpiwModel->getProgramRpiw()
 7 SYSTEMPATH/CodeIgniter.php(933): App\Controllers\Rpiw->index()
 8 SYSTEMPATH/CodeIgniter.php(509): CodeIgniter\CodeIgniter->runController(Object(App\Controllers\Rpiw))
 9 SYSTEMPATH/CodeIgniter.php(355): CodeIgniter\CodeIgniter->handleRequest(null, Object(Config\Cache), false)
10 SYSTEMPATH/Boot.php(325): CodeIgniter\CodeIgniter->run()
11 SYSTEMPATH/Boot.php(67): CodeIgniter\Boot::runCodeIgniter(Object(CodeIgniter\CodeIgniter))
12 FCPATH/index.php(56): CodeIgniter\Boot::bootWeb(Object(Config\Paths))
13 SYSTEMPATH/rewrite.php(44): require_once('/Applications/MAMP/htdocs/sipro24/public/index.php')
ERROR - 2024-09-10 07:31:40 --> Error connecting to the database: mysqli_sql_exception: Connection refused in /Applications/MAMP/htdocs/sipro24/vendor/codeigniter4/framework/system/Database/MySQLi/Connection.php:186
Stack trace:
#0 /Applications/MAMP/htdocs/sipro24/vendor/codeigniter4/framework/system/Database/MySQLi/Connection.php(186): mysqli->real_connect('localhost', 'root', Object(SensitiveParameterValue), 'sipro2024', 3306, '', 0)
#1 /Applications/MAMP/htdocs/sipro24/vendor/codeigniter4/framework/system/Database/BaseConnection.php(421): CodeIgniter\Database\MySQLi\Connection->connect(false)
#2 /Applications/MAMP/htdocs/sipro24/vendor/codeigniter4/framework/system/Database/BaseConnection.php(616): CodeIgniter\Database\BaseConnection->initialize()
#3 /Applications/MAMP/htdocs/sipro24/vendor/codeigniter4/framework/system/Database/BaseBuilder.php(1644): CodeIgniter\Database\BaseConnection->query('SELECT *\nFROM `...', Array, false)
#4 /Applications/MAMP/htdocs/sipro24/vendor/codeigniter4/framework/system/Model.php(286): CodeIgniter\Database\BaseBuilder->get()
#5 /Applications/MAMP/htdocs/sipro24/vendor/codeigniter4/framework/system/BaseModel.php(676): CodeIgniter\Model->doFindAll(0, 0)
#6 /Applications/MAMP/htdocs/sipro24/app/Models/Rpiw/ProgramRpiwModel.php(15): CodeIgniter\BaseModel->findAll()
#7 /Applications/MAMP/htdocs/sipro24/app/Controllers/Rpiw.php(18): App\Models\Rpiw\ProgramRpiwModel->getProgramRpiw()
#8 /Applications/MAMP/htdocs/sipro24/vendor/codeigniter4/framework/system/CodeIgniter.php(933): App\Controllers\Rpiw->index()
#9 /Applications/MAMP/htdocs/sipro24/vendor/codeigniter4/framework/system/CodeIgniter.php(509): CodeIgniter\CodeIgniter->runController(Object(App\Controllers\Rpiw))
#10 /Applications/MAMP/htdocs/sipro24/vendor/codeigniter4/framework/system/CodeIgniter.php(355): CodeIgniter\CodeIgniter->handleRequest(NULL, Object(Config\Cache), false)
#11 /Applications/MAMP/htdocs/sipro24/vendor/codeigniter4/framework/system/Boot.php(325): CodeIgniter\CodeIgniter->run()
#12 /Applications/MAMP/htdocs/sipro24/vendor/codeigniter4/framework/system/Boot.php(67): CodeIgniter\Boot::runCodeIgniter(Object(CodeIgniter\CodeIgniter))
#13 /Applications/MAMP/htdocs/sipro24/public/index.php(56): CodeIgniter\Boot::bootWeb(Object(Config\Paths))
#14 /Applications/MAMP/htdocs/sipro24/vendor/codeigniter4/framework/system/rewrite.php(44): require_once('/Applications/M...')
#15 {main}

Next CodeIgniter\Database\Exceptions\DatabaseException: Connection refused in /Applications/MAMP/htdocs/sipro24/vendor/codeigniter4/framework/system/Database/MySQLi/Connection.php:231
Stack trace:
#0 /Applications/MAMP/htdocs/sipro24/vendor/codeigniter4/framework/system/Database/BaseConnection.php(421): CodeIgniter\Database\MySQLi\Connection->connect(false)
#1 /Applications/MAMP/htdocs/sipro24/vendor/codeigniter4/framework/system/Database/BaseConnection.php(616): CodeIgniter\Database\BaseConnection->initialize()
#2 /Applications/MAMP/htdocs/sipro24/vendor/codeigniter4/framework/system/Database/BaseBuilder.php(1644): CodeIgniter\Database\BaseConnection->query('SELECT *\nFROM `...', Array, false)
#3 /Applications/MAMP/htdocs/sipro24/vendor/codeigniter4/framework/system/Model.php(286): CodeIgniter\Database\BaseBuilder->get()
#4 /Applications/MAMP/htdocs/sipro24/vendor/codeigniter4/framework/system/BaseModel.php(676): CodeIgniter\Model->doFindAll(0, 0)
#5 /Applications/MAMP/htdocs/sipro24/app/Models/Rpiw/ProgramRpiwModel.php(15): CodeIgniter\BaseModel->findAll()
#6 /Applications/MAMP/htdocs/sipro24/app/Controllers/Rpiw.php(18): App\Models\Rpiw\ProgramRpiwModel->getProgramRpiw()
#7 /Applications/MAMP/htdocs/sipro24/vendor/codeigniter4/framework/system/CodeIgniter.php(933): App\Controllers\Rpiw->index()
#8 /Applications/MAMP/htdocs/sipro24/vendor/codeigniter4/framework/system/CodeIgniter.php(509): CodeIgniter\CodeIgniter->runController(Object(App\Controllers\Rpiw))
#9 /Applications/MAMP/htdocs/sipro24/vendor/codeigniter4/framework/system/CodeIgniter.php(355): CodeIgniter\CodeIgniter->handleRequest(NULL, Object(Config\Cache), false)
#10 /Applications/MAMP/htdocs/sipro24/vendor/codeigniter4/framework/system/Boot.php(325): CodeIgniter\CodeIgniter->run()
#11 /Applications/MAMP/htdocs/sipro24/vendor/codeigniter4/framework/system/Boot.php(67): CodeIgniter\Boot::runCodeIgniter(Object(CodeIgniter\CodeIgniter))
#12 /Applications/MAMP/htdocs/sipro24/public/index.php(56): CodeIgniter\Boot::bootWeb(Object(Config\Paths))
#13 /Applications/MAMP/htdocs/sipro24/vendor/codeigniter4/framework/system/rewrite.php(44): require_once('/Applications/M...')
#14 {main}
CRITICAL - 2024-09-10 07:31:40 --> CodeIgniter\Database\Exceptions\DatabaseException: Unable to connect to the database.
Main connection [MySQLi]: Connection refused
[Method: GET, Route: rpiw]
in SYSTEMPATH/Database/BaseConnection.php on line 467.
 1 SYSTEMPATH/Database/BaseConnection.php(616): CodeIgniter\Database\BaseConnection->initialize()
 2 SYSTEMPATH/Database/BaseBuilder.php(1644): CodeIgniter\Database\BaseConnection->query('SELECT *
FROM `m_rpiw_program`', [], false)
 3 SYSTEMPATH/Model.php(286): CodeIgniter\Database\BaseBuilder->get()
 4 SYSTEMPATH/BaseModel.php(676): CodeIgniter\Model->doFindAll(0, 0)
 5 APPPATH/Models/Rpiw/ProgramRpiwModel.php(15): CodeIgniter\BaseModel->findAll()
 6 APPPATH/Controllers/Rpiw.php(18): App\Models\Rpiw\ProgramRpiwModel->getProgramRpiw()
 7 SYSTEMPATH/CodeIgniter.php(933): App\Controllers\Rpiw->index()
 8 SYSTEMPATH/CodeIgniter.php(509): CodeIgniter\CodeIgniter->runController(Object(App\Controllers\Rpiw))
 9 SYSTEMPATH/CodeIgniter.php(355): CodeIgniter\CodeIgniter->handleRequest(null, Object(Config\Cache), false)
10 SYSTEMPATH/Boot.php(325): CodeIgniter\CodeIgniter->run()
11 SYSTEMPATH/Boot.php(67): CodeIgniter\Boot::runCodeIgniter(Object(CodeIgniter\CodeIgniter))
12 FCPATH/index.php(56): CodeIgniter\Boot::bootWeb(Object(Config\Paths))
13 SYSTEMPATH/rewrite.php(44): require_once('/Applications/MAMP/htdocs/sipro24/public/index.php')
CRITICAL - 2024-09-10 16:35:22 --> Error: Class "App\Models\Rpiw\KawasanRpiwModel" not found
[Method: GET, Route: kawasan]
in APPPATH/Controllers/Rpiw.php on line 16.
 1 SYSTEMPATH/CodeIgniter.php(903): App\Controllers\Rpiw->__construct()
 2 SYSTEMPATH/CodeIgniter.php(500): CodeIgniter\CodeIgniter->createController()
 3 SYSTEMPATH/CodeIgniter.php(355): CodeIgniter\CodeIgniter->handleRequest(null, Object(Config\Cache), false)
 4 SYSTEMPATH/Boot.php(325): CodeIgniter\CodeIgniter->run()
 5 SYSTEMPATH/Boot.php(67): CodeIgniter\Boot::runCodeIgniter(Object(CodeIgniter\CodeIgniter))
 6 FCPATH/index.php(56): CodeIgniter\Boot::bootWeb(Object(Config\Paths))
 7 SYSTEMPATH/rewrite.php(44): require_once('/Applications/MAMP/htdocs/sipro24/public/index.php')
CRITICAL - 2024-09-10 16:36:10 --> ErrorException: Undefined variable $p_kawasan
[Method: GET, Route: kawasan]
in APPPATH/Views/pages/p_kawasan.php on line 39.
 1 APPPATH/Views/pages/p_kawasan.php(39): CodeIgniter\Debug\Exceptions->errorHandler(2, 'Undefined variable $p_kawasan', '/Applications/MAMP/htdocs/sipro24/app/Views/pages/p_kawasan.php', 39)
 2 SYSTEMPATH/View/View.php(234): include('/Applications/MAMP/htdocs/sipro24/app/Views/pages/p_kawasan.php')
 3 SYSTEMPATH/View/View.php(237): CodeIgniter\View\View->CodeIgniter\View\{closure}()
 4 SYSTEMPATH/Common.php(1169): CodeIgniter\View\View->render('/pages/p_kawasan', [], true)
 5 APPPATH/Libraries/Template.php(104): view('/pages/p_kawasan', [...])
 6 APPPATH/Controllers/Rpiw.php(43): App\Libraries\Template->load('/templates/main', '/pages/p_kawasan', [...])
 7 SYSTEMPATH/CodeIgniter.php(933): App\Controllers\Rpiw->kawasan()
 8 SYSTEMPATH/CodeIgniter.php(509): CodeIgniter\CodeIgniter->runController(Object(App\Controllers\Rpiw))
 9 SYSTEMPATH/CodeIgniter.php(355): CodeIgniter\CodeIgniter->handleRequest(null, Object(Config\Cache), false)
10 SYSTEMPATH/Boot.php(325): CodeIgniter\CodeIgniter->run()
11 SYSTEMPATH/Boot.php(67): CodeIgniter\Boot::runCodeIgniter(Object(CodeIgniter\CodeIgniter))
12 FCPATH/index.php(56): CodeIgniter\Boot::bootWeb(Object(Config\Paths))
13 SYSTEMPATH/rewrite.php(44): require_once('/Applications/MAMP/htdocs/sipro24/public/index.php')
CRITICAL - 2024-09-10 16:37:43 --> ErrorException: Undefined array key "code_kawasan"
[Method: GET, Route: kawasan]
in APPPATH/Views/pages/p_kawasan.php on line 42.
 1 APPPATH/Views/pages/p_kawasan.php(42): CodeIgniter\Debug\Exceptions->errorHandler(2, 'Undefined array key "code_kawasan"', '/Applications/MAMP/htdocs/sipro24/app/Views/pages/p_kawasan.php', 42)
 2 SYSTEMPATH/View/View.php(234): include('/Applications/MAMP/htdocs/sipro24/app/Views/pages/p_kawasan.php')
 3 SYSTEMPATH/View/View.php(237): CodeIgniter\View\View->CodeIgniter\View\{closure}()
 4 SYSTEMPATH/Common.php(1169): CodeIgniter\View\View->render('/pages/p_kawasan', [], true)
 5 APPPATH/Libraries/Template.php(104): view('/pages/p_kawasan', [...])
 6 APPPATH/Controllers/Rpiw.php(43): App\Libraries\Template->load('/templates/main', '/pages/p_kawasan', [...])
 7 SYSTEMPATH/CodeIgniter.php(933): App\Controllers\Rpiw->kawasan()
 8 SYSTEMPATH/CodeIgniter.php(509): CodeIgniter\CodeIgniter->runController(Object(App\Controllers\Rpiw))
 9 SYSTEMPATH/CodeIgniter.php(355): CodeIgniter\CodeIgniter->handleRequest(null, Object(Config\Cache), false)
10 SYSTEMPATH/Boot.php(325): CodeIgniter\CodeIgniter->run()
11 SYSTEMPATH/Boot.php(67): CodeIgniter\Boot::runCodeIgniter(Object(CodeIgniter\CodeIgniter))
12 FCPATH/index.php(56): CodeIgniter\Boot::bootWeb(Object(Config\Paths))
13 SYSTEMPATH/rewrite.php(44): require_once('/Applications/MAMP/htdocs/sipro24/public/index.php')
CRITICAL - 2024-09-10 16:37:58 --> ErrorException: Undefined array key "code_kawasan"
[Method: GET, Route: kawasan]
in APPPATH/Views/pages/p_kawasan.php on line 42.
 1 APPPATH/Views/pages/p_kawasan.php(42): CodeIgniter\Debug\Exceptions->errorHandler(2, 'Undefined array key "code_kawasan"', '/Applications/MAMP/htdocs/sipro24/app/Views/pages/p_kawasan.php', 42)
 2 SYSTEMPATH/View/View.php(234): include('/Applications/MAMP/htdocs/sipro24/app/Views/pages/p_kawasan.php')
 3 SYSTEMPATH/View/View.php(237): CodeIgniter\View\View->CodeIgniter\View\{closure}()
 4 SYSTEMPATH/Common.php(1169): CodeIgniter\View\View->render('/pages/p_kawasan', [], true)
 5 APPPATH/Libraries/Template.php(104): view('/pages/p_kawasan', [...])
 6 APPPATH/Controllers/Rpiw.php(43): App\Libraries\Template->load('/templates/main', '/pages/p_kawasan', [...])
 7 SYSTEMPATH/CodeIgniter.php(933): App\Controllers\Rpiw->kawasan()
 8 SYSTEMPATH/CodeIgniter.php(509): CodeIgniter\CodeIgniter->runController(Object(App\Controllers\Rpiw))
 9 SYSTEMPATH/CodeIgniter.php(355): CodeIgniter\CodeIgniter->handleRequest(null, Object(Config\Cache), false)
10 SYSTEMPATH/Boot.php(325): CodeIgniter\CodeIgniter->run()
11 SYSTEMPATH/Boot.php(67): CodeIgniter\Boot::runCodeIgniter(Object(CodeIgniter\CodeIgniter))
12 FCPATH/index.php(56): CodeIgniter\Boot::bootWeb(Object(Config\Paths))
13 SYSTEMPATH/rewrite.php(44): require_once('/Applications/MAMP/htdocs/sipro24/public/index.php')
CRITICAL - 2024-09-10 16:37:59 --> ErrorException: Undefined array key "code_kawasan"
[Method: GET, Route: kawasan]
in APPPATH/Views/pages/p_kawasan.php on line 42.
 1 APPPATH/Views/pages/p_kawasan.php(42): CodeIgniter\Debug\Exceptions->errorHandler(2, 'Undefined array key "code_kawasan"', '/Applications/MAMP/htdocs/sipro24/app/Views/pages/p_kawasan.php', 42)
 2 SYSTEMPATH/View/View.php(234): include('/Applications/MAMP/htdocs/sipro24/app/Views/pages/p_kawasan.php')
 3 SYSTEMPATH/View/View.php(237): CodeIgniter\View\View->CodeIgniter\View\{closure}()
 4 SYSTEMPATH/Common.php(1169): CodeIgniter\View\View->render('/pages/p_kawasan', [], true)
 5 APPPATH/Libraries/Template.php(104): view('/pages/p_kawasan', [...])
 6 APPPATH/Controllers/Rpiw.php(43): App\Libraries\Template->load('/templates/main', '/pages/p_kawasan', [...])
 7 SYSTEMPATH/CodeIgniter.php(933): App\Controllers\Rpiw->kawasan()
 8 SYSTEMPATH/CodeIgniter.php(509): CodeIgniter\CodeIgniter->runController(Object(App\Controllers\Rpiw))
 9 SYSTEMPATH/CodeIgniter.php(355): CodeIgniter\CodeIgniter->handleRequest(null, Object(Config\Cache), false)
10 SYSTEMPATH/Boot.php(325): CodeIgniter\CodeIgniter->run()
11 SYSTEMPATH/Boot.php(67): CodeIgniter\Boot::runCodeIgniter(Object(CodeIgniter\CodeIgniter))
12 FCPATH/index.php(56): CodeIgniter\Boot::bootWeb(Object(Config\Paths))
13 SYSTEMPATH/rewrite.php(44): require_once('/Applications/MAMP/htdocs/sipro24/public/index.php')
CRITICAL - 2024-09-10 16:39:36 --> CodeIgniter\HTTP\Exceptions\BadRequestException: The URI you submitted has disallowed characters: "﻿11-001"
[Method: GET, Route: detail/%EF%BB%BF11-001]
in SYSTEMPATH/Router/Router.php on line 737.
 1 SYSTEMPATH/Router/Router.php(204): CodeIgniter\Router\Router->checkDisallowedChars('detail/﻿11-001')
 2 SYSTEMPATH/CodeIgniter.php(834): CodeIgniter\Router\Router->handle('detail/﻿11-001')
 3 SYSTEMPATH/CodeIgniter.php(457): CodeIgniter\CodeIgniter->tryToRouteIt(Object(CodeIgniter\Router\RouteCollection))
 4 SYSTEMPATH/CodeIgniter.php(355): CodeIgniter\CodeIgniter->handleRequest(null, Object(Config\Cache), false)
 5 SYSTEMPATH/Boot.php(325): CodeIgniter\CodeIgniter->run()
 6 SYSTEMPATH/Boot.php(67): CodeIgniter\Boot::runCodeIgniter(Object(CodeIgniter\CodeIgniter))
 7 FCPATH/index.php(56): CodeIgniter\Boot::bootWeb(Object(Config\Paths))
 8 SYSTEMPATH/rewrite.php(44): require_once('/Applications/MAMP/htdocs/sipro24/public/index.php')
CRITICAL - 2024-09-10 16:40:05 --> CodeIgniter\HTTP\Exceptions\BadRequestException: The URI you submitted has disallowed characters: "﻿11-001"
[Method: GET, Route: detail_kawasan/%EF%BB%BF11-001]
in SYSTEMPATH/Router/Router.php on line 737.
 1 SYSTEMPATH/Router/Router.php(204): CodeIgniter\Router\Router->checkDisallowedChars('detail_kawasan/﻿11-001')
 2 SYSTEMPATH/CodeIgniter.php(834): CodeIgniter\Router\Router->handle('detail_kawasan/﻿11-001')
 3 SYSTEMPATH/CodeIgniter.php(457): CodeIgniter\CodeIgniter->tryToRouteIt(Object(CodeIgniter\Router\RouteCollection))
 4 SYSTEMPATH/CodeIgniter.php(355): CodeIgniter\CodeIgniter->handleRequest(null, Object(Config\Cache), false)
 5 SYSTEMPATH/Boot.php(325): CodeIgniter\CodeIgniter->run()
 6 SYSTEMPATH/Boot.php(67): CodeIgniter\Boot::runCodeIgniter(Object(CodeIgniter\CodeIgniter))
 7 FCPATH/index.php(56): CodeIgniter\Boot::bootWeb(Object(Config\Paths))
 8 SYSTEMPATH/rewrite.php(44): require_once('/Applications/MAMP/htdocs/sipro24/public/index.php')
ERROR - 2024-09-10 16:43:28 --> mysqli_sql_exception: Unknown column 'kode_kawasan' in 'where clause' in /Applications/MAMP/htdocs/sipro24/vendor/codeigniter4/framework/system/Database/MySQLi/Connection.php:312
Stack trace:
#0 /Applications/MAMP/htdocs/sipro24/vendor/codeigniter4/framework/system/Database/MySQLi/Connection.php(312): mysqli->query('SELECT *\nFROM `...', 0)
#1 /Applications/MAMP/htdocs/sipro24/vendor/codeigniter4/framework/system/Database/BaseConnection.php(734): CodeIgniter\Database\MySQLi\Connection->execute('SELECT *\nFROM `...')
#2 /Applications/MAMP/htdocs/sipro24/vendor/codeigniter4/framework/system/Database/BaseConnection.php(648): CodeIgniter\Database\BaseConnection->simpleQuery('SELECT *\nFROM `...')
#3 /Applications/MAMP/htdocs/sipro24/vendor/codeigniter4/framework/system/Database/BaseBuilder.php(1644): CodeIgniter\Database\BaseConnection->query('SELECT *\nFROM `...', Array, false)
#4 /Applications/MAMP/htdocs/sipro24/vendor/codeigniter4/framework/system/Model.php(330): CodeIgniter\Database\BaseBuilder->get()
#5 /Applications/MAMP/htdocs/sipro24/vendor/codeigniter4/framework/system/BaseModel.php(714): CodeIgniter\Model->doFirst()
#6 /Applications/MAMP/htdocs/sipro24/app/Controllers/Rpiw.php(51): CodeIgniter\BaseModel->first()
#7 /Applications/MAMP/htdocs/sipro24/vendor/codeigniter4/framework/system/CodeIgniter.php(933): App\Controllers\Rpiw->detail_kawasan('11-002')
#8 /Applications/MAMP/htdocs/sipro24/vendor/codeigniter4/framework/system/CodeIgniter.php(509): CodeIgniter\CodeIgniter->runController(Object(App\Controllers\Rpiw))
#9 /Applications/MAMP/htdocs/sipro24/vendor/codeigniter4/framework/system/CodeIgniter.php(355): CodeIgniter\CodeIgniter->handleRequest(NULL, Object(Config\Cache), false)
#10 /Applications/MAMP/htdocs/sipro24/vendor/codeigniter4/framework/system/Boot.php(325): CodeIgniter\CodeIgniter->run()
#11 /Applications/MAMP/htdocs/sipro24/vendor/codeigniter4/framework/system/Boot.php(67): CodeIgniter\Boot::runCodeIgniter(Object(CodeIgniter\CodeIgniter))
#12 /Applications/MAMP/htdocs/sipro24/public/index.php(56): CodeIgniter\Boot::bootWeb(Object(Config\Paths))
#13 /Applications/MAMP/htdocs/sipro24/vendor/codeigniter4/framework/system/rewrite.php(44): require_once('/Applications/M...')
#14 {main}
CRITICAL - 2024-09-10 16:43:28 --> CodeIgniter\Database\Exceptions\DatabaseException: Unknown column 'kode_kawasan' in 'where clause'
[Method: GET, Route: detail_kawasan/11-002]
in SYSTEMPATH/Database/BaseConnection.php on line 688.
 1 SYSTEMPATH/Database/BaseBuilder.php(1644): CodeIgniter\Database\BaseConnection->query('SELECT *
FROM `m_rpiw_program`
WHERE `kode_kawasan` = :kode_kawasan:
 LIMIT 1', [...], false)
 2 SYSTEMPATH/Model.php(330): CodeIgniter\Database\BaseBuilder->get()
 3 SYSTEMPATH/BaseModel.php(714): CodeIgniter\Model->doFirst()
 4 APPPATH/Controllers/Rpiw.php(51): CodeIgniter\BaseModel->first()
 5 SYSTEMPATH/CodeIgniter.php(933): App\Controllers\Rpiw->detail_kawasan('11-002')
 6 SYSTEMPATH/CodeIgniter.php(509): CodeIgniter\CodeIgniter->runController(Object(App\Controllers\Rpiw))
 7 SYSTEMPATH/CodeIgniter.php(355): CodeIgniter\CodeIgniter->handleRequest(null, Object(Config\Cache), false)
 8 SYSTEMPATH/Boot.php(325): CodeIgniter\CodeIgniter->run()
 9 SYSTEMPATH/Boot.php(67): CodeIgniter\Boot::runCodeIgniter(Object(CodeIgniter\CodeIgniter))
10 FCPATH/index.php(56): CodeIgniter\Boot::bootWeb(Object(Config\Paths))
11 SYSTEMPATH/rewrite.php(44): require_once('/Applications/MAMP/htdocs/sipro24/public/index.php')
CRITICAL - 2024-09-10 16:43:28 --> [Caused by] CodeIgniter\Database\Exceptions\DatabaseException: Unknown column 'kode_kawasan' in 'where clause'
in SYSTEMPATH/Database/MySQLi/Connection.php on line 317.
 1 SYSTEMPATH/Database/BaseConnection.php(734): CodeIgniter\Database\MySQLi\Connection->execute('SELECT *
FROM `m_rpiw_program`
WHERE `kode_kawasan` = \'11-002\'
 LIMIT 1')
 2 SYSTEMPATH/Database/BaseConnection.php(648): CodeIgniter\Database\BaseConnection->simpleQuery('SELECT *
FROM `m_rpiw_program`
WHERE `kode_kawasan` = \'11-002\'
 LIMIT 1')
 3 SYSTEMPATH/Database/BaseBuilder.php(1644): CodeIgniter\Database\BaseConnection->query('SELECT *
FROM `m_rpiw_program`
WHERE `kode_kawasan` = :kode_kawasan:
 LIMIT 1', [...], false)
 4 SYSTEMPATH/Model.php(330): CodeIgniter\Database\BaseBuilder->get()
 5 SYSTEMPATH/BaseModel.php(714): CodeIgniter\Model->doFirst()
 6 APPPATH/Controllers/Rpiw.php(51): CodeIgniter\BaseModel->first()
 7 SYSTEMPATH/CodeIgniter.php(933): App\Controllers\Rpiw->detail_kawasan('11-002')
 8 SYSTEMPATH/CodeIgniter.php(509): CodeIgniter\CodeIgniter->runController(Object(App\Controllers\Rpiw))
 9 SYSTEMPATH/CodeIgniter.php(355): CodeIgniter\CodeIgniter->handleRequest(null, Object(Config\Cache), false)
10 SYSTEMPATH/Boot.php(325): CodeIgniter\CodeIgniter->run()
11 SYSTEMPATH/Boot.php(67): CodeIgniter\Boot::runCodeIgniter(Object(CodeIgniter\CodeIgniter))
12 FCPATH/index.php(56): CodeIgniter\Boot::bootWeb(Object(Config\Paths))
13 SYSTEMPATH/rewrite.php(44): require_once('/Applications/MAMP/htdocs/sipro24/public/index.php')
CRITICAL - 2024-09-10 16:43:28 --> [Caused by] mysqli_sql_exception: Unknown column 'kode_kawasan' in 'where clause'
in SYSTEMPATH/Database/MySQLi/Connection.php on line 312.
 1 SYSTEMPATH/Database/MySQLi/Connection.php(312): mysqli->query('SELECT *
FROM `m_rpiw_program`
WHERE `kode_kawasan` = \'11-002\'
 LIMIT 1', 0)
 2 SYSTEMPATH/Database/BaseConnection.php(734): CodeIgniter\Database\MySQLi\Connection->execute('SELECT *
FROM `m_rpiw_program`
WHERE `kode_kawasan` = \'11-002\'
 LIMIT 1')
 3 SYSTEMPATH/Database/BaseConnection.php(648): CodeIgniter\Database\BaseConnection->simpleQuery('SELECT *
FROM `m_rpiw_program`
WHERE `kode_kawasan` = \'11-002\'
 LIMIT 1')
 4 SYSTEMPATH/Database/BaseBuilder.php(1644): CodeIgniter\Database\BaseConnection->query('SELECT *
FROM `m_rpiw_program`
WHERE `kode_kawasan` = :kode_kawasan:
 LIMIT 1', [...], false)
 5 SYSTEMPATH/Model.php(330): CodeIgniter\Database\BaseBuilder->get()
 6 SYSTEMPATH/BaseModel.php(714): CodeIgniter\Model->doFirst()
 7 APPPATH/Controllers/Rpiw.php(51): CodeIgniter\BaseModel->first()
 8 SYSTEMPATH/CodeIgniter.php(933): App\Controllers\Rpiw->detail_kawasan('11-002')
 9 SYSTEMPATH/CodeIgniter.php(509): CodeIgniter\CodeIgniter->runController(Object(App\Controllers\Rpiw))
10 SYSTEMPATH/CodeIgniter.php(355): CodeIgniter\CodeIgniter->handleRequest(null, Object(Config\Cache), false)
11 SYSTEMPATH/Boot.php(325): CodeIgniter\CodeIgniter->run()
12 SYSTEMPATH/Boot.php(67): CodeIgniter\Boot::runCodeIgniter(Object(CodeIgniter\CodeIgniter))
13 FCPATH/index.php(56): CodeIgniter\Boot::bootWeb(Object(Config\Paths))
14 SYSTEMPATH/rewrite.php(44): require_once('/Applications/MAMP/htdocs/sipro24/public/index.php')
CRITICAL - 2024-09-10 16:47:07 --> ErrorException: Undefined variable $p_rpiw
[Method: GET, Route: detail_kawasan/11-002]
in APPPATH/Views/pages/detail_kawasan.php on line 5.
 1 APPPATH/Views/pages/detail_kawasan.php(5): CodeIgniter\Debug\Exceptions->errorHandler(2, 'Undefined variable $p_rpiw', '/Applications/MAMP/htdocs/sipro24/app/Views/pages/detail_kawasan.php', 5)
 2 SYSTEMPATH/View/View.php(234): include('/Applications/MAMP/htdocs/sipro24/app/Views/pages/detail_kawasan.php')
 3 SYSTEMPATH/View/View.php(237): CodeIgniter\View\View->CodeIgniter\View\{closure}()
 4 SYSTEMPATH/Common.php(1169): CodeIgniter\View\View->render('/pages/detail_kawasan', [], true)
 5 APPPATH/Libraries/Template.php(104): view('/pages/detail_kawasan', [...])
 6 APPPATH/Controllers/Rpiw.php(54): App\Libraries\Template->load('/templates/main', '/pages/detail_kawasan', [...])
 7 SYSTEMPATH/CodeIgniter.php(933): App\Controllers\Rpiw->detail_kawasan('11-002')
 8 SYSTEMPATH/CodeIgniter.php(509): CodeIgniter\CodeIgniter->runController(Object(App\Controllers\Rpiw))
 9 SYSTEMPATH/CodeIgniter.php(355): CodeIgniter\CodeIgniter->handleRequest(null, Object(Config\Cache), false)
10 SYSTEMPATH/Boot.php(325): CodeIgniter\CodeIgniter->run()
11 SYSTEMPATH/Boot.php(67): CodeIgniter\Boot::runCodeIgniter(Object(CodeIgniter\CodeIgniter))
12 FCPATH/index.php(56): CodeIgniter\Boot::bootWeb(Object(Config\Paths))
13 SYSTEMPATH/rewrite.php(44): require_once('/Applications/MAMP/htdocs/sipro24/public/index.php')
CRITICAL - 2024-09-10 16:52:56 --> ErrorException: Undefined variable $p_rpiw
[Method: GET, Route: detail_kawasan/11-002]
in APPPATH/Views/pages/detail_kawasan.php on line 5.
 1 APPPATH/Views/pages/detail_kawasan.php(5): CodeIgniter\Debug\Exceptions->errorHandler(2, 'Undefined variable $p_rpiw', '/Applications/MAMP/htdocs/sipro24/app/Views/pages/detail_kawasan.php', 5)
 2 SYSTEMPATH/View/View.php(234): include('/Applications/MAMP/htdocs/sipro24/app/Views/pages/detail_kawasan.php')
 3 SYSTEMPATH/View/View.php(237): CodeIgniter\View\View->CodeIgniter\View\{closure}()
 4 SYSTEMPATH/Common.php(1169): CodeIgniter\View\View->render('/pages/detail_kawasan', [], true)
 5 APPPATH/Libraries/Template.php(104): view('/pages/detail_kawasan', [...])
 6 APPPATH/Controllers/Rpiw.php(54): App\Libraries\Template->load('/templates/main', '/pages/detail_kawasan', [...])
 7 SYSTEMPATH/CodeIgniter.php(933): App\Controllers\Rpiw->detail_kawasan('11-002')
 8 SYSTEMPATH/CodeIgniter.php(509): CodeIgniter\CodeIgniter->runController(Object(App\Controllers\Rpiw))
 9 SYSTEMPATH/CodeIgniter.php(355): CodeIgniter\CodeIgniter->handleRequest(null, Object(Config\Cache), false)
10 SYSTEMPATH/Boot.php(325): CodeIgniter\CodeIgniter->run()
11 SYSTEMPATH/Boot.php(67): CodeIgniter\Boot::runCodeIgniter(Object(CodeIgniter\CodeIgniter))
12 FCPATH/index.php(56): CodeIgniter\Boot::bootWeb(Object(Config\Paths))
13 SYSTEMPATH/rewrite.php(44): require_once('/Applications/MAMP/htdocs/sipro24/public/index.php')
CRITICAL - 2024-09-10 16:52:59 --> ErrorException: Undefined variable $p_rpiw
[Method: GET, Route: detail_kawasan/11-002]
in APPPATH/Views/pages/detail_kawasan.php on line 5.
 1 APPPATH/Views/pages/detail_kawasan.php(5): CodeIgniter\Debug\Exceptions->errorHandler(2, 'Undefined variable $p_rpiw', '/Applications/MAMP/htdocs/sipro24/app/Views/pages/detail_kawasan.php', 5)
 2 SYSTEMPATH/View/View.php(234): include('/Applications/MAMP/htdocs/sipro24/app/Views/pages/detail_kawasan.php')
 3 SYSTEMPATH/View/View.php(237): CodeIgniter\View\View->CodeIgniter\View\{closure}()
 4 SYSTEMPATH/Common.php(1169): CodeIgniter\View\View->render('/pages/detail_kawasan', [], true)
 5 APPPATH/Libraries/Template.php(104): view('/pages/detail_kawasan', [...])
 6 APPPATH/Controllers/Rpiw.php(54): App\Libraries\Template->load('/templates/main', '/pages/detail_kawasan', [...])
 7 SYSTEMPATH/CodeIgniter.php(933): App\Controllers\Rpiw->detail_kawasan('11-002')
 8 SYSTEMPATH/CodeIgniter.php(509): CodeIgniter\CodeIgniter->runController(Object(App\Controllers\Rpiw))
 9 SYSTEMPATH/CodeIgniter.php(355): CodeIgniter\CodeIgniter->handleRequest(null, Object(Config\Cache), false)
10 SYSTEMPATH/Boot.php(325): CodeIgniter\CodeIgniter->run()
11 SYSTEMPATH/Boot.php(67): CodeIgniter\Boot::runCodeIgniter(Object(CodeIgniter\CodeIgniter))
12 FCPATH/index.php(56): CodeIgniter\Boot::bootWeb(Object(Config\Paths))
13 SYSTEMPATH/rewrite.php(44): require_once('/Applications/MAMP/htdocs/sipro24/public/index.php')
CRITICAL - 2024-09-10 16:53:01 --> ErrorException: Undefined variable $p_rpiw
[Method: GET, Route: detail_kawasan/11-002]
in APPPATH/Views/pages/detail_kawasan.php on line 5.
 1 APPPATH/Views/pages/detail_kawasan.php(5): CodeIgniter\Debug\Exceptions->errorHandler(2, 'Undefined variable $p_rpiw', '/Applications/MAMP/htdocs/sipro24/app/Views/pages/detail_kawasan.php', 5)
 2 SYSTEMPATH/View/View.php(234): include('/Applications/MAMP/htdocs/sipro24/app/Views/pages/detail_kawasan.php')
 3 SYSTEMPATH/View/View.php(237): CodeIgniter\View\View->CodeIgniter\View\{closure}()
 4 SYSTEMPATH/Common.php(1169): CodeIgniter\View\View->render('/pages/detail_kawasan', [], true)
 5 APPPATH/Libraries/Template.php(104): view('/pages/detail_kawasan', [...])
 6 APPPATH/Controllers/Rpiw.php(54): App\Libraries\Template->load('/templates/main', '/pages/detail_kawasan', [...])
 7 SYSTEMPATH/CodeIgniter.php(933): App\Controllers\Rpiw->detail_kawasan('11-002')
 8 SYSTEMPATH/CodeIgniter.php(509): CodeIgniter\CodeIgniter->runController(Object(App\Controllers\Rpiw))
 9 SYSTEMPATH/CodeIgniter.php(355): CodeIgniter\CodeIgniter->handleRequest(null, Object(Config\Cache), false)
10 SYSTEMPATH/Boot.php(325): CodeIgniter\CodeIgniter->run()
11 SYSTEMPATH/Boot.php(67): CodeIgniter\Boot::runCodeIgniter(Object(CodeIgniter\CodeIgniter))
12 FCPATH/index.php(56): CodeIgniter\Boot::bootWeb(Object(Config\Paths))
13 SYSTEMPATH/rewrite.php(44): require_once('/Applications/MAMP/htdocs/sipro24/public/index.php')
CRITICAL - 2024-09-10 16:53:54 --> ErrorException: Trying to access array offset on value of type null
[Method: GET, Route: detail_kawasan/kawasan]
in APPPATH/Views/pages/detail_kawasan.php on line 5.
 1 APPPATH/Views/pages/detail_kawasan.php(5): CodeIgniter\Debug\Exceptions->errorHandler(2, 'Trying to access array offset on value of type null', '/Applications/MAMP/htdocs/sipro24/app/Views/pages/detail_kawasan.php', 5)
 2 SYSTEMPATH/View/View.php(234): include('/Applications/MAMP/htdocs/sipro24/app/Views/pages/detail_kawasan.php')
 3 SYSTEMPATH/View/View.php(237): CodeIgniter\View\View->CodeIgniter\View\{closure}()
 4 SYSTEMPATH/Common.php(1169): CodeIgniter\View\View->render('/pages/detail_kawasan', [], true)
 5 APPPATH/Libraries/Template.php(104): view('/pages/detail_kawasan', [...])
 6 APPPATH/Controllers/Rpiw.php(54): App\Libraries\Template->load('/templates/main', '/pages/detail_kawasan', [...])
 7 SYSTEMPATH/CodeIgniter.php(933): App\Controllers\Rpiw->detail_kawasan('kawasan')
 8 SYSTEMPATH/CodeIgniter.php(509): CodeIgniter\CodeIgniter->runController(Object(App\Controllers\Rpiw))
 9 SYSTEMPATH/CodeIgniter.php(355): CodeIgniter\CodeIgniter->handleRequest(null, Object(Config\Cache), false)
10 SYSTEMPATH/Boot.php(325): CodeIgniter\CodeIgniter->run()
11 SYSTEMPATH/Boot.php(67): CodeIgniter\Boot::runCodeIgniter(Object(CodeIgniter\CodeIgniter))
12 FCPATH/index.php(56): CodeIgniter\Boot::bootWeb(Object(Config\Paths))
13 SYSTEMPATH/rewrite.php(44): require_once('/Applications/MAMP/htdocs/sipro24/public/index.php')
