CRITICAL - 2024-09-23 07:27:03 --> Shapefile\ShapefileException: Check if the file exists and is readable and/or writable
[Method: GET, Route: shapefile]
in VENDORPATH/gasparesganga/php-shapefile/src/Shapefile/Shapefile.php on line 836.
 1 VENDORPATH/gasparesganga/php-shapefile/src/Shapefile/ShapefileReader.php(125): Shapefile\Shapefile->openFiles([...], false, [...])
 2 APPPATH/Controllers/ShapefileController.php(14): Shapefile\ShapefileReader->__construct('/Applications/MAMP/htdocs/sipro24/public/geoJson/Bali_KawasanPrioritas_All')
 3 SYSTEMPATH/CodeIgniter.php(933): App\Controllers\ShapefileController->showMap()
 4 SYSTEMPATH/CodeIgniter.php(509): CodeIgniter\CodeIgniter->runController(Object(App\Controllers\ShapefileController))
 5 SYSTEMPATH/CodeIgniter.php(355): CodeIgniter\CodeIgniter->handleRequest(null, Object(Config\Cache), false)
 6 SYSTEMPATH/Boot.php(325): CodeIgniter\CodeIgniter->run()
 7 SYSTEMPATH/Boot.php(67): CodeIgniter\Boot::runCodeIgniter(Object(CodeIgniter\CodeIgniter))
 8 FCPATH/index.php(56): CodeIgniter\Boot::bootWeb(Object(Config\Paths))
 9 SYSTEMPATH/rewrite.php(44): require_once('/Applications/MAMP/htdocs/sipro24/public/index.php')
CRITICAL - 2024-09-23 08:19:02 --> Shapefile\ShapefileException: Geometry type must be compatible with Shapefile shape type
[Method: GET, Route: shapefile]
in VENDORPATH/gasparesganga/php-shapefile/src/Shapefile/Shapefile.php on line 1329.
 1 VENDORPATH/gasparesganga/php-shapefile/src/Shapefile/ShapefileReader.php(507): Shapefile\Shapefile->pairGeometry(Object(Shapefile\Geometry\Polygon))
 2 VENDORPATH/gasparesganga/php-shapefile/src/Shapefile/ShapefileReader.php(246): Shapefile\ShapefileReader->readCurrentRecord()
 3 APPPATH/Controllers/ShapefileController.php(16): Shapefile\ShapefileReader->fetchRecord()
 4 SYSTEMPATH/CodeIgniter.php(933): App\Controllers\ShapefileController->showMap()
 5 SYSTEMPATH/CodeIgniter.php(509): CodeIgniter\CodeIgniter->runController(Object(App\Controllers\ShapefileController))
 6 SYSTEMPATH/CodeIgniter.php(355): CodeIgniter\CodeIgniter->handleRequest(null, Object(Config\Cache), false)
 7 SYSTEMPATH/Boot.php(325): CodeIgniter\CodeIgniter->run()
 8 SYSTEMPATH/Boot.php(67): CodeIgniter\Boot::runCodeIgniter(Object(CodeIgniter\CodeIgniter))
 9 FCPATH/index.php(56): CodeIgniter\Boot::bootWeb(Object(Config\Paths))
10 SYSTEMPATH/rewrite.php(44): require_once('/Applications/MAMP/htdocs/sipro24/public/index.php')
CRITICAL - 2024-09-23 08:19:20 --> Shapefile\ShapefileException: Geometry type must be compatible with Shapefile shape type
[Method: GET, Route: shapefile]
in VENDORPATH/gasparesganga/php-shapefile/src/Shapefile/Shapefile.php on line 1329.
 1 VENDORPATH/gasparesganga/php-shapefile/src/Shapefile/ShapefileReader.php(507): Shapefile\Shapefile->pairGeometry(Object(Shapefile\Geometry\Polygon))
 2 VENDORPATH/gasparesganga/php-shapefile/src/Shapefile/ShapefileReader.php(246): Shapefile\ShapefileReader->readCurrentRecord()
 3 APPPATH/Controllers/ShapefileController.php(16): Shapefile\ShapefileReader->fetchRecord()
 4 SYSTEMPATH/CodeIgniter.php(933): App\Controllers\ShapefileController->showMap()
 5 SYSTEMPATH/CodeIgniter.php(509): CodeIgniter\CodeIgniter->runController(Object(App\Controllers\ShapefileController))
 6 SYSTEMPATH/CodeIgniter.php(355): CodeIgniter\CodeIgniter->handleRequest(null, Object(Config\Cache), false)
 7 SYSTEMPATH/Boot.php(325): CodeIgniter\CodeIgniter->run()
 8 SYSTEMPATH/Boot.php(67): CodeIgniter\Boot::runCodeIgniter(Object(CodeIgniter\CodeIgniter))
 9 FCPATH/index.php(56): CodeIgniter\Boot::bootWeb(Object(Config\Paths))
10 SYSTEMPATH/rewrite.php(44): require_once('/Applications/MAMP/htdocs/sipro24/public/index.php')
