INFO - 2025-07-19 08:22:47 --> Session: Class initialized using 'CodeIgniter\Session\Handlers\FileHandler' driver.
INFO - 2025-07-19 08:23:49 --> Session: Class initialized using 'CodeIgniter\Session\Handlers\FileHandler' driver.
INFO - 2025-07-19 08:23:50 --> Session: Class initialized using 'CodeIgniter\Session\Handlers\FileHandler' driver.
INFO - 2025-07-19 08:23:57 --> Session: Class initialized using 'CodeIgniter\Session\Handlers\FileHandler' driver.
ERROR - 2025-07-19 08:23:57 --> Error connecting to the database: mysqli_sql_exception: Access denied for user 'admin_kp'@'10.13.13.207' (using password: YES) in /Users/renstrap1bpiw/Documents/GitHub/Sipro/vendor/codeigniter4/framework/system/Database/MySQLi/Connection.php:186
Stack trace:
#0 /Users/renstrap1bpiw/Documents/GitHub/Sipro/vendor/codeigniter4/framework/system/Database/MySQLi/Connection.php(186): mysqli->real_connect('10.130.26.105', 'admin_kp', Object(SensitiveParameterValue), 'sipro2024', 3306, '', 0)
#1 /Users/renstrap1bpiw/Documents/GitHub/Sipro/vendor/codeigniter4/framework/system/Database/BaseConnection.php(421): CodeIgniter\Database\MySQLi\Connection->connect(false)
#2 /Users/renstrap1bpiw/Documents/GitHub/Sipro/vendor/codeigniter4/framework/system/Database/BaseConnection.php(616): CodeIgniter\Database\BaseConnection->initialize()
#3 /Users/renstrap1bpiw/Documents/GitHub/Sipro/vendor/codeigniter4/framework/system/Database/BaseBuilder.php(1644): CodeIgniter\Database\BaseConnection->query('SELECT *\nFROM `...', Array, false)
#4 /Users/renstrap1bpiw/Documents/GitHub/Sipro/vendor/codeigniter4/framework/system/Model.php(330): CodeIgniter\Database\BaseBuilder->get()
#5 /Users/renstrap1bpiw/Documents/GitHub/Sipro/vendor/codeigniter4/framework/system/BaseModel.php(714): CodeIgniter\Model->doFirst()
#6 /Users/renstrap1bpiw/Documents/GitHub/Sipro/vendor/myth/auth/src/Authentication/LocalAuthenticator.php(140): CodeIgniter\BaseModel->first()
#7 /Users/renstrap1bpiw/Documents/GitHub/Sipro/vendor/myth/auth/src/Authentication/LocalAuthenticator.php(19): Myth\Auth\Authentication\LocalAuthenticator->validate(Array, true)
#8 /Users/renstrap1bpiw/Documents/GitHub/Sipro/vendor/myth/auth/src/Controllers/AuthController.php(89): Myth\Auth\Authentication\LocalAuthenticator->attempt(Array, false)
#9 /Users/renstrap1bpiw/Documents/GitHub/Sipro/vendor/codeigniter4/framework/system/CodeIgniter.php(933): Myth\Auth\Controllers\AuthController->attemptLogin()
#10 /Users/renstrap1bpiw/Documents/GitHub/Sipro/vendor/codeigniter4/framework/system/CodeIgniter.php(509): CodeIgniter\CodeIgniter->runController(Object(Myth\Auth\Controllers\AuthController))
#11 /Users/renstrap1bpiw/Documents/GitHub/Sipro/vendor/codeigniter4/framework/system/CodeIgniter.php(355): CodeIgniter\CodeIgniter->handleRequest(NULL, Object(Config\Cache), false)
#12 /Users/renstrap1bpiw/Documents/GitHub/Sipro/vendor/codeigniter4/framework/system/Boot.php(325): CodeIgniter\CodeIgniter->run()
#13 /Users/renstrap1bpiw/Documents/GitHub/Sipro/vendor/codeigniter4/framework/system/Boot.php(67): CodeIgniter\Boot::runCodeIgniter(Object(CodeIgniter\CodeIgniter))
#14 /Users/renstrap1bpiw/Documents/GitHub/Sipro/public/index.php(56): CodeIgniter\Boot::bootWeb(Object(Config\Paths))
#15 /Users/renstrap1bpiw/Documents/GitHub/Sipro/vendor/codeigniter4/framework/system/rewrite.php(44): require_once('/Users/renstrap...')
#16 {main}

Next CodeIgniter\Database\Exceptions\DatabaseException: Access denied for user '****'@'10.13.13.207' (using password: YES) in /Users/renstrap1bpiw/Documents/GitHub/Sipro/vendor/codeigniter4/framework/system/Database/MySQLi/Connection.php:231
Stack trace:
#0 /Users/renstrap1bpiw/Documents/GitHub/Sipro/vendor/codeigniter4/framework/system/Database/BaseConnection.php(421): CodeIgniter\Database\MySQLi\Connection->connect(false)
#1 /Users/renstrap1bpiw/Documents/GitHub/Sipro/vendor/codeigniter4/framework/system/Database/BaseConnection.php(616): CodeIgniter\Database\BaseConnection->initialize()
#2 /Users/renstrap1bpiw/Documents/GitHub/Sipro/vendor/codeigniter4/framework/system/Database/BaseBuilder.php(1644): CodeIgniter\Database\BaseConnection->query('SELECT *\nFROM `...', Array, false)
#3 /Users/renstrap1bpiw/Documents/GitHub/Sipro/vendor/codeigniter4/framework/system/Model.php(330): CodeIgniter\Database\BaseBuilder->get()
#4 /Users/renstrap1bpiw/Documents/GitHub/Sipro/vendor/codeigniter4/framework/system/BaseModel.php(714): CodeIgniter\Model->doFirst()
#5 /Users/renstrap1bpiw/Documents/GitHub/Sipro/vendor/myth/auth/src/Authentication/LocalAuthenticator.php(140): CodeIgniter\BaseModel->first()
#6 /Users/renstrap1bpiw/Documents/GitHub/Sipro/vendor/myth/auth/src/Authentication/LocalAuthenticator.php(19): Myth\Auth\Authentication\LocalAuthenticator->validate(Array, true)
#7 /Users/renstrap1bpiw/Documents/GitHub/Sipro/vendor/myth/auth/src/Controllers/AuthController.php(89): Myth\Auth\Authentication\LocalAuthenticator->attempt(Array, false)
#8 /Users/renstrap1bpiw/Documents/GitHub/Sipro/vendor/codeigniter4/framework/system/CodeIgniter.php(933): Myth\Auth\Controllers\AuthController->attemptLogin()
#9 /Users/renstrap1bpiw/Documents/GitHub/Sipro/vendor/codeigniter4/framework/system/CodeIgniter.php(509): CodeIgniter\CodeIgniter->runController(Object(Myth\Auth\Controllers\AuthController))
#10 /Users/renstrap1bpiw/Documents/GitHub/Sipro/vendor/codeigniter4/framework/system/CodeIgniter.php(355): CodeIgniter\CodeIgniter->handleRequest(NULL, Object(Config\Cache), false)
#11 /Users/renstrap1bpiw/Documents/GitHub/Sipro/vendor/codeigniter4/framework/system/Boot.php(325): CodeIgniter\CodeIgniter->run()
#12 /Users/renstrap1bpiw/Documents/GitHub/Sipro/vendor/codeigniter4/framework/system/Boot.php(67): CodeIgniter\Boot::runCodeIgniter(Object(CodeIgniter\CodeIgniter))
#13 /Users/renstrap1bpiw/Documents/GitHub/Sipro/public/index.php(56): CodeIgniter\Boot::bootWeb(Object(Config\Paths))
#14 /Users/renstrap1bpiw/Documents/GitHub/Sipro/vendor/codeigniter4/framework/system/rewrite.php(44): require_once('/Users/renstrap...')
#15 {main}
CRITICAL - 2025-07-19 08:23:57 --> CodeIgniter\Database\Exceptions\DatabaseException: Unable to connect to the database.
Main connection [MySQLi]: Access denied for user '****'@'10.13.13.207' (using password: YES)
[Method: POST, Route: login]
in SYSTEMPATH/Database/BaseConnection.php on line 467.
 1 SYSTEMPATH/Database/BaseConnection.php(616): CodeIgniter\Database\BaseConnection->initialize()
 2 SYSTEMPATH/Database/BaseBuilder.php(1644): CodeIgniter\Database\BaseConnection->query('SELECT *
FROM `users`
WHERE `username` = :username:
AND `users`.`deleted_at` IS NULL
 LIMIT 1', [...], false)
 3 SYSTEMPATH/Model.php(330): CodeIgniter\Database\BaseBuilder->get()
 4 SYSTEMPATH/BaseModel.php(714): CodeIgniter\Model->doFirst()
 5 VENDORPATH/myth/auth/src/Authentication/LocalAuthenticator.php(140): CodeIgniter\BaseModel->first()
 6 VENDORPATH/myth/auth/src/Authentication/LocalAuthenticator.php(19): Myth\Auth\Authentication\LocalAuthenticator->validate([...], true)
 7 VENDORPATH/myth/auth/src/Controllers/AuthController.php(89): Myth\Auth\Authentication\LocalAuthenticator->attempt([...], false)
 8 SYSTEMPATH/CodeIgniter.php(933): Myth\Auth\Controllers\AuthController->attemptLogin()
 9 SYSTEMPATH/CodeIgniter.php(509): CodeIgniter\CodeIgniter->runController(Object(Myth\Auth\Controllers\AuthController))
10 SYSTEMPATH/CodeIgniter.php(355): CodeIgniter\CodeIgniter->handleRequest(null, Object(Config\Cache), false)
11 SYSTEMPATH/Boot.php(325): CodeIgniter\CodeIgniter->run()
12 SYSTEMPATH/Boot.php(67): CodeIgniter\Boot::runCodeIgniter(Object(CodeIgniter\CodeIgniter))
13 FCPATH/index.php(56): CodeIgniter\Boot::bootWeb(Object(Config\Paths))
14 SYSTEMPATH/rewrite.php(44): require_once('/Users/renstrap1bpiw/Documents/GitHub/Sipro/public/index.php')
INFO - 2025-07-19 08:29:45 --> Session: Class initialized using 'CodeIgniter\Session\Handlers\FileHandler' driver.
INFO - 2025-07-19 08:29:52 --> Session: Class initialized using 'CodeIgniter\Session\Handlers\FileHandler' driver.
INFO - 2025-07-19 08:29:53 --> Session: Class initialized using 'CodeIgniter\Session\Handlers\FileHandler' driver.
WARNING - 2025-07-19 08:29:53 --> [DEPRECATED] Optional parameter $catatan_bpiw declared before required parameter $id_pendanaan is implicitly treated as a required parameter in APPPATH/Models/Memorandum/ProgramModel.php on line 112.
 1 VENDORPATH/composer/ClassLoader.php(576): include('/Users/renstrap1bpiw/Documents/GitHub/Sipro/vendor/codeigniter4/framework/system/Debug/Exceptions.php')
 2 VENDORPATH/composer/ClassLoader.php(427): Composer\Autoload\{closure}('/Users/renstrap1bpiw/Documents/GitHub/Sipro/vendor/composer/../../app/Models/Memorandum/ProgramModel.php')
 3 APPPATH/Controllers/Memorandum.php(31): Composer\Autoload\ClassLoader->loadClass('App\\Models\\Memorandum\\ProgramModel')
 4 SYSTEMPATH/CodeIgniter.php(903): App\Controllers\Memorandum->__construct()
 5 SYSTEMPATH/CodeIgniter.php(500): CodeIgniter\CodeIgniter->createController()
 6 SYSTEMPATH/CodeIgniter.php(355): CodeIgniter\CodeIgniter->handleRequest(null, Object(Config\Cache), false)
 7 SYSTEMPATH/Boot.php(325): CodeIgniter\CodeIgniter->run()
 8 SYSTEMPATH/Boot.php(67): CodeIgniter\Boot::runCodeIgniter(Object(CodeIgniter\CodeIgniter))
 9 FCPATH/index.php(56): CodeIgniter\Boot::bootWeb(Object(Config\Paths))
10 SYSTEMPATH/rewrite.php(44): require_once('/Users/renstrap1bpiw/Documents/GitHub/Sipro/public/index.php')
WARNING - 2025-07-19 08:29:53 --> [DEPRECATED] Optional parameter $catatan_unor declared before required parameter $id_pendanaan is implicitly treated as a required parameter in APPPATH/Models/Memorandum/ProgramModel.php on line 112.
 1 VENDORPATH/composer/ClassLoader.php(576): include('/Users/renstrap1bpiw/Documents/GitHub/Sipro/vendor/codeigniter4/framework/system/Debug/Exceptions.php')
 2 VENDORPATH/composer/ClassLoader.php(427): Composer\Autoload\{closure}('/Users/renstrap1bpiw/Documents/GitHub/Sipro/vendor/composer/../../app/Models/Memorandum/ProgramModel.php')
 3 APPPATH/Controllers/Memorandum.php(31): Composer\Autoload\ClassLoader->loadClass('App\\Models\\Memorandum\\ProgramModel')
 4 SYSTEMPATH/CodeIgniter.php(903): App\Controllers\Memorandum->__construct()
 5 SYSTEMPATH/CodeIgniter.php(500): CodeIgniter\CodeIgniter->createController()
 6 SYSTEMPATH/CodeIgniter.php(355): CodeIgniter\CodeIgniter->handleRequest(null, Object(Config\Cache), false)
 7 SYSTEMPATH/Boot.php(325): CodeIgniter\CodeIgniter->run()
 8 SYSTEMPATH/Boot.php(67): CodeIgniter\Boot::runCodeIgniter(Object(CodeIgniter\CodeIgniter))
 9 FCPATH/index.php(56): CodeIgniter\Boot::bootWeb(Object(Config\Paths))
10 SYSTEMPATH/rewrite.php(44): require_once('/Users/renstrap1bpiw/Documents/GitHub/Sipro/public/index.php')
WARNING - 2025-07-19 08:29:53 --> [DEPRECATED] Optional parameter $catatan_desk2 declared before required parameter $id_pendanaan is implicitly treated as a required parameter in APPPATH/Models/Memorandum/ProgramModel.php on line 112.
 1 VENDORPATH/composer/ClassLoader.php(576): include('/Users/renstrap1bpiw/Documents/GitHub/Sipro/vendor/codeigniter4/framework/system/Debug/Exceptions.php')
 2 VENDORPATH/composer/ClassLoader.php(427): Composer\Autoload\{closure}('/Users/renstrap1bpiw/Documents/GitHub/Sipro/vendor/composer/../../app/Models/Memorandum/ProgramModel.php')
 3 APPPATH/Controllers/Memorandum.php(31): Composer\Autoload\ClassLoader->loadClass('App\\Models\\Memorandum\\ProgramModel')
 4 SYSTEMPATH/CodeIgniter.php(903): App\Controllers\Memorandum->__construct()
 5 SYSTEMPATH/CodeIgniter.php(500): CodeIgniter\CodeIgniter->createController()
 6 SYSTEMPATH/CodeIgniter.php(355): CodeIgniter\CodeIgniter->handleRequest(null, Object(Config\Cache), false)
 7 SYSTEMPATH/Boot.php(325): CodeIgniter\CodeIgniter->run()
 8 SYSTEMPATH/Boot.php(67): CodeIgniter\Boot::runCodeIgniter(Object(CodeIgniter\CodeIgniter))
 9 FCPATH/index.php(56): CodeIgniter\Boot::bootWeb(Object(Config\Paths))
10 SYSTEMPATH/rewrite.php(44): require_once('/Users/renstrap1bpiw/Documents/GitHub/Sipro/public/index.php')
WARNING - 2025-07-19 08:29:53 --> [DEPRECATED] Optional parameter $desk declared before required parameter $id_pendanaan is implicitly treated as a required parameter in APPPATH/Models/Memorandum/ProgramModel.php on line 112.
 1 VENDORPATH/composer/ClassLoader.php(576): include('/Users/renstrap1bpiw/Documents/GitHub/Sipro/vendor/codeigniter4/framework/system/Debug/Exceptions.php')
 2 VENDORPATH/composer/ClassLoader.php(427): Composer\Autoload\{closure}('/Users/renstrap1bpiw/Documents/GitHub/Sipro/vendor/composer/../../app/Models/Memorandum/ProgramModel.php')
 3 APPPATH/Controllers/Memorandum.php(31): Composer\Autoload\ClassLoader->loadClass('App\\Models\\Memorandum\\ProgramModel')
 4 SYSTEMPATH/CodeIgniter.php(903): App\Controllers\Memorandum->__construct()
 5 SYSTEMPATH/CodeIgniter.php(500): CodeIgniter\CodeIgniter->createController()
 6 SYSTEMPATH/CodeIgniter.php(355): CodeIgniter\CodeIgniter->handleRequest(null, Object(Config\Cache), false)
 7 SYSTEMPATH/Boot.php(325): CodeIgniter\CodeIgniter->run()
 8 SYSTEMPATH/Boot.php(67): CodeIgniter\Boot::runCodeIgniter(Object(CodeIgniter\CodeIgniter))
 9 FCPATH/index.php(56): CodeIgniter\Boot::bootWeb(Object(Config\Paths))
10 SYSTEMPATH/rewrite.php(44): require_once('/Users/renstrap1bpiw/Documents/GitHub/Sipro/public/index.php')
