ERROR - 2024-09-06 02:22:48 --> Error connecting to the database: mysqli_sql_exception: Connection refused in /Applications/MAMP/htdocs/sipro24/vendor/codeigniter4/framework/system/Database/MySQLi/Connection.php:186
Stack trace:
#0 /Applications/MAMP/htdocs/sipro24/vendor/codeigniter4/framework/system/Database/MySQLi/Connection.php(186): mysqli->real_connect('localhost', 'root', Object(SensitiveParameterValue), 'sipro2024', 3306, '', 0)
#1 /Applications/MAMP/htdocs/sipro24/vendor/codeigniter4/framework/system/Database/BaseConnection.php(421): CodeIgniter\Database\MySQLi\Connection->connect(false)
#2 /Applications/MAMP/htdocs/sipro24/vendor/codeigniter4/framework/system/Database/BaseConnection.php(616): CodeIgniter\Database\BaseConnection->initialize()
#3 /Applications/MAMP/htdocs/sipro24/vendor/codeigniter4/framework/system/Database/BaseBuilder.php(1644): CodeIgniter\Database\BaseConnection->query('SELECT *\nFROM `...', Array, false)
#4 /Applications/MAMP/htdocs/sipro24/vendor/codeigniter4/framework/system/Model.php(286): CodeIgniter\Database\BaseBuilder->get()
#5 /Applications/MAMP/htdocs/sipro24/vendor/codeigniter4/framework/system/BaseModel.php(676): CodeIgniter\Model->doFindAll(0, 0)
#6 /Applications/MAMP/htdocs/sipro24/app/Models/Master/ProgramModel.php(15): CodeIgniter\BaseModel->findAll()
#7 /Applications/MAMP/htdocs/sipro24/app/Controllers/Master.php(43): App\Models\Master\ProgramModel->getProgram()
#8 /Applications/MAMP/htdocs/sipro24/vendor/codeigniter4/framework/system/CodeIgniter.php(933): App\Controllers\Master->program()
#9 /Applications/MAMP/htdocs/sipro24/vendor/codeigniter4/framework/system/CodeIgniter.php(509): CodeIgniter\CodeIgniter->runController(Object(App\Controllers\Master))
#10 /Applications/MAMP/htdocs/sipro24/vendor/codeigniter4/framework/system/CodeIgniter.php(355): CodeIgniter\CodeIgniter->handleRequest(NULL, Object(Config\Cache), false)
#11 /Applications/MAMP/htdocs/sipro24/vendor/codeigniter4/framework/system/Boot.php(325): CodeIgniter\CodeIgniter->run()
#12 /Applications/MAMP/htdocs/sipro24/vendor/codeigniter4/framework/system/Boot.php(67): CodeIgniter\Boot::runCodeIgniter(Object(CodeIgniter\CodeIgniter))
#13 /Applications/MAMP/htdocs/sipro24/public/index.php(56): CodeIgniter\Boot::bootWeb(Object(Config\Paths))
#14 /Applications/MAMP/htdocs/sipro24/vendor/codeigniter4/framework/system/rewrite.php(44): require_once('/Applications/M...')
#15 {main}

Next CodeIgniter\Database\Exceptions\DatabaseException: Connection refused in /Applications/MAMP/htdocs/sipro24/vendor/codeigniter4/framework/system/Database/MySQLi/Connection.php:231
Stack trace:
#0 /Applications/MAMP/htdocs/sipro24/vendor/codeigniter4/framework/system/Database/BaseConnection.php(421): CodeIgniter\Database\MySQLi\Connection->connect(false)
#1 /Applications/MAMP/htdocs/sipro24/vendor/codeigniter4/framework/system/Database/BaseConnection.php(616): CodeIgniter\Database\BaseConnection->initialize()
#2 /Applications/MAMP/htdocs/sipro24/vendor/codeigniter4/framework/system/Database/BaseBuilder.php(1644): CodeIgniter\Database\BaseConnection->query('SELECT *\nFROM `...', Array, false)
#3 /Applications/MAMP/htdocs/sipro24/vendor/codeigniter4/framework/system/Model.php(286): CodeIgniter\Database\BaseBuilder->get()
#4 /Applications/MAMP/htdocs/sipro24/vendor/codeigniter4/framework/system/BaseModel.php(676): CodeIgniter\Model->doFindAll(0, 0)
#5 /Applications/MAMP/htdocs/sipro24/app/Models/Master/ProgramModel.php(15): CodeIgniter\BaseModel->findAll()
#6 /Applications/MAMP/htdocs/sipro24/app/Controllers/Master.php(43): App\Models\Master\ProgramModel->getProgram()
#7 /Applications/MAMP/htdocs/sipro24/vendor/codeigniter4/framework/system/CodeIgniter.php(933): App\Controllers\Master->program()
#8 /Applications/MAMP/htdocs/sipro24/vendor/codeigniter4/framework/system/CodeIgniter.php(509): CodeIgniter\CodeIgniter->runController(Object(App\Controllers\Master))
#9 /Applications/MAMP/htdocs/sipro24/vendor/codeigniter4/framework/system/CodeIgniter.php(355): CodeIgniter\CodeIgniter->handleRequest(NULL, Object(Config\Cache), false)
#10 /Applications/MAMP/htdocs/sipro24/vendor/codeigniter4/framework/system/Boot.php(325): CodeIgniter\CodeIgniter->run()
#11 /Applications/MAMP/htdocs/sipro24/vendor/codeigniter4/framework/system/Boot.php(67): CodeIgniter\Boot::runCodeIgniter(Object(CodeIgniter\CodeIgniter))
#12 /Applications/MAMP/htdocs/sipro24/public/index.php(56): CodeIgniter\Boot::bootWeb(Object(Config\Paths))
#13 /Applications/MAMP/htdocs/sipro24/vendor/codeigniter4/framework/system/rewrite.php(44): require_once('/Applications/M...')
#14 {main}
CRITICAL - 2024-09-06 02:22:48 --> CodeIgniter\Database\Exceptions\DatabaseException: Unable to connect to the database.
Main connection [MySQLi]: Connection refused
[Method: GET, Route: program]
in SYSTEMPATH/Database/BaseConnection.php on line 467.
 1 SYSTEMPATH/Database/BaseConnection.php(616): CodeIgniter\Database\BaseConnection->initialize()
 2 SYSTEMPATH/Database/BaseBuilder.php(1644): CodeIgniter\Database\BaseConnection->query('SELECT *
FROM `m_program`', [], false)
 3 SYSTEMPATH/Model.php(286): CodeIgniter\Database\BaseBuilder->get()
 4 SYSTEMPATH/BaseModel.php(676): CodeIgniter\Model->doFindAll(0, 0)
 5 APPPATH/Models/Master/ProgramModel.php(15): CodeIgniter\BaseModel->findAll()
 6 APPPATH/Controllers/Master.php(43): App\Models\Master\ProgramModel->getProgram()
 7 SYSTEMPATH/CodeIgniter.php(933): App\Controllers\Master->program()
 8 SYSTEMPATH/CodeIgniter.php(509): CodeIgniter\CodeIgniter->runController(Object(App\Controllers\Master))
 9 SYSTEMPATH/CodeIgniter.php(355): CodeIgniter\CodeIgniter->handleRequest(null, Object(Config\Cache), false)
10 SYSTEMPATH/Boot.php(325): CodeIgniter\CodeIgniter->run()
11 SYSTEMPATH/Boot.php(67): CodeIgniter\Boot::runCodeIgniter(Object(CodeIgniter\CodeIgniter))
12 FCPATH/index.php(56): CodeIgniter\Boot::bootWeb(Object(Config\Paths))
13 SYSTEMPATH/rewrite.php(44): require_once('/Applications/MAMP/htdocs/sipro24/public/index.php')
CRITICAL - 2024-09-06 03:04:42 --> BadMethodCallException: Call to undefined method App\Models\Rpiw\ProgramRpiwModel::findId
[Method: GET, Route: detail/1]
in SYSTEMPATH/Model.php on line 932.
 1 APPPATH/Models/Rpiw/ProgramRpiwModel.php(20): CodeIgniter\Model->__call('findId', [])
 2 APPPATH/Controllers/Rpiw.php(26): App\Models\Rpiw\ProgramRpiwModel->getProgramRpiwDetail('1')
 3 SYSTEMPATH/CodeIgniter.php(933): App\Controllers\Rpiw->detail('1')
 4 SYSTEMPATH/CodeIgniter.php(509): CodeIgniter\CodeIgniter->runController(Object(App\Controllers\Rpiw))
 5 SYSTEMPATH/CodeIgniter.php(355): CodeIgniter\CodeIgniter->handleRequest(null, Object(Config\Cache), false)
 6 SYSTEMPATH/Boot.php(325): CodeIgniter\CodeIgniter->run()
 7 SYSTEMPATH/Boot.php(67): CodeIgniter\Boot::runCodeIgniter(Object(CodeIgniter\CodeIgniter))
 8 FCPATH/index.php(56): CodeIgniter\Boot::bootWeb(Object(Config\Paths))
 9 SYSTEMPATH/rewrite.php(44): require_once('/Applications/MAMP/htdocs/sipro24/public/index.php')
CRITICAL - 2024-09-06 03:06:13 --> BadMethodCallException: Call to undefined method App\Models\Rpiw\ProgramRpiwModel::findId
[Method: GET, Route: detail/11-04-0011]
in SYSTEMPATH/Model.php on line 932.
 1 APPPATH/Models/Rpiw/ProgramRpiwModel.php(20): CodeIgniter\Model->__call('findId', [])
 2 APPPATH/Controllers/Rpiw.php(26): App\Models\Rpiw\ProgramRpiwModel->getProgramRpiwDetail('11-04-0011')
 3 SYSTEMPATH/CodeIgniter.php(933): App\Controllers\Rpiw->detail('11-04-0011')
 4 SYSTEMPATH/CodeIgniter.php(509): CodeIgniter\CodeIgniter->runController(Object(App\Controllers\Rpiw))
 5 SYSTEMPATH/CodeIgniter.php(355): CodeIgniter\CodeIgniter->handleRequest(null, Object(Config\Cache), false)
 6 SYSTEMPATH/Boot.php(325): CodeIgniter\CodeIgniter->run()
 7 SYSTEMPATH/Boot.php(67): CodeIgniter\Boot::runCodeIgniter(Object(CodeIgniter\CodeIgniter))
 8 FCPATH/index.php(56): CodeIgniter\Boot::bootWeb(Object(Config\Paths))
 9 SYSTEMPATH/rewrite.php(44): require_once('/Applications/MAMP/htdocs/sipro24/public/index.php')
CRITICAL - 2024-09-06 03:08:27 --> BadMethodCallException: Call to undefined method App\Models\Rpiw\ProgramRpiwModel::findId
[Method: GET, Route: detail/11-04-0011]
in SYSTEMPATH/Model.php on line 932.
 1 APPPATH/Models/Rpiw/ProgramRpiwModel.php(20): CodeIgniter\Model->__call('findId', [...])
 2 APPPATH/Controllers/Rpiw.php(26): App\Models\Rpiw\ProgramRpiwModel->getProgramRpiwDetail('11-04-0011')
 3 SYSTEMPATH/CodeIgniter.php(933): App\Controllers\Rpiw->detail('11-04-0011')
 4 SYSTEMPATH/CodeIgniter.php(509): CodeIgniter\CodeIgniter->runController(Object(App\Controllers\Rpiw))
 5 SYSTEMPATH/CodeIgniter.php(355): CodeIgniter\CodeIgniter->handleRequest(null, Object(Config\Cache), false)
 6 SYSTEMPATH/Boot.php(325): CodeIgniter\CodeIgniter->run()
 7 SYSTEMPATH/Boot.php(67): CodeIgniter\Boot::runCodeIgniter(Object(CodeIgniter\CodeIgniter))
 8 FCPATH/index.php(56): CodeIgniter\Boot::bootWeb(Object(Config\Paths))
 9 SYSTEMPATH/rewrite.php(44): require_once('/Applications/MAMP/htdocs/sipro24/public/index.php')
CRITICAL - 2024-09-06 03:08:27 --> BadMethodCallException: Call to undefined method App\Models\Rpiw\ProgramRpiwModel::findId
[Method: GET, Route: detail/11-04-0011]
in SYSTEMPATH/Model.php on line 932.
 1 APPPATH/Models/Rpiw/ProgramRpiwModel.php(20): CodeIgniter\Model->__call('findId', [...])
 2 APPPATH/Controllers/Rpiw.php(26): App\Models\Rpiw\ProgramRpiwModel->getProgramRpiwDetail('11-04-0011')
 3 SYSTEMPATH/CodeIgniter.php(933): App\Controllers\Rpiw->detail('11-04-0011')
 4 SYSTEMPATH/CodeIgniter.php(509): CodeIgniter\CodeIgniter->runController(Object(App\Controllers\Rpiw))
 5 SYSTEMPATH/CodeIgniter.php(355): CodeIgniter\CodeIgniter->handleRequest(null, Object(Config\Cache), false)
 6 SYSTEMPATH/Boot.php(325): CodeIgniter\CodeIgniter->run()
 7 SYSTEMPATH/Boot.php(67): CodeIgniter\Boot::runCodeIgniter(Object(CodeIgniter\CodeIgniter))
 8 FCPATH/index.php(56): CodeIgniter\Boot::bootWeb(Object(Config\Paths))
 9 SYSTEMPATH/rewrite.php(44): require_once('/Applications/MAMP/htdocs/sipro24/public/index.php')
CRITICAL - 2024-09-06 03:08:28 --> BadMethodCallException: Call to undefined method App\Models\Rpiw\ProgramRpiwModel::findId
[Method: GET, Route: detail/11-04-0011]
in SYSTEMPATH/Model.php on line 932.
 1 APPPATH/Models/Rpiw/ProgramRpiwModel.php(20): CodeIgniter\Model->__call('findId', [...])
 2 APPPATH/Controllers/Rpiw.php(26): App\Models\Rpiw\ProgramRpiwModel->getProgramRpiwDetail('11-04-0011')
 3 SYSTEMPATH/CodeIgniter.php(933): App\Controllers\Rpiw->detail('11-04-0011')
 4 SYSTEMPATH/CodeIgniter.php(509): CodeIgniter\CodeIgniter->runController(Object(App\Controllers\Rpiw))
 5 SYSTEMPATH/CodeIgniter.php(355): CodeIgniter\CodeIgniter->handleRequest(null, Object(Config\Cache), false)
 6 SYSTEMPATH/Boot.php(325): CodeIgniter\CodeIgniter->run()
 7 SYSTEMPATH/Boot.php(67): CodeIgniter\Boot::runCodeIgniter(Object(CodeIgniter\CodeIgniter))
 8 FCPATH/index.php(56): CodeIgniter\Boot::bootWeb(Object(Config\Paths))
 9 SYSTEMPATH/rewrite.php(44): require_once('/Applications/MAMP/htdocs/sipro24/public/index.php')
CRITICAL - 2024-09-06 03:13:37 --> BadMethodCallException: Call to undefined method App\Models\Rpiw\ProgramRpiwModel::findId
[Method: GET, Route: detail/11-04-0011]
in SYSTEMPATH/Model.php on line 932.
 1 APPPATH/Models/Rpiw/ProgramRpiwModel.php(20): CodeIgniter\Model->__call('findId', [...])
 2 APPPATH/Controllers/Rpiw.php(27): App\Models\Rpiw\ProgramRpiwModel->getProgramRpiwDetail('11-04-0011')
 3 SYSTEMPATH/CodeIgniter.php(933): App\Controllers\Rpiw->detail('11-04-0011')
 4 SYSTEMPATH/CodeIgniter.php(509): CodeIgniter\CodeIgniter->runController(Object(App\Controllers\Rpiw))
 5 SYSTEMPATH/CodeIgniter.php(355): CodeIgniter\CodeIgniter->handleRequest(null, Object(Config\Cache), false)
 6 SYSTEMPATH/Boot.php(325): CodeIgniter\CodeIgniter->run()
 7 SYSTEMPATH/Boot.php(67): CodeIgniter\Boot::runCodeIgniter(Object(CodeIgniter\CodeIgniter))
 8 FCPATH/index.php(56): CodeIgniter\Boot::bootWeb(Object(Config\Paths))
 9 SYSTEMPATH/rewrite.php(44): require_once('/Applications/MAMP/htdocs/sipro24/public/index.php')
ERROR - 2024-09-06 03:14:53 --> mysqli_sql_exception: Unknown column 'm_rpiw_program.id' in 'where clause' in /Applications/MAMP/htdocs/sipro24/vendor/codeigniter4/framework/system/Database/MySQLi/Connection.php:312
Stack trace:
#0 /Applications/MAMP/htdocs/sipro24/vendor/codeigniter4/framework/system/Database/MySQLi/Connection.php(312): mysqli->query('SELECT *\nFROM `...', 0)
#1 /Applications/MAMP/htdocs/sipro24/vendor/codeigniter4/framework/system/Database/BaseConnection.php(734): CodeIgniter\Database\MySQLi\Connection->execute('SELECT *\nFROM `...')
#2 /Applications/MAMP/htdocs/sipro24/vendor/codeigniter4/framework/system/Database/BaseConnection.php(648): CodeIgniter\Database\BaseConnection->simpleQuery('SELECT *\nFROM `...')
#3 /Applications/MAMP/htdocs/sipro24/vendor/codeigniter4/framework/system/Database/BaseBuilder.php(1644): CodeIgniter\Database\BaseConnection->query('SELECT *\nFROM `...', Array, false)
#4 /Applications/MAMP/htdocs/sipro24/vendor/codeigniter4/framework/system/Model.php(210): CodeIgniter\Database\BaseBuilder->get()
#5 /Applications/MAMP/htdocs/sipro24/vendor/codeigniter4/framework/system/BaseModel.php(610): CodeIgniter\Model->doFind(true, '11-04-0011')
#6 /Applications/MAMP/htdocs/sipro24/app/Models/Rpiw/ProgramRpiwModel.php(20): CodeIgniter\BaseModel->find('11-04-0011')
#7 /Applications/MAMP/htdocs/sipro24/app/Controllers/Rpiw.php(27): App\Models\Rpiw\ProgramRpiwModel->getProgramRpiwDetail('11-04-0011')
#8 /Applications/MAMP/htdocs/sipro24/vendor/codeigniter4/framework/system/CodeIgniter.php(933): App\Controllers\Rpiw->detail('11-04-0011')
#9 /Applications/MAMP/htdocs/sipro24/vendor/codeigniter4/framework/system/CodeIgniter.php(509): CodeIgniter\CodeIgniter->runController(Object(App\Controllers\Rpiw))
#10 /Applications/MAMP/htdocs/sipro24/vendor/codeigniter4/framework/system/CodeIgniter.php(355): CodeIgniter\CodeIgniter->handleRequest(NULL, Object(Config\Cache), false)
#11 /Applications/MAMP/htdocs/sipro24/vendor/codeigniter4/framework/system/Boot.php(325): CodeIgniter\CodeIgniter->run()
#12 /Applications/MAMP/htdocs/sipro24/vendor/codeigniter4/framework/system/Boot.php(67): CodeIgniter\Boot::runCodeIgniter(Object(CodeIgniter\CodeIgniter))
#13 /Applications/MAMP/htdocs/sipro24/public/index.php(56): CodeIgniter\Boot::bootWeb(Object(Config\Paths))
#14 /Applications/MAMP/htdocs/sipro24/vendor/codeigniter4/framework/system/rewrite.php(44): require_once('/Applications/M...')
#15 {main}
CRITICAL - 2024-09-06 03:14:53 --> CodeIgniter\Database\Exceptions\DatabaseException: Unknown column 'm_rpiw_program.id' in 'where clause'
[Method: GET, Route: detail/11-04-0011]
in SYSTEMPATH/Database/BaseConnection.php on line 688.
 1 SYSTEMPATH/Database/BaseBuilder.php(1644): CodeIgniter\Database\BaseConnection->query('SELECT *
FROM `m_rpiw_program`
WHERE `m_rpiw_program`.`id` = :m_rpiw_program.id:', [...], false)
 2 SYSTEMPATH/Model.php(210): CodeIgniter\Database\BaseBuilder->get()
 3 SYSTEMPATH/BaseModel.php(610): CodeIgniter\Model->doFind(true, '11-04-0011')
 4 APPPATH/Models/Rpiw/ProgramRpiwModel.php(20): CodeIgniter\BaseModel->find('11-04-0011')
 5 APPPATH/Controllers/Rpiw.php(27): App\Models\Rpiw\ProgramRpiwModel->getProgramRpiwDetail('11-04-0011')
 6 SYSTEMPATH/CodeIgniter.php(933): App\Controllers\Rpiw->detail('11-04-0011')
 7 SYSTEMPATH/CodeIgniter.php(509): CodeIgniter\CodeIgniter->runController(Object(App\Controllers\Rpiw))
 8 SYSTEMPATH/CodeIgniter.php(355): CodeIgniter\CodeIgniter->handleRequest(null, Object(Config\Cache), false)
 9 SYSTEMPATH/Boot.php(325): CodeIgniter\CodeIgniter->run()
10 SYSTEMPATH/Boot.php(67): CodeIgniter\Boot::runCodeIgniter(Object(CodeIgniter\CodeIgniter))
11 FCPATH/index.php(56): CodeIgniter\Boot::bootWeb(Object(Config\Paths))
12 SYSTEMPATH/rewrite.php(44): require_once('/Applications/MAMP/htdocs/sipro24/public/index.php')
CRITICAL - 2024-09-06 03:14:53 --> [Caused by] CodeIgniter\Database\Exceptions\DatabaseException: Unknown column 'm_rpiw_program.id' in 'where clause'
in SYSTEMPATH/Database/MySQLi/Connection.php on line 317.
 1 SYSTEMPATH/Database/BaseConnection.php(734): CodeIgniter\Database\MySQLi\Connection->execute('SELECT *
FROM `m_rpiw_program`
WHERE `m_rpiw_program`.`id` = \'11-04-0011\'')
 2 SYSTEMPATH/Database/BaseConnection.php(648): CodeIgniter\Database\BaseConnection->simpleQuery('SELECT *
FROM `m_rpiw_program`
WHERE `m_rpiw_program`.`id` = \'11-04-0011\'')
 3 SYSTEMPATH/Database/BaseBuilder.php(1644): CodeIgniter\Database\BaseConnection->query('SELECT *
FROM `m_rpiw_program`
WHERE `m_rpiw_program`.`id` = :m_rpiw_program.id:', [...], false)
 4 SYSTEMPATH/Model.php(210): CodeIgniter\Database\BaseBuilder->get()
 5 SYSTEMPATH/BaseModel.php(610): CodeIgniter\Model->doFind(true, '11-04-0011')
 6 APPPATH/Models/Rpiw/ProgramRpiwModel.php(20): CodeIgniter\BaseModel->find('11-04-0011')
 7 APPPATH/Controllers/Rpiw.php(27): App\Models\Rpiw\ProgramRpiwModel->getProgramRpiwDetail('11-04-0011')
 8 SYSTEMPATH/CodeIgniter.php(933): App\Controllers\Rpiw->detail('11-04-0011')
 9 SYSTEMPATH/CodeIgniter.php(509): CodeIgniter\CodeIgniter->runController(Object(App\Controllers\Rpiw))
10 SYSTEMPATH/CodeIgniter.php(355): CodeIgniter\CodeIgniter->handleRequest(null, Object(Config\Cache), false)
11 SYSTEMPATH/Boot.php(325): CodeIgniter\CodeIgniter->run()
12 SYSTEMPATH/Boot.php(67): CodeIgniter\Boot::runCodeIgniter(Object(CodeIgniter\CodeIgniter))
13 FCPATH/index.php(56): CodeIgniter\Boot::bootWeb(Object(Config\Paths))
14 SYSTEMPATH/rewrite.php(44): require_once('/Applications/MAMP/htdocs/sipro24/public/index.php')
CRITICAL - 2024-09-06 03:14:53 --> [Caused by] mysqli_sql_exception: Unknown column 'm_rpiw_program.id' in 'where clause'
in SYSTEMPATH/Database/MySQLi/Connection.php on line 312.
 1 SYSTEMPATH/Database/MySQLi/Connection.php(312): mysqli->query('SELECT *
FROM `m_rpiw_program`
WHERE `m_rpiw_program`.`id` = \'11-04-0011\'', 0)
 2 SYSTEMPATH/Database/BaseConnection.php(734): CodeIgniter\Database\MySQLi\Connection->execute('SELECT *
FROM `m_rpiw_program`
WHERE `m_rpiw_program`.`id` = \'11-04-0011\'')
 3 SYSTEMPATH/Database/BaseConnection.php(648): CodeIgniter\Database\BaseConnection->simpleQuery('SELECT *
FROM `m_rpiw_program`
WHERE `m_rpiw_program`.`id` = \'11-04-0011\'')
 4 SYSTEMPATH/Database/BaseBuilder.php(1644): CodeIgniter\Database\BaseConnection->query('SELECT *
FROM `m_rpiw_program`
WHERE `m_rpiw_program`.`id` = :m_rpiw_program.id:', [...], false)
 5 SYSTEMPATH/Model.php(210): CodeIgniter\Database\BaseBuilder->get()
 6 SYSTEMPATH/BaseModel.php(610): CodeIgniter\Model->doFind(true, '11-04-0011')
 7 APPPATH/Models/Rpiw/ProgramRpiwModel.php(20): CodeIgniter\BaseModel->find('11-04-0011')
 8 APPPATH/Controllers/Rpiw.php(27): App\Models\Rpiw\ProgramRpiwModel->getProgramRpiwDetail('11-04-0011')
 9 SYSTEMPATH/CodeIgniter.php(933): App\Controllers\Rpiw->detail('11-04-0011')
10 SYSTEMPATH/CodeIgniter.php(509): CodeIgniter\CodeIgniter->runController(Object(App\Controllers\Rpiw))
11 SYSTEMPATH/CodeIgniter.php(355): CodeIgniter\CodeIgniter->handleRequest(null, Object(Config\Cache), false)
12 SYSTEMPATH/Boot.php(325): CodeIgniter\CodeIgniter->run()
13 SYSTEMPATH/Boot.php(67): CodeIgniter\Boot::runCodeIgniter(Object(CodeIgniter\CodeIgniter))
14 FCPATH/index.php(56): CodeIgniter\Boot::bootWeb(Object(Config\Paths))
15 SYSTEMPATH/rewrite.php(44): require_once('/Applications/MAMP/htdocs/sipro24/public/index.php')
ERROR - 2024-09-06 03:18:14 --> mysqli_sql_exception: Unknown column 'm_rpiw_program.id' in 'where clause' in /Applications/MAMP/htdocs/sipro24/vendor/codeigniter4/framework/system/Database/MySQLi/Connection.php:312
Stack trace:
#0 /Applications/MAMP/htdocs/sipro24/vendor/codeigniter4/framework/system/Database/MySQLi/Connection.php(312): mysqli->query('SELECT *\nFROM `...', 0)
#1 /Applications/MAMP/htdocs/sipro24/vendor/codeigniter4/framework/system/Database/BaseConnection.php(734): CodeIgniter\Database\MySQLi\Connection->execute('SELECT *\nFROM `...')
#2 /Applications/MAMP/htdocs/sipro24/vendor/codeigniter4/framework/system/Database/BaseConnection.php(648): CodeIgniter\Database\BaseConnection->simpleQuery('SELECT *\nFROM `...')
#3 /Applications/MAMP/htdocs/sipro24/vendor/codeigniter4/framework/system/Database/BaseBuilder.php(1644): CodeIgniter\Database\BaseConnection->query('SELECT *\nFROM `...', Array, false)
#4 /Applications/MAMP/htdocs/sipro24/vendor/codeigniter4/framework/system/Model.php(210): CodeIgniter\Database\BaseBuilder->get()
#5 /Applications/MAMP/htdocs/sipro24/vendor/codeigniter4/framework/system/BaseModel.php(610): CodeIgniter\Model->doFind(true, '11-04-0011')
#6 /Applications/MAMP/htdocs/sipro24/app/Models/Rpiw/ProgramRpiwModel.php(20): CodeIgniter\BaseModel->find('11-04-0011')
#7 /Applications/MAMP/htdocs/sipro24/app/Controllers/Rpiw.php(27): App\Models\Rpiw\ProgramRpiwModel->getProgramRpiwDetail('11-04-0011')
#8 /Applications/MAMP/htdocs/sipro24/vendor/codeigniter4/framework/system/CodeIgniter.php(933): App\Controllers\Rpiw->detail('11-04-0011')
#9 /Applications/MAMP/htdocs/sipro24/vendor/codeigniter4/framework/system/CodeIgniter.php(509): CodeIgniter\CodeIgniter->runController(Object(App\Controllers\Rpiw))
#10 /Applications/MAMP/htdocs/sipro24/vendor/codeigniter4/framework/system/CodeIgniter.php(355): CodeIgniter\CodeIgniter->handleRequest(NULL, Object(Config\Cache), false)
#11 /Applications/MAMP/htdocs/sipro24/vendor/codeigniter4/framework/system/Boot.php(325): CodeIgniter\CodeIgniter->run()
#12 /Applications/MAMP/htdocs/sipro24/vendor/codeigniter4/framework/system/Boot.php(67): CodeIgniter\Boot::runCodeIgniter(Object(CodeIgniter\CodeIgniter))
#13 /Applications/MAMP/htdocs/sipro24/public/index.php(56): CodeIgniter\Boot::bootWeb(Object(Config\Paths))
#14 /Applications/MAMP/htdocs/sipro24/vendor/codeigniter4/framework/system/rewrite.php(44): require_once('/Applications/M...')
#15 {main}
CRITICAL - 2024-09-06 03:18:14 --> CodeIgniter\Database\Exceptions\DatabaseException: Unknown column 'm_rpiw_program.id' in 'where clause'
[Method: GET, Route: detail/11-04-0011]
in SYSTEMPATH/Database/BaseConnection.php on line 688.
 1 SYSTEMPATH/Database/BaseBuilder.php(1644): CodeIgniter\Database\BaseConnection->query('SELECT *
FROM `m_rpiw_program`
WHERE `m_rpiw_program`.`id` = :m_rpiw_program.id:', [...], false)
 2 SYSTEMPATH/Model.php(210): CodeIgniter\Database\BaseBuilder->get()
 3 SYSTEMPATH/BaseModel.php(610): CodeIgniter\Model->doFind(true, '11-04-0011')
 4 APPPATH/Models/Rpiw/ProgramRpiwModel.php(20): CodeIgniter\BaseModel->find('11-04-0011')
 5 APPPATH/Controllers/Rpiw.php(27): App\Models\Rpiw\ProgramRpiwModel->getProgramRpiwDetail('11-04-0011')
 6 SYSTEMPATH/CodeIgniter.php(933): App\Controllers\Rpiw->detail('11-04-0011')
 7 SYSTEMPATH/CodeIgniter.php(509): CodeIgniter\CodeIgniter->runController(Object(App\Controllers\Rpiw))
 8 SYSTEMPATH/CodeIgniter.php(355): CodeIgniter\CodeIgniter->handleRequest(null, Object(Config\Cache), false)
 9 SYSTEMPATH/Boot.php(325): CodeIgniter\CodeIgniter->run()
10 SYSTEMPATH/Boot.php(67): CodeIgniter\Boot::runCodeIgniter(Object(CodeIgniter\CodeIgniter))
11 FCPATH/index.php(56): CodeIgniter\Boot::bootWeb(Object(Config\Paths))
12 SYSTEMPATH/rewrite.php(44): require_once('/Applications/MAMP/htdocs/sipro24/public/index.php')
CRITICAL - 2024-09-06 03:18:14 --> [Caused by] CodeIgniter\Database\Exceptions\DatabaseException: Unknown column 'm_rpiw_program.id' in 'where clause'
in SYSTEMPATH/Database/MySQLi/Connection.php on line 317.
 1 SYSTEMPATH/Database/BaseConnection.php(734): CodeIgniter\Database\MySQLi\Connection->execute('SELECT *
FROM `m_rpiw_program`
WHERE `m_rpiw_program`.`id` = \'11-04-0011\'')
 2 SYSTEMPATH/Database/BaseConnection.php(648): CodeIgniter\Database\BaseConnection->simpleQuery('SELECT *
FROM `m_rpiw_program`
WHERE `m_rpiw_program`.`id` = \'11-04-0011\'')
 3 SYSTEMPATH/Database/BaseBuilder.php(1644): CodeIgniter\Database\BaseConnection->query('SELECT *
FROM `m_rpiw_program`
WHERE `m_rpiw_program`.`id` = :m_rpiw_program.id:', [...], false)
 4 SYSTEMPATH/Model.php(210): CodeIgniter\Database\BaseBuilder->get()
 5 SYSTEMPATH/BaseModel.php(610): CodeIgniter\Model->doFind(true, '11-04-0011')
 6 APPPATH/Models/Rpiw/ProgramRpiwModel.php(20): CodeIgniter\BaseModel->find('11-04-0011')
 7 APPPATH/Controllers/Rpiw.php(27): App\Models\Rpiw\ProgramRpiwModel->getProgramRpiwDetail('11-04-0011')
 8 SYSTEMPATH/CodeIgniter.php(933): App\Controllers\Rpiw->detail('11-04-0011')
 9 SYSTEMPATH/CodeIgniter.php(509): CodeIgniter\CodeIgniter->runController(Object(App\Controllers\Rpiw))
10 SYSTEMPATH/CodeIgniter.php(355): CodeIgniter\CodeIgniter->handleRequest(null, Object(Config\Cache), false)
11 SYSTEMPATH/Boot.php(325): CodeIgniter\CodeIgniter->run()
12 SYSTEMPATH/Boot.php(67): CodeIgniter\Boot::runCodeIgniter(Object(CodeIgniter\CodeIgniter))
13 FCPATH/index.php(56): CodeIgniter\Boot::bootWeb(Object(Config\Paths))
14 SYSTEMPATH/rewrite.php(44): require_once('/Applications/MAMP/htdocs/sipro24/public/index.php')
CRITICAL - 2024-09-06 03:18:14 --> [Caused by] mysqli_sql_exception: Unknown column 'm_rpiw_program.id' in 'where clause'
in SYSTEMPATH/Database/MySQLi/Connection.php on line 312.
 1 SYSTEMPATH/Database/MySQLi/Connection.php(312): mysqli->query('SELECT *
FROM `m_rpiw_program`
WHERE `m_rpiw_program`.`id` = \'11-04-0011\'', 0)
 2 SYSTEMPATH/Database/BaseConnection.php(734): CodeIgniter\Database\MySQLi\Connection->execute('SELECT *
FROM `m_rpiw_program`
WHERE `m_rpiw_program`.`id` = \'11-04-0011\'')
 3 SYSTEMPATH/Database/BaseConnection.php(648): CodeIgniter\Database\BaseConnection->simpleQuery('SELECT *
FROM `m_rpiw_program`
WHERE `m_rpiw_program`.`id` = \'11-04-0011\'')
 4 SYSTEMPATH/Database/BaseBuilder.php(1644): CodeIgniter\Database\BaseConnection->query('SELECT *
FROM `m_rpiw_program`
WHERE `m_rpiw_program`.`id` = :m_rpiw_program.id:', [...], false)
 5 SYSTEMPATH/Model.php(210): CodeIgniter\Database\BaseBuilder->get()
 6 SYSTEMPATH/BaseModel.php(610): CodeIgniter\Model->doFind(true, '11-04-0011')
 7 APPPATH/Models/Rpiw/ProgramRpiwModel.php(20): CodeIgniter\BaseModel->find('11-04-0011')
 8 APPPATH/Controllers/Rpiw.php(27): App\Models\Rpiw\ProgramRpiwModel->getProgramRpiwDetail('11-04-0011')
 9 SYSTEMPATH/CodeIgniter.php(933): App\Controllers\Rpiw->detail('11-04-0011')
10 SYSTEMPATH/CodeIgniter.php(509): CodeIgniter\CodeIgniter->runController(Object(App\Controllers\Rpiw))
11 SYSTEMPATH/CodeIgniter.php(355): CodeIgniter\CodeIgniter->handleRequest(null, Object(Config\Cache), false)
12 SYSTEMPATH/Boot.php(325): CodeIgniter\CodeIgniter->run()
13 SYSTEMPATH/Boot.php(67): CodeIgniter\Boot::runCodeIgniter(Object(CodeIgniter\CodeIgniter))
14 FCPATH/index.php(56): CodeIgniter\Boot::bootWeb(Object(Config\Paths))
15 SYSTEMPATH/rewrite.php(44): require_once('/Applications/MAMP/htdocs/sipro24/public/index.php')
ERROR - 2024-09-06 03:18:15 --> mysqli_sql_exception: Unknown column 'm_rpiw_program.id' in 'where clause' in /Applications/MAMP/htdocs/sipro24/vendor/codeigniter4/framework/system/Database/MySQLi/Connection.php:312
Stack trace:
#0 /Applications/MAMP/htdocs/sipro24/vendor/codeigniter4/framework/system/Database/MySQLi/Connection.php(312): mysqli->query('SELECT *\nFROM `...', 0)
#1 /Applications/MAMP/htdocs/sipro24/vendor/codeigniter4/framework/system/Database/BaseConnection.php(734): CodeIgniter\Database\MySQLi\Connection->execute('SELECT *\nFROM `...')
#2 /Applications/MAMP/htdocs/sipro24/vendor/codeigniter4/framework/system/Database/BaseConnection.php(648): CodeIgniter\Database\BaseConnection->simpleQuery('SELECT *\nFROM `...')
#3 /Applications/MAMP/htdocs/sipro24/vendor/codeigniter4/framework/system/Database/BaseBuilder.php(1644): CodeIgniter\Database\BaseConnection->query('SELECT *\nFROM `...', Array, false)
#4 /Applications/MAMP/htdocs/sipro24/vendor/codeigniter4/framework/system/Model.php(210): CodeIgniter\Database\BaseBuilder->get()
#5 /Applications/MAMP/htdocs/sipro24/vendor/codeigniter4/framework/system/BaseModel.php(610): CodeIgniter\Model->doFind(true, '11-04-0011')
#6 /Applications/MAMP/htdocs/sipro24/app/Models/Rpiw/ProgramRpiwModel.php(20): CodeIgniter\BaseModel->find('11-04-0011')
#7 /Applications/MAMP/htdocs/sipro24/app/Controllers/Rpiw.php(27): App\Models\Rpiw\ProgramRpiwModel->getProgramRpiwDetail('11-04-0011')
#8 /Applications/MAMP/htdocs/sipro24/vendor/codeigniter4/framework/system/CodeIgniter.php(933): App\Controllers\Rpiw->detail('11-04-0011')
#9 /Applications/MAMP/htdocs/sipro24/vendor/codeigniter4/framework/system/CodeIgniter.php(509): CodeIgniter\CodeIgniter->runController(Object(App\Controllers\Rpiw))
#10 /Applications/MAMP/htdocs/sipro24/vendor/codeigniter4/framework/system/CodeIgniter.php(355): CodeIgniter\CodeIgniter->handleRequest(NULL, Object(Config\Cache), false)
#11 /Applications/MAMP/htdocs/sipro24/vendor/codeigniter4/framework/system/Boot.php(325): CodeIgniter\CodeIgniter->run()
#12 /Applications/MAMP/htdocs/sipro24/vendor/codeigniter4/framework/system/Boot.php(67): CodeIgniter\Boot::runCodeIgniter(Object(CodeIgniter\CodeIgniter))
#13 /Applications/MAMP/htdocs/sipro24/public/index.php(56): CodeIgniter\Boot::bootWeb(Object(Config\Paths))
#14 /Applications/MAMP/htdocs/sipro24/vendor/codeigniter4/framework/system/rewrite.php(44): require_once('/Applications/M...')
#15 {main}
CRITICAL - 2024-09-06 03:18:15 --> CodeIgniter\Database\Exceptions\DatabaseException: Unknown column 'm_rpiw_program.id' in 'where clause'
[Method: GET, Route: detail/11-04-0011]
in SYSTEMPATH/Database/BaseConnection.php on line 688.
 1 SYSTEMPATH/Database/BaseBuilder.php(1644): CodeIgniter\Database\BaseConnection->query('SELECT *
FROM `m_rpiw_program`
WHERE `m_rpiw_program`.`id` = :m_rpiw_program.id:', [...], false)
 2 SYSTEMPATH/Model.php(210): CodeIgniter\Database\BaseBuilder->get()
 3 SYSTEMPATH/BaseModel.php(610): CodeIgniter\Model->doFind(true, '11-04-0011')
 4 APPPATH/Models/Rpiw/ProgramRpiwModel.php(20): CodeIgniter\BaseModel->find('11-04-0011')
 5 APPPATH/Controllers/Rpiw.php(27): App\Models\Rpiw\ProgramRpiwModel->getProgramRpiwDetail('11-04-0011')
 6 SYSTEMPATH/CodeIgniter.php(933): App\Controllers\Rpiw->detail('11-04-0011')
 7 SYSTEMPATH/CodeIgniter.php(509): CodeIgniter\CodeIgniter->runController(Object(App\Controllers\Rpiw))
 8 SYSTEMPATH/CodeIgniter.php(355): CodeIgniter\CodeIgniter->handleRequest(null, Object(Config\Cache), false)
 9 SYSTEMPATH/Boot.php(325): CodeIgniter\CodeIgniter->run()
10 SYSTEMPATH/Boot.php(67): CodeIgniter\Boot::runCodeIgniter(Object(CodeIgniter\CodeIgniter))
11 FCPATH/index.php(56): CodeIgniter\Boot::bootWeb(Object(Config\Paths))
12 SYSTEMPATH/rewrite.php(44): require_once('/Applications/MAMP/htdocs/sipro24/public/index.php')
CRITICAL - 2024-09-06 03:18:15 --> [Caused by] CodeIgniter\Database\Exceptions\DatabaseException: Unknown column 'm_rpiw_program.id' in 'where clause'
in SYSTEMPATH/Database/MySQLi/Connection.php on line 317.
 1 SYSTEMPATH/Database/BaseConnection.php(734): CodeIgniter\Database\MySQLi\Connection->execute('SELECT *
FROM `m_rpiw_program`
WHERE `m_rpiw_program`.`id` = \'11-04-0011\'')
 2 SYSTEMPATH/Database/BaseConnection.php(648): CodeIgniter\Database\BaseConnection->simpleQuery('SELECT *
FROM `m_rpiw_program`
WHERE `m_rpiw_program`.`id` = \'11-04-0011\'')
 3 SYSTEMPATH/Database/BaseBuilder.php(1644): CodeIgniter\Database\BaseConnection->query('SELECT *
FROM `m_rpiw_program`
WHERE `m_rpiw_program`.`id` = :m_rpiw_program.id:', [...], false)
 4 SYSTEMPATH/Model.php(210): CodeIgniter\Database\BaseBuilder->get()
 5 SYSTEMPATH/BaseModel.php(610): CodeIgniter\Model->doFind(true, '11-04-0011')
 6 APPPATH/Models/Rpiw/ProgramRpiwModel.php(20): CodeIgniter\BaseModel->find('11-04-0011')
 7 APPPATH/Controllers/Rpiw.php(27): App\Models\Rpiw\ProgramRpiwModel->getProgramRpiwDetail('11-04-0011')
 8 SYSTEMPATH/CodeIgniter.php(933): App\Controllers\Rpiw->detail('11-04-0011')
 9 SYSTEMPATH/CodeIgniter.php(509): CodeIgniter\CodeIgniter->runController(Object(App\Controllers\Rpiw))
10 SYSTEMPATH/CodeIgniter.php(355): CodeIgniter\CodeIgniter->handleRequest(null, Object(Config\Cache), false)
11 SYSTEMPATH/Boot.php(325): CodeIgniter\CodeIgniter->run()
12 SYSTEMPATH/Boot.php(67): CodeIgniter\Boot::runCodeIgniter(Object(CodeIgniter\CodeIgniter))
13 FCPATH/index.php(56): CodeIgniter\Boot::bootWeb(Object(Config\Paths))
14 SYSTEMPATH/rewrite.php(44): require_once('/Applications/MAMP/htdocs/sipro24/public/index.php')
CRITICAL - 2024-09-06 03:18:15 --> [Caused by] mysqli_sql_exception: Unknown column 'm_rpiw_program.id' in 'where clause'
in SYSTEMPATH/Database/MySQLi/Connection.php on line 312.
 1 SYSTEMPATH/Database/MySQLi/Connection.php(312): mysqli->query('SELECT *
FROM `m_rpiw_program`
WHERE `m_rpiw_program`.`id` = \'11-04-0011\'', 0)
 2 SYSTEMPATH/Database/BaseConnection.php(734): CodeIgniter\Database\MySQLi\Connection->execute('SELECT *
FROM `m_rpiw_program`
WHERE `m_rpiw_program`.`id` = \'11-04-0011\'')
 3 SYSTEMPATH/Database/BaseConnection.php(648): CodeIgniter\Database\BaseConnection->simpleQuery('SELECT *
FROM `m_rpiw_program`
WHERE `m_rpiw_program`.`id` = \'11-04-0011\'')
 4 SYSTEMPATH/Database/BaseBuilder.php(1644): CodeIgniter\Database\BaseConnection->query('SELECT *
FROM `m_rpiw_program`
WHERE `m_rpiw_program`.`id` = :m_rpiw_program.id:', [...], false)
 5 SYSTEMPATH/Model.php(210): CodeIgniter\Database\BaseBuilder->get()
 6 SYSTEMPATH/BaseModel.php(610): CodeIgniter\Model->doFind(true, '11-04-0011')
 7 APPPATH/Models/Rpiw/ProgramRpiwModel.php(20): CodeIgniter\BaseModel->find('11-04-0011')
 8 APPPATH/Controllers/Rpiw.php(27): App\Models\Rpiw\ProgramRpiwModel->getProgramRpiwDetail('11-04-0011')
 9 SYSTEMPATH/CodeIgniter.php(933): App\Controllers\Rpiw->detail('11-04-0011')
10 SYSTEMPATH/CodeIgniter.php(509): CodeIgniter\CodeIgniter->runController(Object(App\Controllers\Rpiw))
11 SYSTEMPATH/CodeIgniter.php(355): CodeIgniter\CodeIgniter->handleRequest(null, Object(Config\Cache), false)
12 SYSTEMPATH/Boot.php(325): CodeIgniter\CodeIgniter->run()
13 SYSTEMPATH/Boot.php(67): CodeIgniter\Boot::runCodeIgniter(Object(CodeIgniter\CodeIgniter))
14 FCPATH/index.php(56): CodeIgniter\Boot::bootWeb(Object(Config\Paths))
15 SYSTEMPATH/rewrite.php(44): require_once('/Applications/MAMP/htdocs/sipro24/public/index.php')
ERROR - 2024-09-06 03:18:19 --> mysqli_sql_exception: Unknown column 'm_rpiw_program.id' in 'where clause' in /Applications/MAMP/htdocs/sipro24/vendor/codeigniter4/framework/system/Database/MySQLi/Connection.php:312
Stack trace:
#0 /Applications/MAMP/htdocs/sipro24/vendor/codeigniter4/framework/system/Database/MySQLi/Connection.php(312): mysqli->query('SELECT *\nFROM `...', 0)
#1 /Applications/MAMP/htdocs/sipro24/vendor/codeigniter4/framework/system/Database/BaseConnection.php(734): CodeIgniter\Database\MySQLi\Connection->execute('SELECT *\nFROM `...')
#2 /Applications/MAMP/htdocs/sipro24/vendor/codeigniter4/framework/system/Database/BaseConnection.php(648): CodeIgniter\Database\BaseConnection->simpleQuery('SELECT *\nFROM `...')
#3 /Applications/MAMP/htdocs/sipro24/vendor/codeigniter4/framework/system/Database/BaseBuilder.php(1644): CodeIgniter\Database\BaseConnection->query('SELECT *\nFROM `...', Array, false)
#4 /Applications/MAMP/htdocs/sipro24/vendor/codeigniter4/framework/system/Model.php(210): CodeIgniter\Database\BaseBuilder->get()
#5 /Applications/MAMP/htdocs/sipro24/vendor/codeigniter4/framework/system/BaseModel.php(610): CodeIgniter\Model->doFind(true, '1')
#6 /Applications/MAMP/htdocs/sipro24/app/Models/Rpiw/ProgramRpiwModel.php(20): CodeIgniter\BaseModel->find('1')
#7 /Applications/MAMP/htdocs/sipro24/app/Controllers/Rpiw.php(27): App\Models\Rpiw\ProgramRpiwModel->getProgramRpiwDetail('1')
#8 /Applications/MAMP/htdocs/sipro24/vendor/codeigniter4/framework/system/CodeIgniter.php(933): App\Controllers\Rpiw->detail('1')
#9 /Applications/MAMP/htdocs/sipro24/vendor/codeigniter4/framework/system/CodeIgniter.php(509): CodeIgniter\CodeIgniter->runController(Object(App\Controllers\Rpiw))
#10 /Applications/MAMP/htdocs/sipro24/vendor/codeigniter4/framework/system/CodeIgniter.php(355): CodeIgniter\CodeIgniter->handleRequest(NULL, Object(Config\Cache), false)
#11 /Applications/MAMP/htdocs/sipro24/vendor/codeigniter4/framework/system/Boot.php(325): CodeIgniter\CodeIgniter->run()
#12 /Applications/MAMP/htdocs/sipro24/vendor/codeigniter4/framework/system/Boot.php(67): CodeIgniter\Boot::runCodeIgniter(Object(CodeIgniter\CodeIgniter))
#13 /Applications/MAMP/htdocs/sipro24/public/index.php(56): CodeIgniter\Boot::bootWeb(Object(Config\Paths))
#14 /Applications/MAMP/htdocs/sipro24/vendor/codeigniter4/framework/system/rewrite.php(44): require_once('/Applications/M...')
#15 {main}
CRITICAL - 2024-09-06 03:18:19 --> CodeIgniter\Database\Exceptions\DatabaseException: Unknown column 'm_rpiw_program.id' in 'where clause'
[Method: GET, Route: detail/1]
in SYSTEMPATH/Database/BaseConnection.php on line 688.
 1 SYSTEMPATH/Database/BaseBuilder.php(1644): CodeIgniter\Database\BaseConnection->query('SELECT *
FROM `m_rpiw_program`
WHERE `m_rpiw_program`.`id` = :m_rpiw_program.id:', [...], false)
 2 SYSTEMPATH/Model.php(210): CodeIgniter\Database\BaseBuilder->get()
 3 SYSTEMPATH/BaseModel.php(610): CodeIgniter\Model->doFind(true, '1')
 4 APPPATH/Models/Rpiw/ProgramRpiwModel.php(20): CodeIgniter\BaseModel->find('1')
 5 APPPATH/Controllers/Rpiw.php(27): App\Models\Rpiw\ProgramRpiwModel->getProgramRpiwDetail('1')
 6 SYSTEMPATH/CodeIgniter.php(933): App\Controllers\Rpiw->detail('1')
 7 SYSTEMPATH/CodeIgniter.php(509): CodeIgniter\CodeIgniter->runController(Object(App\Controllers\Rpiw))
 8 SYSTEMPATH/CodeIgniter.php(355): CodeIgniter\CodeIgniter->handleRequest(null, Object(Config\Cache), false)
 9 SYSTEMPATH/Boot.php(325): CodeIgniter\CodeIgniter->run()
10 SYSTEMPATH/Boot.php(67): CodeIgniter\Boot::runCodeIgniter(Object(CodeIgniter\CodeIgniter))
11 FCPATH/index.php(56): CodeIgniter\Boot::bootWeb(Object(Config\Paths))
12 SYSTEMPATH/rewrite.php(44): require_once('/Applications/MAMP/htdocs/sipro24/public/index.php')
CRITICAL - 2024-09-06 03:18:19 --> [Caused by] CodeIgniter\Database\Exceptions\DatabaseException: Unknown column 'm_rpiw_program.id' in 'where clause'
in SYSTEMPATH/Database/MySQLi/Connection.php on line 317.
 1 SYSTEMPATH/Database/BaseConnection.php(734): CodeIgniter\Database\MySQLi\Connection->execute('SELECT *
FROM `m_rpiw_program`
WHERE `m_rpiw_program`.`id` = \'1\'')
 2 SYSTEMPATH/Database/BaseConnection.php(648): CodeIgniter\Database\BaseConnection->simpleQuery('SELECT *
FROM `m_rpiw_program`
WHERE `m_rpiw_program`.`id` = \'1\'')
 3 SYSTEMPATH/Database/BaseBuilder.php(1644): CodeIgniter\Database\BaseConnection->query('SELECT *
FROM `m_rpiw_program`
WHERE `m_rpiw_program`.`id` = :m_rpiw_program.id:', [...], false)
 4 SYSTEMPATH/Model.php(210): CodeIgniter\Database\BaseBuilder->get()
 5 SYSTEMPATH/BaseModel.php(610): CodeIgniter\Model->doFind(true, '1')
 6 APPPATH/Models/Rpiw/ProgramRpiwModel.php(20): CodeIgniter\BaseModel->find('1')
 7 APPPATH/Controllers/Rpiw.php(27): App\Models\Rpiw\ProgramRpiwModel->getProgramRpiwDetail('1')
 8 SYSTEMPATH/CodeIgniter.php(933): App\Controllers\Rpiw->detail('1')
 9 SYSTEMPATH/CodeIgniter.php(509): CodeIgniter\CodeIgniter->runController(Object(App\Controllers\Rpiw))
10 SYSTEMPATH/CodeIgniter.php(355): CodeIgniter\CodeIgniter->handleRequest(null, Object(Config\Cache), false)
11 SYSTEMPATH/Boot.php(325): CodeIgniter\CodeIgniter->run()
12 SYSTEMPATH/Boot.php(67): CodeIgniter\Boot::runCodeIgniter(Object(CodeIgniter\CodeIgniter))
13 FCPATH/index.php(56): CodeIgniter\Boot::bootWeb(Object(Config\Paths))
14 SYSTEMPATH/rewrite.php(44): require_once('/Applications/MAMP/htdocs/sipro24/public/index.php')
CRITICAL - 2024-09-06 03:18:19 --> [Caused by] mysqli_sql_exception: Unknown column 'm_rpiw_program.id' in 'where clause'
in SYSTEMPATH/Database/MySQLi/Connection.php on line 312.
 1 SYSTEMPATH/Database/MySQLi/Connection.php(312): mysqli->query('SELECT *
FROM `m_rpiw_program`
WHERE `m_rpiw_program`.`id` = \'1\'', 0)
 2 SYSTEMPATH/Database/BaseConnection.php(734): CodeIgniter\Database\MySQLi\Connection->execute('SELECT *
FROM `m_rpiw_program`
WHERE `m_rpiw_program`.`id` = \'1\'')
 3 SYSTEMPATH/Database/BaseConnection.php(648): CodeIgniter\Database\BaseConnection->simpleQuery('SELECT *
FROM `m_rpiw_program`
WHERE `m_rpiw_program`.`id` = \'1\'')
 4 SYSTEMPATH/Database/BaseBuilder.php(1644): CodeIgniter\Database\BaseConnection->query('SELECT *
FROM `m_rpiw_program`
WHERE `m_rpiw_program`.`id` = :m_rpiw_program.id:', [...], false)
 5 SYSTEMPATH/Model.php(210): CodeIgniter\Database\BaseBuilder->get()
 6 SYSTEMPATH/BaseModel.php(610): CodeIgniter\Model->doFind(true, '1')
 7 APPPATH/Models/Rpiw/ProgramRpiwModel.php(20): CodeIgniter\BaseModel->find('1')
 8 APPPATH/Controllers/Rpiw.php(27): App\Models\Rpiw\ProgramRpiwModel->getProgramRpiwDetail('1')
 9 SYSTEMPATH/CodeIgniter.php(933): App\Controllers\Rpiw->detail('1')
10 SYSTEMPATH/CodeIgniter.php(509): CodeIgniter\CodeIgniter->runController(Object(App\Controllers\Rpiw))
11 SYSTEMPATH/CodeIgniter.php(355): CodeIgniter\CodeIgniter->handleRequest(null, Object(Config\Cache), false)
12 SYSTEMPATH/Boot.php(325): CodeIgniter\CodeIgniter->run()
13 SYSTEMPATH/Boot.php(67): CodeIgniter\Boot::runCodeIgniter(Object(CodeIgniter\CodeIgniter))
14 FCPATH/index.php(56): CodeIgniter\Boot::bootWeb(Object(Config\Paths))
15 SYSTEMPATH/rewrite.php(44): require_once('/Applications/MAMP/htdocs/sipro24/public/index.php')
ERROR - 2024-09-06 03:18:23 --> mysqli_sql_exception: Unknown column 'm_rpiw_program.id' in 'where clause' in /Applications/MAMP/htdocs/sipro24/vendor/codeigniter4/framework/system/Database/MySQLi/Connection.php:312
Stack trace:
#0 /Applications/MAMP/htdocs/sipro24/vendor/codeigniter4/framework/system/Database/MySQLi/Connection.php(312): mysqli->query('SELECT *\nFROM `...', 0)
#1 /Applications/MAMP/htdocs/sipro24/vendor/codeigniter4/framework/system/Database/BaseConnection.php(734): CodeIgniter\Database\MySQLi\Connection->execute('SELECT *\nFROM `...')
#2 /Applications/MAMP/htdocs/sipro24/vendor/codeigniter4/framework/system/Database/BaseConnection.php(648): CodeIgniter\Database\BaseConnection->simpleQuery('SELECT *\nFROM `...')
#3 /Applications/MAMP/htdocs/sipro24/vendor/codeigniter4/framework/system/Database/BaseBuilder.php(1644): CodeIgniter\Database\BaseConnection->query('SELECT *\nFROM `...', Array, false)
#4 /Applications/MAMP/htdocs/sipro24/vendor/codeigniter4/framework/system/Model.php(210): CodeIgniter\Database\BaseBuilder->get()
#5 /Applications/MAMP/htdocs/sipro24/vendor/codeigniter4/framework/system/BaseModel.php(610): CodeIgniter\Model->doFind(true, '11-04-0011')
#6 /Applications/MAMP/htdocs/sipro24/app/Models/Rpiw/ProgramRpiwModel.php(20): CodeIgniter\BaseModel->find('11-04-0011')
#7 /Applications/MAMP/htdocs/sipro24/app/Controllers/Rpiw.php(27): App\Models\Rpiw\ProgramRpiwModel->getProgramRpiwDetail('11-04-0011')
#8 /Applications/MAMP/htdocs/sipro24/vendor/codeigniter4/framework/system/CodeIgniter.php(933): App\Controllers\Rpiw->detail('11-04-0011')
#9 /Applications/MAMP/htdocs/sipro24/vendor/codeigniter4/framework/system/CodeIgniter.php(509): CodeIgniter\CodeIgniter->runController(Object(App\Controllers\Rpiw))
#10 /Applications/MAMP/htdocs/sipro24/vendor/codeigniter4/framework/system/CodeIgniter.php(355): CodeIgniter\CodeIgniter->handleRequest(NULL, Object(Config\Cache), false)
#11 /Applications/MAMP/htdocs/sipro24/vendor/codeigniter4/framework/system/Boot.php(325): CodeIgniter\CodeIgniter->run()
#12 /Applications/MAMP/htdocs/sipro24/vendor/codeigniter4/framework/system/Boot.php(67): CodeIgniter\Boot::runCodeIgniter(Object(CodeIgniter\CodeIgniter))
#13 /Applications/MAMP/htdocs/sipro24/public/index.php(56): CodeIgniter\Boot::bootWeb(Object(Config\Paths))
#14 /Applications/MAMP/htdocs/sipro24/vendor/codeigniter4/framework/system/rewrite.php(44): require_once('/Applications/M...')
#15 {main}
CRITICAL - 2024-09-06 03:18:23 --> CodeIgniter\Database\Exceptions\DatabaseException: Unknown column 'm_rpiw_program.id' in 'where clause'
[Method: GET, Route: detail/11-04-0011]
in SYSTEMPATH/Database/BaseConnection.php on line 688.
 1 SYSTEMPATH/Database/BaseBuilder.php(1644): CodeIgniter\Database\BaseConnection->query('SELECT *
FROM `m_rpiw_program`
WHERE `m_rpiw_program`.`id` = :m_rpiw_program.id:', [...], false)
 2 SYSTEMPATH/Model.php(210): CodeIgniter\Database\BaseBuilder->get()
 3 SYSTEMPATH/BaseModel.php(610): CodeIgniter\Model->doFind(true, '11-04-0011')
 4 APPPATH/Models/Rpiw/ProgramRpiwModel.php(20): CodeIgniter\BaseModel->find('11-04-0011')
 5 APPPATH/Controllers/Rpiw.php(27): App\Models\Rpiw\ProgramRpiwModel->getProgramRpiwDetail('11-04-0011')
 6 SYSTEMPATH/CodeIgniter.php(933): App\Controllers\Rpiw->detail('11-04-0011')
 7 SYSTEMPATH/CodeIgniter.php(509): CodeIgniter\CodeIgniter->runController(Object(App\Controllers\Rpiw))
 8 SYSTEMPATH/CodeIgniter.php(355): CodeIgniter\CodeIgniter->handleRequest(null, Object(Config\Cache), false)
 9 SYSTEMPATH/Boot.php(325): CodeIgniter\CodeIgniter->run()
10 SYSTEMPATH/Boot.php(67): CodeIgniter\Boot::runCodeIgniter(Object(CodeIgniter\CodeIgniter))
11 FCPATH/index.php(56): CodeIgniter\Boot::bootWeb(Object(Config\Paths))
12 SYSTEMPATH/rewrite.php(44): require_once('/Applications/MAMP/htdocs/sipro24/public/index.php')
CRITICAL - 2024-09-06 03:18:23 --> [Caused by] CodeIgniter\Database\Exceptions\DatabaseException: Unknown column 'm_rpiw_program.id' in 'where clause'
in SYSTEMPATH/Database/MySQLi/Connection.php on line 317.
 1 SYSTEMPATH/Database/BaseConnection.php(734): CodeIgniter\Database\MySQLi\Connection->execute('SELECT *
FROM `m_rpiw_program`
WHERE `m_rpiw_program`.`id` = \'11-04-0011\'')
 2 SYSTEMPATH/Database/BaseConnection.php(648): CodeIgniter\Database\BaseConnection->simpleQuery('SELECT *
FROM `m_rpiw_program`
WHERE `m_rpiw_program`.`id` = \'11-04-0011\'')
 3 SYSTEMPATH/Database/BaseBuilder.php(1644): CodeIgniter\Database\BaseConnection->query('SELECT *
FROM `m_rpiw_program`
WHERE `m_rpiw_program`.`id` = :m_rpiw_program.id:', [...], false)
 4 SYSTEMPATH/Model.php(210): CodeIgniter\Database\BaseBuilder->get()
 5 SYSTEMPATH/BaseModel.php(610): CodeIgniter\Model->doFind(true, '11-04-0011')
 6 APPPATH/Models/Rpiw/ProgramRpiwModel.php(20): CodeIgniter\BaseModel->find('11-04-0011')
 7 APPPATH/Controllers/Rpiw.php(27): App\Models\Rpiw\ProgramRpiwModel->getProgramRpiwDetail('11-04-0011')
 8 SYSTEMPATH/CodeIgniter.php(933): App\Controllers\Rpiw->detail('11-04-0011')
 9 SYSTEMPATH/CodeIgniter.php(509): CodeIgniter\CodeIgniter->runController(Object(App\Controllers\Rpiw))
10 SYSTEMPATH/CodeIgniter.php(355): CodeIgniter\CodeIgniter->handleRequest(null, Object(Config\Cache), false)
11 SYSTEMPATH/Boot.php(325): CodeIgniter\CodeIgniter->run()
12 SYSTEMPATH/Boot.php(67): CodeIgniter\Boot::runCodeIgniter(Object(CodeIgniter\CodeIgniter))
13 FCPATH/index.php(56): CodeIgniter\Boot::bootWeb(Object(Config\Paths))
14 SYSTEMPATH/rewrite.php(44): require_once('/Applications/MAMP/htdocs/sipro24/public/index.php')
CRITICAL - 2024-09-06 03:18:23 --> [Caused by] mysqli_sql_exception: Unknown column 'm_rpiw_program.id' in 'where clause'
in SYSTEMPATH/Database/MySQLi/Connection.php on line 312.
 1 SYSTEMPATH/Database/MySQLi/Connection.php(312): mysqli->query('SELECT *
FROM `m_rpiw_program`
WHERE `m_rpiw_program`.`id` = \'11-04-0011\'', 0)
 2 SYSTEMPATH/Database/BaseConnection.php(734): CodeIgniter\Database\MySQLi\Connection->execute('SELECT *
FROM `m_rpiw_program`
WHERE `m_rpiw_program`.`id` = \'11-04-0011\'')
 3 SYSTEMPATH/Database/BaseConnection.php(648): CodeIgniter\Database\BaseConnection->simpleQuery('SELECT *
FROM `m_rpiw_program`
WHERE `m_rpiw_program`.`id` = \'11-04-0011\'')
 4 SYSTEMPATH/Database/BaseBuilder.php(1644): CodeIgniter\Database\BaseConnection->query('SELECT *
FROM `m_rpiw_program`
WHERE `m_rpiw_program`.`id` = :m_rpiw_program.id:', [...], false)
 5 SYSTEMPATH/Model.php(210): CodeIgniter\Database\BaseBuilder->get()
 6 SYSTEMPATH/BaseModel.php(610): CodeIgniter\Model->doFind(true, '11-04-0011')
 7 APPPATH/Models/Rpiw/ProgramRpiwModel.php(20): CodeIgniter\BaseModel->find('11-04-0011')
 8 APPPATH/Controllers/Rpiw.php(27): App\Models\Rpiw\ProgramRpiwModel->getProgramRpiwDetail('11-04-0011')
 9 SYSTEMPATH/CodeIgniter.php(933): App\Controllers\Rpiw->detail('11-04-0011')
10 SYSTEMPATH/CodeIgniter.php(509): CodeIgniter\CodeIgniter->runController(Object(App\Controllers\Rpiw))
11 SYSTEMPATH/CodeIgniter.php(355): CodeIgniter\CodeIgniter->handleRequest(null, Object(Config\Cache), false)
12 SYSTEMPATH/Boot.php(325): CodeIgniter\CodeIgniter->run()
13 SYSTEMPATH/Boot.php(67): CodeIgniter\Boot::runCodeIgniter(Object(CodeIgniter\CodeIgniter))
14 FCPATH/index.php(56): CodeIgniter\Boot::bootWeb(Object(Config\Paths))
15 SYSTEMPATH/rewrite.php(44): require_once('/Applications/MAMP/htdocs/sipro24/public/index.php')
CRITICAL - 2024-09-06 03:30:16 --> ErrorException: Trying to access array offset on value of type null
[Method: GET, Route: detail/11-04-]
in APPPATH/Views/pages/detail.php on line 14.
 1 APPPATH/Views/pages/detail.php(14): CodeIgniter\Debug\Exceptions->errorHandler(2, 'Trying to access array offset on value of type null', '/Applications/MAMP/htdocs/sipro24/app/Views/pages/detail.php', 14)
 2 SYSTEMPATH/View/View.php(234): include('/Applications/MAMP/htdocs/sipro24/app/Views/pages/detail.php')
 3 SYSTEMPATH/View/View.php(237): CodeIgniter\View\View->CodeIgniter\View\{closure}()
 4 SYSTEMPATH/Common.php(1169): CodeIgniter\View\View->render('/pages/detail', [], true)
 5 APPPATH/Libraries/Template.php(104): view('/pages/detail', [...])
 6 APPPATH/Controllers/Rpiw.php(32): App\Libraries\Template->load('/templates/main', '/pages/detail', [...])
 7 SYSTEMPATH/CodeIgniter.php(933): App\Controllers\Rpiw->detail('11-04-')
 8 SYSTEMPATH/CodeIgniter.php(509): CodeIgniter\CodeIgniter->runController(Object(App\Controllers\Rpiw))
 9 SYSTEMPATH/CodeIgniter.php(355): CodeIgniter\CodeIgniter->handleRequest(null, Object(Config\Cache), false)
10 SYSTEMPATH/Boot.php(325): CodeIgniter\CodeIgniter->run()
11 SYSTEMPATH/Boot.php(67): CodeIgniter\Boot::runCodeIgniter(Object(CodeIgniter\CodeIgniter))
12 FCPATH/index.php(56): CodeIgniter\Boot::bootWeb(Object(Config\Paths))
13 SYSTEMPATH/rewrite.php(44): require_once('/Applications/MAMP/htdocs/sipro24/public/index.php')
