INFO - 2024-11-07 07:30:42 --> Session: Class initialized using 'CodeIgniter\Session\Handlers\FileHandler' driver.
INFO - 2024-11-07 07:30:50 --> Session: Class initialized using 'CodeIgniter\Session\Handlers\FileHandler' driver.
INFO - 2024-11-07 07:31:24 --> Session: Class initialized using 'CodeIgniter\Session\Handlers\FileHandler' driver.
INFO - 2024-11-07 07:32:26 --> Session: Class initialized using 'CodeIgniter\Session\Handlers\FileHandler' driver.
INFO - 2024-11-07 07:32:41 --> Session: Class initialized using 'CodeIgniter\Session\Handlers\FileHandler' driver.
INFO - 2024-11-07 07:33:22 --> Session: Class initialized using 'CodeIgniter\Session\Handlers\FileHandler' driver.
INFO - 2024-11-07 07:33:58 --> Session: Class initialized using 'CodeIgniter\Session\Handlers\FileHandler' driver.
CRITICAL - 2024-11-07 07:38:54 --> CodeIgniter\HTTP\Exceptions\BadRequestException: The URI you submitted has disallowed characters: "'https:"
[Method: GET, Route: %27https:/cdnjs.cloudflare.com/ajax/libs/font-awesome/6.0.0-beta3/css/all.min.css%27]
in SYSTEMPATH/Router/Router.php on line 737.
 1 SYSTEMPATH/Router/Router.php(204): CodeIgniter\Router\Router->checkDisallowedChars('\'https:/cdnjs.cloudflare.com/ajax/libs/font-awesome/6.0.0-beta3/css/all.min.css\'')
 2 SYSTEMPATH/CodeIgniter.php(834): CodeIgniter\Router\Router->handle('\'https:/cdnjs.cloudflare.com/ajax/libs/font-awesome/6.0.0-beta3/css/all.min.css\'')
 3 SYSTEMPATH/CodeIgniter.php(457): CodeIgniter\CodeIgniter->tryToRouteIt(Object(CodeIgniter\Router\RouteCollection))
 4 SYSTEMPATH/CodeIgniter.php(355): CodeIgniter\CodeIgniter->handleRequest(null, Object(Config\Cache), false)
 5 SYSTEMPATH/Boot.php(325): CodeIgniter\CodeIgniter->run()
 6 SYSTEMPATH/Boot.php(67): CodeIgniter\Boot::runCodeIgniter(Object(CodeIgniter\CodeIgniter))
 7 FCPATH/index.php(56): CodeIgniter\Boot::bootWeb(Object(Config\Paths))
 8 SYSTEMPATH/rewrite.php(44): require_once('/Applications/MAMP/htdocs/sipro24/public/index.php')
CRITICAL - 2024-11-07 07:39:08 --> CodeIgniter\HTTP\Exceptions\BadRequestException: The URI you submitted has disallowed characters: "'https:"
[Method: GET, Route: %27https:/cdnjs.cloudflare.com/ajax/libs/font-awesome/6.0.0-beta3/css/all.min.css%27]
in SYSTEMPATH/Router/Router.php on line 737.
 1 SYSTEMPATH/Router/Router.php(204): CodeIgniter\Router\Router->checkDisallowedChars('\'https:/cdnjs.cloudflare.com/ajax/libs/font-awesome/6.0.0-beta3/css/all.min.css\'')
 2 SYSTEMPATH/CodeIgniter.php(834): CodeIgniter\Router\Router->handle('\'https:/cdnjs.cloudflare.com/ajax/libs/font-awesome/6.0.0-beta3/css/all.min.css\'')
 3 SYSTEMPATH/CodeIgniter.php(457): CodeIgniter\CodeIgniter->tryToRouteIt(Object(CodeIgniter\Router\RouteCollection))
 4 SYSTEMPATH/CodeIgniter.php(355): CodeIgniter\CodeIgniter->handleRequest(null, Object(Config\Cache), false)
 5 SYSTEMPATH/Boot.php(325): CodeIgniter\CodeIgniter->run()
 6 SYSTEMPATH/Boot.php(67): CodeIgniter\Boot::runCodeIgniter(Object(CodeIgniter\CodeIgniter))
 7 FCPATH/index.php(56): CodeIgniter\Boot::bootWeb(Object(Config\Paths))
 8 SYSTEMPATH/rewrite.php(44): require_once('/Applications/MAMP/htdocs/sipro24/public/index.php')
CRITICAL - 2024-11-07 07:39:13 --> CodeIgniter\HTTP\Exceptions\BadRequestException: The URI you submitted has disallowed characters: "'https:"
[Method: GET, Route: %27https:/cdnjs.cloudflare.com/ajax/libs/font-awesome/6.0.0-beta3/css/all.min.css%27]
in SYSTEMPATH/Router/Router.php on line 737.
 1 SYSTEMPATH/Router/Router.php(204): CodeIgniter\Router\Router->checkDisallowedChars('\'https:/cdnjs.cloudflare.com/ajax/libs/font-awesome/6.0.0-beta3/css/all.min.css\'')
 2 SYSTEMPATH/CodeIgniter.php(834): CodeIgniter\Router\Router->handle('\'https:/cdnjs.cloudflare.com/ajax/libs/font-awesome/6.0.0-beta3/css/all.min.css\'')
 3 SYSTEMPATH/CodeIgniter.php(457): CodeIgniter\CodeIgniter->tryToRouteIt(Object(CodeIgniter\Router\RouteCollection))
 4 SYSTEMPATH/CodeIgniter.php(355): CodeIgniter\CodeIgniter->handleRequest(null, Object(Config\Cache), false)
 5 SYSTEMPATH/Boot.php(325): CodeIgniter\CodeIgniter->run()
 6 SYSTEMPATH/Boot.php(67): CodeIgniter\Boot::runCodeIgniter(Object(CodeIgniter\CodeIgniter))
 7 FCPATH/index.php(56): CodeIgniter\Boot::bootWeb(Object(Config\Paths))
 8 SYSTEMPATH/rewrite.php(44): require_once('/Applications/MAMP/htdocs/sipro24/public/index.php')
CRITICAL - 2024-11-07 07:40:14 --> CodeIgniter\HTTP\Exceptions\BadRequestException: The URI you submitted has disallowed characters: "'https:"
[Method: GET, Route: %27https:/cdnjs.cloudflare.com/ajax/libs/font-awesome/6.0.0-beta3/css/all.min.css%27]
in SYSTEMPATH/Router/Router.php on line 737.
 1 SYSTEMPATH/Router/Router.php(204): CodeIgniter\Router\Router->checkDisallowedChars('\'https:/cdnjs.cloudflare.com/ajax/libs/font-awesome/6.0.0-beta3/css/all.min.css\'')
 2 SYSTEMPATH/CodeIgniter.php(834): CodeIgniter\Router\Router->handle('\'https:/cdnjs.cloudflare.com/ajax/libs/font-awesome/6.0.0-beta3/css/all.min.css\'')
 3 SYSTEMPATH/CodeIgniter.php(457): CodeIgniter\CodeIgniter->tryToRouteIt(Object(CodeIgniter\Router\RouteCollection))
 4 SYSTEMPATH/CodeIgniter.php(355): CodeIgniter\CodeIgniter->handleRequest(null, Object(Config\Cache), false)
 5 SYSTEMPATH/Boot.php(325): CodeIgniter\CodeIgniter->run()
 6 SYSTEMPATH/Boot.php(67): CodeIgniter\Boot::runCodeIgniter(Object(CodeIgniter\CodeIgniter))
 7 FCPATH/index.php(56): CodeIgniter\Boot::bootWeb(Object(Config\Paths))
 8 SYSTEMPATH/rewrite.php(44): require_once('/Applications/MAMP/htdocs/sipro24/public/index.php')
CRITICAL - 2024-11-07 07:40:24 --> CodeIgniter\HTTP\Exceptions\BadRequestException: The URI you submitted has disallowed characters: "'https:"
[Method: GET, Route: %27https:/cdnjs.cloudflare.com/ajax/libs/font-awesome/6.0.0-beta3/css/all.min.css%27]
in SYSTEMPATH/Router/Router.php on line 737.
 1 SYSTEMPATH/Router/Router.php(204): CodeIgniter\Router\Router->checkDisallowedChars('\'https:/cdnjs.cloudflare.com/ajax/libs/font-awesome/6.0.0-beta3/css/all.min.css\'')
 2 SYSTEMPATH/CodeIgniter.php(834): CodeIgniter\Router\Router->handle('\'https:/cdnjs.cloudflare.com/ajax/libs/font-awesome/6.0.0-beta3/css/all.min.css\'')
 3 SYSTEMPATH/CodeIgniter.php(457): CodeIgniter\CodeIgniter->tryToRouteIt(Object(CodeIgniter\Router\RouteCollection))
 4 SYSTEMPATH/CodeIgniter.php(355): CodeIgniter\CodeIgniter->handleRequest(null, Object(Config\Cache), false)
 5 SYSTEMPATH/Boot.php(325): CodeIgniter\CodeIgniter->run()
 6 SYSTEMPATH/Boot.php(67): CodeIgniter\Boot::runCodeIgniter(Object(CodeIgniter\CodeIgniter))
 7 FCPATH/index.php(56): CodeIgniter\Boot::bootWeb(Object(Config\Paths))
 8 SYSTEMPATH/rewrite.php(44): require_once('/Applications/MAMP/htdocs/sipro24/public/index.php')
CRITICAL - 2024-11-07 07:40:29 --> CodeIgniter\HTTP\Exceptions\BadRequestException: The URI you submitted has disallowed characters: "'https:"
[Method: GET, Route: detail_kawasan/%27https:/cdnjs.cloudflare.com/ajax/libs/font-awesome/6.0.0-beta3/css/all.min.css%27]
in SYSTEMPATH/Router/Router.php on line 737.
 1 SYSTEMPATH/Router/Router.php(204): CodeIgniter\Router\Router->checkDisallowedChars('detail_kawasan/\'https:/cdnjs.cloudflare.com/ajax/libs/font-awesome/6.0.0-beta3/css/all.min.css\'')
 2 SYSTEMPATH/CodeIgniter.php(834): CodeIgniter\Router\Router->handle('detail_kawasan/\'https:/cdnjs.cloudflare.com/ajax/libs/font-awesome/6.0.0-beta3/css/all.min.css\'')
 3 SYSTEMPATH/CodeIgniter.php(457): CodeIgniter\CodeIgniter->tryToRouteIt(Object(CodeIgniter\Router\RouteCollection))
 4 SYSTEMPATH/CodeIgniter.php(355): CodeIgniter\CodeIgniter->handleRequest(null, Object(Config\Cache), false)
 5 SYSTEMPATH/Boot.php(325): CodeIgniter\CodeIgniter->run()
 6 SYSTEMPATH/Boot.php(67): CodeIgniter\Boot::runCodeIgniter(Object(CodeIgniter\CodeIgniter))
 7 FCPATH/index.php(56): CodeIgniter\Boot::bootWeb(Object(Config\Paths))
 8 SYSTEMPATH/rewrite.php(44): require_once('/Applications/MAMP/htdocs/sipro24/public/index.php')
CRITICAL - 2024-11-07 07:40:38 --> CodeIgniter\HTTP\Exceptions\BadRequestException: The URI you submitted has disallowed characters: "'https:"
[Method: GET, Route: %27https:/cdnjs.cloudflare.com/ajax/libs/font-awesome/6.0.0-beta3/css/all.min.css%27]
in SYSTEMPATH/Router/Router.php on line 737.
 1 SYSTEMPATH/Router/Router.php(204): CodeIgniter\Router\Router->checkDisallowedChars('\'https:/cdnjs.cloudflare.com/ajax/libs/font-awesome/6.0.0-beta3/css/all.min.css\'')
 2 SYSTEMPATH/CodeIgniter.php(834): CodeIgniter\Router\Router->handle('\'https:/cdnjs.cloudflare.com/ajax/libs/font-awesome/6.0.0-beta3/css/all.min.css\'')
 3 SYSTEMPATH/CodeIgniter.php(457): CodeIgniter\CodeIgniter->tryToRouteIt(Object(CodeIgniter\Router\RouteCollection))
 4 SYSTEMPATH/CodeIgniter.php(355): CodeIgniter\CodeIgniter->handleRequest(null, Object(Config\Cache), false)
 5 SYSTEMPATH/Boot.php(325): CodeIgniter\CodeIgniter->run()
 6 SYSTEMPATH/Boot.php(67): CodeIgniter\Boot::runCodeIgniter(Object(CodeIgniter\CodeIgniter))
 7 FCPATH/index.php(56): CodeIgniter\Boot::bootWeb(Object(Config\Paths))
 8 SYSTEMPATH/rewrite.php(44): require_once('/Applications/MAMP/htdocs/sipro24/public/index.php')
CRITICAL - 2024-11-07 07:40:41 --> CodeIgniter\HTTP\Exceptions\BadRequestException: The URI you submitted has disallowed characters: "'https:"
[Method: GET, Route: detail_kawasan/%27https:/cdnjs.cloudflare.com/ajax/libs/font-awesome/6.0.0-beta3/css/all.min.css%27]
in SYSTEMPATH/Router/Router.php on line 737.
 1 SYSTEMPATH/Router/Router.php(204): CodeIgniter\Router\Router->checkDisallowedChars('detail_kawasan/\'https:/cdnjs.cloudflare.com/ajax/libs/font-awesome/6.0.0-beta3/css/all.min.css\'')
 2 SYSTEMPATH/CodeIgniter.php(834): CodeIgniter\Router\Router->handle('detail_kawasan/\'https:/cdnjs.cloudflare.com/ajax/libs/font-awesome/6.0.0-beta3/css/all.min.css\'')
 3 SYSTEMPATH/CodeIgniter.php(457): CodeIgniter\CodeIgniter->tryToRouteIt(Object(CodeIgniter\Router\RouteCollection))
 4 SYSTEMPATH/CodeIgniter.php(355): CodeIgniter\CodeIgniter->handleRequest(null, Object(Config\Cache), false)
 5 SYSTEMPATH/Boot.php(325): CodeIgniter\CodeIgniter->run()
 6 SYSTEMPATH/Boot.php(67): CodeIgniter\Boot::runCodeIgniter(Object(CodeIgniter\CodeIgniter))
 7 FCPATH/index.php(56): CodeIgniter\Boot::bootWeb(Object(Config\Paths))
 8 SYSTEMPATH/rewrite.php(44): require_once('/Applications/MAMP/htdocs/sipro24/public/index.php')
CRITICAL - 2024-11-07 07:40:48 --> CodeIgniter\HTTP\Exceptions\BadRequestException: The URI you submitted has disallowed characters: "'https:"
[Method: GET, Route: %27https:/cdnjs.cloudflare.com/ajax/libs/font-awesome/6.0.0-beta3/css/all.min.css%27]
in SYSTEMPATH/Router/Router.php on line 737.
 1 SYSTEMPATH/Router/Router.php(204): CodeIgniter\Router\Router->checkDisallowedChars('\'https:/cdnjs.cloudflare.com/ajax/libs/font-awesome/6.0.0-beta3/css/all.min.css\'')
 2 SYSTEMPATH/CodeIgniter.php(834): CodeIgniter\Router\Router->handle('\'https:/cdnjs.cloudflare.com/ajax/libs/font-awesome/6.0.0-beta3/css/all.min.css\'')
 3 SYSTEMPATH/CodeIgniter.php(457): CodeIgniter\CodeIgniter->tryToRouteIt(Object(CodeIgniter\Router\RouteCollection))
 4 SYSTEMPATH/CodeIgniter.php(355): CodeIgniter\CodeIgniter->handleRequest(null, Object(Config\Cache), false)
 5 SYSTEMPATH/Boot.php(325): CodeIgniter\CodeIgniter->run()
 6 SYSTEMPATH/Boot.php(67): CodeIgniter\Boot::runCodeIgniter(Object(CodeIgniter\CodeIgniter))
 7 FCPATH/index.php(56): CodeIgniter\Boot::bootWeb(Object(Config\Paths))
 8 SYSTEMPATH/rewrite.php(44): require_once('/Applications/MAMP/htdocs/sipro24/public/index.php')
CRITICAL - 2024-11-07 07:41:17 --> CodeIgniter\HTTP\Exceptions\BadRequestException: The URI you submitted has disallowed characters: "'https:"
[Method: GET, Route: %27https:/cdnjs.cloudflare.com/ajax/libs/font-awesome/6.0.0-beta3/css/all.min.css%27]
in SYSTEMPATH/Router/Router.php on line 737.
 1 SYSTEMPATH/Router/Router.php(204): CodeIgniter\Router\Router->checkDisallowedChars('\'https:/cdnjs.cloudflare.com/ajax/libs/font-awesome/6.0.0-beta3/css/all.min.css\'')
 2 SYSTEMPATH/CodeIgniter.php(834): CodeIgniter\Router\Router->handle('\'https:/cdnjs.cloudflare.com/ajax/libs/font-awesome/6.0.0-beta3/css/all.min.css\'')
 3 SYSTEMPATH/CodeIgniter.php(457): CodeIgniter\CodeIgniter->tryToRouteIt(Object(CodeIgniter\Router\RouteCollection))
 4 SYSTEMPATH/CodeIgniter.php(355): CodeIgniter\CodeIgniter->handleRequest(null, Object(Config\Cache), false)
 5 SYSTEMPATH/Boot.php(325): CodeIgniter\CodeIgniter->run()
 6 SYSTEMPATH/Boot.php(67): CodeIgniter\Boot::runCodeIgniter(Object(CodeIgniter\CodeIgniter))
 7 FCPATH/index.php(56): CodeIgniter\Boot::bootWeb(Object(Config\Paths))
 8 SYSTEMPATH/rewrite.php(44): require_once('/Applications/MAMP/htdocs/sipro24/public/index.php')
CRITICAL - 2024-11-07 16:00:21 --> CodeIgniter\HTTP\Exceptions\BadRequestException: The URI you submitted has disallowed characters: "'https:"
[Method: GET, Route: %27https:/cdnjs.cloudflare.com/ajax/libs/font-awesome/6.0.0-beta3/css/all.min.css%27]
in SYSTEMPATH/Router/Router.php on line 737.
 1 SYSTEMPATH/Router/Router.php(204): CodeIgniter\Router\Router->checkDisallowedChars('\'https:/cdnjs.cloudflare.com/ajax/libs/font-awesome/6.0.0-beta3/css/all.min.css\'')
 2 SYSTEMPATH/CodeIgniter.php(834): CodeIgniter\Router\Router->handle('\'https:/cdnjs.cloudflare.com/ajax/libs/font-awesome/6.0.0-beta3/css/all.min.css\'')
 3 SYSTEMPATH/CodeIgniter.php(457): CodeIgniter\CodeIgniter->tryToRouteIt(Object(CodeIgniter\Router\RouteCollection))
 4 SYSTEMPATH/CodeIgniter.php(355): CodeIgniter\CodeIgniter->handleRequest(null, Object(Config\Cache), false)
 5 SYSTEMPATH/Boot.php(325): CodeIgniter\CodeIgniter->run()
 6 SYSTEMPATH/Boot.php(67): CodeIgniter\Boot::runCodeIgniter(Object(CodeIgniter\CodeIgniter))
 7 FCPATH/index.php(56): CodeIgniter\Boot::bootWeb(Object(Config\Paths))
 8 SYSTEMPATH/rewrite.php(44): require_once('/Applications/MAMP/htdocs/sipro24/public/index.php')
CRITICAL - 2024-11-07 16:05:58 --> CodeIgniter\HTTP\Exceptions\BadRequestException: The URI you submitted has disallowed characters: "'https:"
[Method: GET, Route: %27https:/cdnjs.cloudflare.com/ajax/libs/font-awesome/6.0.0-beta3/css/all.min.css%27]
in SYSTEMPATH/Router/Router.php on line 737.
 1 SYSTEMPATH/Router/Router.php(204): CodeIgniter\Router\Router->checkDisallowedChars('\'https:/cdnjs.cloudflare.com/ajax/libs/font-awesome/6.0.0-beta3/css/all.min.css\'')
 2 SYSTEMPATH/CodeIgniter.php(834): CodeIgniter\Router\Router->handle('\'https:/cdnjs.cloudflare.com/ajax/libs/font-awesome/6.0.0-beta3/css/all.min.css\'')
 3 SYSTEMPATH/CodeIgniter.php(457): CodeIgniter\CodeIgniter->tryToRouteIt(Object(CodeIgniter\Router\RouteCollection))
 4 SYSTEMPATH/CodeIgniter.php(355): CodeIgniter\CodeIgniter->handleRequest(null, Object(Config\Cache), false)
 5 SYSTEMPATH/Boot.php(325): CodeIgniter\CodeIgniter->run()
 6 SYSTEMPATH/Boot.php(67): CodeIgniter\Boot::runCodeIgniter(Object(CodeIgniter\CodeIgniter))
 7 FCPATH/index.php(56): CodeIgniter\Boot::bootWeb(Object(Config\Paths))
 8 SYSTEMPATH/rewrite.php(44): require_once('/Applications/MAMP/htdocs/sipro24/public/index.php')
CRITICAL - 2024-11-07 16:13:20 --> CodeIgniter\HTTP\Exceptions\BadRequestException: The URI you submitted has disallowed characters: "'https:"
[Method: GET, Route: %27https:/cdnjs.cloudflare.com/ajax/libs/font-awesome/6.0.0-beta3/css/all.min.css%27]
in SYSTEMPATH/Router/Router.php on line 737.
 1 SYSTEMPATH/Router/Router.php(204): CodeIgniter\Router\Router->checkDisallowedChars('\'https:/cdnjs.cloudflare.com/ajax/libs/font-awesome/6.0.0-beta3/css/all.min.css\'')
 2 SYSTEMPATH/CodeIgniter.php(834): CodeIgniter\Router\Router->handle('\'https:/cdnjs.cloudflare.com/ajax/libs/font-awesome/6.0.0-beta3/css/all.min.css\'')
 3 SYSTEMPATH/CodeIgniter.php(457): CodeIgniter\CodeIgniter->tryToRouteIt(Object(CodeIgniter\Router\RouteCollection))
 4 SYSTEMPATH/CodeIgniter.php(355): CodeIgniter\CodeIgniter->handleRequest(null, Object(Config\Cache), false)
 5 SYSTEMPATH/Boot.php(325): CodeIgniter\CodeIgniter->run()
 6 SYSTEMPATH/Boot.php(67): CodeIgniter\Boot::runCodeIgniter(Object(CodeIgniter\CodeIgniter))
 7 FCPATH/index.php(56): CodeIgniter\Boot::bootWeb(Object(Config\Paths))
 8 SYSTEMPATH/rewrite.php(44): require_once('/Applications/MAMP/htdocs/sipro24/public/index.php')
CRITICAL - 2024-11-07 16:13:24 --> CodeIgniter\HTTP\Exceptions\BadRequestException: The URI you submitted has disallowed characters: "'https:"
[Method: GET, Route: detail_program/%27https:/cdnjs.cloudflare.com/ajax/libs/font-awesome/6.0.0-beta3/css/all.min.css%27]
in SYSTEMPATH/Router/Router.php on line 737.
 1 SYSTEMPATH/Router/Router.php(204): CodeIgniter\Router\Router->checkDisallowedChars('detail_program/\'https:/cdnjs.cloudflare.com/ajax/libs/font-awesome/6.0.0-beta3/css/all.min.css\'')
 2 SYSTEMPATH/CodeIgniter.php(834): CodeIgniter\Router\Router->handle('detail_program/\'https:/cdnjs.cloudflare.com/ajax/libs/font-awesome/6.0.0-beta3/css/all.min.css\'')
 3 SYSTEMPATH/CodeIgniter.php(457): CodeIgniter\CodeIgniter->tryToRouteIt(Object(CodeIgniter\Router\RouteCollection))
 4 SYSTEMPATH/CodeIgniter.php(355): CodeIgniter\CodeIgniter->handleRequest(null, Object(Config\Cache), false)
 5 SYSTEMPATH/Boot.php(325): CodeIgniter\CodeIgniter->run()
 6 SYSTEMPATH/Boot.php(67): CodeIgniter\Boot::runCodeIgniter(Object(CodeIgniter\CodeIgniter))
 7 FCPATH/index.php(56): CodeIgniter\Boot::bootWeb(Object(Config\Paths))
 8 SYSTEMPATH/rewrite.php(44): require_once('/Applications/MAMP/htdocs/sipro24/public/index.php')
CRITICAL - 2024-11-07 16:13:49 --> CodeIgniter\HTTP\Exceptions\BadRequestException: The URI you submitted has disallowed characters: "'https:"
[Method: GET, Route: %27https:/cdnjs.cloudflare.com/ajax/libs/font-awesome/6.0.0-beta3/css/all.min.css%27]
in SYSTEMPATH/Router/Router.php on line 737.
 1 SYSTEMPATH/Router/Router.php(204): CodeIgniter\Router\Router->checkDisallowedChars('\'https:/cdnjs.cloudflare.com/ajax/libs/font-awesome/6.0.0-beta3/css/all.min.css\'')
 2 SYSTEMPATH/CodeIgniter.php(834): CodeIgniter\Router\Router->handle('\'https:/cdnjs.cloudflare.com/ajax/libs/font-awesome/6.0.0-beta3/css/all.min.css\'')
 3 SYSTEMPATH/CodeIgniter.php(457): CodeIgniter\CodeIgniter->tryToRouteIt(Object(CodeIgniter\Router\RouteCollection))
 4 SYSTEMPATH/CodeIgniter.php(355): CodeIgniter\CodeIgniter->handleRequest(null, Object(Config\Cache), false)
 5 SYSTEMPATH/Boot.php(325): CodeIgniter\CodeIgniter->run()
 6 SYSTEMPATH/Boot.php(67): CodeIgniter\Boot::runCodeIgniter(Object(CodeIgniter\CodeIgniter))
 7 FCPATH/index.php(56): CodeIgniter\Boot::bootWeb(Object(Config\Paths))
 8 SYSTEMPATH/rewrite.php(44): require_once('/Applications/MAMP/htdocs/sipro24/public/index.php')
CRITICAL - 2024-11-07 16:13:55 --> CodeIgniter\HTTP\Exceptions\BadRequestException: The URI you submitted has disallowed characters: "'https:"
[Method: GET, Route: detail_kawasan/%27https:/cdnjs.cloudflare.com/ajax/libs/font-awesome/6.0.0-beta3/css/all.min.css%27]
in SYSTEMPATH/Router/Router.php on line 737.
 1 SYSTEMPATH/Router/Router.php(204): CodeIgniter\Router\Router->checkDisallowedChars('detail_kawasan/\'https:/cdnjs.cloudflare.com/ajax/libs/font-awesome/6.0.0-beta3/css/all.min.css\'')
 2 SYSTEMPATH/CodeIgniter.php(834): CodeIgniter\Router\Router->handle('detail_kawasan/\'https:/cdnjs.cloudflare.com/ajax/libs/font-awesome/6.0.0-beta3/css/all.min.css\'')
 3 SYSTEMPATH/CodeIgniter.php(457): CodeIgniter\CodeIgniter->tryToRouteIt(Object(CodeIgniter\Router\RouteCollection))
 4 SYSTEMPATH/CodeIgniter.php(355): CodeIgniter\CodeIgniter->handleRequest(null, Object(Config\Cache), false)
 5 SYSTEMPATH/Boot.php(325): CodeIgniter\CodeIgniter->run()
 6 SYSTEMPATH/Boot.php(67): CodeIgniter\Boot::runCodeIgniter(Object(CodeIgniter\CodeIgniter))
 7 FCPATH/index.php(56): CodeIgniter\Boot::bootWeb(Object(Config\Paths))
 8 SYSTEMPATH/rewrite.php(44): require_once('/Applications/MAMP/htdocs/sipro24/public/index.php')
CRITICAL - 2024-11-07 16:14:04 --> CodeIgniter\HTTP\Exceptions\BadRequestException: The URI you submitted has disallowed characters: "'https:"
[Method: GET, Route: %27https:/cdnjs.cloudflare.com/ajax/libs/font-awesome/6.0.0-beta3/css/all.min.css%27]
in SYSTEMPATH/Router/Router.php on line 737.
 1 SYSTEMPATH/Router/Router.php(204): CodeIgniter\Router\Router->checkDisallowedChars('\'https:/cdnjs.cloudflare.com/ajax/libs/font-awesome/6.0.0-beta3/css/all.min.css\'')
 2 SYSTEMPATH/CodeIgniter.php(834): CodeIgniter\Router\Router->handle('\'https:/cdnjs.cloudflare.com/ajax/libs/font-awesome/6.0.0-beta3/css/all.min.css\'')
 3 SYSTEMPATH/CodeIgniter.php(457): CodeIgniter\CodeIgniter->tryToRouteIt(Object(CodeIgniter\Router\RouteCollection))
 4 SYSTEMPATH/CodeIgniter.php(355): CodeIgniter\CodeIgniter->handleRequest(null, Object(Config\Cache), false)
 5 SYSTEMPATH/Boot.php(325): CodeIgniter\CodeIgniter->run()
 6 SYSTEMPATH/Boot.php(67): CodeIgniter\Boot::runCodeIgniter(Object(CodeIgniter\CodeIgniter))
 7 FCPATH/index.php(56): CodeIgniter\Boot::bootWeb(Object(Config\Paths))
 8 SYSTEMPATH/rewrite.php(44): require_once('/Applications/MAMP/htdocs/sipro24/public/index.php')
CRITICAL - 2024-11-07 16:14:08 --> CodeIgniter\HTTP\Exceptions\BadRequestException: The URI you submitted has disallowed characters: "'https:"
[Method: GET, Route: detail_kawasan/%27https:/cdnjs.cloudflare.com/ajax/libs/font-awesome/6.0.0-beta3/css/all.min.css%27]
in SYSTEMPATH/Router/Router.php on line 737.
 1 SYSTEMPATH/Router/Router.php(204): CodeIgniter\Router\Router->checkDisallowedChars('detail_kawasan/\'https:/cdnjs.cloudflare.com/ajax/libs/font-awesome/6.0.0-beta3/css/all.min.css\'')
 2 SYSTEMPATH/CodeIgniter.php(834): CodeIgniter\Router\Router->handle('detail_kawasan/\'https:/cdnjs.cloudflare.com/ajax/libs/font-awesome/6.0.0-beta3/css/all.min.css\'')
 3 SYSTEMPATH/CodeIgniter.php(457): CodeIgniter\CodeIgniter->tryToRouteIt(Object(CodeIgniter\Router\RouteCollection))
 4 SYSTEMPATH/CodeIgniter.php(355): CodeIgniter\CodeIgniter->handleRequest(null, Object(Config\Cache), false)
 5 SYSTEMPATH/Boot.php(325): CodeIgniter\CodeIgniter->run()
 6 SYSTEMPATH/Boot.php(67): CodeIgniter\Boot::runCodeIgniter(Object(CodeIgniter\CodeIgniter))
 7 FCPATH/index.php(56): CodeIgniter\Boot::bootWeb(Object(Config\Paths))
 8 SYSTEMPATH/rewrite.php(44): require_once('/Applications/MAMP/htdocs/sipro24/public/index.php')
CRITICAL - 2024-11-07 16:14:28 --> CodeIgniter\HTTP\Exceptions\BadRequestException: The URI you submitted has disallowed characters: "'https:"
[Method: GET, Route: %27https:/cdnjs.cloudflare.com/ajax/libs/font-awesome/6.0.0-beta3/css/all.min.css%27]
in SYSTEMPATH/Router/Router.php on line 737.
 1 SYSTEMPATH/Router/Router.php(204): CodeIgniter\Router\Router->checkDisallowedChars('\'https:/cdnjs.cloudflare.com/ajax/libs/font-awesome/6.0.0-beta3/css/all.min.css\'')
 2 SYSTEMPATH/CodeIgniter.php(834): CodeIgniter\Router\Router->handle('\'https:/cdnjs.cloudflare.com/ajax/libs/font-awesome/6.0.0-beta3/css/all.min.css\'')
 3 SYSTEMPATH/CodeIgniter.php(457): CodeIgniter\CodeIgniter->tryToRouteIt(Object(CodeIgniter\Router\RouteCollection))
 4 SYSTEMPATH/CodeIgniter.php(355): CodeIgniter\CodeIgniter->handleRequest(null, Object(Config\Cache), false)
 5 SYSTEMPATH/Boot.php(325): CodeIgniter\CodeIgniter->run()
 6 SYSTEMPATH/Boot.php(67): CodeIgniter\Boot::runCodeIgniter(Object(CodeIgniter\CodeIgniter))
 7 FCPATH/index.php(56): CodeIgniter\Boot::bootWeb(Object(Config\Paths))
 8 SYSTEMPATH/rewrite.php(44): require_once('/Applications/MAMP/htdocs/sipro24/public/index.php')
CRITICAL - 2024-11-07 16:14:33 --> CodeIgniter\HTTP\Exceptions\BadRequestException: The URI you submitted has disallowed characters: "'https:"
[Method: GET, Route: detail_kawasan/%27https:/cdnjs.cloudflare.com/ajax/libs/font-awesome/6.0.0-beta3/css/all.min.css%27]
in SYSTEMPATH/Router/Router.php on line 737.
 1 SYSTEMPATH/Router/Router.php(204): CodeIgniter\Router\Router->checkDisallowedChars('detail_kawasan/\'https:/cdnjs.cloudflare.com/ajax/libs/font-awesome/6.0.0-beta3/css/all.min.css\'')
 2 SYSTEMPATH/CodeIgniter.php(834): CodeIgniter\Router\Router->handle('detail_kawasan/\'https:/cdnjs.cloudflare.com/ajax/libs/font-awesome/6.0.0-beta3/css/all.min.css\'')
 3 SYSTEMPATH/CodeIgniter.php(457): CodeIgniter\CodeIgniter->tryToRouteIt(Object(CodeIgniter\Router\RouteCollection))
 4 SYSTEMPATH/CodeIgniter.php(355): CodeIgniter\CodeIgniter->handleRequest(null, Object(Config\Cache), false)
 5 SYSTEMPATH/Boot.php(325): CodeIgniter\CodeIgniter->run()
 6 SYSTEMPATH/Boot.php(67): CodeIgniter\Boot::runCodeIgniter(Object(CodeIgniter\CodeIgniter))
 7 FCPATH/index.php(56): CodeIgniter\Boot::bootWeb(Object(Config\Paths))
 8 SYSTEMPATH/rewrite.php(44): require_once('/Applications/MAMP/htdocs/sipro24/public/index.php')
CRITICAL - 2024-11-07 16:14:42 --> CodeIgniter\HTTP\Exceptions\BadRequestException: The URI you submitted has disallowed characters: "'https:"
[Method: GET, Route: %27https:/cdnjs.cloudflare.com/ajax/libs/font-awesome/6.0.0-beta3/css/all.min.css%27]
in SYSTEMPATH/Router/Router.php on line 737.
 1 SYSTEMPATH/Router/Router.php(204): CodeIgniter\Router\Router->checkDisallowedChars('\'https:/cdnjs.cloudflare.com/ajax/libs/font-awesome/6.0.0-beta3/css/all.min.css\'')
 2 SYSTEMPATH/CodeIgniter.php(834): CodeIgniter\Router\Router->handle('\'https:/cdnjs.cloudflare.com/ajax/libs/font-awesome/6.0.0-beta3/css/all.min.css\'')
 3 SYSTEMPATH/CodeIgniter.php(457): CodeIgniter\CodeIgniter->tryToRouteIt(Object(CodeIgniter\Router\RouteCollection))
 4 SYSTEMPATH/CodeIgniter.php(355): CodeIgniter\CodeIgniter->handleRequest(null, Object(Config\Cache), false)
 5 SYSTEMPATH/Boot.php(325): CodeIgniter\CodeIgniter->run()
 6 SYSTEMPATH/Boot.php(67): CodeIgniter\Boot::runCodeIgniter(Object(CodeIgniter\CodeIgniter))
 7 FCPATH/index.php(56): CodeIgniter\Boot::bootWeb(Object(Config\Paths))
 8 SYSTEMPATH/rewrite.php(44): require_once('/Applications/MAMP/htdocs/sipro24/public/index.php')
CRITICAL - 2024-11-07 16:14:46 --> CodeIgniter\HTTP\Exceptions\BadRequestException: The URI you submitted has disallowed characters: "'https:"
[Method: GET, Route: detail_kawasan/%27https:/cdnjs.cloudflare.com/ajax/libs/font-awesome/6.0.0-beta3/css/all.min.css%27]
in SYSTEMPATH/Router/Router.php on line 737.
 1 SYSTEMPATH/Router/Router.php(204): CodeIgniter\Router\Router->checkDisallowedChars('detail_kawasan/\'https:/cdnjs.cloudflare.com/ajax/libs/font-awesome/6.0.0-beta3/css/all.min.css\'')
 2 SYSTEMPATH/CodeIgniter.php(834): CodeIgniter\Router\Router->handle('detail_kawasan/\'https:/cdnjs.cloudflare.com/ajax/libs/font-awesome/6.0.0-beta3/css/all.min.css\'')
 3 SYSTEMPATH/CodeIgniter.php(457): CodeIgniter\CodeIgniter->tryToRouteIt(Object(CodeIgniter\Router\RouteCollection))
 4 SYSTEMPATH/CodeIgniter.php(355): CodeIgniter\CodeIgniter->handleRequest(null, Object(Config\Cache), false)
 5 SYSTEMPATH/Boot.php(325): CodeIgniter\CodeIgniter->run()
 6 SYSTEMPATH/Boot.php(67): CodeIgniter\Boot::runCodeIgniter(Object(CodeIgniter\CodeIgniter))
 7 FCPATH/index.php(56): CodeIgniter\Boot::bootWeb(Object(Config\Paths))
 8 SYSTEMPATH/rewrite.php(44): require_once('/Applications/MAMP/htdocs/sipro24/public/index.php')
CRITICAL - 2024-11-07 16:15:07 --> CodeIgniter\HTTP\Exceptions\BadRequestException: The URI you submitted has disallowed characters: "'https:"
[Method: GET, Route: %27https:/cdnjs.cloudflare.com/ajax/libs/font-awesome/6.0.0-beta3/css/all.min.css%27]
in SYSTEMPATH/Router/Router.php on line 737.
 1 SYSTEMPATH/Router/Router.php(204): CodeIgniter\Router\Router->checkDisallowedChars('\'https:/cdnjs.cloudflare.com/ajax/libs/font-awesome/6.0.0-beta3/css/all.min.css\'')
 2 SYSTEMPATH/CodeIgniter.php(834): CodeIgniter\Router\Router->handle('\'https:/cdnjs.cloudflare.com/ajax/libs/font-awesome/6.0.0-beta3/css/all.min.css\'')
 3 SYSTEMPATH/CodeIgniter.php(457): CodeIgniter\CodeIgniter->tryToRouteIt(Object(CodeIgniter\Router\RouteCollection))
 4 SYSTEMPATH/CodeIgniter.php(355): CodeIgniter\CodeIgniter->handleRequest(null, Object(Config\Cache), false)
 5 SYSTEMPATH/Boot.php(325): CodeIgniter\CodeIgniter->run()
 6 SYSTEMPATH/Boot.php(67): CodeIgniter\Boot::runCodeIgniter(Object(CodeIgniter\CodeIgniter))
 7 FCPATH/index.php(56): CodeIgniter\Boot::bootWeb(Object(Config\Paths))
 8 SYSTEMPATH/rewrite.php(44): require_once('/Applications/MAMP/htdocs/sipro24/public/index.php')
CRITICAL - 2024-11-07 16:17:45 --> CodeIgniter\HTTP\Exceptions\BadRequestException: The URI you submitted has disallowed characters: "'https:"
[Method: GET, Route: %27https:/cdnjs.cloudflare.com/ajax/libs/font-awesome/6.0.0-beta3/css/all.min.css%27]
in SYSTEMPATH/Router/Router.php on line 737.
 1 SYSTEMPATH/Router/Router.php(204): CodeIgniter\Router\Router->checkDisallowedChars('\'https:/cdnjs.cloudflare.com/ajax/libs/font-awesome/6.0.0-beta3/css/all.min.css\'')
 2 SYSTEMPATH/CodeIgniter.php(834): CodeIgniter\Router\Router->handle('\'https:/cdnjs.cloudflare.com/ajax/libs/font-awesome/6.0.0-beta3/css/all.min.css\'')
 3 SYSTEMPATH/CodeIgniter.php(457): CodeIgniter\CodeIgniter->tryToRouteIt(Object(CodeIgniter\Router\RouteCollection))
 4 SYSTEMPATH/CodeIgniter.php(355): CodeIgniter\CodeIgniter->handleRequest(null, Object(Config\Cache), false)
 5 SYSTEMPATH/Boot.php(325): CodeIgniter\CodeIgniter->run()
 6 SYSTEMPATH/Boot.php(67): CodeIgniter\Boot::runCodeIgniter(Object(CodeIgniter\CodeIgniter))
 7 FCPATH/index.php(56): CodeIgniter\Boot::bootWeb(Object(Config\Paths))
 8 SYSTEMPATH/rewrite.php(44): require_once('/Applications/MAMP/htdocs/sipro24/public/index.php')
CRITICAL - 2024-11-07 16:23:41 --> CodeIgniter\HTTP\Exceptions\BadRequestException: The URI you submitted has disallowed characters: "'https:"
[Method: GET, Route: %27https:/cdnjs.cloudflare.com/ajax/libs/font-awesome/6.0.0-beta3/css/all.min.css%27]
in SYSTEMPATH/Router/Router.php on line 737.
 1 SYSTEMPATH/Router/Router.php(204): CodeIgniter\Router\Router->checkDisallowedChars('\'https:/cdnjs.cloudflare.com/ajax/libs/font-awesome/6.0.0-beta3/css/all.min.css\'')
 2 SYSTEMPATH/CodeIgniter.php(834): CodeIgniter\Router\Router->handle('\'https:/cdnjs.cloudflare.com/ajax/libs/font-awesome/6.0.0-beta3/css/all.min.css\'')
 3 SYSTEMPATH/CodeIgniter.php(457): CodeIgniter\CodeIgniter->tryToRouteIt(Object(CodeIgniter\Router\RouteCollection))
 4 SYSTEMPATH/CodeIgniter.php(355): CodeIgniter\CodeIgniter->handleRequest(null, Object(Config\Cache), false)
 5 SYSTEMPATH/Boot.php(325): CodeIgniter\CodeIgniter->run()
 6 SYSTEMPATH/Boot.php(67): CodeIgniter\Boot::runCodeIgniter(Object(CodeIgniter\CodeIgniter))
 7 FCPATH/index.php(56): CodeIgniter\Boot::bootWeb(Object(Config\Paths))
 8 SYSTEMPATH/rewrite.php(44): require_once('/Applications/MAMP/htdocs/sipro24/public/index.php')
CRITICAL - 2024-11-07 16:25:26 --> CodeIgniter\HTTP\Exceptions\BadRequestException: The URI you submitted has disallowed characters: "'https:"
[Method: GET, Route: %27https:/cdnjs.cloudflare.com/ajax/libs/font-awesome/6.0.0-beta3/css/all.min.css%27]
in SYSTEMPATH/Router/Router.php on line 737.
 1 SYSTEMPATH/Router/Router.php(204): CodeIgniter\Router\Router->checkDisallowedChars('\'https:/cdnjs.cloudflare.com/ajax/libs/font-awesome/6.0.0-beta3/css/all.min.css\'')
 2 SYSTEMPATH/CodeIgniter.php(834): CodeIgniter\Router\Router->handle('\'https:/cdnjs.cloudflare.com/ajax/libs/font-awesome/6.0.0-beta3/css/all.min.css\'')
 3 SYSTEMPATH/CodeIgniter.php(457): CodeIgniter\CodeIgniter->tryToRouteIt(Object(CodeIgniter\Router\RouteCollection))
 4 SYSTEMPATH/CodeIgniter.php(355): CodeIgniter\CodeIgniter->handleRequest(null, Object(Config\Cache), false)
 5 SYSTEMPATH/Boot.php(325): CodeIgniter\CodeIgniter->run()
 6 SYSTEMPATH/Boot.php(67): CodeIgniter\Boot::runCodeIgniter(Object(CodeIgniter\CodeIgniter))
 7 FCPATH/index.php(56): CodeIgniter\Boot::bootWeb(Object(Config\Paths))
 8 SYSTEMPATH/rewrite.php(44): require_once('/Applications/MAMP/htdocs/sipro24/public/index.php')
CRITICAL - 2024-11-07 16:28:52 --> CodeIgniter\HTTP\Exceptions\BadRequestException: The URI you submitted has disallowed characters: "'https:"
[Method: GET, Route: %27https:/cdnjs.cloudflare.com/ajax/libs/font-awesome/6.0.0-beta3/css/all.min.css%27]
in SYSTEMPATH/Router/Router.php on line 737.
 1 SYSTEMPATH/Router/Router.php(204): CodeIgniter\Router\Router->checkDisallowedChars('\'https:/cdnjs.cloudflare.com/ajax/libs/font-awesome/6.0.0-beta3/css/all.min.css\'')
 2 SYSTEMPATH/CodeIgniter.php(834): CodeIgniter\Router\Router->handle('\'https:/cdnjs.cloudflare.com/ajax/libs/font-awesome/6.0.0-beta3/css/all.min.css\'')
 3 SYSTEMPATH/CodeIgniter.php(457): CodeIgniter\CodeIgniter->tryToRouteIt(Object(CodeIgniter\Router\RouteCollection))
 4 SYSTEMPATH/CodeIgniter.php(355): CodeIgniter\CodeIgniter->handleRequest(null, Object(Config\Cache), false)
 5 SYSTEMPATH/Boot.php(325): CodeIgniter\CodeIgniter->run()
 6 SYSTEMPATH/Boot.php(67): CodeIgniter\Boot::runCodeIgniter(Object(CodeIgniter\CodeIgniter))
 7 FCPATH/index.php(56): CodeIgniter\Boot::bootWeb(Object(Config\Paths))
 8 SYSTEMPATH/rewrite.php(44): require_once('/Applications/MAMP/htdocs/sipro24/public/index.php')
CRITICAL - 2024-11-07 16:29:08 --> CodeIgniter\HTTP\Exceptions\BadRequestException: The URI you submitted has disallowed characters: "'https:"
[Method: GET, Route: %27https:/cdnjs.cloudflare.com/ajax/libs/font-awesome/6.0.0-beta3/css/all.min.css%27]
in SYSTEMPATH/Router/Router.php on line 737.
 1 SYSTEMPATH/Router/Router.php(204): CodeIgniter\Router\Router->checkDisallowedChars('\'https:/cdnjs.cloudflare.com/ajax/libs/font-awesome/6.0.0-beta3/css/all.min.css\'')
 2 SYSTEMPATH/CodeIgniter.php(834): CodeIgniter\Router\Router->handle('\'https:/cdnjs.cloudflare.com/ajax/libs/font-awesome/6.0.0-beta3/css/all.min.css\'')
 3 SYSTEMPATH/CodeIgniter.php(457): CodeIgniter\CodeIgniter->tryToRouteIt(Object(CodeIgniter\Router\RouteCollection))
 4 SYSTEMPATH/CodeIgniter.php(355): CodeIgniter\CodeIgniter->handleRequest(null, Object(Config\Cache), false)
 5 SYSTEMPATH/Boot.php(325): CodeIgniter\CodeIgniter->run()
 6 SYSTEMPATH/Boot.php(67): CodeIgniter\Boot::runCodeIgniter(Object(CodeIgniter\CodeIgniter))
 7 FCPATH/index.php(56): CodeIgniter\Boot::bootWeb(Object(Config\Paths))
 8 SYSTEMPATH/rewrite.php(44): require_once('/Applications/MAMP/htdocs/sipro24/public/index.php')
CRITICAL - 2024-11-07 16:30:14 --> CodeIgniter\HTTP\Exceptions\BadRequestException: The URI you submitted has disallowed characters: "'https:"
[Method: GET, Route: %27https:/cdnjs.cloudflare.com/ajax/libs/font-awesome/6.0.0-beta3/css/all.min.css%27]
in SYSTEMPATH/Router/Router.php on line 737.
 1 SYSTEMPATH/Router/Router.php(204): CodeIgniter\Router\Router->checkDisallowedChars('\'https:/cdnjs.cloudflare.com/ajax/libs/font-awesome/6.0.0-beta3/css/all.min.css\'')
 2 SYSTEMPATH/CodeIgniter.php(834): CodeIgniter\Router\Router->handle('\'https:/cdnjs.cloudflare.com/ajax/libs/font-awesome/6.0.0-beta3/css/all.min.css\'')
 3 SYSTEMPATH/CodeIgniter.php(457): CodeIgniter\CodeIgniter->tryToRouteIt(Object(CodeIgniter\Router\RouteCollection))
 4 SYSTEMPATH/CodeIgniter.php(355): CodeIgniter\CodeIgniter->handleRequest(null, Object(Config\Cache), false)
 5 SYSTEMPATH/Boot.php(325): CodeIgniter\CodeIgniter->run()
 6 SYSTEMPATH/Boot.php(67): CodeIgniter\Boot::runCodeIgniter(Object(CodeIgniter\CodeIgniter))
 7 FCPATH/index.php(56): CodeIgniter\Boot::bootWeb(Object(Config\Paths))
 8 SYSTEMPATH/rewrite.php(44): require_once('/Applications/MAMP/htdocs/sipro24/public/index.php')
CRITICAL - 2024-11-07 16:30:51 --> CodeIgniter\HTTP\Exceptions\BadRequestException: The URI you submitted has disallowed characters: "'https:"
[Method: GET, Route: %27https:/cdnjs.cloudflare.com/ajax/libs/font-awesome/6.0.0-beta3/css/all.min.css%27]
in SYSTEMPATH/Router/Router.php on line 737.
 1 SYSTEMPATH/Router/Router.php(204): CodeIgniter\Router\Router->checkDisallowedChars('\'https:/cdnjs.cloudflare.com/ajax/libs/font-awesome/6.0.0-beta3/css/all.min.css\'')
 2 SYSTEMPATH/CodeIgniter.php(834): CodeIgniter\Router\Router->handle('\'https:/cdnjs.cloudflare.com/ajax/libs/font-awesome/6.0.0-beta3/css/all.min.css\'')
 3 SYSTEMPATH/CodeIgniter.php(457): CodeIgniter\CodeIgniter->tryToRouteIt(Object(CodeIgniter\Router\RouteCollection))
 4 SYSTEMPATH/CodeIgniter.php(355): CodeIgniter\CodeIgniter->handleRequest(null, Object(Config\Cache), false)
 5 SYSTEMPATH/Boot.php(325): CodeIgniter\CodeIgniter->run()
 6 SYSTEMPATH/Boot.php(67): CodeIgniter\Boot::runCodeIgniter(Object(CodeIgniter\CodeIgniter))
 7 FCPATH/index.php(56): CodeIgniter\Boot::bootWeb(Object(Config\Paths))
 8 SYSTEMPATH/rewrite.php(44): require_once('/Applications/MAMP/htdocs/sipro24/public/index.php')
CRITICAL - 2024-11-07 16:31:28 --> CodeIgniter\HTTP\Exceptions\BadRequestException: The URI you submitted has disallowed characters: "'https:"
[Method: GET, Route: %27https:/cdnjs.cloudflare.com/ajax/libs/font-awesome/6.0.0-beta3/css/all.min.css%27]
in SYSTEMPATH/Router/Router.php on line 737.
 1 SYSTEMPATH/Router/Router.php(204): CodeIgniter\Router\Router->checkDisallowedChars('\'https:/cdnjs.cloudflare.com/ajax/libs/font-awesome/6.0.0-beta3/css/all.min.css\'')
 2 SYSTEMPATH/CodeIgniter.php(834): CodeIgniter\Router\Router->handle('\'https:/cdnjs.cloudflare.com/ajax/libs/font-awesome/6.0.0-beta3/css/all.min.css\'')
 3 SYSTEMPATH/CodeIgniter.php(457): CodeIgniter\CodeIgniter->tryToRouteIt(Object(CodeIgniter\Router\RouteCollection))
 4 SYSTEMPATH/CodeIgniter.php(355): CodeIgniter\CodeIgniter->handleRequest(null, Object(Config\Cache), false)
 5 SYSTEMPATH/Boot.php(325): CodeIgniter\CodeIgniter->run()
 6 SYSTEMPATH/Boot.php(67): CodeIgniter\Boot::runCodeIgniter(Object(CodeIgniter\CodeIgniter))
 7 FCPATH/index.php(56): CodeIgniter\Boot::bootWeb(Object(Config\Paths))
 8 SYSTEMPATH/rewrite.php(44): require_once('/Applications/MAMP/htdocs/sipro24/public/index.php')
CRITICAL - 2024-11-07 16:32:02 --> CodeIgniter\HTTP\Exceptions\BadRequestException: The URI you submitted has disallowed characters: "'https:"
[Method: GET, Route: %27https:/cdnjs.cloudflare.com/ajax/libs/font-awesome/6.0.0-beta3/css/all.min.css%27]
in SYSTEMPATH/Router/Router.php on line 737.
 1 SYSTEMPATH/Router/Router.php(204): CodeIgniter\Router\Router->checkDisallowedChars('\'https:/cdnjs.cloudflare.com/ajax/libs/font-awesome/6.0.0-beta3/css/all.min.css\'')
 2 SYSTEMPATH/CodeIgniter.php(834): CodeIgniter\Router\Router->handle('\'https:/cdnjs.cloudflare.com/ajax/libs/font-awesome/6.0.0-beta3/css/all.min.css\'')
 3 SYSTEMPATH/CodeIgniter.php(457): CodeIgniter\CodeIgniter->tryToRouteIt(Object(CodeIgniter\Router\RouteCollection))
 4 SYSTEMPATH/CodeIgniter.php(355): CodeIgniter\CodeIgniter->handleRequest(null, Object(Config\Cache), false)
 5 SYSTEMPATH/Boot.php(325): CodeIgniter\CodeIgniter->run()
 6 SYSTEMPATH/Boot.php(67): CodeIgniter\Boot::runCodeIgniter(Object(CodeIgniter\CodeIgniter))
 7 FCPATH/index.php(56): CodeIgniter\Boot::bootWeb(Object(Config\Paths))
 8 SYSTEMPATH/rewrite.php(44): require_once('/Applications/MAMP/htdocs/sipro24/public/index.php')
CRITICAL - 2024-11-07 16:32:39 --> CodeIgniter\HTTP\Exceptions\BadRequestException: The URI you submitted has disallowed characters: "'https:"
[Method: GET, Route: %27https:/cdnjs.cloudflare.com/ajax/libs/font-awesome/6.0.0-beta3/css/all.min.css%27]
in SYSTEMPATH/Router/Router.php on line 737.
 1 SYSTEMPATH/Router/Router.php(204): CodeIgniter\Router\Router->checkDisallowedChars('\'https:/cdnjs.cloudflare.com/ajax/libs/font-awesome/6.0.0-beta3/css/all.min.css\'')
 2 SYSTEMPATH/CodeIgniter.php(834): CodeIgniter\Router\Router->handle('\'https:/cdnjs.cloudflare.com/ajax/libs/font-awesome/6.0.0-beta3/css/all.min.css\'')
 3 SYSTEMPATH/CodeIgniter.php(457): CodeIgniter\CodeIgniter->tryToRouteIt(Object(CodeIgniter\Router\RouteCollection))
 4 SYSTEMPATH/CodeIgniter.php(355): CodeIgniter\CodeIgniter->handleRequest(null, Object(Config\Cache), false)
 5 SYSTEMPATH/Boot.php(325): CodeIgniter\CodeIgniter->run()
 6 SYSTEMPATH/Boot.php(67): CodeIgniter\Boot::runCodeIgniter(Object(CodeIgniter\CodeIgniter))
 7 FCPATH/index.php(56): CodeIgniter\Boot::bootWeb(Object(Config\Paths))
 8 SYSTEMPATH/rewrite.php(44): require_once('/Applications/MAMP/htdocs/sipro24/public/index.php')
CRITICAL - 2024-11-07 16:35:06 --> CodeIgniter\HTTP\Exceptions\BadRequestException: The URI you submitted has disallowed characters: "'https:"
[Method: GET, Route: %27https:/cdnjs.cloudflare.com/ajax/libs/font-awesome/6.0.0-beta3/css/all.min.css%27]
in SYSTEMPATH/Router/Router.php on line 737.
 1 SYSTEMPATH/Router/Router.php(204): CodeIgniter\Router\Router->checkDisallowedChars('\'https:/cdnjs.cloudflare.com/ajax/libs/font-awesome/6.0.0-beta3/css/all.min.css\'')
 2 SYSTEMPATH/CodeIgniter.php(834): CodeIgniter\Router\Router->handle('\'https:/cdnjs.cloudflare.com/ajax/libs/font-awesome/6.0.0-beta3/css/all.min.css\'')
 3 SYSTEMPATH/CodeIgniter.php(457): CodeIgniter\CodeIgniter->tryToRouteIt(Object(CodeIgniter\Router\RouteCollection))
 4 SYSTEMPATH/CodeIgniter.php(355): CodeIgniter\CodeIgniter->handleRequest(null, Object(Config\Cache), false)
 5 SYSTEMPATH/Boot.php(325): CodeIgniter\CodeIgniter->run()
 6 SYSTEMPATH/Boot.php(67): CodeIgniter\Boot::runCodeIgniter(Object(CodeIgniter\CodeIgniter))
 7 FCPATH/index.php(56): CodeIgniter\Boot::bootWeb(Object(Config\Paths))
 8 SYSTEMPATH/rewrite.php(44): require_once('/Applications/MAMP/htdocs/sipro24/public/index.php')
CRITICAL - 2024-11-07 16:35:18 --> CodeIgniter\HTTP\Exceptions\BadRequestException: The URI you submitted has disallowed characters: "'https:"
[Method: GET, Route: %27https:/cdnjs.cloudflare.com/ajax/libs/font-awesome/6.0.0-beta3/css/all.min.css%27]
in SYSTEMPATH/Router/Router.php on line 737.
 1 SYSTEMPATH/Router/Router.php(204): CodeIgniter\Router\Router->checkDisallowedChars('\'https:/cdnjs.cloudflare.com/ajax/libs/font-awesome/6.0.0-beta3/css/all.min.css\'')
 2 SYSTEMPATH/CodeIgniter.php(834): CodeIgniter\Router\Router->handle('\'https:/cdnjs.cloudflare.com/ajax/libs/font-awesome/6.0.0-beta3/css/all.min.css\'')
 3 SYSTEMPATH/CodeIgniter.php(457): CodeIgniter\CodeIgniter->tryToRouteIt(Object(CodeIgniter\Router\RouteCollection))
 4 SYSTEMPATH/CodeIgniter.php(355): CodeIgniter\CodeIgniter->handleRequest(null, Object(Config\Cache), false)
 5 SYSTEMPATH/Boot.php(325): CodeIgniter\CodeIgniter->run()
 6 SYSTEMPATH/Boot.php(67): CodeIgniter\Boot::runCodeIgniter(Object(CodeIgniter\CodeIgniter))
 7 FCPATH/index.php(56): CodeIgniter\Boot::bootWeb(Object(Config\Paths))
 8 SYSTEMPATH/rewrite.php(44): require_once('/Applications/MAMP/htdocs/sipro24/public/index.php')
CRITICAL - 2024-11-07 16:43:06 --> CodeIgniter\HTTP\Exceptions\BadRequestException: The URI you submitted has disallowed characters: "'https:"
[Method: GET, Route: %27https:/cdnjs.cloudflare.com/ajax/libs/font-awesome/6.0.0-beta3/css/all.min.css%27]
in SYSTEMPATH/Router/Router.php on line 737.
 1 SYSTEMPATH/Router/Router.php(204): CodeIgniter\Router\Router->checkDisallowedChars('\'https:/cdnjs.cloudflare.com/ajax/libs/font-awesome/6.0.0-beta3/css/all.min.css\'')
 2 SYSTEMPATH/CodeIgniter.php(834): CodeIgniter\Router\Router->handle('\'https:/cdnjs.cloudflare.com/ajax/libs/font-awesome/6.0.0-beta3/css/all.min.css\'')
 3 SYSTEMPATH/CodeIgniter.php(457): CodeIgniter\CodeIgniter->tryToRouteIt(Object(CodeIgniter\Router\RouteCollection))
 4 SYSTEMPATH/CodeIgniter.php(355): CodeIgniter\CodeIgniter->handleRequest(null, Object(Config\Cache), false)
 5 SYSTEMPATH/Boot.php(325): CodeIgniter\CodeIgniter->run()
 6 SYSTEMPATH/Boot.php(67): CodeIgniter\Boot::runCodeIgniter(Object(CodeIgniter\CodeIgniter))
 7 FCPATH/index.php(56): CodeIgniter\Boot::bootWeb(Object(Config\Paths))
 8 SYSTEMPATH/rewrite.php(44): require_once('/Applications/MAMP/htdocs/sipro24/public/index.php')
CRITICAL - 2024-11-07 16:43:40 --> CodeIgniter\HTTP\Exceptions\BadRequestException: The URI you submitted has disallowed characters: "'https:"
[Method: GET, Route: %27https:/cdnjs.cloudflare.com/ajax/libs/font-awesome/6.0.0-beta3/css/all.min.css%27]
in SYSTEMPATH/Router/Router.php on line 737.
 1 SYSTEMPATH/Router/Router.php(204): CodeIgniter\Router\Router->checkDisallowedChars('\'https:/cdnjs.cloudflare.com/ajax/libs/font-awesome/6.0.0-beta3/css/all.min.css\'')
 2 SYSTEMPATH/CodeIgniter.php(834): CodeIgniter\Router\Router->handle('\'https:/cdnjs.cloudflare.com/ajax/libs/font-awesome/6.0.0-beta3/css/all.min.css\'')
 3 SYSTEMPATH/CodeIgniter.php(457): CodeIgniter\CodeIgniter->tryToRouteIt(Object(CodeIgniter\Router\RouteCollection))
 4 SYSTEMPATH/CodeIgniter.php(355): CodeIgniter\CodeIgniter->handleRequest(null, Object(Config\Cache), false)
 5 SYSTEMPATH/Boot.php(325): CodeIgniter\CodeIgniter->run()
 6 SYSTEMPATH/Boot.php(67): CodeIgniter\Boot::runCodeIgniter(Object(CodeIgniter\CodeIgniter))
 7 FCPATH/index.php(56): CodeIgniter\Boot::bootWeb(Object(Config\Paths))
 8 SYSTEMPATH/rewrite.php(44): require_once('/Applications/MAMP/htdocs/sipro24/public/index.php')
CRITICAL - 2024-11-07 16:44:04 --> CodeIgniter\HTTP\Exceptions\BadRequestException: The URI you submitted has disallowed characters: "'https:"
[Method: GET, Route: %27https:/cdnjs.cloudflare.com/ajax/libs/font-awesome/6.0.0-beta3/css/all.min.css%27]
in SYSTEMPATH/Router/Router.php on line 737.
 1 SYSTEMPATH/Router/Router.php(204): CodeIgniter\Router\Router->checkDisallowedChars('\'https:/cdnjs.cloudflare.com/ajax/libs/font-awesome/6.0.0-beta3/css/all.min.css\'')
 2 SYSTEMPATH/CodeIgniter.php(834): CodeIgniter\Router\Router->handle('\'https:/cdnjs.cloudflare.com/ajax/libs/font-awesome/6.0.0-beta3/css/all.min.css\'')
 3 SYSTEMPATH/CodeIgniter.php(457): CodeIgniter\CodeIgniter->tryToRouteIt(Object(CodeIgniter\Router\RouteCollection))
 4 SYSTEMPATH/CodeIgniter.php(355): CodeIgniter\CodeIgniter->handleRequest(null, Object(Config\Cache), false)
 5 SYSTEMPATH/Boot.php(325): CodeIgniter\CodeIgniter->run()
 6 SYSTEMPATH/Boot.php(67): CodeIgniter\Boot::runCodeIgniter(Object(CodeIgniter\CodeIgniter))
 7 FCPATH/index.php(56): CodeIgniter\Boot::bootWeb(Object(Config\Paths))
 8 SYSTEMPATH/rewrite.php(44): require_once('/Applications/MAMP/htdocs/sipro24/public/index.php')
CRITICAL - 2024-11-07 16:45:16 --> CodeIgniter\HTTP\Exceptions\BadRequestException: The URI you submitted has disallowed characters: "'https:"
[Method: GET, Route: %27https:/cdnjs.cloudflare.com/ajax/libs/font-awesome/6.0.0-beta3/css/all.min.css%27]
in SYSTEMPATH/Router/Router.php on line 737.
 1 SYSTEMPATH/Router/Router.php(204): CodeIgniter\Router\Router->checkDisallowedChars('\'https:/cdnjs.cloudflare.com/ajax/libs/font-awesome/6.0.0-beta3/css/all.min.css\'')
 2 SYSTEMPATH/CodeIgniter.php(834): CodeIgniter\Router\Router->handle('\'https:/cdnjs.cloudflare.com/ajax/libs/font-awesome/6.0.0-beta3/css/all.min.css\'')
 3 SYSTEMPATH/CodeIgniter.php(457): CodeIgniter\CodeIgniter->tryToRouteIt(Object(CodeIgniter\Router\RouteCollection))
 4 SYSTEMPATH/CodeIgniter.php(355): CodeIgniter\CodeIgniter->handleRequest(null, Object(Config\Cache), false)
 5 SYSTEMPATH/Boot.php(325): CodeIgniter\CodeIgniter->run()
 6 SYSTEMPATH/Boot.php(67): CodeIgniter\Boot::runCodeIgniter(Object(CodeIgniter\CodeIgniter))
 7 FCPATH/index.php(56): CodeIgniter\Boot::bootWeb(Object(Config\Paths))
 8 SYSTEMPATH/rewrite.php(44): require_once('/Applications/MAMP/htdocs/sipro24/public/index.php')
CRITICAL - 2024-11-07 16:49:00 --> CodeIgniter\HTTP\Exceptions\BadRequestException: The URI you submitted has disallowed characters: "'https:"
[Method: GET, Route: memo/%27https:/cdnjs.cloudflare.com/ajax/libs/font-awesome/6.0.0-beta3/css/all.min.css%27]
in SYSTEMPATH/Router/Router.php on line 737.
 1 SYSTEMPATH/Router/Router.php(204): CodeIgniter\Router\Router->checkDisallowedChars('memo/\'https:/cdnjs.cloudflare.com/ajax/libs/font-awesome/6.0.0-beta3/css/all.min.css\'')
 2 SYSTEMPATH/CodeIgniter.php(834): CodeIgniter\Router\Router->handle('memo/\'https:/cdnjs.cloudflare.com/ajax/libs/font-awesome/6.0.0-beta3/css/all.min.css\'')
 3 SYSTEMPATH/CodeIgniter.php(457): CodeIgniter\CodeIgniter->tryToRouteIt(Object(CodeIgniter\Router\RouteCollection))
 4 SYSTEMPATH/CodeIgniter.php(355): CodeIgniter\CodeIgniter->handleRequest(null, Object(Config\Cache), false)
 5 SYSTEMPATH/Boot.php(325): CodeIgniter\CodeIgniter->run()
 6 SYSTEMPATH/Boot.php(67): CodeIgniter\Boot::runCodeIgniter(Object(CodeIgniter\CodeIgniter))
 7 FCPATH/index.php(56): CodeIgniter\Boot::bootWeb(Object(Config\Paths))
 8 SYSTEMPATH/rewrite.php(44): require_once('/Applications/MAMP/htdocs/sipro24/public/index.php')
CRITICAL - 2024-11-07 16:49:08 --> CodeIgniter\HTTP\Exceptions\BadRequestException: The URI you submitted has disallowed characters: "'https:"
[Method: GET, Route: %27https:/cdnjs.cloudflare.com/ajax/libs/font-awesome/6.0.0-beta3/css/all.min.css%27]
in SYSTEMPATH/Router/Router.php on line 737.
 1 SYSTEMPATH/Router/Router.php(204): CodeIgniter\Router\Router->checkDisallowedChars('\'https:/cdnjs.cloudflare.com/ajax/libs/font-awesome/6.0.0-beta3/css/all.min.css\'')
 2 SYSTEMPATH/CodeIgniter.php(834): CodeIgniter\Router\Router->handle('\'https:/cdnjs.cloudflare.com/ajax/libs/font-awesome/6.0.0-beta3/css/all.min.css\'')
 3 SYSTEMPATH/CodeIgniter.php(457): CodeIgniter\CodeIgniter->tryToRouteIt(Object(CodeIgniter\Router\RouteCollection))
 4 SYSTEMPATH/CodeIgniter.php(355): CodeIgniter\CodeIgniter->handleRequest(null, Object(Config\Cache), false)
 5 SYSTEMPATH/Boot.php(325): CodeIgniter\CodeIgniter->run()
 6 SYSTEMPATH/Boot.php(67): CodeIgniter\Boot::runCodeIgniter(Object(CodeIgniter\CodeIgniter))
 7 FCPATH/index.php(56): CodeIgniter\Boot::bootWeb(Object(Config\Paths))
 8 SYSTEMPATH/rewrite.php(44): require_once('/Applications/MAMP/htdocs/sipro24/public/index.php')
CRITICAL - 2024-11-07 16:49:25 --> CodeIgniter\HTTP\Exceptions\BadRequestException: The URI you submitted has disallowed characters: "'https:"
[Method: GET, Route: memo/%27https:/cdnjs.cloudflare.com/ajax/libs/font-awesome/6.0.0-beta3/css/all.min.css%27]
in SYSTEMPATH/Router/Router.php on line 737.
 1 SYSTEMPATH/Router/Router.php(204): CodeIgniter\Router\Router->checkDisallowedChars('memo/\'https:/cdnjs.cloudflare.com/ajax/libs/font-awesome/6.0.0-beta3/css/all.min.css\'')
 2 SYSTEMPATH/CodeIgniter.php(834): CodeIgniter\Router\Router->handle('memo/\'https:/cdnjs.cloudflare.com/ajax/libs/font-awesome/6.0.0-beta3/css/all.min.css\'')
 3 SYSTEMPATH/CodeIgniter.php(457): CodeIgniter\CodeIgniter->tryToRouteIt(Object(CodeIgniter\Router\RouteCollection))
 4 SYSTEMPATH/CodeIgniter.php(355): CodeIgniter\CodeIgniter->handleRequest(null, Object(Config\Cache), false)
 5 SYSTEMPATH/Boot.php(325): CodeIgniter\CodeIgniter->run()
 6 SYSTEMPATH/Boot.php(67): CodeIgniter\Boot::runCodeIgniter(Object(CodeIgniter\CodeIgniter))
 7 FCPATH/index.php(56): CodeIgniter\Boot::bootWeb(Object(Config\Paths))
 8 SYSTEMPATH/rewrite.php(44): require_once('/Applications/MAMP/htdocs/sipro24/public/index.php')
CRITICAL - 2024-11-07 16:55:46 --> CodeIgniter\HTTP\Exceptions\BadRequestException: The URI you submitted has disallowed characters: "'https:"
[Method: GET, Route: %27https:/cdnjs.cloudflare.com/ajax/libs/font-awesome/6.0.0-beta3/css/all.min.css%27]
in SYSTEMPATH/Router/Router.php on line 737.
 1 SYSTEMPATH/Router/Router.php(204): CodeIgniter\Router\Router->checkDisallowedChars('\'https:/cdnjs.cloudflare.com/ajax/libs/font-awesome/6.0.0-beta3/css/all.min.css\'')
 2 SYSTEMPATH/CodeIgniter.php(834): CodeIgniter\Router\Router->handle('\'https:/cdnjs.cloudflare.com/ajax/libs/font-awesome/6.0.0-beta3/css/all.min.css\'')
 3 SYSTEMPATH/CodeIgniter.php(457): CodeIgniter\CodeIgniter->tryToRouteIt(Object(CodeIgniter\Router\RouteCollection))
 4 SYSTEMPATH/CodeIgniter.php(355): CodeIgniter\CodeIgniter->handleRequest(null, Object(Config\Cache), false)
 5 SYSTEMPATH/Boot.php(325): CodeIgniter\CodeIgniter->run()
 6 SYSTEMPATH/Boot.php(67): CodeIgniter\Boot::runCodeIgniter(Object(CodeIgniter\CodeIgniter))
 7 FCPATH/index.php(56): CodeIgniter\Boot::bootWeb(Object(Config\Paths))
 8 SYSTEMPATH/rewrite.php(44): require_once('/Applications/MAMP/htdocs/sipro24/public/index.php')
CRITICAL - 2024-11-07 16:57:00 --> CodeIgniter\HTTP\Exceptions\BadRequestException: The URI you submitted has disallowed characters: "'https:"
[Method: GET, Route: %27https:/cdnjs.cloudflare.com/ajax/libs/font-awesome/6.0.0-beta3/css/all.min.css%27]
in SYSTEMPATH/Router/Router.php on line 737.
 1 SYSTEMPATH/Router/Router.php(204): CodeIgniter\Router\Router->checkDisallowedChars('\'https:/cdnjs.cloudflare.com/ajax/libs/font-awesome/6.0.0-beta3/css/all.min.css\'')
 2 SYSTEMPATH/CodeIgniter.php(834): CodeIgniter\Router\Router->handle('\'https:/cdnjs.cloudflare.com/ajax/libs/font-awesome/6.0.0-beta3/css/all.min.css\'')
 3 SYSTEMPATH/CodeIgniter.php(457): CodeIgniter\CodeIgniter->tryToRouteIt(Object(CodeIgniter\Router\RouteCollection))
 4 SYSTEMPATH/CodeIgniter.php(355): CodeIgniter\CodeIgniter->handleRequest(null, Object(Config\Cache), false)
 5 SYSTEMPATH/Boot.php(325): CodeIgniter\CodeIgniter->run()
 6 SYSTEMPATH/Boot.php(67): CodeIgniter\Boot::runCodeIgniter(Object(CodeIgniter\CodeIgniter))
 7 FCPATH/index.php(56): CodeIgniter\Boot::bootWeb(Object(Config\Paths))
 8 SYSTEMPATH/rewrite.php(44): require_once('/Applications/MAMP/htdocs/sipro24/public/index.php')
CRITICAL - 2024-11-07 17:08:11 --> CodeIgniter\HTTP\Exceptions\BadRequestException: The URI you submitted has disallowed characters: "'https:"
[Method: GET, Route: %27https:/cdnjs.cloudflare.com/ajax/libs/font-awesome/6.0.0-beta3/css/all.min.css%27]
in SYSTEMPATH/Router/Router.php on line 737.
 1 SYSTEMPATH/Router/Router.php(204): CodeIgniter\Router\Router->checkDisallowedChars('\'https:/cdnjs.cloudflare.com/ajax/libs/font-awesome/6.0.0-beta3/css/all.min.css\'')
 2 SYSTEMPATH/CodeIgniter.php(834): CodeIgniter\Router\Router->handle('\'https:/cdnjs.cloudflare.com/ajax/libs/font-awesome/6.0.0-beta3/css/all.min.css\'')
 3 SYSTEMPATH/CodeIgniter.php(457): CodeIgniter\CodeIgniter->tryToRouteIt(Object(CodeIgniter\Router\RouteCollection))
 4 SYSTEMPATH/CodeIgniter.php(355): CodeIgniter\CodeIgniter->handleRequest(null, Object(Config\Cache), false)
 5 SYSTEMPATH/Boot.php(325): CodeIgniter\CodeIgniter->run()
 6 SYSTEMPATH/Boot.php(67): CodeIgniter\Boot::runCodeIgniter(Object(CodeIgniter\CodeIgniter))
 7 FCPATH/index.php(56): CodeIgniter\Boot::bootWeb(Object(Config\Paths))
 8 SYSTEMPATH/rewrite.php(44): require_once('/Applications/MAMP/htdocs/sipro24/public/index.php')
CRITICAL - 2024-11-07 17:08:17 --> CodeIgniter\HTTP\Exceptions\BadRequestException: The URI you submitted has disallowed characters: "'https:"
[Method: GET, Route: %27https:/cdnjs.cloudflare.com/ajax/libs/font-awesome/6.0.0-beta3/css/all.min.css%27]
in SYSTEMPATH/Router/Router.php on line 737.
 1 SYSTEMPATH/Router/Router.php(204): CodeIgniter\Router\Router->checkDisallowedChars('\'https:/cdnjs.cloudflare.com/ajax/libs/font-awesome/6.0.0-beta3/css/all.min.css\'')
 2 SYSTEMPATH/CodeIgniter.php(834): CodeIgniter\Router\Router->handle('\'https:/cdnjs.cloudflare.com/ajax/libs/font-awesome/6.0.0-beta3/css/all.min.css\'')
 3 SYSTEMPATH/CodeIgniter.php(457): CodeIgniter\CodeIgniter->tryToRouteIt(Object(CodeIgniter\Router\RouteCollection))
 4 SYSTEMPATH/CodeIgniter.php(355): CodeIgniter\CodeIgniter->handleRequest(null, Object(Config\Cache), false)
 5 SYSTEMPATH/Boot.php(325): CodeIgniter\CodeIgniter->run()
 6 SYSTEMPATH/Boot.php(67): CodeIgniter\Boot::runCodeIgniter(Object(CodeIgniter\CodeIgniter))
 7 FCPATH/index.php(56): CodeIgniter\Boot::bootWeb(Object(Config\Paths))
 8 SYSTEMPATH/rewrite.php(44): require_once('/Applications/MAMP/htdocs/sipro24/public/index.php')
CRITICAL - 2024-11-07 17:08:26 --> CodeIgniter\HTTP\Exceptions\BadRequestException: The URI you submitted has disallowed characters: "'https:"
[Method: GET, Route: %27https:/cdnjs.cloudflare.com/ajax/libs/font-awesome/6.0.0-beta3/css/all.min.css%27]
in SYSTEMPATH/Router/Router.php on line 737.
 1 SYSTEMPATH/Router/Router.php(204): CodeIgniter\Router\Router->checkDisallowedChars('\'https:/cdnjs.cloudflare.com/ajax/libs/font-awesome/6.0.0-beta3/css/all.min.css\'')
 2 SYSTEMPATH/CodeIgniter.php(834): CodeIgniter\Router\Router->handle('\'https:/cdnjs.cloudflare.com/ajax/libs/font-awesome/6.0.0-beta3/css/all.min.css\'')
 3 SYSTEMPATH/CodeIgniter.php(457): CodeIgniter\CodeIgniter->tryToRouteIt(Object(CodeIgniter\Router\RouteCollection))
 4 SYSTEMPATH/CodeIgniter.php(355): CodeIgniter\CodeIgniter->handleRequest(null, Object(Config\Cache), false)
 5 SYSTEMPATH/Boot.php(325): CodeIgniter\CodeIgniter->run()
 6 SYSTEMPATH/Boot.php(67): CodeIgniter\Boot::runCodeIgniter(Object(CodeIgniter\CodeIgniter))
 7 FCPATH/index.php(56): CodeIgniter\Boot::bootWeb(Object(Config\Paths))
 8 SYSTEMPATH/rewrite.php(44): require_once('/Applications/MAMP/htdocs/sipro24/public/index.php')
CRITICAL - 2024-11-07 17:09:48 --> CodeIgniter\HTTP\Exceptions\BadRequestException: The URI you submitted has disallowed characters: "'https:"
[Method: GET, Route: %27https:/cdnjs.cloudflare.com/ajax/libs/font-awesome/6.0.0-beta3/css/all.min.css%27]
in SYSTEMPATH/Router/Router.php on line 737.
 1 SYSTEMPATH/Router/Router.php(204): CodeIgniter\Router\Router->checkDisallowedChars('\'https:/cdnjs.cloudflare.com/ajax/libs/font-awesome/6.0.0-beta3/css/all.min.css\'')
 2 SYSTEMPATH/CodeIgniter.php(834): CodeIgniter\Router\Router->handle('\'https:/cdnjs.cloudflare.com/ajax/libs/font-awesome/6.0.0-beta3/css/all.min.css\'')
 3 SYSTEMPATH/CodeIgniter.php(457): CodeIgniter\CodeIgniter->tryToRouteIt(Object(CodeIgniter\Router\RouteCollection))
 4 SYSTEMPATH/CodeIgniter.php(355): CodeIgniter\CodeIgniter->handleRequest(null, Object(Config\Cache), false)
 5 SYSTEMPATH/Boot.php(325): CodeIgniter\CodeIgniter->run()
 6 SYSTEMPATH/Boot.php(67): CodeIgniter\Boot::runCodeIgniter(Object(CodeIgniter\CodeIgniter))
 7 FCPATH/index.php(56): CodeIgniter\Boot::bootWeb(Object(Config\Paths))
 8 SYSTEMPATH/rewrite.php(44): require_once('/Applications/MAMP/htdocs/sipro24/public/index.php')
CRITICAL - 2024-11-07 17:10:08 --> CodeIgniter\HTTP\Exceptions\BadRequestException: The URI you submitted has disallowed characters: "'https:"
[Method: GET, Route: %27https:/cdnjs.cloudflare.com/ajax/libs/font-awesome/6.0.0-beta3/css/all.min.css%27]
in SYSTEMPATH/Router/Router.php on line 737.
 1 SYSTEMPATH/Router/Router.php(204): CodeIgniter\Router\Router->checkDisallowedChars('\'https:/cdnjs.cloudflare.com/ajax/libs/font-awesome/6.0.0-beta3/css/all.min.css\'')
 2 SYSTEMPATH/CodeIgniter.php(834): CodeIgniter\Router\Router->handle('\'https:/cdnjs.cloudflare.com/ajax/libs/font-awesome/6.0.0-beta3/css/all.min.css\'')
 3 SYSTEMPATH/CodeIgniter.php(457): CodeIgniter\CodeIgniter->tryToRouteIt(Object(CodeIgniter\Router\RouteCollection))
 4 SYSTEMPATH/CodeIgniter.php(355): CodeIgniter\CodeIgniter->handleRequest(null, Object(Config\Cache), false)
 5 SYSTEMPATH/Boot.php(325): CodeIgniter\CodeIgniter->run()
 6 SYSTEMPATH/Boot.php(67): CodeIgniter\Boot::runCodeIgniter(Object(CodeIgniter\CodeIgniter))
 7 FCPATH/index.php(56): CodeIgniter\Boot::bootWeb(Object(Config\Paths))
 8 SYSTEMPATH/rewrite.php(44): require_once('/Applications/MAMP/htdocs/sipro24/public/index.php')
CRITICAL - 2024-11-07 17:10:19 --> CodeIgniter\HTTP\Exceptions\BadRequestException: The URI you submitted has disallowed characters: "'https:"
[Method: GET, Route: memo/%27https:/cdnjs.cloudflare.com/ajax/libs/font-awesome/6.0.0-beta3/css/all.min.css%27]
in SYSTEMPATH/Router/Router.php on line 737.
 1 SYSTEMPATH/Router/Router.php(204): CodeIgniter\Router\Router->checkDisallowedChars('memo/\'https:/cdnjs.cloudflare.com/ajax/libs/font-awesome/6.0.0-beta3/css/all.min.css\'')
 2 SYSTEMPATH/CodeIgniter.php(834): CodeIgniter\Router\Router->handle('memo/\'https:/cdnjs.cloudflare.com/ajax/libs/font-awesome/6.0.0-beta3/css/all.min.css\'')
 3 SYSTEMPATH/CodeIgniter.php(457): CodeIgniter\CodeIgniter->tryToRouteIt(Object(CodeIgniter\Router\RouteCollection))
 4 SYSTEMPATH/CodeIgniter.php(355): CodeIgniter\CodeIgniter->handleRequest(null, Object(Config\Cache), false)
 5 SYSTEMPATH/Boot.php(325): CodeIgniter\CodeIgniter->run()
 6 SYSTEMPATH/Boot.php(67): CodeIgniter\Boot::runCodeIgniter(Object(CodeIgniter\CodeIgniter))
 7 FCPATH/index.php(56): CodeIgniter\Boot::bootWeb(Object(Config\Paths))
 8 SYSTEMPATH/rewrite.php(44): require_once('/Applications/MAMP/htdocs/sipro24/public/index.php')
CRITICAL - 2024-11-07 17:13:30 --> CodeIgniter\HTTP\Exceptions\BadRequestException: The URI you submitted has disallowed characters: "'https:"
[Method: GET, Route: memo/%27https:/cdnjs.cloudflare.com/ajax/libs/font-awesome/6.0.0-beta3/css/all.min.css%27]
in SYSTEMPATH/Router/Router.php on line 737.
 1 SYSTEMPATH/Router/Router.php(204): CodeIgniter\Router\Router->checkDisallowedChars('memo/\'https:/cdnjs.cloudflare.com/ajax/libs/font-awesome/6.0.0-beta3/css/all.min.css\'')
 2 SYSTEMPATH/CodeIgniter.php(834): CodeIgniter\Router\Router->handle('memo/\'https:/cdnjs.cloudflare.com/ajax/libs/font-awesome/6.0.0-beta3/css/all.min.css\'')
 3 SYSTEMPATH/CodeIgniter.php(457): CodeIgniter\CodeIgniter->tryToRouteIt(Object(CodeIgniter\Router\RouteCollection))
 4 SYSTEMPATH/CodeIgniter.php(355): CodeIgniter\CodeIgniter->handleRequest(null, Object(Config\Cache), false)
 5 SYSTEMPATH/Boot.php(325): CodeIgniter\CodeIgniter->run()
 6 SYSTEMPATH/Boot.php(67): CodeIgniter\Boot::runCodeIgniter(Object(CodeIgniter\CodeIgniter))
 7 FCPATH/index.php(56): CodeIgniter\Boot::bootWeb(Object(Config\Paths))
 8 SYSTEMPATH/rewrite.php(44): require_once('/Applications/MAMP/htdocs/sipro24/public/index.php')
CRITICAL - 2024-11-07 17:14:26 --> CodeIgniter\HTTP\Exceptions\BadRequestException: The URI you submitted has disallowed characters: "'https:"
[Method: GET, Route: memo/%27https:/cdnjs.cloudflare.com/ajax/libs/font-awesome/6.0.0-beta3/css/all.min.css%27]
in SYSTEMPATH/Router/Router.php on line 737.
 1 SYSTEMPATH/Router/Router.php(204): CodeIgniter\Router\Router->checkDisallowedChars('memo/\'https:/cdnjs.cloudflare.com/ajax/libs/font-awesome/6.0.0-beta3/css/all.min.css\'')
 2 SYSTEMPATH/CodeIgniter.php(834): CodeIgniter\Router\Router->handle('memo/\'https:/cdnjs.cloudflare.com/ajax/libs/font-awesome/6.0.0-beta3/css/all.min.css\'')
 3 SYSTEMPATH/CodeIgniter.php(457): CodeIgniter\CodeIgniter->tryToRouteIt(Object(CodeIgniter\Router\RouteCollection))
 4 SYSTEMPATH/CodeIgniter.php(355): CodeIgniter\CodeIgniter->handleRequest(null, Object(Config\Cache), false)
 5 SYSTEMPATH/Boot.php(325): CodeIgniter\CodeIgniter->run()
 6 SYSTEMPATH/Boot.php(67): CodeIgniter\Boot::runCodeIgniter(Object(CodeIgniter\CodeIgniter))
 7 FCPATH/index.php(56): CodeIgniter\Boot::bootWeb(Object(Config\Paths))
 8 SYSTEMPATH/rewrite.php(44): require_once('/Applications/MAMP/htdocs/sipro24/public/index.php')
CRITICAL - 2024-11-07 17:44:04 --> ErrorException: Maximum execution time of 0 seconds exceeded
[Method: GET, Route: __hot-reload]
in SYSTEMPATH/HotReloader/DirectoryHasher.php on line 76.
 1 [internal function]: CodeIgniter\Debug\Exceptions->shutdownHandler()
CRITICAL - 2024-11-07 19:58:08 --> CodeIgniter\HTTP\Exceptions\BadRequestException: The URI you submitted has disallowed characters: "'https:"
[Method: GET, Route: %27https:/cdnjs.cloudflare.com/ajax/libs/font-awesome/6.0.0-beta3/css/all.min.css%27]
in SYSTEMPATH/Router/Router.php on line 737.
 1 SYSTEMPATH/Router/Router.php(204): CodeIgniter\Router\Router->checkDisallowedChars('\'https:/cdnjs.cloudflare.com/ajax/libs/font-awesome/6.0.0-beta3/css/all.min.css\'')
 2 SYSTEMPATH/CodeIgniter.php(834): CodeIgniter\Router\Router->handle('\'https:/cdnjs.cloudflare.com/ajax/libs/font-awesome/6.0.0-beta3/css/all.min.css\'')
 3 SYSTEMPATH/CodeIgniter.php(457): CodeIgniter\CodeIgniter->tryToRouteIt(Object(CodeIgniter\Router\RouteCollection))
 4 SYSTEMPATH/CodeIgniter.php(355): CodeIgniter\CodeIgniter->handleRequest(null, Object(Config\Cache), false)
 5 SYSTEMPATH/Boot.php(325): CodeIgniter\CodeIgniter->run()
 6 SYSTEMPATH/Boot.php(67): CodeIgniter\Boot::runCodeIgniter(Object(CodeIgniter\CodeIgniter))
 7 FCPATH/index.php(56): CodeIgniter\Boot::bootWeb(Object(Config\Paths))
 8 SYSTEMPATH/rewrite.php(44): require_once('/Applications/MAMP/htdocs/sipro24/public/index.php')
CRITICAL - 2024-11-07 19:58:14 --> CodeIgniter\HTTP\Exceptions\BadRequestException: The URI you submitted has disallowed characters: "'https:"
[Method: GET, Route: %27https:/cdnjs.cloudflare.com/ajax/libs/font-awesome/6.0.0-beta3/css/all.min.css%27]
in SYSTEMPATH/Router/Router.php on line 737.
 1 SYSTEMPATH/Router/Router.php(204): CodeIgniter\Router\Router->checkDisallowedChars('\'https:/cdnjs.cloudflare.com/ajax/libs/font-awesome/6.0.0-beta3/css/all.min.css\'')
 2 SYSTEMPATH/CodeIgniter.php(834): CodeIgniter\Router\Router->handle('\'https:/cdnjs.cloudflare.com/ajax/libs/font-awesome/6.0.0-beta3/css/all.min.css\'')
 3 SYSTEMPATH/CodeIgniter.php(457): CodeIgniter\CodeIgniter->tryToRouteIt(Object(CodeIgniter\Router\RouteCollection))
 4 SYSTEMPATH/CodeIgniter.php(355): CodeIgniter\CodeIgniter->handleRequest(null, Object(Config\Cache), false)
 5 SYSTEMPATH/Boot.php(325): CodeIgniter\CodeIgniter->run()
 6 SYSTEMPATH/Boot.php(67): CodeIgniter\Boot::runCodeIgniter(Object(CodeIgniter\CodeIgniter))
 7 FCPATH/index.php(56): CodeIgniter\Boot::bootWeb(Object(Config\Paths))
 8 SYSTEMPATH/rewrite.php(44): require_once('/Applications/MAMP/htdocs/sipro24/public/index.php')
CRITICAL - 2024-11-07 19:58:59 --> CodeIgniter\HTTP\Exceptions\BadRequestException: The URI you submitted has disallowed characters: "'https:"
[Method: GET, Route: memo/%27https:/cdnjs.cloudflare.com/ajax/libs/font-awesome/6.0.0-beta3/css/all.min.css%27]
in SYSTEMPATH/Router/Router.php on line 737.
 1 SYSTEMPATH/Router/Router.php(204): CodeIgniter\Router\Router->checkDisallowedChars('memo/\'https:/cdnjs.cloudflare.com/ajax/libs/font-awesome/6.0.0-beta3/css/all.min.css\'')
 2 SYSTEMPATH/CodeIgniter.php(834): CodeIgniter\Router\Router->handle('memo/\'https:/cdnjs.cloudflare.com/ajax/libs/font-awesome/6.0.0-beta3/css/all.min.css\'')
 3 SYSTEMPATH/CodeIgniter.php(457): CodeIgniter\CodeIgniter->tryToRouteIt(Object(CodeIgniter\Router\RouteCollection))
 4 SYSTEMPATH/CodeIgniter.php(355): CodeIgniter\CodeIgniter->handleRequest(null, Object(Config\Cache), false)
 5 SYSTEMPATH/Boot.php(325): CodeIgniter\CodeIgniter->run()
 6 SYSTEMPATH/Boot.php(67): CodeIgniter\Boot::runCodeIgniter(Object(CodeIgniter\CodeIgniter))
 7 FCPATH/index.php(56): CodeIgniter\Boot::bootWeb(Object(Config\Paths))
 8 SYSTEMPATH/rewrite.php(44): require_once('/Applications/MAMP/htdocs/sipro24/public/index.php')
