INFO - 2025-01-10 02:16:43 --> Session: Class initialized using 'CodeIgniter\Session\Handlers\FileHandler' driver.
INFO - 2025-01-10 02:16:43 --> Session: Class initialized using 'CodeIgniter\Session\Handlers\FileHandler' driver.
INFO - 2025-01-10 02:16:44 --> Session: Class initialized using 'CodeIgniter\Session\Handlers\FileHandler' driver.
INFO - 2025-01-10 02:16:54 --> Session: Class initialized using 'CodeIgniter\Session\Handlers\FileHandler' driver.
INFO - 2025-01-10 02:16:56 --> Session: Class initialized using 'CodeIgniter\Session\Handlers\FileHandler' driver.
WARNING - 2025-01-10 02:16:56 --> [DEPRECATED] Optional parameter $catatan_bpiw declared before required parameter $id_pendanaan is implicitly treated as a required parameter in APPPATH\Models\Memorandum\ProgramModel.php on line 68.
 1 VENDORPATH\composer\ClassLoader.php(576): include('C:\\xampp\\htdocs\\sipro24\\vendor\\codeigniter4\\framework\\system\\Debug\\Exceptions.php')
 2 VENDORPATH\composer\ClassLoader.php(427): Composer\Autoload\{closure}('C:\\xampp\\htdocs\\sipro24\\vendor\\composer/../../app/Models/Memorandum/ProgramModel.php')
 3 APPPATH\Controllers\Memorandum.php(31): Composer\Autoload\ClassLoader->loadClass('App\\Models\\Memorandum\\ProgramModel')
 4 SYSTEMPATH\CodeIgniter.php(903): App\Controllers\Memorandum->__construct()
 5 SYSTEMPATH\CodeIgniter.php(500): CodeIgniter\CodeIgniter->createController()
 6 SYSTEMPATH\CodeIgniter.php(355): CodeIgniter\CodeIgniter->handleRequest(null, Object(Config\Cache), false)
 7 SYSTEMPATH\Boot.php(325): CodeIgniter\CodeIgniter->run()
 8 SYSTEMPATH\Boot.php(67): CodeIgniter\Boot::runCodeIgniter(Object(CodeIgniter\CodeIgniter))
 9 FCPATH\index.php(56): CodeIgniter\Boot::bootWeb(Object(Config\Paths))
WARNING - 2025-01-10 02:16:56 --> [DEPRECATED] Optional parameter $catatan_unor declared before required parameter $id_pendanaan is implicitly treated as a required parameter in APPPATH\Models\Memorandum\ProgramModel.php on line 68.
 1 VENDORPATH\composer\ClassLoader.php(576): include('C:\\xampp\\htdocs\\sipro24\\vendor\\codeigniter4\\framework\\system\\Debug\\Exceptions.php')
 2 VENDORPATH\composer\ClassLoader.php(427): Composer\Autoload\{closure}('C:\\xampp\\htdocs\\sipro24\\vendor\\composer/../../app/Models/Memorandum/ProgramModel.php')
 3 APPPATH\Controllers\Memorandum.php(31): Composer\Autoload\ClassLoader->loadClass('App\\Models\\Memorandum\\ProgramModel')
 4 SYSTEMPATH\CodeIgniter.php(903): App\Controllers\Memorandum->__construct()
 5 SYSTEMPATH\CodeIgniter.php(500): CodeIgniter\CodeIgniter->createController()
 6 SYSTEMPATH\CodeIgniter.php(355): CodeIgniter\CodeIgniter->handleRequest(null, Object(Config\Cache), false)
 7 SYSTEMPATH\Boot.php(325): CodeIgniter\CodeIgniter->run()
 8 SYSTEMPATH\Boot.php(67): CodeIgniter\Boot::runCodeIgniter(Object(CodeIgniter\CodeIgniter))
 9 FCPATH\index.php(56): CodeIgniter\Boot::bootWeb(Object(Config\Paths))
WARNING - 2025-01-10 02:16:56 --> [DEPRECATED] Optional parameter $catatan_desk2 declared before required parameter $id_pendanaan is implicitly treated as a required parameter in APPPATH\Models\Memorandum\ProgramModel.php on line 68.
 1 VENDORPATH\composer\ClassLoader.php(576): include('C:\\xampp\\htdocs\\sipro24\\vendor\\codeigniter4\\framework\\system\\Debug\\Exceptions.php')
 2 VENDORPATH\composer\ClassLoader.php(427): Composer\Autoload\{closure}('C:\\xampp\\htdocs\\sipro24\\vendor\\composer/../../app/Models/Memorandum/ProgramModel.php')
 3 APPPATH\Controllers\Memorandum.php(31): Composer\Autoload\ClassLoader->loadClass('App\\Models\\Memorandum\\ProgramModel')
 4 SYSTEMPATH\CodeIgniter.php(903): App\Controllers\Memorandum->__construct()
 5 SYSTEMPATH\CodeIgniter.php(500): CodeIgniter\CodeIgniter->createController()
 6 SYSTEMPATH\CodeIgniter.php(355): CodeIgniter\CodeIgniter->handleRequest(null, Object(Config\Cache), false)
 7 SYSTEMPATH\Boot.php(325): CodeIgniter\CodeIgniter->run()
 8 SYSTEMPATH\Boot.php(67): CodeIgniter\Boot::runCodeIgniter(Object(CodeIgniter\CodeIgniter))
 9 FCPATH\index.php(56): CodeIgniter\Boot::bootWeb(Object(Config\Paths))
WARNING - 2025-01-10 02:16:56 --> [DEPRECATED] Optional parameter $desk declared before required parameter $id_pendanaan is implicitly treated as a required parameter in APPPATH\Models\Memorandum\ProgramModel.php on line 68.
 1 VENDORPATH\composer\ClassLoader.php(576): include('C:\\xampp\\htdocs\\sipro24\\vendor\\codeigniter4\\framework\\system\\Debug\\Exceptions.php')
 2 VENDORPATH\composer\ClassLoader.php(427): Composer\Autoload\{closure}('C:\\xampp\\htdocs\\sipro24\\vendor\\composer/../../app/Models/Memorandum/ProgramModel.php')
 3 APPPATH\Controllers\Memorandum.php(31): Composer\Autoload\ClassLoader->loadClass('App\\Models\\Memorandum\\ProgramModel')
 4 SYSTEMPATH\CodeIgniter.php(903): App\Controllers\Memorandum->__construct()
 5 SYSTEMPATH\CodeIgniter.php(500): CodeIgniter\CodeIgniter->createController()
 6 SYSTEMPATH\CodeIgniter.php(355): CodeIgniter\CodeIgniter->handleRequest(null, Object(Config\Cache), false)
 7 SYSTEMPATH\Boot.php(325): CodeIgniter\CodeIgniter->run()
 8 SYSTEMPATH\Boot.php(67): CodeIgniter\Boot::runCodeIgniter(Object(CodeIgniter\CodeIgniter))
 9 FCPATH\index.php(56): CodeIgniter\Boot::bootWeb(Object(Config\Paths))
INFO - 2025-01-10 02:17:22 --> Session: Class initialized using 'CodeIgniter\Session\Handlers\FileHandler' driver.
WARNING - 2025-01-10 02:17:22 --> [DEPRECATED] Optional parameter $catatan_bpiw declared before required parameter $id_pendanaan is implicitly treated as a required parameter in APPPATH\Models\Memorandum\ProgramModel.php on line 68.
 1 VENDORPATH\composer\ClassLoader.php(576): include('C:\\xampp\\htdocs\\sipro24\\vendor\\codeigniter4\\framework\\system\\Debug\\Exceptions.php')
 2 VENDORPATH\composer\ClassLoader.php(427): Composer\Autoload\{closure}('C:\\xampp\\htdocs\\sipro24\\vendor\\composer/../../app/Models/Memorandum/ProgramModel.php')
 3 APPPATH\Controllers\DeskController.php(42): Composer\Autoload\ClassLoader->loadClass('App\\Models\\Memorandum\\ProgramModel')
 4 SYSTEMPATH\CodeIgniter.php(903): App\Controllers\DeskController->__construct()
 5 SYSTEMPATH\CodeIgniter.php(500): CodeIgniter\CodeIgniter->createController()
 6 SYSTEMPATH\CodeIgniter.php(355): CodeIgniter\CodeIgniter->handleRequest(null, Object(Config\Cache), false)
 7 SYSTEMPATH\Boot.php(325): CodeIgniter\CodeIgniter->run()
 8 SYSTEMPATH\Boot.php(67): CodeIgniter\Boot::runCodeIgniter(Object(CodeIgniter\CodeIgniter))
 9 FCPATH\index.php(56): CodeIgniter\Boot::bootWeb(Object(Config\Paths))
WARNING - 2025-01-10 02:17:22 --> [DEPRECATED] Optional parameter $catatan_unor declared before required parameter $id_pendanaan is implicitly treated as a required parameter in APPPATH\Models\Memorandum\ProgramModel.php on line 68.
 1 VENDORPATH\composer\ClassLoader.php(576): include('C:\\xampp\\htdocs\\sipro24\\vendor\\codeigniter4\\framework\\system\\Debug\\Exceptions.php')
 2 VENDORPATH\composer\ClassLoader.php(427): Composer\Autoload\{closure}('C:\\xampp\\htdocs\\sipro24\\vendor\\composer/../../app/Models/Memorandum/ProgramModel.php')
 3 APPPATH\Controllers\DeskController.php(42): Composer\Autoload\ClassLoader->loadClass('App\\Models\\Memorandum\\ProgramModel')
 4 SYSTEMPATH\CodeIgniter.php(903): App\Controllers\DeskController->__construct()
 5 SYSTEMPATH\CodeIgniter.php(500): CodeIgniter\CodeIgniter->createController()
 6 SYSTEMPATH\CodeIgniter.php(355): CodeIgniter\CodeIgniter->handleRequest(null, Object(Config\Cache), false)
 7 SYSTEMPATH\Boot.php(325): CodeIgniter\CodeIgniter->run()
 8 SYSTEMPATH\Boot.php(67): CodeIgniter\Boot::runCodeIgniter(Object(CodeIgniter\CodeIgniter))
 9 FCPATH\index.php(56): CodeIgniter\Boot::bootWeb(Object(Config\Paths))
WARNING - 2025-01-10 02:17:22 --> [DEPRECATED] Optional parameter $catatan_desk2 declared before required parameter $id_pendanaan is implicitly treated as a required parameter in APPPATH\Models\Memorandum\ProgramModel.php on line 68.
 1 VENDORPATH\composer\ClassLoader.php(576): include('C:\\xampp\\htdocs\\sipro24\\vendor\\codeigniter4\\framework\\system\\Debug\\Exceptions.php')
 2 VENDORPATH\composer\ClassLoader.php(427): Composer\Autoload\{closure}('C:\\xampp\\htdocs\\sipro24\\vendor\\composer/../../app/Models/Memorandum/ProgramModel.php')
 3 APPPATH\Controllers\DeskController.php(42): Composer\Autoload\ClassLoader->loadClass('App\\Models\\Memorandum\\ProgramModel')
 4 SYSTEMPATH\CodeIgniter.php(903): App\Controllers\DeskController->__construct()
 5 SYSTEMPATH\CodeIgniter.php(500): CodeIgniter\CodeIgniter->createController()
 6 SYSTEMPATH\CodeIgniter.php(355): CodeIgniter\CodeIgniter->handleRequest(null, Object(Config\Cache), false)
 7 SYSTEMPATH\Boot.php(325): CodeIgniter\CodeIgniter->run()
 8 SYSTEMPATH\Boot.php(67): CodeIgniter\Boot::runCodeIgniter(Object(CodeIgniter\CodeIgniter))
 9 FCPATH\index.php(56): CodeIgniter\Boot::bootWeb(Object(Config\Paths))
WARNING - 2025-01-10 02:17:22 --> [DEPRECATED] Optional parameter $desk declared before required parameter $id_pendanaan is implicitly treated as a required parameter in APPPATH\Models\Memorandum\ProgramModel.php on line 68.
 1 VENDORPATH\composer\ClassLoader.php(576): include('C:\\xampp\\htdocs\\sipro24\\vendor\\codeigniter4\\framework\\system\\Debug\\Exceptions.php')
 2 VENDORPATH\composer\ClassLoader.php(427): Composer\Autoload\{closure}('C:\\xampp\\htdocs\\sipro24\\vendor\\composer/../../app/Models/Memorandum/ProgramModel.php')
 3 APPPATH\Controllers\DeskController.php(42): Composer\Autoload\ClassLoader->loadClass('App\\Models\\Memorandum\\ProgramModel')
 4 SYSTEMPATH\CodeIgniter.php(903): App\Controllers\DeskController->__construct()
 5 SYSTEMPATH\CodeIgniter.php(500): CodeIgniter\CodeIgniter->createController()
 6 SYSTEMPATH\CodeIgniter.php(355): CodeIgniter\CodeIgniter->handleRequest(null, Object(Config\Cache), false)
 7 SYSTEMPATH\Boot.php(325): CodeIgniter\CodeIgniter->run()
 8 SYSTEMPATH\Boot.php(67): CodeIgniter\Boot::runCodeIgniter(Object(CodeIgniter\CodeIgniter))
 9 FCPATH\index.php(56): CodeIgniter\Boot::bootWeb(Object(Config\Paths))
INFO - 2025-01-10 02:20:49 --> Session: Class initialized using 'CodeIgniter\Session\Handlers\FileHandler' driver.
WARNING - 2025-01-10 02:20:49 --> [DEPRECATED] Optional parameter $catatan_bpiw declared before required parameter $id_pendanaan is implicitly treated as a required parameter in APPPATH\Models\Memorandum\ProgramModel.php on line 68.
 1 VENDORPATH\composer\ClassLoader.php(576): include('C:\\xampp\\htdocs\\sipro24\\vendor\\codeigniter4\\framework\\system\\Debug\\Exceptions.php')
 2 VENDORPATH\composer\ClassLoader.php(427): Composer\Autoload\{closure}('C:\\xampp\\htdocs\\sipro24\\vendor\\composer/../../app/Models/Memorandum/ProgramModel.php')
 3 APPPATH\Controllers\DeskController.php(42): Composer\Autoload\ClassLoader->loadClass('App\\Models\\Memorandum\\ProgramModel')
 4 SYSTEMPATH\CodeIgniter.php(903): App\Controllers\DeskController->__construct()
 5 SYSTEMPATH\CodeIgniter.php(500): CodeIgniter\CodeIgniter->createController()
 6 SYSTEMPATH\CodeIgniter.php(355): CodeIgniter\CodeIgniter->handleRequest(null, Object(Config\Cache), false)
 7 SYSTEMPATH\Boot.php(325): CodeIgniter\CodeIgniter->run()
 8 SYSTEMPATH\Boot.php(67): CodeIgniter\Boot::runCodeIgniter(Object(CodeIgniter\CodeIgniter))
 9 FCPATH\index.php(56): CodeIgniter\Boot::bootWeb(Object(Config\Paths))
WARNING - 2025-01-10 02:20:49 --> [DEPRECATED] Optional parameter $catatan_unor declared before required parameter $id_pendanaan is implicitly treated as a required parameter in APPPATH\Models\Memorandum\ProgramModel.php on line 68.
 1 VENDORPATH\composer\ClassLoader.php(576): include('C:\\xampp\\htdocs\\sipro24\\vendor\\codeigniter4\\framework\\system\\Debug\\Exceptions.php')
 2 VENDORPATH\composer\ClassLoader.php(427): Composer\Autoload\{closure}('C:\\xampp\\htdocs\\sipro24\\vendor\\composer/../../app/Models/Memorandum/ProgramModel.php')
 3 APPPATH\Controllers\DeskController.php(42): Composer\Autoload\ClassLoader->loadClass('App\\Models\\Memorandum\\ProgramModel')
 4 SYSTEMPATH\CodeIgniter.php(903): App\Controllers\DeskController->__construct()
 5 SYSTEMPATH\CodeIgniter.php(500): CodeIgniter\CodeIgniter->createController()
 6 SYSTEMPATH\CodeIgniter.php(355): CodeIgniter\CodeIgniter->handleRequest(null, Object(Config\Cache), false)
 7 SYSTEMPATH\Boot.php(325): CodeIgniter\CodeIgniter->run()
 8 SYSTEMPATH\Boot.php(67): CodeIgniter\Boot::runCodeIgniter(Object(CodeIgniter\CodeIgniter))
 9 FCPATH\index.php(56): CodeIgniter\Boot::bootWeb(Object(Config\Paths))
WARNING - 2025-01-10 02:20:49 --> [DEPRECATED] Optional parameter $catatan_desk2 declared before required parameter $id_pendanaan is implicitly treated as a required parameter in APPPATH\Models\Memorandum\ProgramModel.php on line 68.
 1 VENDORPATH\composer\ClassLoader.php(576): include('C:\\xampp\\htdocs\\sipro24\\vendor\\codeigniter4\\framework\\system\\Debug\\Exceptions.php')
 2 VENDORPATH\composer\ClassLoader.php(427): Composer\Autoload\{closure}('C:\\xampp\\htdocs\\sipro24\\vendor\\composer/../../app/Models/Memorandum/ProgramModel.php')
 3 APPPATH\Controllers\DeskController.php(42): Composer\Autoload\ClassLoader->loadClass('App\\Models\\Memorandum\\ProgramModel')
 4 SYSTEMPATH\CodeIgniter.php(903): App\Controllers\DeskController->__construct()
 5 SYSTEMPATH\CodeIgniter.php(500): CodeIgniter\CodeIgniter->createController()
 6 SYSTEMPATH\CodeIgniter.php(355): CodeIgniter\CodeIgniter->handleRequest(null, Object(Config\Cache), false)
 7 SYSTEMPATH\Boot.php(325): CodeIgniter\CodeIgniter->run()
 8 SYSTEMPATH\Boot.php(67): CodeIgniter\Boot::runCodeIgniter(Object(CodeIgniter\CodeIgniter))
 9 FCPATH\index.php(56): CodeIgniter\Boot::bootWeb(Object(Config\Paths))
WARNING - 2025-01-10 02:20:49 --> [DEPRECATED] Optional parameter $desk declared before required parameter $id_pendanaan is implicitly treated as a required parameter in APPPATH\Models\Memorandum\ProgramModel.php on line 68.
 1 VENDORPATH\composer\ClassLoader.php(576): include('C:\\xampp\\htdocs\\sipro24\\vendor\\codeigniter4\\framework\\system\\Debug\\Exceptions.php')
 2 VENDORPATH\composer\ClassLoader.php(427): Composer\Autoload\{closure}('C:\\xampp\\htdocs\\sipro24\\vendor\\composer/../../app/Models/Memorandum/ProgramModel.php')
 3 APPPATH\Controllers\DeskController.php(42): Composer\Autoload\ClassLoader->loadClass('App\\Models\\Memorandum\\ProgramModel')
 4 SYSTEMPATH\CodeIgniter.php(903): App\Controllers\DeskController->__construct()
 5 SYSTEMPATH\CodeIgniter.php(500): CodeIgniter\CodeIgniter->createController()
 6 SYSTEMPATH\CodeIgniter.php(355): CodeIgniter\CodeIgniter->handleRequest(null, Object(Config\Cache), false)
 7 SYSTEMPATH\Boot.php(325): CodeIgniter\CodeIgniter->run()
 8 SYSTEMPATH\Boot.php(67): CodeIgniter\Boot::runCodeIgniter(Object(CodeIgniter\CodeIgniter))
 9 FCPATH\index.php(56): CodeIgniter\Boot::bootWeb(Object(Config\Paths))
INFO - 2025-01-10 02:21:00 --> Session: Class initialized using 'CodeIgniter\Session\Handlers\FileHandler' driver.
WARNING - 2025-01-10 02:21:00 --> [DEPRECATED] Optional parameter $catatan_bpiw declared before required parameter $id_pendanaan is implicitly treated as a required parameter in APPPATH\Models\Memorandum\ProgramModel.php on line 68.
 1 VENDORPATH\composer\ClassLoader.php(576): include('C:\\xampp\\htdocs\\sipro24\\vendor\\codeigniter4\\framework\\system\\Debug\\Exceptions.php')
 2 VENDORPATH\composer\ClassLoader.php(427): Composer\Autoload\{closure}('C:\\xampp\\htdocs\\sipro24\\vendor\\composer/../../app/Models/Memorandum/ProgramModel.php')
 3 APPPATH\Controllers\DeskController.php(42): Composer\Autoload\ClassLoader->loadClass('App\\Models\\Memorandum\\ProgramModel')
 4 SYSTEMPATH\CodeIgniter.php(903): App\Controllers\DeskController->__construct()
 5 SYSTEMPATH\CodeIgniter.php(500): CodeIgniter\CodeIgniter->createController()
 6 SYSTEMPATH\CodeIgniter.php(355): CodeIgniter\CodeIgniter->handleRequest(null, Object(Config\Cache), false)
 7 SYSTEMPATH\Boot.php(325): CodeIgniter\CodeIgniter->run()
 8 SYSTEMPATH\Boot.php(67): CodeIgniter\Boot::runCodeIgniter(Object(CodeIgniter\CodeIgniter))
 9 FCPATH\index.php(56): CodeIgniter\Boot::bootWeb(Object(Config\Paths))
WARNING - 2025-01-10 02:21:00 --> [DEPRECATED] Optional parameter $catatan_unor declared before required parameter $id_pendanaan is implicitly treated as a required parameter in APPPATH\Models\Memorandum\ProgramModel.php on line 68.
 1 VENDORPATH\composer\ClassLoader.php(576): include('C:\\xampp\\htdocs\\sipro24\\vendor\\codeigniter4\\framework\\system\\Debug\\Exceptions.php')
 2 VENDORPATH\composer\ClassLoader.php(427): Composer\Autoload\{closure}('C:\\xampp\\htdocs\\sipro24\\vendor\\composer/../../app/Models/Memorandum/ProgramModel.php')
 3 APPPATH\Controllers\DeskController.php(42): Composer\Autoload\ClassLoader->loadClass('App\\Models\\Memorandum\\ProgramModel')
 4 SYSTEMPATH\CodeIgniter.php(903): App\Controllers\DeskController->__construct()
 5 SYSTEMPATH\CodeIgniter.php(500): CodeIgniter\CodeIgniter->createController()
 6 SYSTEMPATH\CodeIgniter.php(355): CodeIgniter\CodeIgniter->handleRequest(null, Object(Config\Cache), false)
 7 SYSTEMPATH\Boot.php(325): CodeIgniter\CodeIgniter->run()
 8 SYSTEMPATH\Boot.php(67): CodeIgniter\Boot::runCodeIgniter(Object(CodeIgniter\CodeIgniter))
 9 FCPATH\index.php(56): CodeIgniter\Boot::bootWeb(Object(Config\Paths))
WARNING - 2025-01-10 02:21:00 --> [DEPRECATED] Optional parameter $catatan_desk2 declared before required parameter $id_pendanaan is implicitly treated as a required parameter in APPPATH\Models\Memorandum\ProgramModel.php on line 68.
 1 VENDORPATH\composer\ClassLoader.php(576): include('C:\\xampp\\htdocs\\sipro24\\vendor\\codeigniter4\\framework\\system\\Debug\\Exceptions.php')
 2 VENDORPATH\composer\ClassLoader.php(427): Composer\Autoload\{closure}('C:\\xampp\\htdocs\\sipro24\\vendor\\composer/../../app/Models/Memorandum/ProgramModel.php')
 3 APPPATH\Controllers\DeskController.php(42): Composer\Autoload\ClassLoader->loadClass('App\\Models\\Memorandum\\ProgramModel')
 4 SYSTEMPATH\CodeIgniter.php(903): App\Controllers\DeskController->__construct()
 5 SYSTEMPATH\CodeIgniter.php(500): CodeIgniter\CodeIgniter->createController()
 6 SYSTEMPATH\CodeIgniter.php(355): CodeIgniter\CodeIgniter->handleRequest(null, Object(Config\Cache), false)
 7 SYSTEMPATH\Boot.php(325): CodeIgniter\CodeIgniter->run()
 8 SYSTEMPATH\Boot.php(67): CodeIgniter\Boot::runCodeIgniter(Object(CodeIgniter\CodeIgniter))
 9 FCPATH\index.php(56): CodeIgniter\Boot::bootWeb(Object(Config\Paths))
WARNING - 2025-01-10 02:21:00 --> [DEPRECATED] Optional parameter $desk declared before required parameter $id_pendanaan is implicitly treated as a required parameter in APPPATH\Models\Memorandum\ProgramModel.php on line 68.
 1 VENDORPATH\composer\ClassLoader.php(576): include('C:\\xampp\\htdocs\\sipro24\\vendor\\codeigniter4\\framework\\system\\Debug\\Exceptions.php')
 2 VENDORPATH\composer\ClassLoader.php(427): Composer\Autoload\{closure}('C:\\xampp\\htdocs\\sipro24\\vendor\\composer/../../app/Models/Memorandum/ProgramModel.php')
 3 APPPATH\Controllers\DeskController.php(42): Composer\Autoload\ClassLoader->loadClass('App\\Models\\Memorandum\\ProgramModel')
 4 SYSTEMPATH\CodeIgniter.php(903): App\Controllers\DeskController->__construct()
 5 SYSTEMPATH\CodeIgniter.php(500): CodeIgniter\CodeIgniter->createController()
 6 SYSTEMPATH\CodeIgniter.php(355): CodeIgniter\CodeIgniter->handleRequest(null, Object(Config\Cache), false)
 7 SYSTEMPATH\Boot.php(325): CodeIgniter\CodeIgniter->run()
 8 SYSTEMPATH\Boot.php(67): CodeIgniter\Boot::runCodeIgniter(Object(CodeIgniter\CodeIgniter))
 9 FCPATH\index.php(56): CodeIgniter\Boot::bootWeb(Object(Config\Paths))
INFO - 2025-01-10 02:23:26 --> Session: Class initialized using 'CodeIgniter\Session\Handlers\FileHandler' driver.
WARNING - 2025-01-10 02:23:26 --> [DEPRECATED] Optional parameter $catatan_bpiw declared before required parameter $id_pendanaan is implicitly treated as a required parameter in APPPATH\Models\Memorandum\ProgramModel.php on line 68.
 1 VENDORPATH\composer\ClassLoader.php(576): include('C:\\xampp\\htdocs\\sipro24\\vendor\\codeigniter4\\framework\\system\\Debug\\Exceptions.php')
 2 VENDORPATH\composer\ClassLoader.php(427): Composer\Autoload\{closure}('C:\\xampp\\htdocs\\sipro24\\vendor\\composer/../../app/Models/Memorandum/ProgramModel.php')
 3 APPPATH\Controllers\DeskController.php(42): Composer\Autoload\ClassLoader->loadClass('App\\Models\\Memorandum\\ProgramModel')
 4 SYSTEMPATH\CodeIgniter.php(903): App\Controllers\DeskController->__construct()
 5 SYSTEMPATH\CodeIgniter.php(500): CodeIgniter\CodeIgniter->createController()
 6 SYSTEMPATH\CodeIgniter.php(355): CodeIgniter\CodeIgniter->handleRequest(null, Object(Config\Cache), false)
 7 SYSTEMPATH\Boot.php(325): CodeIgniter\CodeIgniter->run()
 8 SYSTEMPATH\Boot.php(67): CodeIgniter\Boot::runCodeIgniter(Object(CodeIgniter\CodeIgniter))
 9 FCPATH\index.php(56): CodeIgniter\Boot::bootWeb(Object(Config\Paths))
WARNING - 2025-01-10 02:23:26 --> [DEPRECATED] Optional parameter $catatan_unor declared before required parameter $id_pendanaan is implicitly treated as a required parameter in APPPATH\Models\Memorandum\ProgramModel.php on line 68.
 1 VENDORPATH\composer\ClassLoader.php(576): include('C:\\xampp\\htdocs\\sipro24\\vendor\\codeigniter4\\framework\\system\\Debug\\Exceptions.php')
 2 VENDORPATH\composer\ClassLoader.php(427): Composer\Autoload\{closure}('C:\\xampp\\htdocs\\sipro24\\vendor\\composer/../../app/Models/Memorandum/ProgramModel.php')
 3 APPPATH\Controllers\DeskController.php(42): Composer\Autoload\ClassLoader->loadClass('App\\Models\\Memorandum\\ProgramModel')
 4 SYSTEMPATH\CodeIgniter.php(903): App\Controllers\DeskController->__construct()
 5 SYSTEMPATH\CodeIgniter.php(500): CodeIgniter\CodeIgniter->createController()
 6 SYSTEMPATH\CodeIgniter.php(355): CodeIgniter\CodeIgniter->handleRequest(null, Object(Config\Cache), false)
 7 SYSTEMPATH\Boot.php(325): CodeIgniter\CodeIgniter->run()
 8 SYSTEMPATH\Boot.php(67): CodeIgniter\Boot::runCodeIgniter(Object(CodeIgniter\CodeIgniter))
 9 FCPATH\index.php(56): CodeIgniter\Boot::bootWeb(Object(Config\Paths))
WARNING - 2025-01-10 02:23:26 --> [DEPRECATED] Optional parameter $catatan_desk2 declared before required parameter $id_pendanaan is implicitly treated as a required parameter in APPPATH\Models\Memorandum\ProgramModel.php on line 68.
 1 VENDORPATH\composer\ClassLoader.php(576): include('C:\\xampp\\htdocs\\sipro24\\vendor\\codeigniter4\\framework\\system\\Debug\\Exceptions.php')
 2 VENDORPATH\composer\ClassLoader.php(427): Composer\Autoload\{closure}('C:\\xampp\\htdocs\\sipro24\\vendor\\composer/../../app/Models/Memorandum/ProgramModel.php')
 3 APPPATH\Controllers\DeskController.php(42): Composer\Autoload\ClassLoader->loadClass('App\\Models\\Memorandum\\ProgramModel')
 4 SYSTEMPATH\CodeIgniter.php(903): App\Controllers\DeskController->__construct()
 5 SYSTEMPATH\CodeIgniter.php(500): CodeIgniter\CodeIgniter->createController()
 6 SYSTEMPATH\CodeIgniter.php(355): CodeIgniter\CodeIgniter->handleRequest(null, Object(Config\Cache), false)
 7 SYSTEMPATH\Boot.php(325): CodeIgniter\CodeIgniter->run()
 8 SYSTEMPATH\Boot.php(67): CodeIgniter\Boot::runCodeIgniter(Object(CodeIgniter\CodeIgniter))
 9 FCPATH\index.php(56): CodeIgniter\Boot::bootWeb(Object(Config\Paths))
WARNING - 2025-01-10 02:23:26 --> [DEPRECATED] Optional parameter $desk declared before required parameter $id_pendanaan is implicitly treated as a required parameter in APPPATH\Models\Memorandum\ProgramModel.php on line 68.
 1 VENDORPATH\composer\ClassLoader.php(576): include('C:\\xampp\\htdocs\\sipro24\\vendor\\codeigniter4\\framework\\system\\Debug\\Exceptions.php')
 2 VENDORPATH\composer\ClassLoader.php(427): Composer\Autoload\{closure}('C:\\xampp\\htdocs\\sipro24\\vendor\\composer/../../app/Models/Memorandum/ProgramModel.php')
 3 APPPATH\Controllers\DeskController.php(42): Composer\Autoload\ClassLoader->loadClass('App\\Models\\Memorandum\\ProgramModel')
 4 SYSTEMPATH\CodeIgniter.php(903): App\Controllers\DeskController->__construct()
 5 SYSTEMPATH\CodeIgniter.php(500): CodeIgniter\CodeIgniter->createController()
 6 SYSTEMPATH\CodeIgniter.php(355): CodeIgniter\CodeIgniter->handleRequest(null, Object(Config\Cache), false)
 7 SYSTEMPATH\Boot.php(325): CodeIgniter\CodeIgniter->run()
 8 SYSTEMPATH\Boot.php(67): CodeIgniter\Boot::runCodeIgniter(Object(CodeIgniter\CodeIgniter))
 9 FCPATH\index.php(56): CodeIgniter\Boot::bootWeb(Object(Config\Paths))
INFO - 2025-01-10 02:23:32 --> Session: Class initialized using 'CodeIgniter\Session\Handlers\FileHandler' driver.
WARNING - 2025-01-10 02:23:32 --> [DEPRECATED] Optional parameter $catatan_bpiw declared before required parameter $id_pendanaan is implicitly treated as a required parameter in APPPATH\Models\Memorandum\ProgramModel.php on line 68.
 1 VENDORPATH\composer\ClassLoader.php(576): include('C:\\xampp\\htdocs\\sipro24\\vendor\\codeigniter4\\framework\\system\\Debug\\Exceptions.php')
 2 VENDORPATH\composer\ClassLoader.php(427): Composer\Autoload\{closure}('C:\\xampp\\htdocs\\sipro24\\vendor\\composer/../../app/Models/Memorandum/ProgramModel.php')
 3 APPPATH\Controllers\DeskController.php(42): Composer\Autoload\ClassLoader->loadClass('App\\Models\\Memorandum\\ProgramModel')
 4 SYSTEMPATH\CodeIgniter.php(903): App\Controllers\DeskController->__construct()
 5 SYSTEMPATH\CodeIgniter.php(500): CodeIgniter\CodeIgniter->createController()
 6 SYSTEMPATH\CodeIgniter.php(355): CodeIgniter\CodeIgniter->handleRequest(null, Object(Config\Cache), false)
 7 SYSTEMPATH\Boot.php(325): CodeIgniter\CodeIgniter->run()
 8 SYSTEMPATH\Boot.php(67): CodeIgniter\Boot::runCodeIgniter(Object(CodeIgniter\CodeIgniter))
 9 FCPATH\index.php(56): CodeIgniter\Boot::bootWeb(Object(Config\Paths))
WARNING - 2025-01-10 02:23:32 --> [DEPRECATED] Optional parameter $catatan_unor declared before required parameter $id_pendanaan is implicitly treated as a required parameter in APPPATH\Models\Memorandum\ProgramModel.php on line 68.
 1 VENDORPATH\composer\ClassLoader.php(576): include('C:\\xampp\\htdocs\\sipro24\\vendor\\codeigniter4\\framework\\system\\Debug\\Exceptions.php')
 2 VENDORPATH\composer\ClassLoader.php(427): Composer\Autoload\{closure}('C:\\xampp\\htdocs\\sipro24\\vendor\\composer/../../app/Models/Memorandum/ProgramModel.php')
 3 APPPATH\Controllers\DeskController.php(42): Composer\Autoload\ClassLoader->loadClass('App\\Models\\Memorandum\\ProgramModel')
 4 SYSTEMPATH\CodeIgniter.php(903): App\Controllers\DeskController->__construct()
 5 SYSTEMPATH\CodeIgniter.php(500): CodeIgniter\CodeIgniter->createController()
 6 SYSTEMPATH\CodeIgniter.php(355): CodeIgniter\CodeIgniter->handleRequest(null, Object(Config\Cache), false)
 7 SYSTEMPATH\Boot.php(325): CodeIgniter\CodeIgniter->run()
 8 SYSTEMPATH\Boot.php(67): CodeIgniter\Boot::runCodeIgniter(Object(CodeIgniter\CodeIgniter))
 9 FCPATH\index.php(56): CodeIgniter\Boot::bootWeb(Object(Config\Paths))
WARNING - 2025-01-10 02:23:32 --> [DEPRECATED] Optional parameter $catatan_desk2 declared before required parameter $id_pendanaan is implicitly treated as a required parameter in APPPATH\Models\Memorandum\ProgramModel.php on line 68.
 1 VENDORPATH\composer\ClassLoader.php(576): include('C:\\xampp\\htdocs\\sipro24\\vendor\\codeigniter4\\framework\\system\\Debug\\Exceptions.php')
 2 VENDORPATH\composer\ClassLoader.php(427): Composer\Autoload\{closure}('C:\\xampp\\htdocs\\sipro24\\vendor\\composer/../../app/Models/Memorandum/ProgramModel.php')
 3 APPPATH\Controllers\DeskController.php(42): Composer\Autoload\ClassLoader->loadClass('App\\Models\\Memorandum\\ProgramModel')
 4 SYSTEMPATH\CodeIgniter.php(903): App\Controllers\DeskController->__construct()
 5 SYSTEMPATH\CodeIgniter.php(500): CodeIgniter\CodeIgniter->createController()
 6 SYSTEMPATH\CodeIgniter.php(355): CodeIgniter\CodeIgniter->handleRequest(null, Object(Config\Cache), false)
 7 SYSTEMPATH\Boot.php(325): CodeIgniter\CodeIgniter->run()
 8 SYSTEMPATH\Boot.php(67): CodeIgniter\Boot::runCodeIgniter(Object(CodeIgniter\CodeIgniter))
 9 FCPATH\index.php(56): CodeIgniter\Boot::bootWeb(Object(Config\Paths))
WARNING - 2025-01-10 02:23:32 --> [DEPRECATED] Optional parameter $desk declared before required parameter $id_pendanaan is implicitly treated as a required parameter in APPPATH\Models\Memorandum\ProgramModel.php on line 68.
 1 VENDORPATH\composer\ClassLoader.php(576): include('C:\\xampp\\htdocs\\sipro24\\vendor\\codeigniter4\\framework\\system\\Debug\\Exceptions.php')
 2 VENDORPATH\composer\ClassLoader.php(427): Composer\Autoload\{closure}('C:\\xampp\\htdocs\\sipro24\\vendor\\composer/../../app/Models/Memorandum/ProgramModel.php')
 3 APPPATH\Controllers\DeskController.php(42): Composer\Autoload\ClassLoader->loadClass('App\\Models\\Memorandum\\ProgramModel')
 4 SYSTEMPATH\CodeIgniter.php(903): App\Controllers\DeskController->__construct()
 5 SYSTEMPATH\CodeIgniter.php(500): CodeIgniter\CodeIgniter->createController()
 6 SYSTEMPATH\CodeIgniter.php(355): CodeIgniter\CodeIgniter->handleRequest(null, Object(Config\Cache), false)
 7 SYSTEMPATH\Boot.php(325): CodeIgniter\CodeIgniter->run()
 8 SYSTEMPATH\Boot.php(67): CodeIgniter\Boot::runCodeIgniter(Object(CodeIgniter\CodeIgniter))
 9 FCPATH\index.php(56): CodeIgniter\Boot::bootWeb(Object(Config\Paths))
INFO - 2025-01-10 02:23:37 --> Session: Class initialized using 'CodeIgniter\Session\Handlers\FileHandler' driver.
WARNING - 2025-01-10 02:23:37 --> [DEPRECATED] Optional parameter $catatan_bpiw declared before required parameter $id_pendanaan is implicitly treated as a required parameter in APPPATH\Models\Memorandum\ProgramModel.php on line 68.
 1 VENDORPATH\composer\ClassLoader.php(576): include('C:\\xampp\\htdocs\\sipro24\\vendor\\codeigniter4\\framework\\system\\Debug\\Exceptions.php')
 2 VENDORPATH\composer\ClassLoader.php(427): Composer\Autoload\{closure}('C:\\xampp\\htdocs\\sipro24\\vendor\\composer/../../app/Models/Memorandum/ProgramModel.php')
 3 APPPATH\Controllers\DeskController.php(42): Composer\Autoload\ClassLoader->loadClass('App\\Models\\Memorandum\\ProgramModel')
 4 SYSTEMPATH\CodeIgniter.php(903): App\Controllers\DeskController->__construct()
 5 SYSTEMPATH\CodeIgniter.php(500): CodeIgniter\CodeIgniter->createController()
 6 SYSTEMPATH\CodeIgniter.php(355): CodeIgniter\CodeIgniter->handleRequest(null, Object(Config\Cache), false)
 7 SYSTEMPATH\Boot.php(325): CodeIgniter\CodeIgniter->run()
 8 SYSTEMPATH\Boot.php(67): CodeIgniter\Boot::runCodeIgniter(Object(CodeIgniter\CodeIgniter))
 9 FCPATH\index.php(56): CodeIgniter\Boot::bootWeb(Object(Config\Paths))
WARNING - 2025-01-10 02:23:37 --> [DEPRECATED] Optional parameter $catatan_unor declared before required parameter $id_pendanaan is implicitly treated as a required parameter in APPPATH\Models\Memorandum\ProgramModel.php on line 68.
 1 VENDORPATH\composer\ClassLoader.php(576): include('C:\\xampp\\htdocs\\sipro24\\vendor\\codeigniter4\\framework\\system\\Debug\\Exceptions.php')
 2 VENDORPATH\composer\ClassLoader.php(427): Composer\Autoload\{closure}('C:\\xampp\\htdocs\\sipro24\\vendor\\composer/../../app/Models/Memorandum/ProgramModel.php')
 3 APPPATH\Controllers\DeskController.php(42): Composer\Autoload\ClassLoader->loadClass('App\\Models\\Memorandum\\ProgramModel')
 4 SYSTEMPATH\CodeIgniter.php(903): App\Controllers\DeskController->__construct()
 5 SYSTEMPATH\CodeIgniter.php(500): CodeIgniter\CodeIgniter->createController()
 6 SYSTEMPATH\CodeIgniter.php(355): CodeIgniter\CodeIgniter->handleRequest(null, Object(Config\Cache), false)
 7 SYSTEMPATH\Boot.php(325): CodeIgniter\CodeIgniter->run()
 8 SYSTEMPATH\Boot.php(67): CodeIgniter\Boot::runCodeIgniter(Object(CodeIgniter\CodeIgniter))
 9 FCPATH\index.php(56): CodeIgniter\Boot::bootWeb(Object(Config\Paths))
WARNING - 2025-01-10 02:23:37 --> [DEPRECATED] Optional parameter $catatan_desk2 declared before required parameter $id_pendanaan is implicitly treated as a required parameter in APPPATH\Models\Memorandum\ProgramModel.php on line 68.
 1 VENDORPATH\composer\ClassLoader.php(576): include('C:\\xampp\\htdocs\\sipro24\\vendor\\codeigniter4\\framework\\system\\Debug\\Exceptions.php')
 2 VENDORPATH\composer\ClassLoader.php(427): Composer\Autoload\{closure}('C:\\xampp\\htdocs\\sipro24\\vendor\\composer/../../app/Models/Memorandum/ProgramModel.php')
 3 APPPATH\Controllers\DeskController.php(42): Composer\Autoload\ClassLoader->loadClass('App\\Models\\Memorandum\\ProgramModel')
 4 SYSTEMPATH\CodeIgniter.php(903): App\Controllers\DeskController->__construct()
 5 SYSTEMPATH\CodeIgniter.php(500): CodeIgniter\CodeIgniter->createController()
 6 SYSTEMPATH\CodeIgniter.php(355): CodeIgniter\CodeIgniter->handleRequest(null, Object(Config\Cache), false)
 7 SYSTEMPATH\Boot.php(325): CodeIgniter\CodeIgniter->run()
 8 SYSTEMPATH\Boot.php(67): CodeIgniter\Boot::runCodeIgniter(Object(CodeIgniter\CodeIgniter))
 9 FCPATH\index.php(56): CodeIgniter\Boot::bootWeb(Object(Config\Paths))
WARNING - 2025-01-10 02:23:37 --> [DEPRECATED] Optional parameter $desk declared before required parameter $id_pendanaan is implicitly treated as a required parameter in APPPATH\Models\Memorandum\ProgramModel.php on line 68.
 1 VENDORPATH\composer\ClassLoader.php(576): include('C:\\xampp\\htdocs\\sipro24\\vendor\\codeigniter4\\framework\\system\\Debug\\Exceptions.php')
 2 VENDORPATH\composer\ClassLoader.php(427): Composer\Autoload\{closure}('C:\\xampp\\htdocs\\sipro24\\vendor\\composer/../../app/Models/Memorandum/ProgramModel.php')
 3 APPPATH\Controllers\DeskController.php(42): Composer\Autoload\ClassLoader->loadClass('App\\Models\\Memorandum\\ProgramModel')
 4 SYSTEMPATH\CodeIgniter.php(903): App\Controllers\DeskController->__construct()
 5 SYSTEMPATH\CodeIgniter.php(500): CodeIgniter\CodeIgniter->createController()
 6 SYSTEMPATH\CodeIgniter.php(355): CodeIgniter\CodeIgniter->handleRequest(null, Object(Config\Cache), false)
 7 SYSTEMPATH\Boot.php(325): CodeIgniter\CodeIgniter->run()
 8 SYSTEMPATH\Boot.php(67): CodeIgniter\Boot::runCodeIgniter(Object(CodeIgniter\CodeIgniter))
 9 FCPATH\index.php(56): CodeIgniter\Boot::bootWeb(Object(Config\Paths))
INFO - 2025-01-10 07:09:27 --> Session: Class initialized using 'CodeIgniter\Session\Handlers\FileHandler' driver.
INFO - 2025-01-10 07:09:27 --> Session: Class initialized using 'CodeIgniter\Session\Handlers\FileHandler' driver.
INFO - 2025-01-10 07:24:41 --> Session: Class initialized using 'CodeIgniter\Session\Handlers\FileHandler' driver.
INFO - 2025-01-10 07:24:42 --> Session: Class initialized using 'CodeIgniter\Session\Handlers\FileHandler' driver.
INFO - 2025-01-10 07:25:01 --> Session: Class initialized using 'CodeIgniter\Session\Handlers\FileHandler' driver.
INFO - 2025-01-10 07:25:02 --> Session: Class initialized using 'CodeIgniter\Session\Handlers\FileHandler' driver.
WARNING - 2025-01-10 07:25:02 --> [DEPRECATED] Optional parameter $catatan_bpiw declared before required parameter $id_pendanaan is implicitly treated as a required parameter in APPPATH\Models\Memorandum\ProgramModel.php on line 68.
 1 VENDORPATH\composer\ClassLoader.php(576): include('C:\\xampp\\htdocs\\sipro24\\vendor\\codeigniter4\\framework\\system\\Debug\\Exceptions.php')
 2 VENDORPATH\composer\ClassLoader.php(427): Composer\Autoload\{closure}('C:\\xampp\\htdocs\\sipro24\\vendor\\composer/../../app/Models/Memorandum/ProgramModel.php')
 3 APPPATH\Controllers\Memorandum.php(31): Composer\Autoload\ClassLoader->loadClass('App\\Models\\Memorandum\\ProgramModel')
 4 SYSTEMPATH\CodeIgniter.php(903): App\Controllers\Memorandum->__construct()
 5 SYSTEMPATH\CodeIgniter.php(500): CodeIgniter\CodeIgniter->createController()
 6 SYSTEMPATH\CodeIgniter.php(355): CodeIgniter\CodeIgniter->handleRequest(null, Object(Config\Cache), false)
 7 SYSTEMPATH\Boot.php(325): CodeIgniter\CodeIgniter->run()
 8 SYSTEMPATH\Boot.php(67): CodeIgniter\Boot::runCodeIgniter(Object(CodeIgniter\CodeIgniter))
 9 FCPATH\index.php(56): CodeIgniter\Boot::bootWeb(Object(Config\Paths))
WARNING - 2025-01-10 07:25:02 --> [DEPRECATED] Optional parameter $catatan_unor declared before required parameter $id_pendanaan is implicitly treated as a required parameter in APPPATH\Models\Memorandum\ProgramModel.php on line 68.
 1 VENDORPATH\composer\ClassLoader.php(576): include('C:\\xampp\\htdocs\\sipro24\\vendor\\codeigniter4\\framework\\system\\Debug\\Exceptions.php')
 2 VENDORPATH\composer\ClassLoader.php(427): Composer\Autoload\{closure}('C:\\xampp\\htdocs\\sipro24\\vendor\\composer/../../app/Models/Memorandum/ProgramModel.php')
 3 APPPATH\Controllers\Memorandum.php(31): Composer\Autoload\ClassLoader->loadClass('App\\Models\\Memorandum\\ProgramModel')
 4 SYSTEMPATH\CodeIgniter.php(903): App\Controllers\Memorandum->__construct()
 5 SYSTEMPATH\CodeIgniter.php(500): CodeIgniter\CodeIgniter->createController()
 6 SYSTEMPATH\CodeIgniter.php(355): CodeIgniter\CodeIgniter->handleRequest(null, Object(Config\Cache), false)
 7 SYSTEMPATH\Boot.php(325): CodeIgniter\CodeIgniter->run()
 8 SYSTEMPATH\Boot.php(67): CodeIgniter\Boot::runCodeIgniter(Object(CodeIgniter\CodeIgniter))
 9 FCPATH\index.php(56): CodeIgniter\Boot::bootWeb(Object(Config\Paths))
WARNING - 2025-01-10 07:25:02 --> [DEPRECATED] Optional parameter $catatan_desk2 declared before required parameter $id_pendanaan is implicitly treated as a required parameter in APPPATH\Models\Memorandum\ProgramModel.php on line 68.
 1 VENDORPATH\composer\ClassLoader.php(576): include('C:\\xampp\\htdocs\\sipro24\\vendor\\codeigniter4\\framework\\system\\Debug\\Exceptions.php')
 2 VENDORPATH\composer\ClassLoader.php(427): Composer\Autoload\{closure}('C:\\xampp\\htdocs\\sipro24\\vendor\\composer/../../app/Models/Memorandum/ProgramModel.php')
 3 APPPATH\Controllers\Memorandum.php(31): Composer\Autoload\ClassLoader->loadClass('App\\Models\\Memorandum\\ProgramModel')
 4 SYSTEMPATH\CodeIgniter.php(903): App\Controllers\Memorandum->__construct()
 5 SYSTEMPATH\CodeIgniter.php(500): CodeIgniter\CodeIgniter->createController()
 6 SYSTEMPATH\CodeIgniter.php(355): CodeIgniter\CodeIgniter->handleRequest(null, Object(Config\Cache), false)
 7 SYSTEMPATH\Boot.php(325): CodeIgniter\CodeIgniter->run()
 8 SYSTEMPATH\Boot.php(67): CodeIgniter\Boot::runCodeIgniter(Object(CodeIgniter\CodeIgniter))
 9 FCPATH\index.php(56): CodeIgniter\Boot::bootWeb(Object(Config\Paths))
WARNING - 2025-01-10 07:25:02 --> [DEPRECATED] Optional parameter $desk declared before required parameter $id_pendanaan is implicitly treated as a required parameter in APPPATH\Models\Memorandum\ProgramModel.php on line 68.
 1 VENDORPATH\composer\ClassLoader.php(576): include('C:\\xampp\\htdocs\\sipro24\\vendor\\codeigniter4\\framework\\system\\Debug\\Exceptions.php')
 2 VENDORPATH\composer\ClassLoader.php(427): Composer\Autoload\{closure}('C:\\xampp\\htdocs\\sipro24\\vendor\\composer/../../app/Models/Memorandum/ProgramModel.php')
 3 APPPATH\Controllers\Memorandum.php(31): Composer\Autoload\ClassLoader->loadClass('App\\Models\\Memorandum\\ProgramModel')
 4 SYSTEMPATH\CodeIgniter.php(903): App\Controllers\Memorandum->__construct()
 5 SYSTEMPATH\CodeIgniter.php(500): CodeIgniter\CodeIgniter->createController()
 6 SYSTEMPATH\CodeIgniter.php(355): CodeIgniter\CodeIgniter->handleRequest(null, Object(Config\Cache), false)
 7 SYSTEMPATH\Boot.php(325): CodeIgniter\CodeIgniter->run()
 8 SYSTEMPATH\Boot.php(67): CodeIgniter\Boot::runCodeIgniter(Object(CodeIgniter\CodeIgniter))
 9 FCPATH\index.php(56): CodeIgniter\Boot::bootWeb(Object(Config\Paths))
