INFO - 2025-05-06 02:16:40 --> Session: Class initialized using 'CodeIgniter\Session\Handlers\FileHandler' driver.
INFO - 2025-05-06 02:16:43 --> Session: Class initialized using 'CodeIgniter\Session\Handlers\FileHandler' driver.
INFO - 2025-05-06 03:47:18 --> Session: Class initialized using 'CodeIgniter\Session\Handlers\FileHandler' driver.
INFO - 2025-05-06 03:47:19 --> Session: Class initialized using 'CodeIgniter\Session\Handlers\FileHandler' driver.
INFO - 2025-05-06 04:02:47 --> Session: Class initialized using 'CodeIgniter\Session\Handlers\FileHandler' driver.
INFO - 2025-05-06 04:02:49 --> Session: Class initialized using 'CodeIgniter\Session\Handlers\FileHandler' driver.
INFO - 2025-05-06 04:02:57 --> Session: Class initialized using 'CodeIgniter\Session\Handlers\FileHandler' driver.
INFO - 2025-05-06 04:25:28 --> Session: Class initialized using 'CodeIgniter\Session\Handlers\FileHandler' driver.
INFO - 2025-05-06 04:25:37 --> Session: Class initialized using 'CodeIgniter\Session\Handlers\FileHandler' driver.
INFO - 2025-05-06 04:25:46 --> Session: Class initialized using 'CodeIgniter\Session\Handlers\FileHandler' driver.
INFO - 2025-05-06 04:25:54 --> Session: Class initialized using 'CodeIgniter\Session\Handlers\FileHandler' driver.
INFO - 2025-05-06 06:08:13 --> Session: Class initialized using 'CodeIgniter\Session\Handlers\FileHandler' driver.
INFO - 2025-05-06 06:08:14 --> Session: Class initialized using 'CodeIgniter\Session\Handlers\FileHandler' driver.
INFO - 2025-05-06 06:08:15 --> Session: Class initialized using 'CodeIgniter\Session\Handlers\FileHandler' driver.
INFO - 2025-05-06 06:08:16 --> Session: Class initialized using 'CodeIgniter\Session\Handlers\FileHandler' driver.
INFO - 2025-05-06 08:47:10 --> Session: Class initialized using 'CodeIgniter\Session\Handlers\FileHandler' driver.
INFO - 2025-05-06 08:47:11 --> Session: Class initialized using 'CodeIgniter\Session\Handlers\FileHandler' driver.
INFO - 2025-05-06 08:47:20 --> Session: Class initialized using 'CodeIgniter\Session\Handlers\FileHandler' driver.
INFO - 2025-05-06 08:47:21 --> Session: Class initialized using 'CodeIgniter\Session\Handlers\FileHandler' driver.
INFO - 2025-05-06 08:47:27 --> Session: Class initialized using 'CodeIgniter\Session\Handlers\FileHandler' driver.
WARNING - 2025-05-06 08:47:27 --> [DEPRECATED] Optional parameter $catatan_bpiw declared before required parameter $id_pendanaan is implicitly treated as a required parameter in APPPATH\Models\Memorandum\ProgramModel.php on line 112.
 1 VENDORPATH\composer\ClassLoader.php(576): include('C:\\xampp\\htdocs\\sipro24\\vendor\\codeigniter4\\framework\\system\\Debug\\Exceptions.php')
 2 VENDORPATH\composer\ClassLoader.php(427): Composer\Autoload\{closure}('C:\\xampp\\htdocs\\sipro24\\vendor\\composer/../../app/Models/Memorandum/ProgramModel.php')
 3 APPPATH\Controllers\KonregController.php(65): Composer\Autoload\ClassLoader->loadClass('App\\Models\\Memorandum\\ProgramModel')
 4 SYSTEMPATH\CodeIgniter.php(903): App\Controllers\KonregController->__construct()
 5 SYSTEMPATH\CodeIgniter.php(500): CodeIgniter\CodeIgniter->createController()
 6 SYSTEMPATH\CodeIgniter.php(355): CodeIgniter\CodeIgniter->handleRequest(null, Object(Config\Cache), false)
 7 SYSTEMPATH\Boot.php(325): CodeIgniter\CodeIgniter->run()
 8 SYSTEMPATH\Boot.php(67): CodeIgniter\Boot::runCodeIgniter(Object(CodeIgniter\CodeIgniter))
 9 FCPATH\index.php(56): CodeIgniter\Boot::bootWeb(Object(Config\Paths))
WARNING - 2025-05-06 08:47:27 --> [DEPRECATED] Optional parameter $catatan_unor declared before required parameter $id_pendanaan is implicitly treated as a required parameter in APPPATH\Models\Memorandum\ProgramModel.php on line 112.
 1 VENDORPATH\composer\ClassLoader.php(576): include('C:\\xampp\\htdocs\\sipro24\\vendor\\codeigniter4\\framework\\system\\Debug\\Exceptions.php')
 2 VENDORPATH\composer\ClassLoader.php(427): Composer\Autoload\{closure}('C:\\xampp\\htdocs\\sipro24\\vendor\\composer/../../app/Models/Memorandum/ProgramModel.php')
 3 APPPATH\Controllers\KonregController.php(65): Composer\Autoload\ClassLoader->loadClass('App\\Models\\Memorandum\\ProgramModel')
 4 SYSTEMPATH\CodeIgniter.php(903): App\Controllers\KonregController->__construct()
 5 SYSTEMPATH\CodeIgniter.php(500): CodeIgniter\CodeIgniter->createController()
 6 SYSTEMPATH\CodeIgniter.php(355): CodeIgniter\CodeIgniter->handleRequest(null, Object(Config\Cache), false)
 7 SYSTEMPATH\Boot.php(325): CodeIgniter\CodeIgniter->run()
 8 SYSTEMPATH\Boot.php(67): CodeIgniter\Boot::runCodeIgniter(Object(CodeIgniter\CodeIgniter))
 9 FCPATH\index.php(56): CodeIgniter\Boot::bootWeb(Object(Config\Paths))
WARNING - 2025-05-06 08:47:27 --> [DEPRECATED] Optional parameter $catatan_desk2 declared before required parameter $id_pendanaan is implicitly treated as a required parameter in APPPATH\Models\Memorandum\ProgramModel.php on line 112.
 1 VENDORPATH\composer\ClassLoader.php(576): include('C:\\xampp\\htdocs\\sipro24\\vendor\\codeigniter4\\framework\\system\\Debug\\Exceptions.php')
 2 VENDORPATH\composer\ClassLoader.php(427): Composer\Autoload\{closure}('C:\\xampp\\htdocs\\sipro24\\vendor\\composer/../../app/Models/Memorandum/ProgramModel.php')
 3 APPPATH\Controllers\KonregController.php(65): Composer\Autoload\ClassLoader->loadClass('App\\Models\\Memorandum\\ProgramModel')
 4 SYSTEMPATH\CodeIgniter.php(903): App\Controllers\KonregController->__construct()
 5 SYSTEMPATH\CodeIgniter.php(500): CodeIgniter\CodeIgniter->createController()
 6 SYSTEMPATH\CodeIgniter.php(355): CodeIgniter\CodeIgniter->handleRequest(null, Object(Config\Cache), false)
 7 SYSTEMPATH\Boot.php(325): CodeIgniter\CodeIgniter->run()
 8 SYSTEMPATH\Boot.php(67): CodeIgniter\Boot::runCodeIgniter(Object(CodeIgniter\CodeIgniter))
 9 FCPATH\index.php(56): CodeIgniter\Boot::bootWeb(Object(Config\Paths))
WARNING - 2025-05-06 08:47:27 --> [DEPRECATED] Optional parameter $desk declared before required parameter $id_pendanaan is implicitly treated as a required parameter in APPPATH\Models\Memorandum\ProgramModel.php on line 112.
 1 VENDORPATH\composer\ClassLoader.php(576): include('C:\\xampp\\htdocs\\sipro24\\vendor\\codeigniter4\\framework\\system\\Debug\\Exceptions.php')
 2 VENDORPATH\composer\ClassLoader.php(427): Composer\Autoload\{closure}('C:\\xampp\\htdocs\\sipro24\\vendor\\composer/../../app/Models/Memorandum/ProgramModel.php')
 3 APPPATH\Controllers\KonregController.php(65): Composer\Autoload\ClassLoader->loadClass('App\\Models\\Memorandum\\ProgramModel')
 4 SYSTEMPATH\CodeIgniter.php(903): App\Controllers\KonregController->__construct()
 5 SYSTEMPATH\CodeIgniter.php(500): CodeIgniter\CodeIgniter->createController()
 6 SYSTEMPATH\CodeIgniter.php(355): CodeIgniter\CodeIgniter->handleRequest(null, Object(Config\Cache), false)
 7 SYSTEMPATH\Boot.php(325): CodeIgniter\CodeIgniter->run()
 8 SYSTEMPATH\Boot.php(67): CodeIgniter\Boot::runCodeIgniter(Object(CodeIgniter\CodeIgniter))
 9 FCPATH\index.php(56): CodeIgniter\Boot::bootWeb(Object(Config\Paths))
INFO - 2025-05-06 08:47:30 --> Session: Class initialized using 'CodeIgniter\Session\Handlers\FileHandler' driver.
WARNING - 2025-05-06 08:47:30 --> [DEPRECATED] Optional parameter $catatan_bpiw declared before required parameter $id_pendanaan is implicitly treated as a required parameter in APPPATH\Models\Memorandum\ProgramModel.php on line 112.
 1 VENDORPATH\composer\ClassLoader.php(576): include('C:\\xampp\\htdocs\\sipro24\\vendor\\codeigniter4\\framework\\system\\Debug\\Exceptions.php')
 2 VENDORPATH\composer\ClassLoader.php(427): Composer\Autoload\{closure}('C:\\xampp\\htdocs\\sipro24\\vendor\\composer/../../app/Models/Memorandum/ProgramModel.php')
 3 APPPATH\Controllers\KonregController.php(65): Composer\Autoload\ClassLoader->loadClass('App\\Models\\Memorandum\\ProgramModel')
 4 SYSTEMPATH\CodeIgniter.php(903): App\Controllers\KonregController->__construct()
 5 SYSTEMPATH\CodeIgniter.php(500): CodeIgniter\CodeIgniter->createController()
 6 SYSTEMPATH\CodeIgniter.php(355): CodeIgniter\CodeIgniter->handleRequest(null, Object(Config\Cache), false)
 7 SYSTEMPATH\Boot.php(325): CodeIgniter\CodeIgniter->run()
 8 SYSTEMPATH\Boot.php(67): CodeIgniter\Boot::runCodeIgniter(Object(CodeIgniter\CodeIgniter))
 9 FCPATH\index.php(56): CodeIgniter\Boot::bootWeb(Object(Config\Paths))
WARNING - 2025-05-06 08:47:30 --> [DEPRECATED] Optional parameter $catatan_unor declared before required parameter $id_pendanaan is implicitly treated as a required parameter in APPPATH\Models\Memorandum\ProgramModel.php on line 112.
 1 VENDORPATH\composer\ClassLoader.php(576): include('C:\\xampp\\htdocs\\sipro24\\vendor\\codeigniter4\\framework\\system\\Debug\\Exceptions.php')
 2 VENDORPATH\composer\ClassLoader.php(427): Composer\Autoload\{closure}('C:\\xampp\\htdocs\\sipro24\\vendor\\composer/../../app/Models/Memorandum/ProgramModel.php')
 3 APPPATH\Controllers\KonregController.php(65): Composer\Autoload\ClassLoader->loadClass('App\\Models\\Memorandum\\ProgramModel')
 4 SYSTEMPATH\CodeIgniter.php(903): App\Controllers\KonregController->__construct()
 5 SYSTEMPATH\CodeIgniter.php(500): CodeIgniter\CodeIgniter->createController()
 6 SYSTEMPATH\CodeIgniter.php(355): CodeIgniter\CodeIgniter->handleRequest(null, Object(Config\Cache), false)
 7 SYSTEMPATH\Boot.php(325): CodeIgniter\CodeIgniter->run()
 8 SYSTEMPATH\Boot.php(67): CodeIgniter\Boot::runCodeIgniter(Object(CodeIgniter\CodeIgniter))
 9 FCPATH\index.php(56): CodeIgniter\Boot::bootWeb(Object(Config\Paths))
WARNING - 2025-05-06 08:47:30 --> [DEPRECATED] Optional parameter $catatan_desk2 declared before required parameter $id_pendanaan is implicitly treated as a required parameter in APPPATH\Models\Memorandum\ProgramModel.php on line 112.
 1 VENDORPATH\composer\ClassLoader.php(576): include('C:\\xampp\\htdocs\\sipro24\\vendor\\codeigniter4\\framework\\system\\Debug\\Exceptions.php')
 2 VENDORPATH\composer\ClassLoader.php(427): Composer\Autoload\{closure}('C:\\xampp\\htdocs\\sipro24\\vendor\\composer/../../app/Models/Memorandum/ProgramModel.php')
 3 APPPATH\Controllers\KonregController.php(65): Composer\Autoload\ClassLoader->loadClass('App\\Models\\Memorandum\\ProgramModel')
 4 SYSTEMPATH\CodeIgniter.php(903): App\Controllers\KonregController->__construct()
 5 SYSTEMPATH\CodeIgniter.php(500): CodeIgniter\CodeIgniter->createController()
 6 SYSTEMPATH\CodeIgniter.php(355): CodeIgniter\CodeIgniter->handleRequest(null, Object(Config\Cache), false)
 7 SYSTEMPATH\Boot.php(325): CodeIgniter\CodeIgniter->run()
 8 SYSTEMPATH\Boot.php(67): CodeIgniter\Boot::runCodeIgniter(Object(CodeIgniter\CodeIgniter))
 9 FCPATH\index.php(56): CodeIgniter\Boot::bootWeb(Object(Config\Paths))
WARNING - 2025-05-06 08:47:30 --> [DEPRECATED] Optional parameter $desk declared before required parameter $id_pendanaan is implicitly treated as a required parameter in APPPATH\Models\Memorandum\ProgramModel.php on line 112.
 1 VENDORPATH\composer\ClassLoader.php(576): include('C:\\xampp\\htdocs\\sipro24\\vendor\\codeigniter4\\framework\\system\\Debug\\Exceptions.php')
 2 VENDORPATH\composer\ClassLoader.php(427): Composer\Autoload\{closure}('C:\\xampp\\htdocs\\sipro24\\vendor\\composer/../../app/Models/Memorandum/ProgramModel.php')
 3 APPPATH\Controllers\KonregController.php(65): Composer\Autoload\ClassLoader->loadClass('App\\Models\\Memorandum\\ProgramModel')
 4 SYSTEMPATH\CodeIgniter.php(903): App\Controllers\KonregController->__construct()
 5 SYSTEMPATH\CodeIgniter.php(500): CodeIgniter\CodeIgniter->createController()
 6 SYSTEMPATH\CodeIgniter.php(355): CodeIgniter\CodeIgniter->handleRequest(null, Object(Config\Cache), false)
 7 SYSTEMPATH\Boot.php(325): CodeIgniter\CodeIgniter->run()
 8 SYSTEMPATH\Boot.php(67): CodeIgniter\Boot::runCodeIgniter(Object(CodeIgniter\CodeIgniter))
 9 FCPATH\index.php(56): CodeIgniter\Boot::bootWeb(Object(Config\Paths))
INFO - 2025-05-06 08:47:38 --> Session: Class initialized using 'CodeIgniter\Session\Handlers\FileHandler' driver.
WARNING - 2025-05-06 08:47:38 --> [DEPRECATED] Optional parameter $catatan_bpiw declared before required parameter $id_pendanaan is implicitly treated as a required parameter in APPPATH\Models\Memorandum\ProgramModel.php on line 112.
 1 VENDORPATH\composer\ClassLoader.php(576): include('C:\\xampp\\htdocs\\sipro24\\vendor\\codeigniter4\\framework\\system\\Debug\\Exceptions.php')
 2 VENDORPATH\composer\ClassLoader.php(427): Composer\Autoload\{closure}('C:\\xampp\\htdocs\\sipro24\\vendor\\composer/../../app/Models/Memorandum/ProgramModel.php')
 3 APPPATH\Controllers\KonregController.php(65): Composer\Autoload\ClassLoader->loadClass('App\\Models\\Memorandum\\ProgramModel')
 4 SYSTEMPATH\CodeIgniter.php(903): App\Controllers\KonregController->__construct()
 5 SYSTEMPATH\CodeIgniter.php(500): CodeIgniter\CodeIgniter->createController()
 6 SYSTEMPATH\CodeIgniter.php(355): CodeIgniter\CodeIgniter->handleRequest(null, Object(Config\Cache), false)
 7 SYSTEMPATH\Boot.php(325): CodeIgniter\CodeIgniter->run()
 8 SYSTEMPATH\Boot.php(67): CodeIgniter\Boot::runCodeIgniter(Object(CodeIgniter\CodeIgniter))
 9 FCPATH\index.php(56): CodeIgniter\Boot::bootWeb(Object(Config\Paths))
WARNING - 2025-05-06 08:47:38 --> [DEPRECATED] Optional parameter $catatan_unor declared before required parameter $id_pendanaan is implicitly treated as a required parameter in APPPATH\Models\Memorandum\ProgramModel.php on line 112.
 1 VENDORPATH\composer\ClassLoader.php(576): include('C:\\xampp\\htdocs\\sipro24\\vendor\\codeigniter4\\framework\\system\\Debug\\Exceptions.php')
 2 VENDORPATH\composer\ClassLoader.php(427): Composer\Autoload\{closure}('C:\\xampp\\htdocs\\sipro24\\vendor\\composer/../../app/Models/Memorandum/ProgramModel.php')
 3 APPPATH\Controllers\KonregController.php(65): Composer\Autoload\ClassLoader->loadClass('App\\Models\\Memorandum\\ProgramModel')
 4 SYSTEMPATH\CodeIgniter.php(903): App\Controllers\KonregController->__construct()
 5 SYSTEMPATH\CodeIgniter.php(500): CodeIgniter\CodeIgniter->createController()
 6 SYSTEMPATH\CodeIgniter.php(355): CodeIgniter\CodeIgniter->handleRequest(null, Object(Config\Cache), false)
 7 SYSTEMPATH\Boot.php(325): CodeIgniter\CodeIgniter->run()
 8 SYSTEMPATH\Boot.php(67): CodeIgniter\Boot::runCodeIgniter(Object(CodeIgniter\CodeIgniter))
 9 FCPATH\index.php(56): CodeIgniter\Boot::bootWeb(Object(Config\Paths))
WARNING - 2025-05-06 08:47:38 --> [DEPRECATED] Optional parameter $catatan_desk2 declared before required parameter $id_pendanaan is implicitly treated as a required parameter in APPPATH\Models\Memorandum\ProgramModel.php on line 112.
 1 VENDORPATH\composer\ClassLoader.php(576): include('C:\\xampp\\htdocs\\sipro24\\vendor\\codeigniter4\\framework\\system\\Debug\\Exceptions.php')
 2 VENDORPATH\composer\ClassLoader.php(427): Composer\Autoload\{closure}('C:\\xampp\\htdocs\\sipro24\\vendor\\composer/../../app/Models/Memorandum/ProgramModel.php')
 3 APPPATH\Controllers\KonregController.php(65): Composer\Autoload\ClassLoader->loadClass('App\\Models\\Memorandum\\ProgramModel')
 4 SYSTEMPATH\CodeIgniter.php(903): App\Controllers\KonregController->__construct()
 5 SYSTEMPATH\CodeIgniter.php(500): CodeIgniter\CodeIgniter->createController()
 6 SYSTEMPATH\CodeIgniter.php(355): CodeIgniter\CodeIgniter->handleRequest(null, Object(Config\Cache), false)
 7 SYSTEMPATH\Boot.php(325): CodeIgniter\CodeIgniter->run()
 8 SYSTEMPATH\Boot.php(67): CodeIgniter\Boot::runCodeIgniter(Object(CodeIgniter\CodeIgniter))
 9 FCPATH\index.php(56): CodeIgniter\Boot::bootWeb(Object(Config\Paths))
WARNING - 2025-05-06 08:47:38 --> [DEPRECATED] Optional parameter $desk declared before required parameter $id_pendanaan is implicitly treated as a required parameter in APPPATH\Models\Memorandum\ProgramModel.php on line 112.
 1 VENDORPATH\composer\ClassLoader.php(576): include('C:\\xampp\\htdocs\\sipro24\\vendor\\codeigniter4\\framework\\system\\Debug\\Exceptions.php')
 2 VENDORPATH\composer\ClassLoader.php(427): Composer\Autoload\{closure}('C:\\xampp\\htdocs\\sipro24\\vendor\\composer/../../app/Models/Memorandum/ProgramModel.php')
 3 APPPATH\Controllers\KonregController.php(65): Composer\Autoload\ClassLoader->loadClass('App\\Models\\Memorandum\\ProgramModel')
 4 SYSTEMPATH\CodeIgniter.php(903): App\Controllers\KonregController->__construct()
 5 SYSTEMPATH\CodeIgniter.php(500): CodeIgniter\CodeIgniter->createController()
 6 SYSTEMPATH\CodeIgniter.php(355): CodeIgniter\CodeIgniter->handleRequest(null, Object(Config\Cache), false)
 7 SYSTEMPATH\Boot.php(325): CodeIgniter\CodeIgniter->run()
 8 SYSTEMPATH\Boot.php(67): CodeIgniter\Boot::runCodeIgniter(Object(CodeIgniter\CodeIgniter))
 9 FCPATH\index.php(56): CodeIgniter\Boot::bootWeb(Object(Config\Paths))
